Using backend: pytorch
WARNING:root:The OGB package is out of date. Your version is 1.3.2, while the latest version is 1.3.3.
main start at this time 1648484153.2527173
-----------------------------------------before load data 
 Nvidia-smi: 0.1717529296875 GB
    Memory Allocated: 0.0  GigaBytes
Max Memory Allocated: 0.0  GigaBytes

ogbn-arxiv
# Nodes: 169343
# Edges: 2315598
# Train: 90941
# Val: 29799
# Test: 48603
# Classes: 40

in feats:  128
----------------------------------------before generate_dataloader_block 
 Nvidia-smi: 1.0174560546875 GB
    Memory Allocated: 0.0013098716735839844  GigaBytes
Max Memory Allocated: 0.0013098716735839844  GigaBytes

The real block id is  3
get_global_graph_edges_ids_block function  spend 0.024986982345581055
range selection method range initialization spend 0.013338804244995117
time for parepare:  0.017912626266479492
local_output_nid generation:  0.0006878376007080078
local_in_edges_tensor generation:  0.0035135746002197266
mini_batch_src_global generation:  0.0013110637664794922
r_  generation:  0.008680343627929688
local_output_nid generation:  0.0007276535034179688
local_in_edges_tensor generation:  0.0005643367767333984
mini_batch_src_global generation:  0.0013799667358398438
r_  generation:  0.008137941360473633
local_output_nid generation:  0.0007083415985107422
local_in_edges_tensor generation:  0.0004897117614746094
mini_batch_src_global generation:  0.0008172988891601562
r_  generation:  0.00758671760559082
local_output_nid generation:  0.0007028579711914062
local_in_edges_tensor generation:  0.0004787445068359375
mini_batch_src_global generation:  0.0007615089416503906
r_  generation:  0.007394313812255859
local_output_nid generation:  0.0007627010345458984
local_in_edges_tensor generation:  0.0004649162292480469
mini_batch_src_global generation:  0.0007390975952148438
r_  generation:  0.007788181304931641
local_output_nid generation:  0.0007288455963134766
local_in_edges_tensor generation:  0.000476837158203125
mini_batch_src_global generation:  0.0007674694061279297
r_  generation:  0.007972478866577148
local_output_nid generation:  0.0006978511810302734
local_in_edges_tensor generation:  0.00047707557678222656
mini_batch_src_global generation:  0.0007886886596679688
r_  generation:  0.008144378662109375
local_output_nid generation:  0.0007076263427734375
local_in_edges_tensor generation:  0.00046563148498535156
mini_batch_src_global generation:  0.0007421970367431641
r_  generation:  0.007839441299438477
local_output_nid generation:  0.0007150173187255859
local_in_edges_tensor generation:  0.00045871734619140625
mini_batch_src_global generation:  0.0008523464202880859
r_  generation:  0.0075414180755615234
local_output_nid generation:  0.0007083415985107422
local_in_edges_tensor generation:  0.0004553794860839844
mini_batch_src_global generation:  0.000751495361328125
r_  generation:  0.007855415344238281
local_output_nid generation:  0.0007100105285644531
local_in_edges_tensor generation:  0.00045752525329589844
mini_batch_src_global generation:  0.0008368492126464844
r_  generation:  0.0080718994140625
local_output_nid generation:  0.0007030963897705078
local_in_edges_tensor generation:  0.0004565715789794922
mini_batch_src_global generation:  0.0009417533874511719
r_  generation:  0.00830078125
local_output_nid generation:  0.0007088184356689453
local_in_edges_tensor generation:  0.0004684925079345703
mini_batch_src_global generation:  0.0007967948913574219
r_  generation:  0.008153676986694336
local_output_nid generation:  0.0007076263427734375
local_in_edges_tensor generation:  0.0004620552062988281
mini_batch_src_global generation:  0.0007898807525634766
r_  generation:  0.00807332992553711
local_output_nid generation:  0.000705718994140625
local_in_edges_tensor generation:  0.0004622936248779297
mini_batch_src_global generation:  0.0007965564727783203
r_  generation:  0.008249282836914062
local_output_nid generation:  0.000701904296875
local_in_edges_tensor generation:  0.0004680156707763672
mini_batch_src_global generation:  0.00083160400390625
r_  generation:  0.008007287979125977
local_output_nid generation:  0.0007052421569824219
local_in_edges_tensor generation:  0.0004582405090332031
mini_batch_src_global generation:  0.000797271728515625
r_  generation:  0.008062601089477539
local_output_nid generation:  0.0007119178771972656
local_in_edges_tensor generation:  0.00045418739318847656
mini_batch_src_global generation:  0.0009567737579345703
r_  generation:  0.008477449417114258
local_output_nid generation:  0.0007171630859375
local_in_edges_tensor generation:  0.00046563148498535156
mini_batch_src_global generation:  0.0008032321929931641
r_  generation:  0.00830984115600586
local_output_nid generation:  0.0007121562957763672
local_in_edges_tensor generation:  0.0004487037658691406
mini_batch_src_global generation:  0.0008139610290527344
r_  generation:  0.00821375846862793
local_output_nid generation:  0.0007071495056152344
local_in_edges_tensor generation:  0.00045680999755859375
mini_batch_src_global generation:  0.0009658336639404297
r_  generation:  0.007901430130004883
local_output_nid generation:  0.0007479190826416016
local_in_edges_tensor generation:  0.0004668235778808594
mini_batch_src_global generation:  0.0008115768432617188
r_  generation:  0.007857084274291992
local_output_nid generation:  0.0006990432739257812
local_in_edges_tensor generation:  0.0004887580871582031
mini_batch_src_global generation:  0.0007815361022949219
r_  generation:  0.007798910140991211
local_output_nid generation:  0.0007066726684570312
local_in_edges_tensor generation:  0.0004608631134033203
mini_batch_src_global generation:  0.0007841587066650391
r_  generation:  0.008126258850097656
local_output_nid generation:  0.0007152557373046875
local_in_edges_tensor generation:  0.0004444122314453125
mini_batch_src_global generation:  0.0008025169372558594
r_  generation:  0.00792694091796875
local_output_nid generation:  0.0007059574127197266
local_in_edges_tensor generation:  0.0004608631134033203
mini_batch_src_global generation:  0.0008652210235595703
r_  generation:  0.009189367294311523
local_output_nid generation:  0.0007646083831787109
local_in_edges_tensor generation:  0.000453948974609375
mini_batch_src_global generation:  0.0008318424224853516
r_  generation:  0.008127212524414062
local_output_nid generation:  0.000732421875
local_in_edges_tensor generation:  0.0004534721374511719
mini_batch_src_global generation:  0.0008232593536376953
r_  generation:  0.008135080337524414
local_output_nid generation:  0.0007433891296386719
local_in_edges_tensor generation:  0.00044989585876464844
mini_batch_src_global generation:  0.0008120536804199219
r_  generation:  0.008109807968139648
local_output_nid generation:  0.0007069110870361328
local_in_edges_tensor generation:  0.0004456043243408203
mini_batch_src_global generation:  0.0007960796356201172
r_  generation:  0.007967233657836914
local_output_nid generation:  0.0007176399230957031
local_in_edges_tensor generation:  0.004004240036010742
mini_batch_src_global generation:  0.0009903907775878906
r_  generation:  0.007885217666625977
local_output_nid generation:  0.0007555484771728516
local_in_edges_tensor generation:  0.0004909038543701172
mini_batch_src_global generation:  0.0008630752563476562
r_  generation:  0.008040904998779297
----------------------check_connections_block total spend ----------------------------- 0.41123080253601074
generate_one_block  0.013757705688476562
generate_one_block  0.01386404037475586
generate_one_block  0.012995719909667969
generate_one_block  0.01275944709777832
generate_one_block  0.013356208801269531
generate_one_block  0.013424873352050781
generate_one_block  0.013727426528930664
generate_one_block  0.013011932373046875
generate_one_block  0.0125885009765625
generate_one_block  0.013175487518310547
generate_one_block  0.013294696807861328
generate_one_block  0.013526439666748047
generate_one_block  0.013158082962036133
generate_one_block  0.013034343719482422
generate_one_block  0.013277530670166016
generate_one_block  0.01308298110961914
generate_one_block  0.013100862503051758
generate_one_block  0.013501405715942383
generate_one_block  0.013224363327026367
generate_one_block  0.013303041458129883
generate_one_block  0.012926340103149414
generate_one_block  0.012885808944702148
generate_one_block  0.0127716064453125
generate_one_block  0.01303863525390625
generate_one_block  0.012935161590576172
generate_one_block  0.01370382308959961
generate_one_block  0.013184785842895508
generate_one_block  0.013443470001220703
generate_one_block  0.013144493103027344
generate_one_block  0.013014793395996094
generate_one_block  0.012998580932617188
generate_one_block  0.012970209121704102
The real block id is  2
get_global_graph_edges_ids_block function  spend 0.04363298416137695
gen group dst list time:  0.021047115325927734
time for parepare:  0.019019603729248047
local_output_nid generation:  0.0037217140197753906
local_in_edges_tensor generation:  0.012252092361450195
mini_batch_src_global generation:  0.011676311492919922
r_  generation:  0.11520648002624512
local_output_nid generation:  0.006318569183349609
local_in_edges_tensor generation:  0.007228851318359375
mini_batch_src_global generation:  0.015902996063232422
r_  generation:  0.1314253807067871
local_output_nid generation:  0.006463766098022461
local_in_edges_tensor generation:  0.00827646255493164
mini_batch_src_global generation:  0.01381540298461914
r_  generation:  0.12719035148620605
local_output_nid generation:  0.006276369094848633
local_in_edges_tensor generation:  0.010402917861938477
mini_batch_src_global generation:  0.014150857925415039
r_  generation:  0.12767720222473145
local_output_nid generation:  0.006430387496948242
local_in_edges_tensor generation:  0.0075359344482421875
mini_batch_src_global generation:  0.016651630401611328
r_  generation:  0.1344161033630371
local_output_nid generation:  0.00660395622253418
local_in_edges_tensor generation:  0.008104801177978516
mini_batch_src_global generation:  0.021045207977294922
r_  generation:  0.13384723663330078
local_output_nid generation:  0.0067157745361328125
local_in_edges_tensor generation:  0.009044408798217773
mini_batch_src_global generation:  0.01755523681640625
r_  generation:  0.1408519744873047
local_output_nid generation:  0.006542682647705078
local_in_edges_tensor generation:  0.007802248001098633
mini_batch_src_global generation:  0.016005516052246094
r_  generation:  0.13282990455627441
local_output_nid generation:  0.006385087966918945
local_in_edges_tensor generation:  0.007567882537841797
mini_batch_src_global generation:  0.015865325927734375
r_  generation:  0.13013696670532227
local_output_nid generation:  0.006644248962402344
local_in_edges_tensor generation:  0.0076580047607421875
mini_batch_src_global generation:  0.015950918197631836
r_  generation:  0.1335129737854004
local_output_nid generation:  0.00676274299621582
local_in_edges_tensor generation:  0.009592056274414062
mini_batch_src_global generation:  0.020452499389648438
r_  generation:  0.13709592819213867
local_output_nid generation:  0.00687718391418457
local_in_edges_tensor generation:  0.009486198425292969
mini_batch_src_global generation:  0.017832040786743164
r_  generation:  0.14088821411132812
local_output_nid generation:  0.006837368011474609
local_in_edges_tensor generation:  0.010259628295898438
mini_batch_src_global generation:  0.016505718231201172
r_  generation:  0.13829946517944336
local_output_nid generation:  0.0068073272705078125
local_in_edges_tensor generation:  0.010364294052124023
mini_batch_src_global generation:  0.016512632369995117
r_  generation:  0.1356983184814453
local_output_nid generation:  0.006967306137084961
local_in_edges_tensor generation:  0.00949239730834961
mini_batch_src_global generation:  0.017954587936401367
r_  generation:  0.13995766639709473
local_output_nid generation:  0.006792306900024414
local_in_edges_tensor generation:  0.007852315902709961
mini_batch_src_global generation:  0.016400814056396484
r_  generation:  0.13601970672607422
local_output_nid generation:  0.0068089962005615234
local_in_edges_tensor generation:  0.00811910629272461
mini_batch_src_global generation:  0.016856908798217773
r_  generation:  0.1379551887512207
local_output_nid generation:  0.0070836544036865234
local_in_edges_tensor generation:  0.010519981384277344
mini_batch_src_global generation:  0.018153667449951172
r_  generation:  0.1397707462310791
local_output_nid generation:  0.006833314895629883
local_in_edges_tensor generation:  0.01208806037902832
mini_batch_src_global generation:  0.01715993881225586
r_  generation:  0.1391768455505371
local_output_nid generation:  0.0069005489349365234
local_in_edges_tensor generation:  0.009130001068115234
mini_batch_src_global generation:  0.01701807975769043
r_  generation:  0.13816142082214355
local_output_nid generation:  0.006811857223510742
local_in_edges_tensor generation:  0.007881402969360352
mini_batch_src_global generation:  0.01662445068359375
r_  generation:  0.1373443603515625
local_output_nid generation:  0.006799459457397461
local_in_edges_tensor generation:  0.008783102035522461
mini_batch_src_global generation:  0.016104936599731445
r_  generation:  0.1336829662322998
local_output_nid generation:  0.006769418716430664
local_in_edges_tensor generation:  0.008957386016845703
mini_batch_src_global generation:  0.01726365089416504
r_  generation:  0.13312244415283203
local_output_nid generation:  0.006808280944824219
local_in_edges_tensor generation:  0.008795976638793945
mini_batch_src_global generation:  0.017582416534423828
r_  generation:  0.1354837417602539
local_output_nid generation:  0.006850481033325195
local_in_edges_tensor generation:  0.010030746459960938
mini_batch_src_global generation:  0.016378164291381836
r_  generation:  0.1359729766845703
local_output_nid generation:  0.0071332454681396484
local_in_edges_tensor generation:  0.009355545043945312
mini_batch_src_global generation:  0.017188549041748047
r_  generation:  0.1425647735595703
local_output_nid generation:  0.0069310665130615234
local_in_edges_tensor generation:  0.00813150405883789
mini_batch_src_global generation:  0.01701951026916504
r_  generation:  0.14073610305786133
local_output_nid generation:  0.007091522216796875
local_in_edges_tensor generation:  0.009507894515991211
mini_batch_src_global generation:  0.016787290573120117
r_  generation:  0.1437084674835205
local_output_nid generation:  0.00793147087097168
local_in_edges_tensor generation:  0.008334636688232422
mini_batch_src_global generation:  0.019020557403564453
r_  generation:  0.13753271102905273
local_output_nid generation:  0.006921529769897461
local_in_edges_tensor generation:  0.008332967758178711
mini_batch_src_global generation:  0.01656055450439453
r_  generation:  0.14116168022155762
local_output_nid generation:  0.006863594055175781
local_in_edges_tensor generation:  0.009952306747436523
mini_batch_src_global generation:  0.015975236892700195
r_  generation:  0.13444757461547852
local_output_nid generation:  0.006947994232177734
local_in_edges_tensor generation:  0.007945775985717773
mini_batch_src_global generation:  0.016597747802734375
r_  generation:  0.13694047927856445
----------------------check_connections_block total spend ----------------------------- 6.459768533706665
generate_one_block  0.16919708251953125
generate_one_block  0.17887568473815918
generate_one_block  0.1901400089263916
generate_one_block  0.16554737091064453
generate_one_block  0.17510461807250977
generate_one_block  0.175523042678833
generate_one_block  0.18116235733032227
generate_one_block  0.16700220108032227
generate_one_block  0.16496992111206055
generate_one_block  0.16933417320251465
generate_one_block  0.1760423183441162
generate_one_block  0.17644023895263672
generate_one_block  0.1730821132659912
generate_one_block  0.17198872566223145
generate_one_block  0.17355871200561523
generate_one_block  0.19257354736328125
generate_one_block  0.1725749969482422
generate_one_block  0.18462395668029785
generate_one_block  0.17830681800842285
generate_one_block  0.17543578147888184
generate_one_block  0.17029619216918945
generate_one_block  0.16810178756713867
generate_one_block  0.16964936256408691
generate_one_block  0.17261862754821777
generate_one_block  0.17068743705749512
generate_one_block  0.18073654174804688
generate_one_block  0.17356181144714355
generate_one_block  0.1782245635986328
generate_one_block  0.17615294456481934
generate_one_block  0.16930437088012695
generate_one_block  0.1679074764251709
generate_one_block  0.1708970069885254
The real block id is  1
get_global_graph_edges_ids_block function  spend 0.06037759780883789
gen group dst list time:  0.09999370574951172
time for parepare:  0.02069544792175293
local_output_nid generation:  0.020615577697753906
local_in_edges_tensor generation:  0.06405830383300781
mini_batch_src_global generation:  0.04080986976623535
r_  generation:  0.4162566661834717
local_output_nid generation:  0.026819467544555664
local_in_edges_tensor generation:  0.04305553436279297
mini_batch_src_global generation:  0.054335594177246094
r_  generation:  0.4310591220855713
local_output_nid generation:  0.026875972747802734
local_in_edges_tensor generation:  0.034987449645996094
mini_batch_src_global generation:  0.06075096130371094
r_  generation:  0.4340658187866211
local_output_nid generation:  0.02562856674194336
local_in_edges_tensor generation:  0.030957698822021484
mini_batch_src_global generation:  0.05924487113952637
r_  generation:  0.42493224143981934
local_output_nid generation:  0.025452852249145508
local_in_edges_tensor generation:  0.03148365020751953
mini_batch_src_global generation:  0.05496406555175781
r_  generation:  0.44142961502075195
local_output_nid generation:  0.025922536849975586
local_in_edges_tensor generation:  0.03515625
mini_batch_src_global generation:  0.06236696243286133
r_  generation:  0.4394223690032959
local_output_nid generation:  0.0255584716796875
local_in_edges_tensor generation:  0.031026840209960938
mini_batch_src_global generation:  0.06784439086914062
r_  generation:  0.4832148551940918
local_output_nid generation:  0.030014753341674805
local_in_edges_tensor generation:  0.04513978958129883
mini_batch_src_global generation:  0.06316518783569336
r_  generation:  0.4493410587310791
local_output_nid generation:  0.02645421028137207
local_in_edges_tensor generation:  0.03588581085205078
mini_batch_src_global generation:  0.05215597152709961
r_  generation:  0.445873498916626
local_output_nid generation:  0.02764129638671875
local_in_edges_tensor generation:  0.04061770439147949
mini_batch_src_global generation:  0.055921316146850586
r_  generation:  0.46276044845581055
local_output_nid generation:  0.028931856155395508
local_in_edges_tensor generation:  0.04042243957519531
mini_batch_src_global generation:  0.05386972427368164
r_  generation:  0.4464278221130371
local_output_nid generation:  0.027276992797851562
local_in_edges_tensor generation:  0.03110051155090332
mini_batch_src_global generation:  0.0536191463470459
r_  generation:  0.4496927261352539
local_output_nid generation:  0.027288436889648438
local_in_edges_tensor generation:  0.03761172294616699
mini_batch_src_global generation:  0.05290079116821289
r_  generation:  0.4473540782928467
local_output_nid generation:  0.027651309967041016
local_in_edges_tensor generation:  0.02913641929626465
mini_batch_src_global generation:  0.05359363555908203
r_  generation:  0.4422738552093506
local_output_nid generation:  0.02734994888305664
local_in_edges_tensor generation:  0.028219223022460938
mini_batch_src_global generation:  0.054872989654541016
r_  generation:  0.4734821319580078
local_output_nid generation:  0.029053688049316406
local_in_edges_tensor generation:  0.036449432373046875
mini_batch_src_global generation:  0.05574512481689453
r_  generation:  0.435896635055542
local_output_nid generation:  0.026962757110595703
local_in_edges_tensor generation:  0.034358978271484375
mini_batch_src_global generation:  0.056275367736816406
r_  generation:  0.44906044006347656
local_output_nid generation:  0.02725839614868164
local_in_edges_tensor generation:  0.0378575325012207
mini_batch_src_global generation:  0.052948951721191406
r_  generation:  0.45503926277160645
local_output_nid generation:  0.02732396125793457
local_in_edges_tensor generation:  0.034360408782958984
mini_batch_src_global generation:  0.05270504951477051
r_  generation:  0.44696950912475586
local_output_nid generation:  0.027273893356323242
local_in_edges_tensor generation:  0.025737524032592773
mini_batch_src_global generation:  0.05299949645996094
r_  generation:  0.4390542507171631
local_output_nid generation:  0.026924610137939453
local_in_edges_tensor generation:  0.026087522506713867
mini_batch_src_global generation:  0.05510759353637695
r_  generation:  0.44132208824157715
local_output_nid generation:  0.028090715408325195
local_in_edges_tensor generation:  0.03312516212463379
mini_batch_src_global generation:  0.053192853927612305
r_  generation:  0.4584071636199951
local_output_nid generation:  0.02669978141784668
local_in_edges_tensor generation:  0.03862500190734863
mini_batch_src_global generation:  0.0554652214050293
r_  generation:  0.45328354835510254
local_output_nid generation:  0.02874016761779785
local_in_edges_tensor generation:  0.030811786651611328
mini_batch_src_global generation:  0.053015708923339844
r_  generation:  0.4334845542907715
local_output_nid generation:  0.027052879333496094
local_in_edges_tensor generation:  0.033611297607421875
mini_batch_src_global generation:  0.05268120765686035
r_  generation:  0.4400959014892578
local_output_nid generation:  0.027090787887573242
local_in_edges_tensor generation:  0.03755331039428711
mini_batch_src_global generation:  0.05309033393859863
r_  generation:  0.4493982791900635
local_output_nid generation:  0.027427196502685547
local_in_edges_tensor generation:  0.02986764907836914
mini_batch_src_global generation:  0.05326223373413086
r_  generation:  0.44820117950439453
local_output_nid generation:  0.027676820755004883
local_in_edges_tensor generation:  0.029682397842407227
mini_batch_src_global generation:  0.053076982498168945
r_  generation:  0.4428291320800781
local_output_nid generation:  0.0271303653717041
local_in_edges_tensor generation:  0.03352022171020508
mini_batch_src_global generation:  0.05308198928833008
r_  generation:  0.4489438533782959
local_output_nid generation:  0.02709054946899414
local_in_edges_tensor generation:  0.025829315185546875
mini_batch_src_global generation:  0.05260467529296875
r_  generation:  0.43953394889831543
local_output_nid generation:  0.02687358856201172
local_in_edges_tensor generation:  0.0294189453125
mini_batch_src_global generation:  0.052530527114868164
r_  generation:  0.43879222869873047
local_output_nid generation:  0.026929378509521484
local_in_edges_tensor generation:  0.029404878616333008
mini_batch_src_global generation:  0.055792808532714844
r_  generation:  0.4405672550201416
----------------------check_connections_block total spend ----------------------------- 21.07939386367798
generate_one_block  0.6798431873321533
generate_one_block  0.5950775146484375
generate_one_block  0.5762395858764648
generate_one_block  0.5637249946594238
generate_one_block  0.5862166881561279
generate_one_block  0.5844876766204834
generate_one_block  0.5855076313018799
generate_one_block  0.5684425830841064
generate_one_block  0.5594017505645752
generate_one_block  0.5709295272827148
generate_one_block  0.5782971382141113
generate_one_block  0.5910606384277344
generate_one_block  0.5917258262634277
generate_one_block  0.5702612400054932
generate_one_block  0.5740532875061035
generate_one_block  0.5853710174560547
generate_one_block  0.5970883369445801
generate_one_block  0.6045913696289062
generate_one_block  0.5934171676635742
generate_one_block  0.5728292465209961
generate_one_block  0.6038031578063965
generate_one_block  0.577221155166626
generate_one_block  0.5696680545806885
generate_one_block  0.5757763385772705
generate_one_block  0.5755965709686279
generate_one_block  0.5964999198913574
generate_one_block  0.5726332664489746
generate_one_block  0.5774669647216797
generate_one_block  0.5755424499511719
generate_one_block  0.5856382846832275
generate_one_block  0.5635201930999756
generate_one_block  0.5664868354797363
The real block id is  0
get_global_graph_edges_ids_block function  spend 0.0657193660736084
gen group dst list time:  0.18467020988464355
time for parepare:  0.019982099533081055
local_output_nid generation:  0.03257179260253906
local_in_edges_tensor generation:  0.059046030044555664
mini_batch_src_global generation:  0.046396493911743164
r_  generation:  0.4795219898223877
local_output_nid generation:  0.038668155670166016
local_in_edges_tensor generation:  0.051560163497924805
mini_batch_src_global generation:  0.05528998374938965
r_  generation:  0.48152947425842285
local_output_nid generation:  0.03795337677001953
local_in_edges_tensor generation:  0.03917860984802246
mini_batch_src_global generation:  0.05205821990966797
r_  generation:  0.4935576915740967
local_output_nid generation:  0.036569833755493164
local_in_edges_tensor generation:  0.03870582580566406
mini_batch_src_global generation:  0.05512642860412598
r_  generation:  0.49448299407958984
local_output_nid generation:  0.03672385215759277
local_in_edges_tensor generation:  0.03602170944213867
mini_batch_src_global generation:  0.05268597602844238
r_  generation:  0.5037133693695068
local_output_nid generation:  0.03716897964477539
local_in_edges_tensor generation:  0.04350423812866211
mini_batch_src_global generation:  0.05760073661804199
r_  generation:  0.4975008964538574
local_output_nid generation:  0.036844730377197266
local_in_edges_tensor generation:  0.044362545013427734
mini_batch_src_global generation:  0.053630828857421875
r_  generation:  0.5104403495788574
local_output_nid generation:  0.03705191612243652
local_in_edges_tensor generation:  0.037841796875
mini_batch_src_global generation:  0.05529475212097168
r_  generation:  0.5002398490905762
local_output_nid generation:  0.03709697723388672
local_in_edges_tensor generation:  0.035646915435791016
mini_batch_src_global generation:  0.05396723747253418
r_  generation:  0.5066678524017334
local_output_nid generation:  0.03725433349609375
local_in_edges_tensor generation:  0.034888505935668945
mini_batch_src_global generation:  0.054634809494018555
r_  generation:  0.5009148120880127
local_output_nid generation:  0.03685569763183594
local_in_edges_tensor generation:  0.03953838348388672
mini_batch_src_global generation:  0.05411815643310547
r_  generation:  0.5113589763641357
local_output_nid generation:  0.03677845001220703
local_in_edges_tensor generation:  0.05469870567321777
mini_batch_src_global generation:  0.05527925491333008
r_  generation:  0.5028634071350098
local_output_nid generation:  0.03748941421508789
local_in_edges_tensor generation:  0.03517341613769531
mini_batch_src_global generation:  0.055083274841308594
r_  generation:  0.5107111930847168
local_output_nid generation:  0.03725004196166992
local_in_edges_tensor generation:  0.03587031364440918
mini_batch_src_global generation:  0.05489063262939453
r_  generation:  0.508002758026123
local_output_nid generation:  0.03876686096191406
local_in_edges_tensor generation:  0.044174909591674805
mini_batch_src_global generation:  0.05419754981994629
r_  generation:  0.5152018070220947
local_output_nid generation:  0.037488460540771484
local_in_edges_tensor generation:  0.03645896911621094
mini_batch_src_global generation:  0.055753231048583984
r_  generation:  0.5034866333007812
local_output_nid generation:  0.03729820251464844
local_in_edges_tensor generation:  0.035181522369384766
mini_batch_src_global generation:  0.055380821228027344
r_  generation:  0.5140089988708496
local_output_nid generation:  0.03747701644897461
local_in_edges_tensor generation:  0.03569602966308594
mini_batch_src_global generation:  0.055520057678222656
r_  generation:  0.503690242767334
local_output_nid generation:  0.03762054443359375
local_in_edges_tensor generation:  0.0355219841003418
mini_batch_src_global generation:  0.057361602783203125
r_  generation:  0.5119147300720215
local_output_nid generation:  0.03762531280517578
local_in_edges_tensor generation:  0.043747901916503906
mini_batch_src_global generation:  0.05478668212890625
r_  generation:  0.5056991577148438
local_output_nid generation:  0.03721737861633301
local_in_edges_tensor generation:  0.03569984436035156
mini_batch_src_global generation:  0.05472517013549805
r_  generation:  0.5144805908203125
local_output_nid generation:  0.03724861145019531
local_in_edges_tensor generation:  0.0387415885925293
mini_batch_src_global generation:  0.05554938316345215
r_  generation:  0.502636194229126
local_output_nid generation:  0.03765439987182617
local_in_edges_tensor generation:  0.04796862602233887
mini_batch_src_global generation:  0.0583806037902832
r_  generation:  0.5143613815307617
local_output_nid generation:  0.03713655471801758
local_in_edges_tensor generation:  0.0353550910949707
mini_batch_src_global generation:  0.05614042282104492
r_  generation:  0.5063683986663818
local_output_nid generation:  0.03761577606201172
local_in_edges_tensor generation:  0.03554844856262207
mini_batch_src_global generation:  0.054712533950805664
r_  generation:  0.5123186111450195
local_output_nid generation:  0.037639617919921875
local_in_edges_tensor generation:  0.05279040336608887
mini_batch_src_global generation:  0.05558133125305176
r_  generation:  0.503770112991333
local_output_nid generation:  0.03731417655944824
local_in_edges_tensor generation:  0.035208940505981445
mini_batch_src_global generation:  0.054946184158325195
r_  generation:  0.5113542079925537
local_output_nid generation:  0.03745460510253906
local_in_edges_tensor generation:  0.03546905517578125
mini_batch_src_global generation:  0.059537649154663086
r_  generation:  0.512763500213623
local_output_nid generation:  0.03726029396057129
local_in_edges_tensor generation:  0.04680585861206055
mini_batch_src_global generation:  0.0629885196685791
r_  generation:  0.5095419883728027
local_output_nid generation:  0.03812813758850098
local_in_edges_tensor generation:  0.04415130615234375
mini_batch_src_global generation:  0.05587911605834961
r_  generation:  0.506826639175415
local_output_nid generation:  0.03865242004394531
local_in_edges_tensor generation:  0.039406776428222656
mini_batch_src_global generation:  0.05822181701660156
r_  generation:  0.5092339515686035
local_output_nid generation:  0.04340529441833496
local_in_edges_tensor generation:  0.03936648368835449
mini_batch_src_global generation:  0.07023119926452637
r_  generation:  0.5076625347137451
----------------------check_connections_block total spend ----------------------------- 24.276936769485474
generate_one_block  0.6285097599029541
generate_one_block  0.6259703636169434
generate_one_block  0.6208832263946533
generate_one_block  0.6186304092407227
generate_one_block  0.6188404560089111
generate_one_block  0.6245465278625488
generate_one_block  0.756563663482666
generate_one_block  0.619208812713623
generate_one_block  0.625286340713501
generate_one_block  0.6242494583129883
generate_one_block  0.6203749179840088
generate_one_block  0.6248230934143066
generate_one_block  0.6239304542541504
generate_one_block  0.6224431991577148
generate_one_block  0.6253645420074463
generate_one_block  0.6139621734619141
generate_one_block  0.6224379539489746
generate_one_block  0.6232867240905762
generate_one_block  0.6203014850616455
generate_one_block  0.6206881999969482
generate_one_block  0.6242141723632812
generate_one_block  0.6222600936889648
generate_one_block  0.6210510730743408
generate_one_block  0.6152136325836182
generate_one_block  0.6274440288543701
generate_one_block  0.6310288906097412
generate_one_block  0.6281557083129883
generate_one_block  0.6228835582733154
generate_one_block  0.6229956150054932
generate_one_block  0.6186723709106445
generate_one_block  0.6188876628875732
generate_one_block  0.6210026741027832
-----------------------------------------after block dataloader generation 
 Nvidia-smi: 1.0174560546875 GB
    Memory Allocated: 0.0013098716735839844  GigaBytes
Max Memory Allocated: 0.0013098716735839844  GigaBytes

connection checking time:  51.81609916687012
block generation total time  44.30215263366699
average batch blocks generation time:  1.3844422698020935
----------------------------------------before batch_pred = model(blocks, batch_inputs) 
 Nvidia-smi: 1.1990966796875 GB
    Memory Allocated: 0.10289287567138672  GigaBytes
Max Memory Allocated: 0.10289287567138672  GigaBytes

torch.Size([160814, 128])
torch.Size([147144, 256])
torch.Size([100575, 256])
-----------------------------------------batch_pred = model(blocks, batch_inputs) 
 Nvidia-smi: 2.6033935546875 GB
    Memory Allocated: 1.1590771675109863  GigaBytes
Max Memory Allocated: 1.1800522804260254  GigaBytes

----------------------------------------before batch_pred = model(blocks, batch_inputs) 
 Nvidia-smi: 3.0819091796875 GB
    Memory Allocated: 0.1053171157836914  GigaBytes
Max Memory Allocated: 1.2614221572875977  GigaBytes

torch.Size([160727, 128])
torch.Size([146786, 256])
torch.Size([101314, 256])
-----------------------------------------batch_pred = model(blocks, batch_inputs) 
 Nvidia-smi: 3.0819091796875 GB
    Memory Allocated: 1.1681694984436035  GigaBytes
Max Memory Allocated: 1.2614221572875977  GigaBytes

----------------------------------------before batch_pred = model(blocks, batch_inputs) 
 Nvidia-smi: 3.0819091796875 GB
    Memory Allocated: 0.10507822036743164  GigaBytes
Max Memory Allocated: 1.2671380043029785  GigaBytes

torch.Size([160580, 128])
torch.Size([146726, 256])
torch.Size([100772, 256])
-----------------------------------------batch_pred = model(blocks, batch_inputs) 
 Nvidia-smi: 3.0819091796875 GB
    Memory Allocated: 1.1614060401916504  GigaBytes
Max Memory Allocated: 1.2671380043029785  GigaBytes

----------------------------------------before batch_pred = model(blocks, batch_inputs) 
 Nvidia-smi: 3.0819091796875 GB
    Memory Allocated: 0.10478973388671875  GigaBytes
Max Memory Allocated: 1.2671380043029785  GigaBytes

torch.Size([160557, 128])
torch.Size([146942, 256])
torch.Size([99660, 256])
-----------------------------------------batch_pred = model(blocks, batch_inputs) 
 Nvidia-smi: 3.0819091796875 GB
    Memory Allocated: 1.1560759544372559  GigaBytes
Max Memory Allocated: 1.2671380043029785  GigaBytes

----------------------------------------before batch_pred = model(blocks, batch_inputs) 
 Nvidia-smi: 3.0819091796875 GB
    Memory Allocated: 0.10518693923950195  GigaBytes
Max Memory Allocated: 1.2671380043029785  GigaBytes

torch.Size([160643, 128])
torch.Size([147045, 256])
torch.Size([101541, 256])
-----------------------------------------batch_pred = model(blocks, batch_inputs) 
 Nvidia-smi: 3.0819091796875 GB
    Memory Allocated: 1.1711034774780273  GigaBytes
Max Memory Allocated: 1.2671380043029785  GigaBytes

----------------------------------------before batch_pred = model(blocks, batch_inputs) 
 Nvidia-smi: 3.0819091796875 GB
    Memory Allocated: 0.10525751113891602  GigaBytes
Max Memory Allocated: 1.2729759216308594  GigaBytes

torch.Size([160860, 128])
torch.Size([147824, 256])
torch.Size([102447, 256])
-----------------------------------------batch_pred = model(blocks, batch_inputs) 
 Nvidia-smi: 3.6541748046875 GB
    Memory Allocated: 1.1737794876098633  GigaBytes
Max Memory Allocated: 1.2729759216308594  GigaBytes

----------------------------------------before batch_pred = model(blocks, batch_inputs) 
 Nvidia-smi: 3.7987060546875 GB
    Memory Allocated: 0.10528039932250977  GigaBytes
Max Memory Allocated: 1.27579927444458  GigaBytes

torch.Size([160718, 128])
torch.Size([147229, 256])
torch.Size([101943, 256])
-----------------------------------------batch_pred = model(blocks, batch_inputs) 
 Nvidia-smi: 3.7987060546875 GB
    Memory Allocated: 1.172938346862793  GigaBytes
Max Memory Allocated: 1.27579927444458  GigaBytes

----------------------------------------before batch_pred = model(blocks, batch_inputs) 
 Nvidia-smi: 3.7987060546875 GB
    Memory Allocated: 0.10495376586914062  GigaBytes
Max Memory Allocated: 1.27579927444458  GigaBytes

torch.Size([160713, 128])
torch.Size([146938, 256])
torch.Size([100468, 256])
-----------------------------------------batch_pred = model(blocks, batch_inputs) 
 Nvidia-smi: 3.7987060546875 GB
    Memory Allocated: 1.162398338317871  GigaBytes
Max Memory Allocated: 1.27579927444458  GigaBytes

----------------------------------------before batch_pred = model(blocks, batch_inputs) 
 Nvidia-smi: 3.7987060546875 GB
    Memory Allocated: 0.10493850708007812  GigaBytes
Max Memory Allocated: 1.27579927444458  GigaBytes

torch.Size([160404, 128])
torch.Size([146502, 256])
torch.Size([99859, 256])
-----------------------------------------batch_pred = model(blocks, batch_inputs) 
 Nvidia-smi: 3.7987060546875 GB
    Memory Allocated: 1.156053066253662  GigaBytes
Max Memory Allocated: 1.27579927444458  GigaBytes

----------------------------------------before batch_pred = model(blocks, batch_inputs) 
 Nvidia-smi: 3.7987060546875 GB
    Memory Allocated: 0.10485696792602539  GigaBytes
Max Memory Allocated: 1.27579927444458  GigaBytes

torch.Size([160542, 128])
torch.Size([146668, 256])
torch.Size([99846, 256])
-----------------------------------------batch_pred = model(blocks, batch_inputs) 
 Nvidia-smi: 3.7987060546875 GB
    Memory Allocated: 1.1592140197753906  GigaBytes
Max Memory Allocated: 1.27579927444458  GigaBytes

----------------------------------------before batch_pred = model(blocks, batch_inputs) 
 Nvidia-smi: 3.7987060546875 GB
    Memory Allocated: 0.10515308380126953  GigaBytes
Max Memory Allocated: 1.27579927444458  GigaBytes

torch.Size([160467, 128])
torch.Size([146634, 256])
torch.Size([101232, 256])
-----------------------------------------batch_pred = model(blocks, batch_inputs) 
 Nvidia-smi: 3.7987060546875 GB
    Memory Allocated: 1.1652374267578125  GigaBytes
Max Memory Allocated: 1.27579927444458  GigaBytes

----------------------------------------before batch_pred = model(blocks, batch_inputs) 
 Nvidia-smi: 3.7987060546875 GB
    Memory Allocated: 0.10535907745361328  GigaBytes
Max Memory Allocated: 1.27579927444458  GigaBytes

torch.Size([161037, 128])
torch.Size([147735, 256])
torch.Size([102022, 256])
-----------------------------------------batch_pred = model(blocks, batch_inputs) 
 Nvidia-smi: 3.7987060546875 GB
    Memory Allocated: 1.1735138893127441  GigaBytes
Max Memory Allocated: 1.27579927444458  GigaBytes

----------------------------------------before batch_pred = model(blocks, batch_inputs) 
 Nvidia-smi: 3.7987060546875 GB
    Memory Allocated: 0.10517358779907227  GigaBytes
Max Memory Allocated: 1.27579927444458  GigaBytes

torch.Size([160700, 128])
torch.Size([147530, 256])
torch.Size([102107, 256])
-----------------------------------------batch_pred = model(blocks, batch_inputs) 
 Nvidia-smi: 3.8006591796875 GB
    Memory Allocated: 1.170964241027832  GigaBytes
Max Memory Allocated: 1.27579927444458  GigaBytes

----------------------------------------before batch_pred = model(blocks, batch_inputs) 
 Nvidia-smi: 3.8006591796875 GB
    Memory Allocated: 0.10506820678710938  GigaBytes
Max Memory Allocated: 1.27579927444458  GigaBytes

torch.Size([160649, 128])
torch.Size([147118, 256])
torch.Size([101299, 256])
-----------------------------------------batch_pred = model(blocks, batch_inputs) 
 Nvidia-smi: 3.8006591796875 GB
    Memory Allocated: 1.1662230491638184  GigaBytes
Max Memory Allocated: 1.27579927444458  GigaBytes

----------------------------------------before batch_pred = model(blocks, batch_inputs) 
 Nvidia-smi: 3.8006591796875 GB
    Memory Allocated: 0.10530900955200195  GigaBytes
Max Memory Allocated: 1.27579927444458  GigaBytes

torch.Size([160994, 128])
torch.Size([147821, 256])
torch.Size([101949, 256])
-----------------------------------------batch_pred = model(blocks, batch_inputs) 
 Nvidia-smi: 3.8006591796875 GB
    Memory Allocated: 1.1731328964233398  GigaBytes
Max Memory Allocated: 1.27579927444458  GigaBytes

----------------------------------------before batch_pred = model(blocks, batch_inputs) 
 Nvidia-smi: 3.8006591796875 GB
    Memory Allocated: 0.10507011413574219  GigaBytes
Max Memory Allocated: 1.27579927444458  GigaBytes

torch.Size([160785, 128])
torch.Size([147146, 256])
torch.Size([100299, 256])
-----------------------------------------batch_pred = model(blocks, batch_inputs) 
 Nvidia-smi: 3.8006591796875 GB
    Memory Allocated: 1.1625823974609375  GigaBytes
Max Memory Allocated: 1.27579927444458  GigaBytes

----------------------------------------before batch_pred = model(blocks, batch_inputs) 
 Nvidia-smi: 3.8006591796875 GB
    Memory Allocated: 0.10511302947998047  GigaBytes
Max Memory Allocated: 1.27579927444458  GigaBytes

torch.Size([160805, 128])
torch.Size([147382, 256])
torch.Size([100875, 256])
-----------------------------------------batch_pred = model(blocks, batch_inputs) 
 Nvidia-smi: 3.8006591796875 GB
    Memory Allocated: 1.1646175384521484  GigaBytes
Max Memory Allocated: 1.27579927444458  GigaBytes

----------------------------------------before batch_pred = model(blocks, batch_inputs) 
 Nvidia-smi: 3.8006591796875 GB
    Memory Allocated: 0.10526371002197266  GigaBytes
Max Memory Allocated: 1.27579927444458  GigaBytes

torch.Size([160673, 128])
torch.Size([146849, 256])
torch.Size([101499, 256])
-----------------------------------------batch_pred = model(blocks, batch_inputs) 
 Nvidia-smi: 3.8006591796875 GB
    Memory Allocated: 1.171196460723877  GigaBytes
Max Memory Allocated: 1.27579927444458  GigaBytes

----------------------------------------before batch_pred = model(blocks, batch_inputs) 
 Nvidia-smi: 3.8006591796875 GB
    Memory Allocated: 0.10515975952148438  GigaBytes
Max Memory Allocated: 1.27579927444458  GigaBytes

torch.Size([160598, 128])
torch.Size([147093, 256])
torch.Size([101174, 256])
-----------------------------------------batch_pred = model(blocks, batch_inputs) 
 Nvidia-smi: 3.8006591796875 GB
    Memory Allocated: 1.164827823638916  GigaBytes
Max Memory Allocated: 1.27579927444458  GigaBytes

----------------------------------------before batch_pred = model(blocks, batch_inputs) 
 Nvidia-smi: 3.8006591796875 GB
    Memory Allocated: 0.10517311096191406  GigaBytes
Max Memory Allocated: 1.27579927444458  GigaBytes

torch.Size([160811, 128])
torch.Size([147135, 256])
torch.Size([101193, 256])
-----------------------------------------batch_pred = model(blocks, batch_inputs) 
 Nvidia-smi: 3.8006591796875 GB
    Memory Allocated: 1.1663002967834473  GigaBytes
Max Memory Allocated: 1.27579927444458  GigaBytes

----------------------------------------before batch_pred = model(blocks, batch_inputs) 
 Nvidia-smi: 3.8006591796875 GB
    Memory Allocated: 0.10499763488769531  GigaBytes
Max Memory Allocated: 1.27579927444458  GigaBytes

torch.Size([160825, 128])
torch.Size([147161, 256])
torch.Size([100489, 256])
-----------------------------------------batch_pred = model(blocks, batch_inputs) 
 Nvidia-smi: 3.8006591796875 GB
    Memory Allocated: 1.1619868278503418  GigaBytes
Max Memory Allocated: 1.27579927444458  GigaBytes

----------------------------------------before batch_pred = model(blocks, batch_inputs) 
 Nvidia-smi: 3.8006591796875 GB
    Memory Allocated: 0.10489416122436523  GigaBytes
Max Memory Allocated: 1.27579927444458  GigaBytes

torch.Size([160604, 128])
torch.Size([147113, 256])
torch.Size([101364, 256])
-----------------------------------------batch_pred = model(blocks, batch_inputs) 
 Nvidia-smi: 3.8006591796875 GB
    Memory Allocated: 1.1640796661376953  GigaBytes
Max Memory Allocated: 1.27579927444458  GigaBytes

----------------------------------------before batch_pred = model(blocks, batch_inputs) 
 Nvidia-smi: 3.8006591796875 GB
    Memory Allocated: 0.10497474670410156  GigaBytes
Max Memory Allocated: 1.27579927444458  GigaBytes

torch.Size([160859, 128])
torch.Size([147414, 256])
torch.Size([100276, 256])
-----------------------------------------batch_pred = model(blocks, batch_inputs) 
 Nvidia-smi: 3.8006591796875 GB
    Memory Allocated: 1.1600823402404785  GigaBytes
Max Memory Allocated: 1.27579927444458  GigaBytes

----------------------------------------before batch_pred = model(blocks, batch_inputs) 
 Nvidia-smi: 3.8006591796875 GB
    Memory Allocated: 0.10488033294677734  GigaBytes
Max Memory Allocated: 1.27579927444458  GigaBytes

torch.Size([160603, 128])
torch.Size([146538, 256])
torch.Size([99816, 256])
-----------------------------------------batch_pred = model(blocks, batch_inputs) 
 Nvidia-smi: 3.8006591796875 GB
    Memory Allocated: 1.1579818725585938  GigaBytes
Max Memory Allocated: 1.27579927444458  GigaBytes

----------------------------------------before batch_pred = model(blocks, batch_inputs) 
 Nvidia-smi: 3.8006591796875 GB
    Memory Allocated: 0.10507011413574219  GigaBytes
Max Memory Allocated: 1.27579927444458  GigaBytes

torch.Size([160933, 128])
torch.Size([147741, 256])
torch.Size([101187, 256])
-----------------------------------------batch_pred = model(blocks, batch_inputs) 
 Nvidia-smi: 3.8006591796875 GB
    Memory Allocated: 1.165926456451416  GigaBytes
Max Memory Allocated: 1.27579927444458  GigaBytes

----------------------------------------before batch_pred = model(blocks, batch_inputs) 
 Nvidia-smi: 3.8006591796875 GB
    Memory Allocated: 0.10526800155639648  GigaBytes
Max Memory Allocated: 1.27579927444458  GigaBytes

torch.Size([160792, 128])
torch.Size([147284, 256])
torch.Size([102267, 256])
-----------------------------------------batch_pred = model(blocks, batch_inputs) 
 Nvidia-smi: 3.8006591796875 GB
    Memory Allocated: 1.1735925674438477  GigaBytes
Max Memory Allocated: 1.27579927444458  GigaBytes

----------------------------------------before batch_pred = model(blocks, batch_inputs) 
 Nvidia-smi: 3.8006591796875 GB
    Memory Allocated: 0.10508871078491211  GigaBytes
Max Memory Allocated: 1.27579927444458  GigaBytes

torch.Size([160736, 128])
torch.Size([146861, 256])
torch.Size([100332, 256])
-----------------------------------------batch_pred = model(blocks, batch_inputs) 
 Nvidia-smi: 3.8006591796875 GB
    Memory Allocated: 1.162264347076416  GigaBytes
Max Memory Allocated: 1.27579927444458  GigaBytes

----------------------------------------before batch_pred = model(blocks, batch_inputs) 
 Nvidia-smi: 3.8006591796875 GB
    Memory Allocated: 0.10522127151489258  GigaBytes
Max Memory Allocated: 1.27579927444458  GigaBytes

torch.Size([160772, 128])
torch.Size([147309, 256])
torch.Size([101743, 256])
-----------------------------------------batch_pred = model(blocks, batch_inputs) 
 Nvidia-smi: 3.8006591796875 GB
    Memory Allocated: 1.1710472106933594  GigaBytes
Max Memory Allocated: 1.27579927444458  GigaBytes

----------------------------------------before batch_pred = model(blocks, batch_inputs) 
 Nvidia-smi: 3.8006591796875 GB
    Memory Allocated: 0.10508108139038086  GigaBytes
Max Memory Allocated: 1.27579927444458  GigaBytes

torch.Size([160548, 128])
torch.Size([146933, 256])
torch.Size([101003, 256])
-----------------------------------------batch_pred = model(blocks, batch_inputs) 
 Nvidia-smi: 3.8006591796875 GB
    Memory Allocated: 1.163886547088623  GigaBytes
Max Memory Allocated: 1.27579927444458  GigaBytes

----------------------------------------before batch_pred = model(blocks, batch_inputs) 
 Nvidia-smi: 3.8006591796875 GB
    Memory Allocated: 0.10490274429321289  GigaBytes
Max Memory Allocated: 1.27579927444458  GigaBytes

torch.Size([160570, 128])
torch.Size([146826, 256])
torch.Size([100624, 256])
-----------------------------------------batch_pred = model(blocks, batch_inputs) 
 Nvidia-smi: 3.8006591796875 GB
    Memory Allocated: 1.1624674797058105  GigaBytes
Max Memory Allocated: 1.27579927444458  GigaBytes

----------------------------------------before batch_pred = model(blocks, batch_inputs) 
 Nvidia-smi: 3.8006591796875 GB
    Memory Allocated: 0.10486888885498047  GigaBytes
Max Memory Allocated: 1.27579927444458  GigaBytes

torch.Size([160801, 128])
torch.Size([147229, 256])
torch.Size([99738, 256])
-----------------------------------------batch_pred = model(blocks, batch_inputs) 
 Nvidia-smi: 3.8006591796875 GB
    Memory Allocated: 1.1560368537902832  GigaBytes
Max Memory Allocated: 1.27579927444458  GigaBytes

----------------------------------------before batch_pred = model(blocks, batch_inputs) 
 Nvidia-smi: 3.8006591796875 GB
    Memory Allocated: 0.10481643676757812  GigaBytes
Max Memory Allocated: 1.27579927444458  GigaBytes

torch.Size([160451, 128])
torch.Size([146821, 256])
torch.Size([100223, 256])
-----------------------------------------batch_pred = model(blocks, batch_inputs) 
 Nvidia-smi: 3.8006591796875 GB
    Memory Allocated: 1.1617660522460938  GigaBytes
Max Memory Allocated: 1.27579927444458  GigaBytes

times | data loading | block to device | model prediction | loss calculation | loss backward |  optimizer step |
      |0.0987853929400444 |0.033571816980838776 |0.029726997017860413 |9.647011756896973e-05 |0.00735878199338913 |0.00525665283203125 |
----------------------------------------------------------pseudo_mini_loss sum 6.456647872924805
 Run 0| Epoch 0 |
Number of nodes for computation during this epoch:  13832483
Number of first layer input nodes during this epoch:  5142571
----------------------------------------before generate_dataloader_block 
 Nvidia-smi: 3.8006591796875 GB
    Memory Allocated: 0.15085792541503906  GigaBytes
Max Memory Allocated: 1.27579927444458  GigaBytes

The real block id is  3
get_global_graph_edges_ids_block function  spend 0.021783113479614258
range selection method range initialization spend 0.011795282363891602
time for parepare:  0.02633213996887207
local_output_nid generation:  0.0013723373413085938
local_in_edges_tensor generation:  0.016048192977905273
mini_batch_src_global generation:  0.0016467571258544922
r_  generation:  0.008606910705566406
local_output_nid generation:  0.0010635852813720703
local_in_edges_tensor generation:  0.0006103515625
mini_batch_src_global generation:  0.0015048980712890625
r_  generation:  0.00845646858215332
local_output_nid generation:  0.0010132789611816406
local_in_edges_tensor generation:  0.0005176067352294922
mini_batch_src_global generation:  0.001148223876953125
r_  generation:  0.008219480514526367
local_output_nid generation:  0.0010089874267578125
local_in_edges_tensor generation:  0.0004801750183105469
mini_batch_src_global generation:  0.00090789794921875
r_  generation:  0.007829427719116211
local_output_nid generation:  0.0009276866912841797
local_in_edges_tensor generation:  0.00048422813415527344
mini_batch_src_global generation:  0.0008714199066162109
r_  generation:  0.007648468017578125
local_output_nid generation:  0.0009229183197021484
local_in_edges_tensor generation:  0.0004608631134033203
mini_batch_src_global generation:  0.0008368492126464844
r_  generation:  0.010030508041381836
local_output_nid generation:  0.0008697509765625
local_in_edges_tensor generation:  0.0004868507385253906
mini_batch_src_global generation:  0.0008680820465087891
r_  generation:  0.008158683776855469
local_output_nid generation:  0.0009286403656005859
local_in_edges_tensor generation:  0.0004582405090332031
mini_batch_src_global generation:  0.0008420944213867188
r_  generation:  0.008083820343017578
local_output_nid generation:  0.0009360313415527344
local_in_edges_tensor generation:  0.0004572868347167969
mini_batch_src_global generation:  0.0008308887481689453
r_  generation:  0.008100748062133789
local_output_nid generation:  0.0009248256683349609
local_in_edges_tensor generation:  0.0004584789276123047
mini_batch_src_global generation:  0.0008285045623779297
r_  generation:  0.007932424545288086
local_output_nid generation:  0.0008628368377685547
local_in_edges_tensor generation:  0.0004551410675048828
mini_batch_src_global generation:  0.0008375644683837891
r_  generation:  0.007863044738769531
local_output_nid generation:  0.00084686279296875
local_in_edges_tensor generation:  0.00045680999755859375
mini_batch_src_global generation:  0.0008556842803955078
r_  generation:  0.008470296859741211
local_output_nid generation:  0.0008609294891357422
local_in_edges_tensor generation:  0.0004582405090332031
mini_batch_src_global generation:  0.0008704662322998047
r_  generation:  0.008544206619262695
local_output_nid generation:  0.0008566379547119141
local_in_edges_tensor generation:  0.0004591941833496094
mini_batch_src_global generation:  0.0009043216705322266
r_  generation:  0.008285999298095703
local_output_nid generation:  0.0008261203765869141
local_in_edges_tensor generation:  0.0004601478576660156
mini_batch_src_global generation:  0.0008678436279296875
r_  generation:  0.012160539627075195
local_output_nid generation:  0.0008523464202880859
local_in_edges_tensor generation:  0.0004639625549316406
mini_batch_src_global generation:  0.0009164810180664062
r_  generation:  0.00854635238647461
local_output_nid generation:  0.0008561611175537109
local_in_edges_tensor generation:  0.0004630088806152344
mini_batch_src_global generation:  0.0009105205535888672
r_  generation:  0.008447647094726562
local_output_nid generation:  0.0008196830749511719
local_in_edges_tensor generation:  0.00046133995056152344
mini_batch_src_global generation:  0.000858306884765625
r_  generation:  0.008029699325561523
local_output_nid generation:  0.0008180141448974609
local_in_edges_tensor generation:  0.000457763671875
mini_batch_src_global generation:  0.0008716583251953125
r_  generation:  0.00822591781616211
local_output_nid generation:  0.0008225440979003906
local_in_edges_tensor generation:  0.0004603862762451172
mini_batch_src_global generation:  0.0008769035339355469
r_  generation:  0.008436441421508789
local_output_nid generation:  0.0008113384246826172
local_in_edges_tensor generation:  0.0004515647888183594
mini_batch_src_global generation:  0.0008423328399658203
r_  generation:  0.008011579513549805
local_output_nid generation:  0.0008194446563720703
local_in_edges_tensor generation:  0.00047516822814941406
mini_batch_src_global generation:  0.0009000301361083984
r_  generation:  0.008332252502441406
local_output_nid generation:  0.0008113384246826172
local_in_edges_tensor generation:  0.00045609474182128906
mini_batch_src_global generation:  0.0008387565612792969
r_  generation:  0.010471343994140625
local_output_nid generation:  0.0007877349853515625
local_in_edges_tensor generation:  0.00045943260192871094
mini_batch_src_global generation:  0.0008327960968017578
r_  generation:  0.00806427001953125
local_output_nid generation:  0.0007903575897216797
local_in_edges_tensor generation:  0.0004506111145019531
mini_batch_src_global generation:  0.0008485317230224609
r_  generation:  0.008236169815063477
local_output_nid generation:  0.0008025169372558594
local_in_edges_tensor generation:  0.0004558563232421875
mini_batch_src_global generation:  0.0008609294891357422
r_  generation:  0.008211612701416016
local_output_nid generation:  0.0007936954498291016
local_in_edges_tensor generation:  0.0004508495330810547
mini_batch_src_global generation:  0.0008785724639892578
r_  generation:  0.008466958999633789
local_output_nid generation:  0.0007908344268798828
local_in_edges_tensor generation:  0.0004520416259765625
mini_batch_src_global generation:  0.0008518695831298828
r_  generation:  0.008009910583496094
local_output_nid generation:  0.0008051395416259766
local_in_edges_tensor generation:  0.0004534721374511719
mini_batch_src_global generation:  0.0008924007415771484
r_  generation:  0.008335113525390625
local_output_nid generation:  0.0008022785186767578
local_in_edges_tensor generation:  0.0004565715789794922
mini_batch_src_global generation:  0.0009469985961914062
r_  generation:  0.008515596389770508
local_output_nid generation:  0.0008127689361572266
local_in_edges_tensor generation:  0.0004787445068359375
mini_batch_src_global generation:  0.0008311271667480469
r_  generation:  0.007822275161743164
local_output_nid generation:  0.0007805824279785156
local_in_edges_tensor generation:  0.0004742145538330078
mini_batch_src_global generation:  0.0008718967437744141
r_  generation:  0.010614633560180664
----------------------check_connections_block total spend ----------------------------- 0.45378613471984863
generate_one_block  0.017661094665527344
generate_one_block  0.015137195587158203
generate_one_block  0.013676881790161133
generate_one_block  0.01291036605834961
generate_one_block  0.01266622543334961
generate_one_block  0.013277769088745117
generate_one_block  0.014809846878051758
generate_one_block  0.013059377670288086
generate_one_block  0.012967348098754883
generate_one_block  0.012858152389526367
generate_one_block  0.012858867645263672
generate_one_block  0.013505935668945312
generate_one_block  0.013522624969482422
generate_one_block  0.013404369354248047
generate_one_block  0.015102624893188477
generate_one_block  0.013321399688720703
generate_one_block  0.013529062271118164
generate_one_block  0.012867212295532227
generate_one_block  0.013240814208984375
generate_one_block  0.01334524154663086
generate_one_block  0.012782573699951172
generate_one_block  0.013505697250366211
generate_one_block  0.014443635940551758
generate_one_block  0.01285862922668457
generate_one_block  0.013106107711791992
generate_one_block  0.013275623321533203
generate_one_block  0.013283729553222656
generate_one_block  0.012837409973144531
generate_one_block  0.013294696807861328
generate_one_block  0.015608549118041992
generate_one_block  0.012411117553710938
generate_one_block  0.012920379638671875
The real block id is  2
get_global_graph_edges_ids_block function  spend 0.03928995132446289
gen group dst list time:  0.020567655563354492
time for parepare:  0.022834062576293945
local_output_nid generation:  0.0040166378021240234
local_in_edges_tensor generation:  0.01557779312133789
mini_batch_src_global generation:  0.012095928192138672
r_  generation:  0.12179088592529297
local_output_nid generation:  0.00816488265991211
local_in_edges_tensor generation:  0.012646913528442383
mini_batch_src_global generation:  0.025119781494140625
r_  generation:  0.17101144790649414
local_output_nid generation:  0.009552478790283203
local_in_edges_tensor generation:  0.013780355453491211
mini_batch_src_global generation:  0.01675891876220703
r_  generation:  0.16241765022277832
local_output_nid generation:  0.00974416732788086
local_in_edges_tensor generation:  0.04438281059265137
mini_batch_src_global generation:  0.015741586685180664
r_  generation:  0.1305704116821289
local_output_nid generation:  0.006554841995239258
local_in_edges_tensor generation:  0.008902311325073242
mini_batch_src_global generation:  0.01528167724609375
r_  generation:  0.13348150253295898
local_output_nid generation:  0.007056474685668945
local_in_edges_tensor generation:  0.009085655212402344
mini_batch_src_global generation:  0.01604318618774414
r_  generation:  0.1368238925933838
local_output_nid generation:  0.0070536136627197266
local_in_edges_tensor generation:  0.008899688720703125
mini_batch_src_global generation:  0.016466856002807617
r_  generation:  0.13864612579345703
local_output_nid generation:  0.0071446895599365234
local_in_edges_tensor generation:  0.007989883422851562
mini_batch_src_global generation:  0.01621842384338379
r_  generation:  0.13522696495056152
local_output_nid generation:  0.007083415985107422
local_in_edges_tensor generation:  0.007918119430541992
mini_batch_src_global generation:  0.016583919525146484
r_  generation:  0.13804292678833008
local_output_nid generation:  0.006649971008300781
local_in_edges_tensor generation:  0.00791621208190918
mini_batch_src_global generation:  0.016328811645507812
r_  generation:  0.1361076831817627
local_output_nid generation:  0.007044076919555664
local_in_edges_tensor generation:  0.009196043014526367
mini_batch_src_global generation:  0.01641225814819336
r_  generation:  0.13406062126159668
local_output_nid generation:  0.007520437240600586
local_in_edges_tensor generation:  0.01049661636352539
mini_batch_src_global generation:  0.017142295837402344
r_  generation:  0.14350533485412598
local_output_nid generation:  0.0074732303619384766
local_in_edges_tensor generation:  0.011385679244995117
mini_batch_src_global generation:  0.017832279205322266
r_  generation:  0.1423337459564209
local_output_nid generation:  0.007477283477783203
local_in_edges_tensor generation:  0.00808095932006836
mini_batch_src_global generation:  0.017345190048217773
r_  generation:  0.14296793937683105
local_output_nid generation:  0.007589578628540039
local_in_edges_tensor generation:  0.008910894393920898
mini_batch_src_global generation:  0.0190277099609375
r_  generation:  0.14611124992370605
local_output_nid generation:  0.007586240768432617
local_in_edges_tensor generation:  0.009392261505126953
mini_batch_src_global generation:  0.017238140106201172
r_  generation:  0.14468836784362793
local_output_nid generation:  0.0075817108154296875
local_in_edges_tensor generation:  0.01038360595703125
mini_batch_src_global generation:  0.019212722778320312
r_  generation:  0.1457843780517578
local_output_nid generation:  0.0071637630462646484
local_in_edges_tensor generation:  0.007985591888427734
mini_batch_src_global generation:  0.01819467544555664
r_  generation:  0.1383664608001709
local_output_nid generation:  0.007405519485473633
local_in_edges_tensor generation:  0.009245157241821289
mini_batch_src_global generation:  0.01739645004272461
r_  generation:  0.1446678638458252
local_output_nid generation:  0.007588624954223633
local_in_edges_tensor generation:  0.010561943054199219
mini_batch_src_global generation:  0.01726984977722168
r_  generation:  0.14515113830566406
local_output_nid generation:  0.007258176803588867
local_in_edges_tensor generation:  0.009017229080200195
mini_batch_src_global generation:  0.020380020141601562
r_  generation:  0.1374349594116211
local_output_nid generation:  0.0075566768646240234
local_in_edges_tensor generation:  0.009365320205688477
mini_batch_src_global generation:  0.030101537704467773
r_  generation:  0.1466503143310547
local_output_nid generation:  0.007323026657104492
local_in_edges_tensor generation:  0.008063077926635742
mini_batch_src_global generation:  0.018558979034423828
r_  generation:  0.1486959457397461
local_output_nid generation:  0.008351802825927734
local_in_edges_tensor generation:  0.017079591751098633
mini_batch_src_global generation:  0.020520925521850586
r_  generation:  0.1392982006072998
local_output_nid generation:  0.008488893508911133
local_in_edges_tensor generation:  0.012036561965942383
mini_batch_src_global generation:  0.01732039451599121
r_  generation:  0.14124655723571777
local_output_nid generation:  0.007644176483154297
local_in_edges_tensor generation:  0.010303735733032227
mini_batch_src_global generation:  0.017966270446777344
r_  generation:  0.14120936393737793
local_output_nid generation:  0.007653951644897461
local_in_edges_tensor generation:  0.009471416473388672
mini_batch_src_global generation:  0.017052650451660156
r_  generation:  0.14126276969909668
local_output_nid generation:  0.007456302642822266
local_in_edges_tensor generation:  0.008038520812988281
mini_batch_src_global generation:  0.016555070877075195
r_  generation:  0.13768315315246582
local_output_nid generation:  0.007718086242675781
local_in_edges_tensor generation:  0.009435892105102539
mini_batch_src_global generation:  0.017836332321166992
r_  generation:  0.14158105850219727
local_output_nid generation:  0.007772684097290039
local_in_edges_tensor generation:  0.010678291320800781
mini_batch_src_global generation:  0.016882658004760742
r_  generation:  0.14353156089782715
local_output_nid generation:  0.007422685623168945
local_in_edges_tensor generation:  0.008281469345092773
mini_batch_src_global generation:  0.01628589630126953
r_  generation:  0.13402390480041504
local_output_nid generation:  0.007482290267944336
local_in_edges_tensor generation:  0.008136510848999023
mini_batch_src_global generation:  0.01619267463684082
r_  generation:  0.13805031776428223
----------------------check_connections_block total spend ----------------------------- 6.764554738998413
generate_one_block  0.1736769676208496
generate_one_block  0.17219185829162598
generate_one_block  0.17391276359558105
generate_one_block  0.16962218284606934
generate_one_block  0.16859149932861328
generate_one_block  0.18637657165527344
generate_one_block  0.17625927925109863
generate_one_block  0.18186044692993164
generate_one_block  0.17333221435546875
generate_one_block  0.17164063453674316
generate_one_block  0.17513823509216309
generate_one_block  0.18491673469543457
generate_one_block  0.18806838989257812
generate_one_block  0.17502570152282715
generate_one_block  0.17958283424377441
generate_one_block  0.17805266380310059
generate_one_block  0.18087077140808105
generate_one_block  0.16956448554992676
generate_one_block  0.17313909530639648
generate_one_block  0.1774747371673584
generate_one_block  0.16796112060546875
generate_one_block  0.1827089786529541
generate_one_block  0.17244195938110352
generate_one_block  0.16714811325073242
generate_one_block  0.17286109924316406
generate_one_block  0.17612838745117188
generate_one_block  0.17711710929870605
generate_one_block  0.16728854179382324
generate_one_block  0.17187047004699707
generate_one_block  0.1829700469970703
generate_one_block  0.16985583305358887
generate_one_block  0.17040276527404785
The real block id is  1
get_global_graph_edges_ids_block function  spend 0.04079079627990723
gen group dst list time:  0.10672545433044434
time for parepare:  0.019747257232666016
local_output_nid generation:  0.0213470458984375
local_in_edges_tensor generation:  0.04823493957519531
mini_batch_src_global generation:  0.042586326599121094
r_  generation:  0.428570032119751
local_output_nid generation:  0.027533531188964844
local_in_edges_tensor generation:  0.042823076248168945
mini_batch_src_global generation:  0.052349090576171875
r_  generation:  0.43506550788879395
local_output_nid generation:  0.02747654914855957
local_in_edges_tensor generation:  0.031177043914794922
mini_batch_src_global generation:  0.05176353454589844
r_  generation:  0.4395484924316406
local_output_nid generation:  0.026321887969970703
local_in_edges_tensor generation:  0.032206058502197266
mini_batch_src_global generation:  0.0581364631652832
r_  generation:  0.43534350395202637
local_output_nid generation:  0.025910377502441406
local_in_edges_tensor generation:  0.02858877182006836
mini_batch_src_global generation:  0.0520169734954834
r_  generation:  0.4605875015258789
local_output_nid generation:  0.02604985237121582
local_in_edges_tensor generation:  0.030602455139160156
mini_batch_src_global generation:  0.0529780387878418
r_  generation:  0.4402439594268799
local_output_nid generation:  0.025959253311157227
local_in_edges_tensor generation:  0.03560996055603027
mini_batch_src_global generation:  0.05170273780822754
r_  generation:  0.443845272064209
local_output_nid generation:  0.02584695816040039
local_in_edges_tensor generation:  0.02705836296081543
mini_batch_src_global generation:  0.05304765701293945
r_  generation:  0.4325716495513916
local_output_nid generation:  0.02635812759399414
local_in_edges_tensor generation:  0.03917074203491211
mini_batch_src_global generation:  0.05361294746398926
r_  generation:  0.4445915222167969
local_output_nid generation:  0.02602863311767578
local_in_edges_tensor generation:  0.03134465217590332
mini_batch_src_global generation:  0.05341672897338867
r_  generation:  0.4481637477874756
local_output_nid generation:  0.02611827850341797
local_in_edges_tensor generation:  0.027066946029663086
mini_batch_src_global generation:  0.05165386199951172
r_  generation:  0.4580867290496826
local_output_nid generation:  0.026376962661743164
local_in_edges_tensor generation:  0.0353240966796875
mini_batch_src_global generation:  0.05331611633300781
r_  generation:  0.4456448554992676
local_output_nid generation:  0.02772665023803711
local_in_edges_tensor generation:  0.03938460350036621
mini_batch_src_global generation:  0.05202436447143555
r_  generation:  0.45145320892333984
local_output_nid generation:  0.026784896850585938
local_in_edges_tensor generation:  0.03421378135681152
mini_batch_src_global generation:  0.05306696891784668
r_  generation:  0.43936991691589355
local_output_nid generation:  0.026743650436401367
local_in_edges_tensor generation:  0.036375999450683594
mini_batch_src_global generation:  0.052114009857177734
r_  generation:  0.4509267807006836
local_output_nid generation:  0.026978731155395508
local_in_edges_tensor generation:  0.03700399398803711
mini_batch_src_global generation:  0.05566978454589844
r_  generation:  0.4619414806365967
local_output_nid generation:  0.02964043617248535
local_in_edges_tensor generation:  0.03756380081176758
mini_batch_src_global generation:  0.05664324760437012
r_  generation:  0.44817566871643066
local_output_nid generation:  0.027324676513671875
local_in_edges_tensor generation:  0.030266761779785156
mini_batch_src_global generation:  0.05528569221496582
r_  generation:  0.4367508888244629
local_output_nid generation:  0.027451276779174805
local_in_edges_tensor generation:  0.028222084045410156
mini_batch_src_global generation:  0.05224347114562988
r_  generation:  0.44700169563293457
local_output_nid generation:  0.027286052703857422
local_in_edges_tensor generation:  0.039458274841308594
mini_batch_src_global generation:  0.05373334884643555
r_  generation:  0.44272923469543457
local_output_nid generation:  0.026900053024291992
local_in_edges_tensor generation:  0.027871131896972656
mini_batch_src_global generation:  0.0522007942199707
r_  generation:  0.43890857696533203
local_output_nid generation:  0.027316808700561523
local_in_edges_tensor generation:  0.02787613868713379
mini_batch_src_global generation:  0.053575992584228516
r_  generation:  0.44313716888427734
local_output_nid generation:  0.026918888092041016
local_in_edges_tensor generation:  0.031809091567993164
mini_batch_src_global generation:  0.05634593963623047
r_  generation:  0.44739770889282227
local_output_nid generation:  0.027343034744262695
local_in_edges_tensor generation:  0.027452707290649414
mini_batch_src_global generation:  0.05328226089477539
r_  generation:  0.43752527236938477
local_output_nid generation:  0.027245759963989258
local_in_edges_tensor generation:  0.03537392616271973
mini_batch_src_global generation:  0.05159950256347656
r_  generation:  0.4403495788574219
local_output_nid generation:  0.02732992172241211
local_in_edges_tensor generation:  0.03112649917602539
mini_batch_src_global generation:  0.05660605430603027
r_  generation:  0.45058298110961914
local_output_nid generation:  0.027356863021850586
local_in_edges_tensor generation:  0.03207802772521973
mini_batch_src_global generation:  0.05190157890319824
r_  generation:  0.44277119636535645
local_output_nid generation:  0.02707386016845703
local_in_edges_tensor generation:  0.0310823917388916
mini_batch_src_global generation:  0.05267977714538574
r_  generation:  0.44626688957214355
local_output_nid generation:  0.027271747589111328
local_in_edges_tensor generation:  0.03521370887756348
mini_batch_src_global generation:  0.05209183692932129
r_  generation:  0.44051647186279297
local_output_nid generation:  0.02754068374633789
local_in_edges_tensor generation:  0.03157329559326172
mini_batch_src_global generation:  0.05369257926940918
r_  generation:  0.44045186042785645
local_output_nid generation:  0.027787208557128906
local_in_edges_tensor generation:  0.03134441375732422
mini_batch_src_global generation:  0.05038905143737793
r_  generation:  0.4378962516784668
local_output_nid generation:  0.02720475196838379
local_in_edges_tensor generation:  0.04717731475830078
mini_batch_src_global generation:  0.05243492126464844
r_  generation:  0.43906164169311523
----------------------check_connections_block total spend ----------------------------- 20.92218327522278
generate_one_block  0.5988829135894775
generate_one_block  0.583777666091919
generate_one_block  0.5732367038726807
generate_one_block  0.5849740505218506
generate_one_block  0.5711028575897217
generate_one_block  0.6784727573394775
generate_one_block  0.5739874839782715
generate_one_block  0.5716633796691895
generate_one_block  0.5752041339874268
generate_one_block  0.5727238655090332
generate_one_block  0.5726354122161865
generate_one_block  0.601020097732544
generate_one_block  0.5861930847167969
generate_one_block  0.5670473575592041
generate_one_block  0.5872480869293213
generate_one_block  0.5852751731872559
generate_one_block  0.5820488929748535
generate_one_block  0.5757286548614502
generate_one_block  0.5790631771087646
generate_one_block  0.5807621479034424
generate_one_block  0.5750281810760498
generate_one_block  0.5905730724334717
generate_one_block  0.5616228580474854
generate_one_block  0.5853121280670166
generate_one_block  0.5764286518096924
generate_one_block  0.5958571434020996
generate_one_block  0.5771236419677734
generate_one_block  0.5720105171203613
generate_one_block  0.5760369300842285
generate_one_block  0.590728759765625
generate_one_block  0.5602850914001465
generate_one_block  0.5730347633361816
The real block id is  0
get_global_graph_edges_ids_block function  spend 0.06005144119262695
gen group dst list time:  0.16306161880493164
time for parepare:  0.019064903259277344
local_output_nid generation:  0.03369545936584473
local_in_edges_tensor generation:  0.06383848190307617
mini_batch_src_global generation:  0.04923391342163086
r_  generation:  0.4770379066467285
local_output_nid generation:  0.03864717483520508
local_in_edges_tensor generation:  0.052236318588256836
mini_batch_src_global generation:  0.055988311767578125
r_  generation:  0.4819917678833008
local_output_nid generation:  0.03862309455871582
local_in_edges_tensor generation:  0.0435633659362793
mini_batch_src_global generation:  0.05176568031311035
r_  generation:  0.4918186664581299
local_output_nid generation:  0.03939032554626465
local_in_edges_tensor generation:  0.04045510292053223
mini_batch_src_global generation:  0.055350542068481445
r_  generation:  0.493635892868042
local_output_nid generation:  0.03899645805358887
local_in_edges_tensor generation:  0.036577463150024414
mini_batch_src_global generation:  0.05266284942626953
r_  generation:  0.49915480613708496
local_output_nid generation:  0.03930306434631348
local_in_edges_tensor generation:  0.03584742546081543
mini_batch_src_global generation:  0.05704355239868164
r_  generation:  0.496798038482666
local_output_nid generation:  0.03898906707763672
local_in_edges_tensor generation:  0.03634953498840332
mini_batch_src_global generation:  0.05357933044433594
r_  generation:  0.5044040679931641
local_output_nid generation:  0.03668975830078125
local_in_edges_tensor generation:  0.04662680625915527
mini_batch_src_global generation:  0.058611392974853516
r_  generation:  0.4998469352722168
local_output_nid generation:  0.036849260330200195
local_in_edges_tensor generation:  0.040659189224243164
mini_batch_src_global generation:  0.05549335479736328
r_  generation:  0.5092008113861084
local_output_nid generation:  0.03629922866821289
local_in_edges_tensor generation:  0.03994107246398926
mini_batch_src_global generation:  0.05716300010681152
r_  generation:  0.5075693130493164
local_output_nid generation:  0.03696894645690918
local_in_edges_tensor generation:  0.038956642150878906
mini_batch_src_global generation:  0.054274797439575195
r_  generation:  0.5046679973602295
local_output_nid generation:  0.037238359451293945
local_in_edges_tensor generation:  0.039972782135009766
mini_batch_src_global generation:  0.059653520584106445
r_  generation:  0.5057773590087891
local_output_nid generation:  0.037904977798461914
local_in_edges_tensor generation:  0.0410313606262207
mini_batch_src_global generation:  0.05596637725830078
r_  generation:  0.5100734233856201
local_output_nid generation:  0.0378572940826416
local_in_edges_tensor generation:  0.04021048545837402
mini_batch_src_global generation:  0.0556483268737793
r_  generation:  0.5111896991729736
local_output_nid generation:  0.039998769760131836
local_in_edges_tensor generation:  0.040909528732299805
mini_batch_src_global generation:  0.06114077568054199
r_  generation:  0.5099167823791504
local_output_nid generation:  0.037865400314331055
local_in_edges_tensor generation:  0.036736488342285156
mini_batch_src_global generation:  0.055113792419433594
r_  generation:  0.5064518451690674
local_output_nid generation:  0.03783249855041504
local_in_edges_tensor generation:  0.041416168212890625
mini_batch_src_global generation:  0.05966639518737793
r_  generation:  0.5094397068023682
local_output_nid generation:  0.03783535957336426
local_in_edges_tensor generation:  0.0399932861328125
mini_batch_src_global generation:  0.05585122108459473
r_  generation:  0.5052134990692139
local_output_nid generation:  0.037801265716552734
local_in_edges_tensor generation:  0.04157423973083496
mini_batch_src_global generation:  0.05640077590942383
r_  generation:  0.5155496597290039
local_output_nid generation:  0.03757166862487793
local_in_edges_tensor generation:  0.04021596908569336
mini_batch_src_global generation:  0.055902719497680664
r_  generation:  0.5052125453948975
local_output_nid generation:  0.03797435760498047
local_in_edges_tensor generation:  0.04010891914367676
mini_batch_src_global generation:  0.05557608604431152
r_  generation:  0.509056806564331
local_output_nid generation:  0.037781715393066406
local_in_edges_tensor generation:  0.044522762298583984
mini_batch_src_global generation:  0.056229591369628906
r_  generation:  0.5044205188751221
local_output_nid generation:  0.03783154487609863
local_in_edges_tensor generation:  0.04062652587890625
mini_batch_src_global generation:  0.0563051700592041
r_  generation:  0.5067989826202393
local_output_nid generation:  0.037886619567871094
local_in_edges_tensor generation:  0.04020094871520996
mini_batch_src_global generation:  0.0565185546875
r_  generation:  0.5001132488250732
local_output_nid generation:  0.04767870903015137
local_in_edges_tensor generation:  0.046030521392822266
mini_batch_src_global generation:  0.05606365203857422
r_  generation:  0.507746696472168
local_output_nid generation:  0.03798031806945801
local_in_edges_tensor generation:  0.04014229774475098
mini_batch_src_global generation:  0.05626034736633301
r_  generation:  0.5027110576629639
local_output_nid generation:  0.03790116310119629
local_in_edges_tensor generation:  0.04595136642456055
mini_batch_src_global generation:  0.05593419075012207
r_  generation:  0.5086870193481445
local_output_nid generation:  0.037775278091430664
local_in_edges_tensor generation:  0.044583797454833984
mini_batch_src_global generation:  0.05682206153869629
r_  generation:  0.5037364959716797
local_output_nid generation:  0.037868499755859375
local_in_edges_tensor generation:  0.04510855674743652
mini_batch_src_global generation:  0.056485891342163086
r_  generation:  0.506882905960083
local_output_nid generation:  0.03779911994934082
local_in_edges_tensor generation:  0.04187965393066406
mini_batch_src_global generation:  0.05594778060913086
r_  generation:  0.511479377746582
local_output_nid generation:  0.03769183158874512
local_in_edges_tensor generation:  0.04533243179321289
mini_batch_src_global generation:  0.05629253387451172
r_  generation:  0.508021354675293
local_output_nid generation:  0.03776431083679199
local_in_edges_tensor generation:  0.040358781814575195
mini_batch_src_global generation:  0.056284427642822266
r_  generation:  0.5058515071868896
----------------------check_connections_block total spend ----------------------------- 24.27711772918701
generate_one_block  0.6239619255065918
generate_one_block  0.6226663589477539
generate_one_block  0.619300365447998
generate_one_block  0.6216423511505127
generate_one_block  0.6186723709106445
generate_one_block  0.6214354038238525
generate_one_block  0.6204853057861328
generate_one_block  0.617685079574585
generate_one_block  0.6211824417114258
generate_one_block  0.6212670803070068
generate_one_block  0.6111762523651123
generate_one_block  0.7470364570617676
generate_one_block  0.6281719207763672
generate_one_block  0.6194586753845215
generate_one_block  0.6251859664916992
generate_one_block  0.6108298301696777
generate_one_block  0.6318435668945312
generate_one_block  0.6336390972137451
generate_one_block  0.6236317157745361
generate_one_block  0.6176111698150635
generate_one_block  0.6122040748596191
generate_one_block  0.6370236873626709
generate_one_block  0.622279167175293
generate_one_block  0.6218860149383545
generate_one_block  0.6340351104736328
generate_one_block  0.6249289512634277
generate_one_block  0.6292757987976074
generate_one_block  0.6309776306152344
generate_one_block  0.6438608169555664
generate_one_block  0.6240928173065186
generate_one_block  0.6137959957122803
generate_one_block  0.6488437652587891
-----------------------------------------after block dataloader generation 
 Nvidia-smi: 3.8006591796875 GB
    Memory Allocated: 0.15085792541503906  GigaBytes
Max Memory Allocated: 1.27579927444458  GigaBytes

connection checking time:  51.9638557434082
block generation total time  44.34322929382324
average batch blocks generation time:  1.3857259154319763
block dataloader generation time/epoch 99.50362539291382
----------------------------------------before batch_pred = model(blocks, batch_inputs) 
 Nvidia-smi: 3.8006591796875 GB
    Memory Allocated: 0.10759592056274414  GigaBytes
Max Memory Allocated: 1.27579927444458  GigaBytes

torch.Size([160719, 128])
torch.Size([147121, 256])
torch.Size([100544, 256])
-----------------------------------------batch_pred = model(blocks, batch_inputs) 
 Nvidia-smi: 3.8026123046875 GB
    Memory Allocated: 1.1644110679626465  GigaBytes
Max Memory Allocated: 1.27579927444458  GigaBytes

----------------------------------------before batch_pred = model(blocks, batch_inputs) 
 Nvidia-smi: 3.8026123046875 GB
    Memory Allocated: 0.1079559326171875  GigaBytes
Max Memory Allocated: 1.27579927444458  GigaBytes

torch.Size([161031, 128])
torch.Size([147469, 256])
torch.Size([101786, 256])
-----------------------------------------batch_pred = model(blocks, batch_inputs) 
 Nvidia-smi: 3.8026123046875 GB
    Memory Allocated: 1.1723237037658691  GigaBytes
Max Memory Allocated: 1.27579927444458  GigaBytes

----------------------------------------before batch_pred = model(blocks, batch_inputs) 
 Nvidia-smi: 3.8026123046875 GB
    Memory Allocated: 0.10773372650146484  GigaBytes
Max Memory Allocated: 1.2762227058410645  GigaBytes

torch.Size([160729, 128])
torch.Size([146868, 256])
torch.Size([101118, 256])
-----------------------------------------batch_pred = model(blocks, batch_inputs) 
 Nvidia-smi: 3.8026123046875 GB
    Memory Allocated: 1.1678318977355957  GigaBytes
Max Memory Allocated: 1.2762227058410645  GigaBytes

----------------------------------------before batch_pred = model(blocks, batch_inputs) 
 Nvidia-smi: 3.8026123046875 GB
    Memory Allocated: 0.10785245895385742  GigaBytes
Max Memory Allocated: 1.2762227058410645  GigaBytes

torch.Size([161046, 128])
torch.Size([147887, 256])
torch.Size([102019, 256])
-----------------------------------------batch_pred = model(blocks, batch_inputs) 
 Nvidia-smi: 3.8026123046875 GB
    Memory Allocated: 1.1737456321716309  GigaBytes
Max Memory Allocated: 1.2762227058410645  GigaBytes

----------------------------------------before batch_pred = model(blocks, batch_inputs) 
 Nvidia-smi: 3.8026123046875 GB
    Memory Allocated: 0.1075901985168457  GigaBytes
Max Memory Allocated: 1.2770113945007324  GigaBytes

torch.Size([160708, 128])
torch.Size([146773, 256])
torch.Size([100200, 256])
-----------------------------------------batch_pred = model(blocks, batch_inputs) 
 Nvidia-smi: 3.8026123046875 GB
    Memory Allocated: 1.1622204780578613  GigaBytes
Max Memory Allocated: 1.2770113945007324  GigaBytes

----------------------------------------before batch_pred = model(blocks, batch_inputs) 
 Nvidia-smi: 3.8026123046875 GB
    Memory Allocated: 0.10755538940429688  GigaBytes
Max Memory Allocated: 1.2770113945007324  GigaBytes

torch.Size([160543, 128])
torch.Size([147087, 256])
torch.Size([100740, 256])
-----------------------------------------batch_pred = model(blocks, batch_inputs) 
 Nvidia-smi: 3.8026123046875 GB
    Memory Allocated: 1.1666011810302734  GigaBytes
Max Memory Allocated: 1.2770113945007324  GigaBytes

----------------------------------------before batch_pred = model(blocks, batch_inputs) 
 Nvidia-smi: 3.8026123046875 GB
    Memory Allocated: 0.10767841339111328  GigaBytes
Max Memory Allocated: 1.2770113945007324  GigaBytes

torch.Size([160793, 128])
torch.Size([146724, 256])
torch.Size([100515, 256])
-----------------------------------------batch_pred = model(blocks, batch_inputs) 
 Nvidia-smi: 3.8026123046875 GB
    Memory Allocated: 1.1650948524475098  GigaBytes
Max Memory Allocated: 1.2770113945007324  GigaBytes

----------------------------------------before batch_pred = model(blocks, batch_inputs) 
 Nvidia-smi: 3.8026123046875 GB
    Memory Allocated: 0.10753345489501953  GigaBytes
Max Memory Allocated: 1.2770113945007324  GigaBytes

torch.Size([160681, 128])
torch.Size([147092, 256])
torch.Size([100110, 256])
-----------------------------------------batch_pred = model(blocks, batch_inputs) 
 Nvidia-smi: 3.8026123046875 GB
    Memory Allocated: 1.1648130416870117  GigaBytes
Max Memory Allocated: 1.2770113945007324  GigaBytes

----------------------------------------before batch_pred = model(blocks, batch_inputs) 
 Nvidia-smi: 3.8026123046875 GB
    Memory Allocated: 0.10776567459106445  GigaBytes
Max Memory Allocated: 1.2770113945007324  GigaBytes

torch.Size([160922, 128])
torch.Size([147629, 256])
torch.Size([101364, 256])
-----------------------------------------batch_pred = model(blocks, batch_inputs) 
 Nvidia-smi: 3.8026123046875 GB
    Memory Allocated: 1.1695713996887207  GigaBytes
Max Memory Allocated: 1.2770113945007324  GigaBytes

----------------------------------------before batch_pred = model(blocks, batch_inputs) 
 Nvidia-smi: 3.8026123046875 GB
    Memory Allocated: 0.1075434684753418  GigaBytes
Max Memory Allocated: 1.2770113945007324  GigaBytes

torch.Size([160734, 128])
torch.Size([146986, 256])
torch.Size([99784, 256])
-----------------------------------------batch_pred = model(blocks, batch_inputs) 
 Nvidia-smi: 3.8026123046875 GB
    Memory Allocated: 1.159280776977539  GigaBytes
Max Memory Allocated: 1.2770113945007324  GigaBytes

----------------------------------------before batch_pred = model(blocks, batch_inputs) 
 Nvidia-smi: 3.8026123046875 GB
    Memory Allocated: 0.10750865936279297  GigaBytes
Max Memory Allocated: 1.2770113945007324  GigaBytes

torch.Size([160568, 128])
torch.Size([146545, 256])
torch.Size([99882, 256])
-----------------------------------------batch_pred = model(blocks, batch_inputs) 
 Nvidia-smi: 3.8026123046875 GB
    Memory Allocated: 1.1615982055664062  GigaBytes
Max Memory Allocated: 1.2770113945007324  GigaBytes

----------------------------------------before batch_pred = model(blocks, batch_inputs) 
 Nvidia-smi: 3.8026123046875 GB
    Memory Allocated: 0.10787057876586914  GigaBytes
Max Memory Allocated: 1.2770113945007324  GigaBytes

torch.Size([160760, 128])
torch.Size([147397, 256])
torch.Size([101769, 256])
-----------------------------------------batch_pred = model(blocks, batch_inputs) 
 Nvidia-smi: 3.8026123046875 GB
    Memory Allocated: 1.174966812133789  GigaBytes
Max Memory Allocated: 1.2770113945007324  GigaBytes

----------------------------------------before batch_pred = model(blocks, batch_inputs) 
 Nvidia-smi: 3.8026123046875 GB
    Memory Allocated: 0.10788726806640625  GigaBytes
Max Memory Allocated: 1.2770113945007324  GigaBytes

torch.Size([160747, 128])
torch.Size([147408, 256])
torch.Size([101908, 256])
-----------------------------------------batch_pred = model(blocks, batch_inputs) 
 Nvidia-smi: 3.8026123046875 GB
    Memory Allocated: 1.1753544807434082  GigaBytes
Max Memory Allocated: 1.2770113945007324  GigaBytes

----------------------------------------before batch_pred = model(blocks, batch_inputs) 
 Nvidia-smi: 3.8026123046875 GB
    Memory Allocated: 0.10782289505004883  GigaBytes
Max Memory Allocated: 1.2770113945007324  GigaBytes

torch.Size([160844, 128])
torch.Size([147186, 256])
torch.Size([100893, 256])
-----------------------------------------batch_pred = model(blocks, batch_inputs) 
 Nvidia-smi: 3.8026123046875 GB
    Memory Allocated: 1.1682186126708984  GigaBytes
Max Memory Allocated: 1.2770113945007324  GigaBytes

----------------------------------------before batch_pred = model(blocks, batch_inputs) 
 Nvidia-smi: 3.8026123046875 GB
    Memory Allocated: 0.10791587829589844  GigaBytes
Max Memory Allocated: 1.2770113945007324  GigaBytes

torch.Size([160767, 128])
torch.Size([147170, 256])
torch.Size([102043, 256])
-----------------------------------------batch_pred = model(blocks, batch_inputs) 
 Nvidia-smi: 3.8026123046875 GB
    Memory Allocated: 1.1759209632873535  GigaBytes
Max Memory Allocated: 1.2770113945007324  GigaBytes

----------------------------------------before batch_pred = model(blocks, batch_inputs) 
 Nvidia-smi: 3.8026123046875 GB
    Memory Allocated: 0.1077876091003418  GigaBytes
Max Memory Allocated: 1.2770113945007324  GigaBytes

torch.Size([160554, 128])
torch.Size([146862, 256])
torch.Size([101752, 256])
-----------------------------------------batch_pred = model(blocks, batch_inputs) 
 Nvidia-smi: 3.8026123046875 GB
    Memory Allocated: 1.1737890243530273  GigaBytes
Max Memory Allocated: 1.2770113945007324  GigaBytes

----------------------------------------before batch_pred = model(blocks, batch_inputs) 
 Nvidia-smi: 3.8026123046875 GB
    Memory Allocated: 0.10799980163574219  GigaBytes
Max Memory Allocated: 1.2770113945007324  GigaBytes

torch.Size([160891, 128])
torch.Size([147613, 256])
torch.Size([101969, 256])
-----------------------------------------batch_pred = model(blocks, batch_inputs) 
 Nvidia-smi: 3.8026123046875 GB
    Memory Allocated: 1.1757049560546875  GigaBytes
Max Memory Allocated: 1.2770113945007324  GigaBytes

----------------------------------------before batch_pred = model(blocks, batch_inputs) 
 Nvidia-smi: 3.8026123046875 GB
    Memory Allocated: 0.10769462585449219  GigaBytes
Max Memory Allocated: 1.2770113945007324  GigaBytes

torch.Size([160761, 128])
torch.Size([147155, 256])
torch.Size([101002, 256])
-----------------------------------------batch_pred = model(blocks, batch_inputs) 
 Nvidia-smi: 3.8026123046875 GB
    Memory Allocated: 1.1659278869628906  GigaBytes
Max Memory Allocated: 1.2770113945007324  GigaBytes

----------------------------------------before batch_pred = model(blocks, batch_inputs) 
 Nvidia-smi: 3.8026123046875 GB
    Memory Allocated: 0.10785150527954102  GigaBytes
Max Memory Allocated: 1.2770113945007324  GigaBytes

torch.Size([160842, 128])
torch.Size([147642, 256])
torch.Size([101641, 256])
-----------------------------------------batch_pred = model(blocks, batch_inputs) 
 Nvidia-smi: 3.8026123046875 GB
    Memory Allocated: 1.1736946105957031  GigaBytes
Max Memory Allocated: 1.2770113945007324  GigaBytes

----------------------------------------before batch_pred = model(blocks, batch_inputs) 
 Nvidia-smi: 3.8026123046875 GB
    Memory Allocated: 0.10771846771240234  GigaBytes
Max Memory Allocated: 1.2770113945007324  GigaBytes

torch.Size([160401, 128])
torch.Size([146668, 256])
torch.Size([101762, 256])
-----------------------------------------batch_pred = model(blocks, batch_inputs) 
 Nvidia-smi: 3.8026123046875 GB
    Memory Allocated: 1.1738286018371582  GigaBytes
Max Memory Allocated: 1.2770113945007324  GigaBytes

----------------------------------------before batch_pred = model(blocks, batch_inputs) 
 Nvidia-smi: 3.8026123046875 GB
    Memory Allocated: 0.10754060745239258  GigaBytes
Max Memory Allocated: 1.2770113945007324  GigaBytes

torch.Size([160647, 128])
torch.Size([146686, 256])
torch.Size([99972, 256])
-----------------------------------------batch_pred = model(blocks, batch_inputs) 
 Nvidia-smi: 3.8026123046875 GB
    Memory Allocated: 1.1616401672363281  GigaBytes
Max Memory Allocated: 1.2770113945007324  GigaBytes

----------------------------------------before batch_pred = model(blocks, batch_inputs) 
 Nvidia-smi: 3.8026123046875 GB
    Memory Allocated: 0.1079111099243164  GigaBytes
Max Memory Allocated: 1.2770113945007324  GigaBytes

torch.Size([160703, 128])
torch.Size([147238, 256])
torch.Size([102050, 256])
-----------------------------------------batch_pred = model(blocks, batch_inputs) 
 Nvidia-smi: 3.8026123046875 GB
    Memory Allocated: 1.1748046875  GigaBytes
Max Memory Allocated: 1.2770113945007324  GigaBytes

----------------------------------------before batch_pred = model(blocks, batch_inputs) 
 Nvidia-smi: 3.8026123046875 GB
    Memory Allocated: 0.10753440856933594  GigaBytes
Max Memory Allocated: 1.2770113945007324  GigaBytes

torch.Size([160653, 128])
torch.Size([146573, 256])
torch.Size([99605, 256])
-----------------------------------------batch_pred = model(blocks, batch_inputs) 
 Nvidia-smi: 3.8026123046875 GB
    Memory Allocated: 1.1580300331115723  GigaBytes
Max Memory Allocated: 1.2770113945007324  GigaBytes

----------------------------------------before batch_pred = model(blocks, batch_inputs) 
 Nvidia-smi: 3.8026123046875 GB
    Memory Allocated: 0.10756254196166992  GigaBytes
Max Memory Allocated: 1.2770113945007324  GigaBytes

torch.Size([160622, 128])
torch.Size([147148, 256])
torch.Size([101055, 256])
-----------------------------------------batch_pred = model(blocks, batch_inputs) 
 Nvidia-smi: 3.8026123046875 GB
    Memory Allocated: 1.166203498840332  GigaBytes
Max Memory Allocated: 1.2770113945007324  GigaBytes

----------------------------------------before batch_pred = model(blocks, batch_inputs) 
 Nvidia-smi: 3.8026123046875 GB
    Memory Allocated: 0.10780906677246094  GigaBytes
Max Memory Allocated: 1.2770113945007324  GigaBytes

torch.Size([161017, 128])
torch.Size([147380, 256])
torch.Size([100789, 256])
-----------------------------------------batch_pred = model(blocks, batch_inputs) 
 Nvidia-smi: 3.8026123046875 GB
    Memory Allocated: 1.1666483879089355  GigaBytes
Max Memory Allocated: 1.2770113945007324  GigaBytes

----------------------------------------before batch_pred = model(blocks, batch_inputs) 
 Nvidia-smi: 3.8026123046875 GB
    Memory Allocated: 0.10780048370361328  GigaBytes
Max Memory Allocated: 1.2770113945007324  GigaBytes

torch.Size([160777, 128])
torch.Size([147149, 256])
torch.Size([101428, 256])
-----------------------------------------batch_pred = model(blocks, batch_inputs) 
 Nvidia-smi: 3.8026123046875 GB
    Memory Allocated: 1.171870231628418  GigaBytes
Max Memory Allocated: 1.2770113945007324  GigaBytes

----------------------------------------before batch_pred = model(blocks, batch_inputs) 
 Nvidia-smi: 3.8026123046875 GB
    Memory Allocated: 0.10773754119873047  GigaBytes
Max Memory Allocated: 1.2770113945007324  GigaBytes

torch.Size([160809, 128])
torch.Size([147204, 256])
torch.Size([101038, 256])
-----------------------------------------batch_pred = model(blocks, batch_inputs) 
 Nvidia-smi: 3.8026123046875 GB
    Memory Allocated: 1.1684298515319824  GigaBytes
Max Memory Allocated: 1.2770113945007324  GigaBytes

----------------------------------------before batch_pred = model(blocks, batch_inputs) 
 Nvidia-smi: 3.8026123046875 GB
    Memory Allocated: 0.10755157470703125  GigaBytes
Max Memory Allocated: 1.2770113945007324  GigaBytes

torch.Size([160785, 128])
torch.Size([147159, 256])
torch.Size([100097, 256])
-----------------------------------------batch_pred = model(blocks, batch_inputs) 
 Nvidia-smi: 3.8026123046875 GB
    Memory Allocated: 1.162299633026123  GigaBytes
Max Memory Allocated: 1.2770113945007324  GigaBytes

----------------------------------------before batch_pred = model(blocks, batch_inputs) 
 Nvidia-smi: 3.8026123046875 GB
    Memory Allocated: 0.10783958435058594  GigaBytes
Max Memory Allocated: 1.2770113945007324  GigaBytes

torch.Size([161083, 128])
torch.Size([147733, 256])
torch.Size([101527, 256])
-----------------------------------------batch_pred = model(blocks, batch_inputs) 
 Nvidia-smi: 3.8026123046875 GB
    Memory Allocated: 1.1750836372375488  GigaBytes
Max Memory Allocated: 1.2770113945007324  GigaBytes

----------------------------------------before batch_pred = model(blocks, batch_inputs) 
 Nvidia-smi: 3.8026123046875 GB
    Memory Allocated: 0.10795736312866211  GigaBytes
Max Memory Allocated: 1.2770113945007324  GigaBytes

torch.Size([160960, 128])
torch.Size([147716, 256])
torch.Size([102299, 256])
-----------------------------------------batch_pred = model(blocks, batch_inputs) 
 Nvidia-smi: 3.8026123046875 GB
    Memory Allocated: 1.1761083602905273  GigaBytes
Max Memory Allocated: 1.2770113945007324  GigaBytes

----------------------------------------before batch_pred = model(blocks, batch_inputs) 
 Nvidia-smi: 3.8026123046875 GB
    Memory Allocated: 0.10742712020874023  GigaBytes
Max Memory Allocated: 1.2778587341308594  GigaBytes

torch.Size([160690, 128])
torch.Size([146779, 256])
torch.Size([99390, 256])
-----------------------------------------batch_pred = model(blocks, batch_inputs) 
 Nvidia-smi: 3.8026123046875 GB
    Memory Allocated: 1.155367374420166  GigaBytes
Max Memory Allocated: 1.2778587341308594  GigaBytes

----------------------------------------before batch_pred = model(blocks, batch_inputs) 
 Nvidia-smi: 3.8026123046875 GB
    Memory Allocated: 0.10759592056274414  GigaBytes
Max Memory Allocated: 1.2778587341308594  GigaBytes

torch.Size([160774, 128])
torch.Size([147181, 256])
torch.Size([100128, 256])
-----------------------------------------batch_pred = model(blocks, batch_inputs) 
 Nvidia-smi: 3.8026123046875 GB
    Memory Allocated: 1.164492130279541  GigaBytes
Max Memory Allocated: 1.2778587341308594  GigaBytes

times | data loading | block to device | model prediction | loss calculation | loss backward |  optimizer step |
      |0.09779799729585648 |0.021610207855701447 |0.0044960156083106995 |9.28640365600586e-05 |0.006346091628074646 |0.001997709274291992 |
----------------------------------------------------------pseudo_mini_loss sum 3.2641403675079346
Total (block generation + training)time/epoch 103.79608488082886
Training time/epoch 4.2921576499938965
Training time without block to device /epoch 3.60063099861145
Training time without total dataloading part /epoch 0.3519167900085449
load block tensor time/epoch 3.1295359134674072
block to device time/epoch 0.6915266513824463
input features size transfer per epoch 4.291534423828125e-06
blocks size to device per epoch 2.86102294921875e-06
 Run 0| Epoch 1 |
Number of nodes for computation during this epoch:  13838240
Number of first layer input nodes during this epoch:  5144561
