Using backend: pytorch
WARNING:root:The OGB package is out of date. Your version is 1.3.2, while the latest version is 1.3.3.
main start at this time 1648472679.434836
-----------------------------------------before load data 
 Nvidia-smi: 0.1717529296875 GB
    Memory Allocated: 0.0  GigaBytes
Max Memory Allocated: 0.0  GigaBytes

ogbn-arxiv
# Nodes: 169343
# Edges: 2315598
# Train: 90941
# Val: 29799
# Test: 48603
# Classes: 40

in feats:  128
----------------------------------------before generate_dataloader_block 
 Nvidia-smi: 1.0174560546875 GB
    Memory Allocated: 0.0017633438110351562  GigaBytes
Max Memory Allocated: 0.0017633438110351562  GigaBytes

The real block id is  2
get_global_graph_edges_ids_block function  spend 0.027281999588012695
range selection method range initialization spend 0.013861894607543945
time for parepare:  0.0179746150970459
local_output_nid generation:  0.01053476333618164
local_in_edges_tensor generation:  0.009045600891113281
mini_batch_src_global generation:  0.01503443717956543
r_  generation:  0.1874539852142334
local_output_nid generation:  0.011935949325561523
local_in_edges_tensor generation:  0.011568307876586914
mini_batch_src_global generation:  0.019753694534301758
r_  generation:  0.2008678913116455
----------------------check_connections_block total spend ----------------------------- 0.5603489875793457
generate_one_block  0.2286369800567627
generate_one_block  0.2259373664855957
The real block id is  1
get_global_graph_edges_ids_block function  spend 0.038315534591674805
gen group dst list time:  0.007875204086303711
time for parepare:  0.019826173782348633
local_output_nid generation:  0.017288684844970703
local_in_edges_tensor generation:  0.04201531410217285
mini_batch_src_global generation:  0.049646615982055664
r_  generation:  0.5085148811340332
local_output_nid generation:  0.026219844818115234
local_in_edges_tensor generation:  0.044847965240478516
mini_batch_src_global generation:  0.061945199966430664
r_  generation:  0.5290887355804443
----------------------check_connections_block total spend ----------------------------- 1.5213358402252197
generate_one_block  0.6822969913482666
generate_one_block  0.7089877128601074
The real block id is  0
get_global_graph_edges_ids_block function  spend 0.04477882385253906
gen group dst list time:  0.01477360725402832
time for parepare:  0.019300460815429688
local_output_nid generation:  0.02295517921447754
local_in_edges_tensor generation:  0.04850149154663086
mini_batch_src_global generation:  0.04821205139160156
r_  generation:  0.5184590816497803
local_output_nid generation:  0.03210592269897461
local_in_edges_tensor generation:  0.04506254196166992
mini_batch_src_global generation:  0.057166099548339844
r_  generation:  0.5244894027709961
----------------------check_connections_block total spend ----------------------------- 1.5428261756896973
generate_one_block  0.6668205261230469
generate_one_block  0.6574723720550537
-----------------------------------------after block dataloader generation 
 Nvidia-smi: 1.0174560546875 GB
    Memory Allocated: 0.0017633438110351562  GigaBytes
Max Memory Allocated: 0.0017633438110351562  GigaBytes

connection checking time:  3.064162015914917
block generation total time  2.7155776023864746
average batch blocks generation time:  1.3577888011932373
----------------------------------------before batch_pred = model(blocks, batch_inputs) 
 Nvidia-smi: 1.2030029296875 GB
    Memory Allocated: 0.1094517707824707  GigaBytes
Max Memory Allocated: 0.1094517707824707  GigaBytes

torch.Size([166783, 128])
torch.Size([163560, 128])
Traceback (most recent call last):
  File "pseudo_mini_batch_range_arxiv_sage.py", line 435, in <module>
    main()
  File "pseudo_mini_batch_range_arxiv_sage.py", line 431, in main
    best_test = run(args, device, data)
  File "pseudo_mini_batch_range_arxiv_sage.py", line 251, in run
    batch_pred = model(blocks, batch_inputs)#------------*
  File "/home/cc/.local/lib/python3.6/site-packages/torch/nn/modules/module.py", line 727, in _call_impl
    result = self.forward(*input, **kwargs)
  File "/home/cc/graph_partition_multi_layers/pseudo_mini_batch_full_batch/SAGE/graphsage_model_arxiv.py", line 182, in forward
    x = layer(block, x)
  File "/home/cc/.local/lib/python3.6/site-packages/torch/nn/modules/module.py", line 727, in _call_impl
    result = self.forward(*input, **kwargs)
  File "/home/cc/.local/lib/python3.6/site-packages/dgl/nn/pytorch/conv/sageconv.py", line 258, in forward
    graph.update_all(msg_fn, self._lstm_reducer)
  File "/home/cc/.local/lib/python3.6/site-packages/dgl/heterograph.py", line 4849, in update_all
    ndata = core.message_passing(g, message_func, reduce_func, apply_node_func)
  File "/home/cc/.local/lib/python3.6/site-packages/dgl/core.py", line 337, in message_passing
    ndata = invoke_udf_reduce(g, rfunc, msgdata, orig_nid=orig_nid)
  File "/home/cc/.local/lib/python3.6/site-packages/dgl/core.py", line 143, in invoke_udf_reduce
    bkt_rsts.append(func(nbatch))
  File "/home/cc/.local/lib/python3.6/site-packages/dgl/nn/pytorch/conv/sageconv.py", line 173, in _lstm_reducer
    _, (rst, _) = self.lstm(m, h)
  File "/home/cc/.local/lib/python3.6/site-packages/torch/nn/modules/module.py", line 727, in _call_impl
    result = self.forward(*input, **kwargs)
  File "/home/cc/.local/lib/python3.6/site-packages/torch/nn/modules/rnn.py", line 582, in forward
    self.dropout, self.training, self.bidirectional, self.batch_first)
RuntimeError: CUDA out of memory. Tried to allocate 20.00 MiB (GPU 0; 23.62 GiB total capacity; 22.29 GiB already allocated; 4.44 MiB free; 22.42 GiB reserved in total by PyTorch)
