Using backend: pytorch
WARNING:root:The OGB package is out of date. Your version is 1.3.2, while the latest version is 1.3.3.
main start at this time 1648487321.2671432
-----------------------------------------before load data 
 Nvidia-smi: 0.1717529296875 GB
    Memory Allocated: 0.0  GigaBytes
Max Memory Allocated: 0.0  GigaBytes

ogbn-arxiv
# Nodes: 169343
# Edges: 2315598
# Train: 90941
# Val: 29799
# Test: 48603
# Classes: 40

in feats:  128
----------------------------------------before generate_dataloader_block 
 Nvidia-smi: 1.0233154296875 GB
    Memory Allocated: 0.007684230804443359  GigaBytes
Max Memory Allocated: 0.007684230804443359  GigaBytes

The real block id is  3
get_global_graph_edges_ids_block function  spend 0.024483680725097656
random selection method range initialization spend 0.007321834564208984
time for parepare:  0.01963663101196289
local_output_nid generation:  0.0045545101165771484
local_in_edges_tensor generation:  0.005768775939941406
mini_batch_src_global generation:  0.0039157867431640625
r_  generation:  0.039960622787475586
local_output_nid generation:  0.006215572357177734
local_in_edges_tensor generation:  0.0034210681915283203
mini_batch_src_global generation:  0.004193782806396484
r_  generation:  0.039893388748168945
local_output_nid generation:  0.006294727325439453
local_in_edges_tensor generation:  0.0034923553466796875
mini_batch_src_global generation:  0.0028848648071289062
r_  generation:  0.04056048393249512
local_output_nid generation:  0.006274223327636719
local_in_edges_tensor generation:  0.0035812854766845703
mini_batch_src_global generation:  0.004106760025024414
r_  generation:  0.04257678985595703
local_output_nid generation:  0.0063397884368896484
local_in_edges_tensor generation:  0.003556489944458008
mini_batch_src_global generation:  0.014481544494628906
r_  generation:  0.042081594467163086
local_output_nid generation:  0.00630497932434082
local_in_edges_tensor generation:  0.003614187240600586
mini_batch_src_global generation:  0.003396749496459961
r_  generation:  0.04231405258178711
local_output_nid generation:  0.006295442581176758
local_in_edges_tensor generation:  0.0034232139587402344
mini_batch_src_global generation:  0.003399372100830078
r_  generation:  0.0428462028503418
local_output_nid generation:  0.0062406063079833984
local_in_edges_tensor generation:  0.0036330223083496094
mini_batch_src_global generation:  0.0034525394439697266
r_  generation:  0.0424497127532959
----------------------check_connections_block total spend ----------------------------- 0.5516855716705322
generate_one_block  0.054776906967163086
generate_one_block  0.05519556999206543
generate_one_block  0.05630159378051758
generate_one_block  0.056752681732177734
generate_one_block  0.05927610397338867
generate_one_block  0.055910587310791016
generate_one_block  0.055634498596191406
generate_one_block  0.056044816970825195
The real block id is  2
get_global_graph_edges_ids_block function  spend 0.03798341751098633
gen group dst list time:  0.015860319137573242
time for parepare:  0.018967628479003906
local_output_nid generation:  0.013822317123413086
local_in_edges_tensor generation:  0.03132438659667969
mini_batch_src_global generation:  0.030841588973999023
r_  generation:  0.2966017723083496
local_output_nid generation:  0.018657445907592773
local_in_edges_tensor generation:  0.028516530990600586
mini_batch_src_global generation:  0.036292076110839844
r_  generation:  0.30444836616516113
local_output_nid generation:  0.018422603607177734
local_in_edges_tensor generation:  0.026142358779907227
mini_batch_src_global generation:  0.03653383255004883
r_  generation:  0.3141207695007324
local_output_nid generation:  0.018622636795043945
local_in_edges_tensor generation:  0.02653670310974121
mini_batch_src_global generation:  0.041582584381103516
r_  generation:  0.3236720561981201
local_output_nid generation:  0.018515825271606445
local_in_edges_tensor generation:  0.018011808395385742
mini_batch_src_global generation:  0.03846383094787598
r_  generation:  0.3210182189941406
local_output_nid generation:  0.018486499786376953
local_in_edges_tensor generation:  0.018092632293701172
mini_batch_src_global generation:  0.038759469985961914
r_  generation:  0.32161855697631836
local_output_nid generation:  0.0184628963470459
local_in_edges_tensor generation:  0.020746469497680664
mini_batch_src_global generation:  0.03873014450073242
r_  generation:  0.3245229721069336
local_output_nid generation:  0.01844048500061035
local_in_edges_tensor generation:  0.023490190505981445
mini_batch_src_global generation:  0.04104447364807129
r_  generation:  0.32720112800598145
----------------------check_connections_block total spend ----------------------------- 3.7237629890441895
generate_one_block  0.41364622116088867
generate_one_block  0.39930057525634766
generate_one_block  0.4146699905395508
generate_one_block  0.4213752746582031
generate_one_block  0.40688252449035645
generate_one_block  0.42343950271606445
generate_one_block  0.4085712432861328
generate_one_block  0.4214169979095459
The real block id is  1
get_global_graph_edges_ids_block function  spend 0.03373885154724121
gen group dst list time:  0.03637075424194336
time for parepare:  0.019715309143066406
local_output_nid generation:  0.029048919677734375
local_in_edges_tensor generation:  0.04300379753112793
mini_batch_src_global generation:  0.04777097702026367
r_  generation:  0.5173213481903076
local_output_nid generation:  0.03479647636413574
local_in_edges_tensor generation:  0.05115175247192383
mini_batch_src_global generation:  0.059218406677246094
r_  generation:  0.5159292221069336
local_output_nid generation:  0.03509974479675293
local_in_edges_tensor generation:  0.03796982765197754
mini_batch_src_global generation:  0.05969977378845215
r_  generation:  0.5316083431243896
local_output_nid generation:  0.03508424758911133
local_in_edges_tensor generation:  0.03797626495361328
mini_batch_src_global generation:  0.05919027328491211
r_  generation:  0.5235817432403564
local_output_nid generation:  0.0350034236907959
local_in_edges_tensor generation:  0.03745293617248535
mini_batch_src_global generation:  0.06201934814453125
r_  generation:  0.5361745357513428
local_output_nid generation:  0.03501081466674805
local_in_edges_tensor generation:  0.033811092376708984
mini_batch_src_global generation:  0.05969405174255371
r_  generation:  0.5308792591094971
local_output_nid generation:  0.034986257553100586
local_in_edges_tensor generation:  0.03278756141662598
mini_batch_src_global generation:  0.05878496170043945
r_  generation:  0.5402131080627441
local_output_nid generation:  0.035485267639160156
local_in_edges_tensor generation:  0.0375065803527832
mini_batch_src_global generation:  0.060265541076660156
r_  generation:  0.5302314758300781
----------------------check_connections_block total spend ----------------------------- 6.205761432647705
generate_one_block  0.6611731052398682
generate_one_block  0.6633250713348389
generate_one_block  0.6721272468566895
generate_one_block  0.671504020690918
generate_one_block  0.680156946182251
generate_one_block  0.6954655647277832
generate_one_block  0.6555988788604736
generate_one_block  0.6659345626831055
The real block id is  0
get_global_graph_edges_ids_block function  spend 0.02649545669555664
gen group dst list time:  0.04546785354614258
time for parepare:  0.019020557403564453
local_output_nid generation:  0.03525972366333008
local_in_edges_tensor generation:  0.05800175666809082
mini_batch_src_global generation:  0.046396493911743164
r_  generation:  0.5096125602722168
local_output_nid generation:  0.040483951568603516
local_in_edges_tensor generation:  0.05732131004333496
mini_batch_src_global generation:  0.05741262435913086
r_  generation:  0.5064609050750732
local_output_nid generation:  0.03905653953552246
local_in_edges_tensor generation:  0.04188680648803711
mini_batch_src_global generation:  0.06093621253967285
r_  generation:  0.5065844058990479
local_output_nid generation:  0.039170026779174805
local_in_edges_tensor generation:  0.04413151741027832
mini_batch_src_global generation:  0.05426788330078125
r_  generation:  0.5212452411651611
local_output_nid generation:  0.03949332237243652
local_in_edges_tensor generation:  0.04651379585266113
mini_batch_src_global generation:  0.07112240791320801
r_  generation:  0.5169694423675537
local_output_nid generation:  0.041312217712402344
local_in_edges_tensor generation:  0.03782033920288086
mini_batch_src_global generation:  0.06053280830383301
r_  generation:  0.522273063659668
local_output_nid generation:  0.04035234451293945
local_in_edges_tensor generation:  0.0353999137878418
mini_batch_src_global generation:  0.055579185485839844
r_  generation:  0.5240941047668457
local_output_nid generation:  0.04012346267700195
local_in_edges_tensor generation:  0.044762372970581055
mini_batch_src_global generation:  0.05535769462585449
r_  generation:  0.522510290145874
----------------------check_connections_block total spend ----------------------------- 6.245260000228882
generate_one_block  0.632185697555542
generate_one_block  0.6377644538879395
generate_one_block  0.6447446346282959
generate_one_block  0.6680424213409424
generate_one_block  0.6373138427734375
generate_one_block  0.6248219013214111
generate_one_block  0.6774508953094482
generate_one_block  0.6435859203338623
-----------------------------------------after block dataloader generation 
 Nvidia-smi: 1.0233154296875 GB
    Memory Allocated: 0.007684230804443359  GigaBytes
Max Memory Allocated: 0.007684230804443359  GigaBytes

connection checking time:  16.174784421920776
block generation total time  13.840497493743896
average batch blocks generation time:  1.730062186717987
----------------------------------------before batch_pred = model(blocks, batch_inputs) 
 Nvidia-smi: 1.2088623046875 GB
    Memory Allocated: 0.1186981201171875  GigaBytes
Max Memory Allocated: 0.1186981201171875  GigaBytes

torch.Size([165539, 128])
torch.Size([161300, 256])
Traceback (most recent call last):
  File "pseudo_mini_batch_range_arxiv_sage.py", line 435, in <module>
    main()
  File "pseudo_mini_batch_range_arxiv_sage.py", line 431, in main
    best_test = run(args, device, data)
  File "pseudo_mini_batch_range_arxiv_sage.py", line 251, in run
    batch_pred = model(blocks, batch_inputs)#------------*
  File "/home/cc/.local/lib/python3.6/site-packages/torch/nn/modules/module.py", line 727, in _call_impl
    result = self.forward(*input, **kwargs)
  File "/home/cc/graph_partition_multi_layers/pseudo_mini_batch_full_batch/SAGE/graphsage_model_arxiv.py", line 182, in forward
    x = layer(block, x)
  File "/home/cc/.local/lib/python3.6/site-packages/torch/nn/modules/module.py", line 727, in _call_impl
    result = self.forward(*input, **kwargs)
  File "/home/cc/.local/lib/python3.6/site-packages/dgl/nn/pytorch/conv/sageconv.py", line 258, in forward
    graph.update_all(msg_fn, self._lstm_reducer)
  File "/home/cc/.local/lib/python3.6/site-packages/dgl/heterograph.py", line 4849, in update_all
    ndata = core.message_passing(g, message_func, reduce_func, apply_node_func)
  File "/home/cc/.local/lib/python3.6/site-packages/dgl/core.py", line 337, in message_passing
    ndata = invoke_udf_reduce(g, rfunc, msgdata, orig_nid=orig_nid)
  File "/home/cc/.local/lib/python3.6/site-packages/dgl/core.py", line 143, in invoke_udf_reduce
    bkt_rsts.append(func(nbatch))
  File "/home/cc/.local/lib/python3.6/site-packages/dgl/nn/pytorch/conv/sageconv.py", line 173, in _lstm_reducer
    _, (rst, _) = self.lstm(m, h)
  File "/home/cc/.local/lib/python3.6/site-packages/torch/nn/modules/module.py", line 727, in _call_impl
    result = self.forward(*input, **kwargs)
  File "/home/cc/.local/lib/python3.6/site-packages/torch/nn/modules/rnn.py", line 582, in forward
    self.dropout, self.training, self.bidirectional, self.batch_first)
RuntimeError: CUDA out of memory. Tried to allocate 16.00 MiB (GPU 0; 23.62 GiB total capacity; 22.06 GiB already allocated; 10.44 MiB free; 22.41 GiB reserved in total by PyTorch)
