Using backend: pytorch
WARNING:root:The OGB package is out of date. Your version is 1.3.2, while the latest version is 1.3.3.
main start at this time 1648437552.0703306
-----------------------------------------before load data 
 Nvidia-smi: 0.1717529296875 GB
    Memory Allocated: 0.0  GigaBytes
Max Memory Allocated: 0.0  GigaBytes

ogbn-arxiv
# Nodes: 169343
# Edges: 2315598
# Train: 90941
# Val: 29799
# Test: 48603
# Classes: 40

in feats:  128
----------------------------------------before generate_dataloader_block 
 Nvidia-smi: 1.0174560546875 GB
    Memory Allocated: 5.245208740234375e-05  GigaBytes
Max Memory Allocated: 5.245208740234375e-05  GigaBytes

The real block id is  2
get_global_graph_edges_ids_block function  spend 0.024797677993774414
random selection method range initialization spend 0.006331682205200195
time for parepare:  0.018119096755981445
local_output_nid generation:  0.0011563301086425781
local_in_edges_tensor generation:  0.003972053527832031
mini_batch_src_global generation:  0.0014281272888183594
r_  generation:  0.008695125579833984
local_output_nid generation:  0.0012369155883789062
local_in_edges_tensor generation:  0.0009851455688476562
mini_batch_src_global generation:  0.00139617919921875
r_  generation:  0.007757425308227539
local_output_nid generation:  0.0012722015380859375
local_in_edges_tensor generation:  0.0008842945098876953
mini_batch_src_global generation:  0.0009455680847167969
r_  generation:  0.008728504180908203
local_output_nid generation:  0.0013446807861328125
local_in_edges_tensor generation:  0.0008318424224853516
mini_batch_src_global generation:  0.0008566379547119141
r_  generation:  0.0076830387115478516
local_output_nid generation:  0.0013773441314697266
local_in_edges_tensor generation:  0.0008387565612792969
mini_batch_src_global generation:  0.0008232593536376953
r_  generation:  0.007909536361694336
local_output_nid generation:  0.0013687610626220703
local_in_edges_tensor generation:  0.0008246898651123047
mini_batch_src_global generation:  0.0008656978607177734
r_  generation:  0.008173704147338867
local_output_nid generation:  0.001359701156616211
local_in_edges_tensor generation:  0.0007870197296142578
mini_batch_src_global generation:  0.00084686279296875
r_  generation:  0.007934808731079102
local_output_nid generation:  0.0013861656188964844
local_in_edges_tensor generation:  0.0007879734039306641
mini_batch_src_global generation:  0.0008471012115478516
r_  generation:  0.008351564407348633
local_output_nid generation:  0.0013592243194580078
local_in_edges_tensor generation:  0.0007607936859130859
mini_batch_src_global generation:  0.0008230209350585938
r_  generation:  0.008117437362670898
local_output_nid generation:  0.0013577938079833984
local_in_edges_tensor generation:  0.0007696151733398438
mini_batch_src_global generation:  0.0008447170257568359
r_  generation:  0.008190631866455078
local_output_nid generation:  0.0014066696166992188
local_in_edges_tensor generation:  0.0007536411285400391
mini_batch_src_global generation:  0.0008492469787597656
r_  generation:  0.008383035659790039
local_output_nid generation:  0.0013821125030517578
local_in_edges_tensor generation:  0.0007543563842773438
mini_batch_src_global generation:  0.0008478164672851562
r_  generation:  0.00832819938659668
local_output_nid generation:  0.0013630390167236328
local_in_edges_tensor generation:  0.0007412433624267578
mini_batch_src_global generation:  0.0008332729339599609
r_  generation:  0.008098125457763672
local_output_nid generation:  0.001367807388305664
local_in_edges_tensor generation:  0.00074005126953125
mini_batch_src_global generation:  0.0008308887481689453
r_  generation:  0.008170843124389648
local_output_nid generation:  0.001367330551147461
local_in_edges_tensor generation:  0.0007534027099609375
mini_batch_src_global generation:  0.0009756088256835938
r_  generation:  0.008279561996459961
local_output_nid generation:  0.0013761520385742188
local_in_edges_tensor generation:  0.0007507801055908203
mini_batch_src_global generation:  0.0008864402770996094
r_  generation:  0.008056879043579102
local_output_nid generation:  0.0013725757598876953
local_in_edges_tensor generation:  0.0007481575012207031
mini_batch_src_global generation:  0.0008308887481689453
r_  generation:  0.008132219314575195
local_output_nid generation:  0.0014150142669677734
local_in_edges_tensor generation:  0.0007436275482177734
mini_batch_src_global generation:  0.0008530616760253906
r_  generation:  0.008400917053222656
local_output_nid generation:  0.0013630390167236328
local_in_edges_tensor generation:  0.0007712841033935547
mini_batch_src_global generation:  0.0008769035339355469
r_  generation:  0.008316516876220703
local_output_nid generation:  0.0013966560363769531
local_in_edges_tensor generation:  0.0007557868957519531
mini_batch_src_global generation:  0.0008807182312011719
r_  generation:  0.00845193862915039
local_output_nid generation:  0.0013775825500488281
local_in_edges_tensor generation:  0.0007405281066894531
mini_batch_src_global generation:  0.0008454322814941406
r_  generation:  0.007842063903808594
local_output_nid generation:  0.0014300346374511719
local_in_edges_tensor generation:  0.0007741451263427734
mini_batch_src_global generation:  0.000982046127319336
r_  generation:  0.008568286895751953
local_output_nid generation:  0.0013885498046875
local_in_edges_tensor generation:  0.0007488727569580078
mini_batch_src_global generation:  0.0008625984191894531
r_  generation:  0.007982492446899414
local_output_nid generation:  0.0013840198516845703
local_in_edges_tensor generation:  0.0007619857788085938
mini_batch_src_global generation:  0.000865936279296875
r_  generation:  0.008435726165771484
local_output_nid generation:  0.001398324966430664
local_in_edges_tensor generation:  0.0007336139678955078
mini_batch_src_global generation:  0.0008437633514404297
r_  generation:  0.008055448532104492
local_output_nid generation:  0.0013816356658935547
local_in_edges_tensor generation:  0.00074005126953125
mini_batch_src_global generation:  0.0008437633514404297
r_  generation:  0.00820469856262207
local_output_nid generation:  0.0013697147369384766
local_in_edges_tensor generation:  0.0007326602935791016
mini_batch_src_global generation:  0.0008451938629150391
r_  generation:  0.008306503295898438
local_output_nid generation:  0.0013854503631591797
local_in_edges_tensor generation:  0.0007493495941162109
mini_batch_src_global generation:  0.0008537769317626953
r_  generation:  0.008317947387695312
local_output_nid generation:  0.0014157295227050781
local_in_edges_tensor generation:  0.0007584095001220703
mini_batch_src_global generation:  0.0008285045623779297
r_  generation:  0.008059024810791016
local_output_nid generation:  0.0013554096221923828
local_in_edges_tensor generation:  0.005338430404663086
mini_batch_src_global generation:  0.0010216236114501953
r_  generation:  0.007922887802124023
local_output_nid generation:  0.001257181167602539
local_in_edges_tensor generation:  0.0008001327514648438
mini_batch_src_global generation:  0.0009377002716064453
r_  generation:  0.00818324089050293
local_output_nid generation:  0.0012929439544677734
local_in_edges_tensor generation:  0.0008003711700439453
mini_batch_src_global generation:  0.00090789794921875
r_  generation:  0.008054733276367188
----------------------check_connections_block total spend ----------------------------- 0.4679837226867676
generate_one_block  0.014023780822753906
generate_one_block  0.01304173469543457
generate_one_block  0.013905048370361328
generate_one_block  0.012901782989501953
generate_one_block  0.013458728790283203
generate_one_block  0.01369166374206543
generate_one_block  0.013195037841796875
generate_one_block  0.013391733169555664
generate_one_block  0.013368606567382812
generate_one_block  0.013624906539916992
generate_one_block  0.013396263122558594
generate_one_block  0.013184070587158203
generate_one_block  0.01311182975769043
generate_one_block  0.013024568557739258
generate_one_block  0.013337135314941406
generate_one_block  0.01285243034362793
generate_one_block  0.012883663177490234
generate_one_block  0.01361703872680664
generate_one_block  0.01333761215209961
generate_one_block  0.013377189636230469
generate_one_block  0.012817859649658203
generate_one_block  0.013412237167358398
generate_one_block  0.012775182723999023
generate_one_block  0.01339864730834961
generate_one_block  0.012831449508666992
generate_one_block  0.01298666000366211
generate_one_block  0.013323545455932617
generate_one_block  0.01311039924621582
generate_one_block  0.012953758239746094
generate_one_block  0.01261448860168457
generate_one_block  0.013229608535766602
generate_one_block  0.012730836868286133
The real block id is  1
get_global_graph_edges_ids_block function  spend 0.042688608169555664
gen group dst list time:  0.02092909812927246
time for parepare:  0.018879413604736328
local_output_nid generation:  0.004639863967895508
local_in_edges_tensor generation:  0.013001203536987305
mini_batch_src_global generation:  0.01163625717163086
r_  generation:  0.11485934257507324
local_output_nid generation:  0.007559299468994141
local_in_edges_tensor generation:  0.01087045669555664
mini_batch_src_global generation:  0.014385461807250977
r_  generation:  0.1201171875
local_output_nid generation:  0.007950782775878906
local_in_edges_tensor generation:  0.008384943008422852
mini_batch_src_global generation:  0.013551712036132812
r_  generation:  0.13154268264770508
local_output_nid generation:  0.007203578948974609
local_in_edges_tensor generation:  0.008810997009277344
mini_batch_src_global generation:  0.013802051544189453
r_  generation:  0.1243124008178711
local_output_nid generation:  0.007357358932495117
local_in_edges_tensor generation:  0.009051322937011719
mini_batch_src_global generation:  0.014563560485839844
r_  generation:  0.1363513469696045
local_output_nid generation:  0.007500410079956055
local_in_edges_tensor generation:  0.011440277099609375
mini_batch_src_global generation:  0.016770124435424805
r_  generation:  0.13488101959228516
local_output_nid generation:  0.007321834564208984
local_in_edges_tensor generation:  0.011096000671386719
mini_batch_src_global generation:  0.014910697937011719
r_  generation:  0.13344144821166992
local_output_nid generation:  0.0074307918548583984
local_in_edges_tensor generation:  0.009940147399902344
mini_batch_src_global generation:  0.019629240036010742
r_  generation:  0.13501381874084473
local_output_nid generation:  0.007371187210083008
local_in_edges_tensor generation:  0.010089635848999023
mini_batch_src_global generation:  0.015697717666625977
r_  generation:  0.13758277893066406
local_output_nid generation:  0.007315874099731445
local_in_edges_tensor generation:  0.008047103881835938
mini_batch_src_global generation:  0.015328645706176758
r_  generation:  0.13346409797668457
local_output_nid generation:  0.00824880599975586
local_in_edges_tensor generation:  0.010302543640136719
mini_batch_src_global generation:  0.018925189971923828
r_  generation:  0.15451812744140625
local_output_nid generation:  0.009592533111572266
local_in_edges_tensor generation:  0.02220749855041504
mini_batch_src_global generation:  0.021057605743408203
r_  generation:  0.13389229774475098
local_output_nid generation:  0.0074846744537353516
local_in_edges_tensor generation:  0.0086669921875
mini_batch_src_global generation:  0.016414165496826172
r_  generation:  0.13330292701721191
local_output_nid generation:  0.007529258728027344
local_in_edges_tensor generation:  0.008002042770385742
mini_batch_src_global generation:  0.01594233512878418
r_  generation:  0.13540887832641602
local_output_nid generation:  0.007587909698486328
local_in_edges_tensor generation:  0.009535789489746094
mini_batch_src_global generation:  0.016310930252075195
r_  generation:  0.13785195350646973
local_output_nid generation:  0.007389068603515625
local_in_edges_tensor generation:  0.00747227668762207
mini_batch_src_global generation:  0.01621866226196289
r_  generation:  0.13086771965026855
local_output_nid generation:  0.00758051872253418
local_in_edges_tensor generation:  0.0074138641357421875
mini_batch_src_global generation:  0.015184402465820312
r_  generation:  0.13318085670471191
local_output_nid generation:  0.007548332214355469
local_in_edges_tensor generation:  0.009650468826293945
mini_batch_src_global generation:  0.01608729362487793
r_  generation:  0.13603520393371582
local_output_nid generation:  0.007720232009887695
local_in_edges_tensor generation:  0.009784698486328125
mini_batch_src_global generation:  0.016362667083740234
r_  generation:  0.14022207260131836
local_output_nid generation:  0.00752711296081543
local_in_edges_tensor generation:  0.008555173873901367
mini_batch_src_global generation:  0.017252683639526367
r_  generation:  0.13795995712280273
local_output_nid generation:  0.00734400749206543
local_in_edges_tensor generation:  0.007357120513916016
mini_batch_src_global generation:  0.015563011169433594
r_  generation:  0.13094115257263184
local_output_nid generation:  0.0076825618743896484
local_in_edges_tensor generation:  0.0073893070220947266
mini_batch_src_global generation:  0.01593947410583496
r_  generation:  0.13760638236999512
local_output_nid generation:  0.007386445999145508
local_in_edges_tensor generation:  0.007493495941162109
mini_batch_src_global generation:  0.01577138900756836
r_  generation:  0.13382816314697266
local_output_nid generation:  0.007748603820800781
local_in_edges_tensor generation:  0.0090789794921875
mini_batch_src_global generation:  0.016008853912353516
r_  generation:  0.15102171897888184
local_output_nid generation:  0.007302522659301758
local_in_edges_tensor generation:  0.0074253082275390625
mini_batch_src_global generation:  0.015569210052490234
r_  generation:  0.13904023170471191
local_output_nid generation:  0.008333444595336914
local_in_edges_tensor generation:  0.010417938232421875
mini_batch_src_global generation:  0.01655268669128418
r_  generation:  0.13216519355773926
local_output_nid generation:  0.007501840591430664
local_in_edges_tensor generation:  0.009497642517089844
mini_batch_src_global generation:  0.015857458114624023
r_  generation:  0.1364285945892334
local_output_nid generation:  0.0075037479400634766
local_in_edges_tensor generation:  0.009665727615356445
mini_batch_src_global generation:  0.015738248825073242
r_  generation:  0.13439393043518066
local_output_nid generation:  0.0074384212493896484
local_in_edges_tensor generation:  0.00735783576965332
mini_batch_src_global generation:  0.0160064697265625
r_  generation:  0.1330864429473877
local_output_nid generation:  0.007269144058227539
local_in_edges_tensor generation:  0.007074117660522461
mini_batch_src_global generation:  0.015455245971679688
r_  generation:  0.13127446174621582
local_output_nid generation:  0.007528781890869141
local_in_edges_tensor generation:  0.008267641067504883
mini_batch_src_global generation:  0.01577472686767578
r_  generation:  0.13457441329956055
local_output_nid generation:  0.007353067398071289
local_in_edges_tensor generation:  0.008439302444458008
mini_batch_src_global generation:  0.015651464462280273
r_  generation:  0.13164687156677246
----------------------check_connections_block total spend ----------------------------- 6.381720781326294
generate_one_block  0.17564725875854492
generate_one_block  0.16127252578735352
generate_one_block  0.19902873039245605
generate_one_block  0.16382265090942383
generate_one_block  0.16884946823120117
generate_one_block  0.17272257804870605
generate_one_block  0.16849493980407715
generate_one_block  0.1707324981689453
generate_one_block  0.1693878173828125
generate_one_block  0.16429352760314941
generate_one_block  0.17202425003051758
generate_one_block  0.16446971893310547
generate_one_block  0.17077946662902832
generate_one_block  0.17624449729919434
generate_one_block  0.17377066612243652
generate_one_block  0.1907031536102295
generate_one_block  0.1623845100402832
generate_one_block  0.17111515998840332
generate_one_block  0.20085883140563965
generate_one_block  0.17034339904785156
generate_one_block  0.16032123565673828
generate_one_block  0.1809558868408203
generate_one_block  0.1638011932373047
generate_one_block  0.17392969131469727
generate_one_block  0.1598224639892578
generate_one_block  0.16212248802185059
generate_one_block  0.1656041145324707
generate_one_block  0.16511106491088867
generate_one_block  0.1637554168701172
generate_one_block  0.16259098052978516
generate_one_block  0.16624236106872559
generate_one_block  0.15776681900024414
The real block id is  0
get_global_graph_edges_ids_block function  spend 0.08677196502685547
gen group dst list time:  0.10229134559631348
time for parepare:  0.02170872688293457
local_output_nid generation:  0.02094721794128418
local_in_edges_tensor generation:  0.04406452178955078
mini_batch_src_global generation:  0.03919196128845215
r_  generation:  0.40231823921203613
local_output_nid generation:  0.027184009552001953
local_in_edges_tensor generation:  0.04005932807922363
mini_batch_src_global generation:  0.05107378959655762
r_  generation:  0.40147900581359863
local_output_nid generation:  0.029090404510498047
local_in_edges_tensor generation:  0.037153005599975586
mini_batch_src_global generation:  0.049460649490356445
r_  generation:  0.4222118854522705
local_output_nid generation:  0.028720378875732422
local_in_edges_tensor generation:  0.04031801223754883
mini_batch_src_global generation:  0.04892754554748535
r_  generation:  0.39504027366638184
local_output_nid generation:  0.026980161666870117
local_in_edges_tensor generation:  0.032608747482299805
mini_batch_src_global generation:  0.050604820251464844
r_  generation:  0.39822983741760254
local_output_nid generation:  0.026662588119506836
local_in_edges_tensor generation:  0.03448891639709473
mini_batch_src_global generation:  0.047319889068603516
r_  generation:  0.4030947685241699
local_output_nid generation:  0.026682138442993164
local_in_edges_tensor generation:  0.02654242515563965
mini_batch_src_global generation:  0.04725003242492676
r_  generation:  0.40633344650268555
local_output_nid generation:  0.0271151065826416
local_in_edges_tensor generation:  0.03430533409118652
mini_batch_src_global generation:  0.04753446578979492
r_  generation:  0.40419864654541016
local_output_nid generation:  0.02700042724609375
local_in_edges_tensor generation:  0.0375971794128418
mini_batch_src_global generation:  0.046710968017578125
r_  generation:  0.4076831340789795
local_output_nid generation:  0.026766300201416016
local_in_edges_tensor generation:  0.026627540588378906
mini_batch_src_global generation:  0.0470578670501709
r_  generation:  0.4129374027252197
local_output_nid generation:  0.026668310165405273
local_in_edges_tensor generation:  0.026768922805786133
mini_batch_src_global generation:  0.0496211051940918
r_  generation:  0.4050180912017822
local_output_nid generation:  0.02661299705505371
local_in_edges_tensor generation:  0.026779890060424805
mini_batch_src_global generation:  0.04693317413330078
r_  generation:  0.39777159690856934
local_output_nid generation:  0.026898622512817383
local_in_edges_tensor generation:  0.030538082122802734
mini_batch_src_global generation:  0.04975438117980957
r_  generation:  0.4053468704223633
local_output_nid generation:  0.026667118072509766
local_in_edges_tensor generation:  0.03399252891540527
mini_batch_src_global generation:  0.04726457595825195
r_  generation:  0.3989555835723877
local_output_nid generation:  0.0269315242767334
local_in_edges_tensor generation:  0.03029465675354004
mini_batch_src_global generation:  0.04988265037536621
r_  generation:  0.4049079418182373
local_output_nid generation:  0.027614831924438477
local_in_edges_tensor generation:  0.034487247467041016
mini_batch_src_global generation:  0.046927452087402344
r_  generation:  0.3952627182006836
local_output_nid generation:  0.026694774627685547
local_in_edges_tensor generation:  0.024385929107666016
mini_batch_src_global generation:  0.04721355438232422
r_  generation:  0.4000852108001709
local_output_nid generation:  0.026696443557739258
local_in_edges_tensor generation:  0.031411170959472656
mini_batch_src_global generation:  0.049627065658569336
r_  generation:  0.4028606414794922
local_output_nid generation:  0.026761770248413086
local_in_edges_tensor generation:  0.030540943145751953
mini_batch_src_global generation:  0.04668855667114258
r_  generation:  0.4002840518951416
local_output_nid generation:  0.027146100997924805
local_in_edges_tensor generation:  0.03149557113647461
mini_batch_src_global generation:  0.04721999168395996
r_  generation:  0.40070486068725586
local_output_nid generation:  0.026812314987182617
local_in_edges_tensor generation:  0.024554014205932617
mini_batch_src_global generation:  0.04684853553771973
r_  generation:  0.40157198905944824
local_output_nid generation:  0.026866436004638672
local_in_edges_tensor generation:  0.027626514434814453
mini_batch_src_global generation:  0.046823978424072266
r_  generation:  0.4005413055419922
local_output_nid generation:  0.026468515396118164
local_in_edges_tensor generation:  0.03070235252380371
mini_batch_src_global generation:  0.046971797943115234
r_  generation:  0.4025247097015381
local_output_nid generation:  0.026784181594848633
local_in_edges_tensor generation:  0.033966779708862305
mini_batch_src_global generation:  0.06385278701782227
r_  generation:  0.4048192501068115
local_output_nid generation:  0.02675914764404297
local_in_edges_tensor generation:  0.02693915367126465
mini_batch_src_global generation:  0.04735088348388672
r_  generation:  0.39792776107788086
local_output_nid generation:  0.026947498321533203
local_in_edges_tensor generation:  0.02853846549987793
mini_batch_src_global generation:  0.047159671783447266
r_  generation:  0.4027268886566162
local_output_nid generation:  0.02865886688232422
local_in_edges_tensor generation:  0.03188776969909668
mini_batch_src_global generation:  0.047220706939697266
r_  generation:  0.4029715061187744
local_output_nid generation:  0.026363611221313477
local_in_edges_tensor generation:  0.024802446365356445
mini_batch_src_global generation:  0.047423601150512695
r_  generation:  0.39788341522216797
local_output_nid generation:  0.026584148406982422
local_in_edges_tensor generation:  0.027970314025878906
mini_batch_src_global generation:  0.0464017391204834
r_  generation:  0.4050755500793457
local_output_nid generation:  0.02642965316772461
local_in_edges_tensor generation:  0.03512072563171387
mini_batch_src_global generation:  0.047178030014038086
r_  generation:  0.4010446071624756
local_output_nid generation:  0.026887178421020508
local_in_edges_tensor generation:  0.027978181838989258
mini_batch_src_global generation:  0.04673886299133301
r_  generation:  0.404604434967041
local_output_nid generation:  0.026475906372070312
local_in_edges_tensor generation:  0.024019956588745117
mini_batch_src_global generation:  0.046417236328125
r_  generation:  0.3952341079711914
----------------------check_connections_block total spend ----------------------------- 19.07422423362732
generate_one_block  0.6114022731781006
generate_one_block  0.5111737251281738
generate_one_block  0.5290708541870117
generate_one_block  0.5165257453918457
generate_one_block  0.5140228271484375
generate_one_block  0.5247271060943604
generate_one_block  0.513988733291626
generate_one_block  0.5224249362945557
generate_one_block  0.5231032371520996
generate_one_block  0.5146665573120117
generate_one_block  0.5157361030578613
generate_one_block  0.5058140754699707
generate_one_block  0.5185868740081787
generate_one_block  0.5206484794616699
generate_one_block  0.5204508304595947
generate_one_block  0.5058882236480713
generate_one_block  0.5063788890838623
generate_one_block  0.5142581462860107
generate_one_block  0.523582935333252
generate_one_block  0.5305137634277344
generate_one_block  0.5177621841430664
generate_one_block  0.5100111961364746
generate_one_block  0.5042731761932373
generate_one_block  0.5258500576019287
generate_one_block  0.5058774948120117
generate_one_block  0.5097811222076416
generate_one_block  0.5137844085693359
generate_one_block  0.5021073818206787
generate_one_block  0.509507417678833
generate_one_block  0.5106041431427002
generate_one_block  0.5259637832641602
generate_one_block  0.4950077533721924
-----------------------------------------after block dataloader generation 
 Nvidia-smi: 1.0174560546875 GB
    Memory Allocated: 5.245208740234375e-05  GigaBytes
Max Memory Allocated: 5.245208740234375e-05  GigaBytes

connection checking time:  25.455945014953613
block generation total time  22.02246379852295
average batch blocks generation time:  0.6882019937038422
----------------------------------------before batch_pred = model(blocks, batch_inputs) 
 Nvidia-smi: 1.1717529296875 GB
    Memory Allocated: 0.08174324035644531  GigaBytes
Max Memory Allocated: 0.08174324035644531  GigaBytes

torch.Size([145387, 128])
torch.Size([98986, 32])
-----------------------------------------batch_pred = model(blocks, batch_inputs) 
 Nvidia-smi: 1.4490966796875 GB
    Memory Allocated: 0.14835500717163086  GigaBytes
Max Memory Allocated: 0.1497507095336914  GigaBytes

----------------------------------------before batch_pred = model(blocks, batch_inputs) 
 Nvidia-smi: 1.5662841796875 GB
    Memory Allocated: 0.08198738098144531  GigaBytes
Max Memory Allocated: 0.16428852081298828  GigaBytes

torch.Size([145356, 128])
torch.Size([98265, 32])
-----------------------------------------batch_pred = model(blocks, batch_inputs) 
 Nvidia-smi: 1.5662841796875 GB
    Memory Allocated: 0.14668607711791992  GigaBytes
Max Memory Allocated: 0.16428852081298828  GigaBytes

----------------------------------------before batch_pred = model(blocks, batch_inputs) 
 Nvidia-smi: 1.5662841796875 GB
    Memory Allocated: 0.08248138427734375  GigaBytes
Max Memory Allocated: 0.16428852081298828  GigaBytes

torch.Size([145366, 128])
torch.Size([100112, 32])
-----------------------------------------batch_pred = model(blocks, batch_inputs) 
 Nvidia-smi: 1.5662841796875 GB
    Memory Allocated: 0.14957427978515625  GigaBytes
Max Memory Allocated: 0.16428852081298828  GigaBytes

----------------------------------------before batch_pred = model(blocks, batch_inputs) 
 Nvidia-smi: 1.5662841796875 GB
    Memory Allocated: 0.08190250396728516  GigaBytes
Max Memory Allocated: 0.16428852081298828  GigaBytes

torch.Size([144892, 128])
torch.Size([98332, 32])
-----------------------------------------batch_pred = model(blocks, batch_inputs) 
 Nvidia-smi: 1.5662841796875 GB
    Memory Allocated: 0.14660120010375977  GigaBytes
Max Memory Allocated: 0.16428852081298828  GigaBytes

----------------------------------------before batch_pred = model(blocks, batch_inputs) 
 Nvidia-smi: 1.5662841796875 GB
    Memory Allocated: 0.08321857452392578  GigaBytes
Max Memory Allocated: 0.16428852081298828  GigaBytes

torch.Size([145969, 128])
torch.Size([99399, 32])
-----------------------------------------batch_pred = model(blocks, batch_inputs) 
 Nvidia-smi: 1.5662841796875 GB
    Memory Allocated: 0.15006589889526367  GigaBytes
Max Memory Allocated: 0.16428852081298828  GigaBytes

----------------------------------------before batch_pred = model(blocks, batch_inputs) 
 Nvidia-smi: 1.5662841796875 GB
    Memory Allocated: 0.08335590362548828  GigaBytes
Max Memory Allocated: 0.16441106796264648  GigaBytes

torch.Size([145925, 128])
torch.Size([100718, 32])
-----------------------------------------batch_pred = model(blocks, batch_inputs) 
 Nvidia-smi: 1.5662841796875 GB
    Memory Allocated: 0.15055036544799805  GigaBytes
Max Memory Allocated: 0.16441106796264648  GigaBytes

----------------------------------------before batch_pred = model(blocks, batch_inputs) 
 Nvidia-smi: 1.5662841796875 GB
    Memory Allocated: 0.08318328857421875  GigaBytes
Max Memory Allocated: 0.16441106796264648  GigaBytes

torch.Size([145821, 128])
torch.Size([99267, 32])
-----------------------------------------batch_pred = model(blocks, batch_inputs) 
 Nvidia-smi: 1.5662841796875 GB
    Memory Allocated: 0.1499462127685547  GigaBytes
Max Memory Allocated: 0.16441106796264648  GigaBytes

----------------------------------------before batch_pred = model(blocks, batch_inputs) 
 Nvidia-smi: 1.5662841796875 GB
    Memory Allocated: 0.08336353302001953  GigaBytes
Max Memory Allocated: 0.16441106796264648  GigaBytes

torch.Size([145981, 128])
torch.Size([100517, 32])
-----------------------------------------batch_pred = model(blocks, batch_inputs) 
 Nvidia-smi: 1.5662841796875 GB
    Memory Allocated: 0.15047264099121094  GigaBytes
Max Memory Allocated: 0.16441106796264648  GigaBytes

----------------------------------------before batch_pred = model(blocks, batch_inputs) 
 Nvidia-smi: 1.5662841796875 GB
    Memory Allocated: 0.08328628540039062  GigaBytes
Max Memory Allocated: 0.16441106796264648  GigaBytes

torch.Size([145957, 128])
torch.Size([100104, 32])
-----------------------------------------batch_pred = model(blocks, batch_inputs) 
 Nvidia-smi: 1.5662841796875 GB
    Memory Allocated: 0.15024662017822266  GigaBytes
Max Memory Allocated: 0.16441106796264648  GigaBytes

----------------------------------------before batch_pred = model(blocks, batch_inputs) 
 Nvidia-smi: 1.5662841796875 GB
    Memory Allocated: 0.0831756591796875  GigaBytes
Max Memory Allocated: 0.16466808319091797  GigaBytes

torch.Size([145606, 128])
torch.Size([99577, 32])
-----------------------------------------batch_pred = model(blocks, batch_inputs) 
 Nvidia-smi: 1.5662841796875 GB
    Memory Allocated: 0.15006303787231445  GigaBytes
Max Memory Allocated: 0.16466808319091797  GigaBytes

----------------------------------------before batch_pred = model(blocks, batch_inputs) 
 Nvidia-smi: 1.5662841796875 GB
    Memory Allocated: 0.08213186264038086  GigaBytes
Max Memory Allocated: 0.16466808319091797  GigaBytes

torch.Size([145013, 128])
torch.Size([99203, 32])
-----------------------------------------batch_pred = model(blocks, batch_inputs) 
 Nvidia-smi: 1.5662841796875 GB
    Memory Allocated: 0.14882898330688477  GigaBytes
Max Memory Allocated: 0.16466808319091797  GigaBytes

----------------------------------------before batch_pred = model(blocks, batch_inputs) 
 Nvidia-smi: 1.5662841796875 GB
    Memory Allocated: 0.08202409744262695  GigaBytes
Max Memory Allocated: 0.16466808319091797  GigaBytes

torch.Size([145069, 128])
torch.Size([98663, 32])
-----------------------------------------batch_pred = model(blocks, batch_inputs) 
 Nvidia-smi: 1.5662841796875 GB
    Memory Allocated: 0.14688634872436523  GigaBytes
Max Memory Allocated: 0.16466808319091797  GigaBytes

----------------------------------------before batch_pred = model(blocks, batch_inputs) 
 Nvidia-smi: 1.5662841796875 GB
    Memory Allocated: 0.08321475982666016  GigaBytes
Max Memory Allocated: 0.16466808319091797  GigaBytes

torch.Size([145523, 128])
torch.Size([99797, 32])
-----------------------------------------batch_pred = model(blocks, batch_inputs) 
 Nvidia-smi: 1.5662841796875 GB
    Memory Allocated: 0.15012884140014648  GigaBytes
Max Memory Allocated: 0.16466808319091797  GigaBytes

----------------------------------------before batch_pred = model(blocks, batch_inputs) 
 Nvidia-smi: 1.5662841796875 GB
    Memory Allocated: 0.08319759368896484  GigaBytes
Max Memory Allocated: 0.16466808319091797  GigaBytes

torch.Size([145655, 128])
torch.Size([99315, 32])
-----------------------------------------batch_pred = model(blocks, batch_inputs) 
 Nvidia-smi: 1.5662841796875 GB
    Memory Allocated: 0.1499481201171875  GigaBytes
Max Memory Allocated: 0.16466808319091797  GigaBytes

----------------------------------------before batch_pred = model(blocks, batch_inputs) 
 Nvidia-smi: 1.5662841796875 GB
    Memory Allocated: 0.08209753036499023  GigaBytes
Max Memory Allocated: 0.16466808319091797  GigaBytes

torch.Size([144961, 128])
torch.Size([99169, 32])
-----------------------------------------batch_pred = model(blocks, batch_inputs) 
 Nvidia-smi: 1.5662841796875 GB
    Memory Allocated: 0.14879751205444336  GigaBytes
Max Memory Allocated: 0.16466808319091797  GigaBytes

----------------------------------------before batch_pred = model(blocks, batch_inputs) 
 Nvidia-smi: 1.5662841796875 GB
    Memory Allocated: 0.08205556869506836  GigaBytes
Max Memory Allocated: 0.16466808319091797  GigaBytes

torch.Size([145327, 128])
torch.Size([98825, 32])
-----------------------------------------batch_pred = model(blocks, batch_inputs) 
 Nvidia-smi: 1.5662841796875 GB
    Memory Allocated: 0.14678144454956055  GigaBytes
Max Memory Allocated: 0.16466808319091797  GigaBytes

----------------------------------------before batch_pred = model(blocks, batch_inputs) 
 Nvidia-smi: 1.5662841796875 GB
    Memory Allocated: 0.08308982849121094  GigaBytes
Max Memory Allocated: 0.16466808319091797  GigaBytes

torch.Size([145527, 128])
torch.Size([98688, 32])
-----------------------------------------batch_pred = model(blocks, batch_inputs) 
 Nvidia-smi: 1.5662841796875 GB
    Memory Allocated: 0.1479339599609375  GigaBytes
Max Memory Allocated: 0.16466808319091797  GigaBytes

----------------------------------------before batch_pred = model(blocks, batch_inputs) 
 Nvidia-smi: 1.5662841796875 GB
    Memory Allocated: 0.08323287963867188  GigaBytes
Max Memory Allocated: 0.16466808319091797  GigaBytes

torch.Size([145576, 128])
torch.Size([99254, 32])
-----------------------------------------batch_pred = model(blocks, batch_inputs) 
 Nvidia-smi: 1.5662841796875 GB
    Memory Allocated: 0.1499648094177246  GigaBytes
Max Memory Allocated: 0.16466808319091797  GigaBytes

----------------------------------------before batch_pred = model(blocks, batch_inputs) 
 Nvidia-smi: 1.5662841796875 GB
    Memory Allocated: 0.08320045471191406  GigaBytes
Max Memory Allocated: 0.16466808319091797  GigaBytes

torch.Size([145514, 128])
torch.Size([99129, 32])
-----------------------------------------batch_pred = model(blocks, batch_inputs) 
 Nvidia-smi: 1.5662841796875 GB
    Memory Allocated: 0.1499638557434082  GigaBytes
Max Memory Allocated: 0.16466808319091797  GigaBytes

----------------------------------------before batch_pred = model(blocks, batch_inputs) 
 Nvidia-smi: 1.5662841796875 GB
    Memory Allocated: 0.08334922790527344  GigaBytes
Max Memory Allocated: 0.16466808319091797  GigaBytes

torch.Size([145526, 128])
torch.Size([99837, 32])
-----------------------------------------batch_pred = model(blocks, batch_inputs) 
 Nvidia-smi: 1.5662841796875 GB
    Memory Allocated: 0.15024185180664062  GigaBytes
Max Memory Allocated: 0.16466808319091797  GigaBytes

----------------------------------------before batch_pred = model(blocks, batch_inputs) 
 Nvidia-smi: 1.5662841796875 GB
    Memory Allocated: 0.083038330078125  GigaBytes
Max Memory Allocated: 0.16466808319091797  GigaBytes

torch.Size([145493, 128])
torch.Size([98604, 32])
-----------------------------------------batch_pred = model(blocks, batch_inputs) 
 Nvidia-smi: 1.5662841796875 GB
    Memory Allocated: 0.1477222442626953  GigaBytes
Max Memory Allocated: 0.16466808319091797  GigaBytes

----------------------------------------before batch_pred = model(blocks, batch_inputs) 
 Nvidia-smi: 1.5662841796875 GB
    Memory Allocated: 0.0821080207824707  GigaBytes
Max Memory Allocated: 0.16466808319091797  GigaBytes

torch.Size([145103, 128])
torch.Size([99302, 32])
-----------------------------------------batch_pred = model(blocks, batch_inputs) 
 Nvidia-smi: 1.5662841796875 GB
    Memory Allocated: 0.14891719818115234  GigaBytes
Max Memory Allocated: 0.16466808319091797  GigaBytes

----------------------------------------before batch_pred = model(blocks, batch_inputs) 
 Nvidia-smi: 1.5662841796875 GB
    Memory Allocated: 0.08177995681762695  GigaBytes
Max Memory Allocated: 0.16466808319091797  GigaBytes

torch.Size([144847, 128])
torch.Size([97952, 32])
-----------------------------------------batch_pred = model(blocks, batch_inputs) 
 Nvidia-smi: 1.5662841796875 GB
    Memory Allocated: 0.14642620086669922  GigaBytes
Max Memory Allocated: 0.16466808319091797  GigaBytes

----------------------------------------before batch_pred = model(blocks, batch_inputs) 
 Nvidia-smi: 1.5662841796875 GB
    Memory Allocated: 0.08332633972167969  GigaBytes
Max Memory Allocated: 0.16466808319091797  GigaBytes

torch.Size([145675, 128])
torch.Size([99861, 32])
-----------------------------------------batch_pred = model(blocks, batch_inputs) 
 Nvidia-smi: 1.5662841796875 GB
    Memory Allocated: 0.15025901794433594  GigaBytes
Max Memory Allocated: 0.16466808319091797  GigaBytes

----------------------------------------before batch_pred = model(blocks, batch_inputs) 
 Nvidia-smi: 1.5662841796875 GB
    Memory Allocated: 0.08177709579467773  GigaBytes
Max Memory Allocated: 0.16466808319091797  GigaBytes

torch.Size([144829, 128])
torch.Size([98161, 32])
-----------------------------------------batch_pred = model(blocks, batch_inputs) 
 Nvidia-smi: 1.5662841796875 GB
    Memory Allocated: 0.14651870727539062  GigaBytes
Max Memory Allocated: 0.16466808319091797  GigaBytes

----------------------------------------before batch_pred = model(blocks, batch_inputs) 
 Nvidia-smi: 1.5662841796875 GB
    Memory Allocated: 0.08314228057861328  GigaBytes
Max Memory Allocated: 0.16466808319091797  GigaBytes

torch.Size([146072, 128])
torch.Size([99639, 32])
-----------------------------------------batch_pred = model(blocks, batch_inputs) 
 Nvidia-smi: 1.5662841796875 GB
    Memory Allocated: 0.1500377655029297  GigaBytes
Max Memory Allocated: 0.16466808319091797  GigaBytes

----------------------------------------before batch_pred = model(blocks, batch_inputs) 
 Nvidia-smi: 1.5662841796875 GB
    Memory Allocated: 0.08200311660766602  GigaBytes
Max Memory Allocated: 0.16466808319091797  GigaBytes

torch.Size([145011, 128])
torch.Size([98687, 32])
-----------------------------------------batch_pred = model(blocks, batch_inputs) 
 Nvidia-smi: 1.5662841796875 GB
    Memory Allocated: 0.14782333374023438  GigaBytes
Max Memory Allocated: 0.16466808319091797  GigaBytes

----------------------------------------before batch_pred = model(blocks, batch_inputs) 
 Nvidia-smi: 1.5662841796875 GB
    Memory Allocated: 0.08200311660766602  GigaBytes
Max Memory Allocated: 0.16466808319091797  GigaBytes

torch.Size([145177, 128])
torch.Size([98706, 32])
-----------------------------------------batch_pred = model(blocks, batch_inputs) 
 Nvidia-smi: 1.5662841796875 GB
    Memory Allocated: 0.14690017700195312  GigaBytes
Max Memory Allocated: 0.16466808319091797  GigaBytes

----------------------------------------before batch_pred = model(blocks, batch_inputs) 
 Nvidia-smi: 1.5662841796875 GB
    Memory Allocated: 0.08196449279785156  GigaBytes
Max Memory Allocated: 0.16466808319091797  GigaBytes

torch.Size([145112, 128])
torch.Size([98444, 32])
-----------------------------------------batch_pred = model(blocks, batch_inputs) 
 Nvidia-smi: 1.5662841796875 GB
    Memory Allocated: 0.14670753479003906  GigaBytes
Max Memory Allocated: 0.16466808319091797  GigaBytes

----------------------------------------before batch_pred = model(blocks, batch_inputs) 
 Nvidia-smi: 1.5662841796875 GB
    Memory Allocated: 0.08188152313232422  GigaBytes
Max Memory Allocated: 0.16466808319091797  GigaBytes

torch.Size([145100, 128])
torch.Size([98160, 32])
-----------------------------------------batch_pred = model(blocks, batch_inputs) 
 Nvidia-smi: 1.5662841796875 GB
    Memory Allocated: 0.14641284942626953  GigaBytes
Max Memory Allocated: 0.16466808319091797  GigaBytes

----------------------------------------before batch_pred = model(blocks, batch_inputs) 
 Nvidia-smi: 1.5662841796875 GB
    Memory Allocated: 0.08318710327148438  GigaBytes
Max Memory Allocated: 0.16466808319091797  GigaBytes

torch.Size([145853, 128])
torch.Size([99694, 32])
-----------------------------------------batch_pred = model(blocks, batch_inputs) 
 Nvidia-smi: 1.5662841796875 GB
    Memory Allocated: 0.15008878707885742  GigaBytes
Max Memory Allocated: 0.16466808319091797  GigaBytes

----------------------------------------before batch_pred = model(blocks, batch_inputs) 
 Nvidia-smi: 1.5662841796875 GB
    Memory Allocated: 0.08179140090942383  GigaBytes
Max Memory Allocated: 0.16466808319091797  GigaBytes

torch.Size([145097, 128])
torch.Size([97809, 32])
-----------------------------------------batch_pred = model(blocks, batch_inputs) 
 Nvidia-smi: 1.5662841796875 GB
    Memory Allocated: 0.14639043807983398  GigaBytes
Max Memory Allocated: 0.16466808319091797  GigaBytes

times | data loading | block to device | model prediction | loss calculation | loss backward |  optimizer step |
      |0.02649754285812378 |0.019559942185878754 |0.02639114111661911 |9.3802809715271e-05 |0.0047162920236587524 |0.0018115043640136719 |
----------------------------------------------------------pseudo_mini_loss sum 5.015077114105225
 Run 0| Epoch 0 |
Number of nodes for computation during this epoch:  8577160
Number of first layer input nodes during this epoch:  4653320
----------------------------------------before generate_dataloader_block 
 Nvidia-smi: 1.5662841796875 GB
    Memory Allocated: 0.1088418960571289  GigaBytes
Max Memory Allocated: 0.16466808319091797  GigaBytes

The real block id is  2
get_global_graph_edges_ids_block function  spend 0.019013643264770508
random selection method range initialization spend 0.005718231201171875
time for parepare:  0.017821073532104492
local_output_nid generation:  0.001283407211303711
local_in_edges_tensor generation:  0.008681297302246094
mini_batch_src_global generation:  0.0015530586242675781
r_  generation:  0.008794784545898438
local_output_nid generation:  0.0014867782592773438
local_in_edges_tensor generation:  0.001064300537109375
mini_batch_src_global generation:  0.001245737075805664
r_  generation:  0.007892370223999023
local_output_nid generation:  0.001499176025390625
local_in_edges_tensor generation:  0.0008833408355712891
mini_batch_src_global generation:  0.0009763240814208984
r_  generation:  0.007626056671142578
local_output_nid generation:  0.0014710426330566406
local_in_edges_tensor generation:  0.0008368492126464844
mini_batch_src_global generation:  0.0008728504180908203
r_  generation:  0.007775068283081055
local_output_nid generation:  0.0014247894287109375
local_in_edges_tensor generation:  0.0008075237274169922
mini_batch_src_global generation:  0.0008416175842285156
r_  generation:  0.007868766784667969
local_output_nid generation:  0.001398324966430664
local_in_edges_tensor generation:  0.0007882118225097656
mini_batch_src_global generation:  0.0008206367492675781
r_  generation:  0.007785320281982422
local_output_nid generation:  0.0014307498931884766
local_in_edges_tensor generation:  0.0008022785186767578
mini_batch_src_global generation:  0.0008335113525390625
r_  generation:  0.008209228515625
local_output_nid generation:  0.0014166831970214844
local_in_edges_tensor generation:  0.0007691383361816406
mini_batch_src_global generation:  0.0008449554443359375
r_  generation:  0.008122682571411133
local_output_nid generation:  0.0013773441314697266
local_in_edges_tensor generation:  0.0007832050323486328
mini_batch_src_global generation:  0.0008273124694824219
r_  generation:  0.007961273193359375
local_output_nid generation:  0.0013973712921142578
local_in_edges_tensor generation:  0.0007777214050292969
mini_batch_src_global generation:  0.0008299350738525391
r_  generation:  0.007912158966064453
local_output_nid generation:  0.00138092041015625
local_in_edges_tensor generation:  0.0007622241973876953
mini_batch_src_global generation:  0.0008327960968017578
r_  generation:  0.00817561149597168
local_output_nid generation:  0.0013885498046875
local_in_edges_tensor generation:  0.0008051395416259766
mini_batch_src_global generation:  0.0008440017700195312
r_  generation:  0.00800323486328125
local_output_nid generation:  0.0013713836669921875
local_in_edges_tensor generation:  0.0007886886596679688
mini_batch_src_global generation:  0.0009524822235107422
r_  generation:  0.007988214492797852
local_output_nid generation:  0.0013649463653564453
local_in_edges_tensor generation:  0.0007495880126953125
mini_batch_src_global generation:  0.0008516311645507812
r_  generation:  0.00797271728515625
local_output_nid generation:  0.0013723373413085938
local_in_edges_tensor generation:  0.0007612705230712891
mini_batch_src_global generation:  0.0008187294006347656
r_  generation:  0.008162498474121094
local_output_nid generation:  0.001356363296508789
local_in_edges_tensor generation:  0.00075531005859375
mini_batch_src_global generation:  0.0008146762847900391
r_  generation:  0.008071184158325195
local_output_nid generation:  0.0013570785522460938
local_in_edges_tensor generation:  0.0007550716400146484
mini_batch_src_global generation:  0.0026886463165283203
r_  generation:  0.007991552352905273
local_output_nid generation:  0.0013685226440429688
local_in_edges_tensor generation:  0.0007605552673339844
mini_batch_src_global generation:  0.0008096694946289062
r_  generation:  0.008043527603149414
local_output_nid generation:  0.0013737678527832031
local_in_edges_tensor generation:  0.0007622241973876953
mini_batch_src_global generation:  0.0009644031524658203
r_  generation:  0.008321285247802734
local_output_nid generation:  0.001378774642944336
local_in_edges_tensor generation:  0.0007476806640625
mini_batch_src_global generation:  0.0008397102355957031
r_  generation:  0.008132457733154297
local_output_nid generation:  0.0013535022735595703
local_in_edges_tensor generation:  0.0007636547088623047
mini_batch_src_global generation:  0.0008554458618164062
r_  generation:  0.008242368698120117
local_output_nid generation:  0.0013606548309326172
local_in_edges_tensor generation:  0.0007460117340087891
mini_batch_src_global generation:  0.0008261203765869141
r_  generation:  0.008000850677490234
local_output_nid generation:  0.0013730525970458984
local_in_edges_tensor generation:  0.0007567405700683594
mini_batch_src_global generation:  0.0008380413055419922
r_  generation:  0.008199453353881836
local_output_nid generation:  0.0013675689697265625
local_in_edges_tensor generation:  0.0007357597351074219
mini_batch_src_global generation:  0.0008358955383300781
r_  generation:  0.00799250602722168
local_output_nid generation:  0.0013573169708251953
local_in_edges_tensor generation:  0.0007493495941162109
mini_batch_src_global generation:  0.0008211135864257812
r_  generation:  0.00789499282836914
local_output_nid generation:  0.0013530254364013672
local_in_edges_tensor generation:  0.0007586479187011719
mini_batch_src_global generation:  0.0008444786071777344
r_  generation:  0.008090972900390625
local_output_nid generation:  0.0013833045959472656
local_in_edges_tensor generation:  0.0007274150848388672
mini_batch_src_global generation:  0.0008273124694824219
r_  generation:  0.008161306381225586
local_output_nid generation:  0.0013675689697265625
local_in_edges_tensor generation:  0.0007293224334716797
mini_batch_src_global generation:  0.0008473396301269531
r_  generation:  0.008034706115722656
local_output_nid generation:  0.0013804435729980469
local_in_edges_tensor generation:  0.0007412433624267578
mini_batch_src_global generation:  0.0008366107940673828
r_  generation:  0.008193254470825195
local_output_nid generation:  0.0013778209686279297
local_in_edges_tensor generation:  0.0007510185241699219
mini_batch_src_global generation:  0.0008406639099121094
r_  generation:  0.008017539978027344
local_output_nid generation:  0.001382589340209961
local_in_edges_tensor generation:  0.000751495361328125
mini_batch_src_global generation:  0.0008490085601806641
r_  generation:  0.00827336311340332
local_output_nid generation:  0.0013828277587890625
local_in_edges_tensor generation:  0.0007512569427490234
mini_batch_src_global generation:  0.0008313655853271484
r_  generation:  0.009541511535644531
----------------------check_connections_block total spend ----------------------------- 0.46443629264831543
generate_one_block  0.021585941314697266
generate_one_block  0.015579700469970703
generate_one_block  0.012839078903198242
generate_one_block  0.013018131256103516
generate_one_block  0.012937068939208984
generate_one_block  0.01275324821472168
generate_one_block  0.013143301010131836
generate_one_block  0.013271808624267578
generate_one_block  0.012796878814697266
generate_one_block  0.012938737869262695
generate_one_block  0.013084650039672852
generate_one_block  0.01315760612487793
generate_one_block  0.012944698333740234
generate_one_block  0.014323234558105469
generate_one_block  0.012881994247436523
generate_one_block  0.01270747184753418
generate_one_block  0.012817859649658203
generate_one_block  0.01268768310546875
generate_one_block  0.013241052627563477
generate_one_block  0.012940168380737305
generate_one_block  0.013125896453857422
generate_one_block  0.012805700302124023
generate_one_block  0.013074159622192383
generate_one_block  0.012844562530517578
generate_one_block  0.01271510124206543
generate_one_block  0.013068437576293945
generate_one_block  0.012996196746826172
generate_one_block  0.01291656494140625
generate_one_block  0.013128280639648438
generate_one_block  0.014324426651000977
generate_one_block  0.01304769515991211
generate_one_block  0.01285099983215332
The real block id is  1
get_global_graph_edges_ids_block function  spend 0.03719282150268555
gen group dst list time:  0.019129514694213867
time for parepare:  0.019797086715698242
local_output_nid generation:  0.0048749446868896484
local_in_edges_tensor generation:  0.016504526138305664
mini_batch_src_global generation:  0.011617183685302734
r_  generation:  0.11727404594421387
local_output_nid generation:  0.009481668472290039
local_in_edges_tensor generation:  0.007819414138793945
mini_batch_src_global generation:  0.014308691024780273
r_  generation:  0.11680912971496582
local_output_nid generation:  0.009872198104858398
local_in_edges_tensor generation:  0.02586674690246582
mini_batch_src_global generation:  0.013927459716796875
r_  generation:  0.12410736083984375
local_output_nid generation:  0.010161876678466797
local_in_edges_tensor generation:  0.007897615432739258
mini_batch_src_global generation:  0.01392221450805664
r_  generation:  0.12787604331970215
local_output_nid generation:  0.010334253311157227
local_in_edges_tensor generation:  0.007974624633789062
mini_batch_src_global generation:  0.015085220336914062
r_  generation:  0.13081812858581543
local_output_nid generation:  0.009845256805419922
local_in_edges_tensor generation:  0.008800506591796875
mini_batch_src_global generation:  0.015252351760864258
r_  generation:  0.12843084335327148
local_output_nid generation:  0.011628866195678711
local_in_edges_tensor generation:  0.011223793029785156
mini_batch_src_global generation:  0.015957355499267578
r_  generation:  0.1316208839416504
local_output_nid generation:  0.009963750839233398
local_in_edges_tensor generation:  0.01135563850402832
mini_batch_src_global generation:  0.016834497451782227
r_  generation:  0.1313931941986084
local_output_nid generation:  0.00969243049621582
local_in_edges_tensor generation:  0.007900714874267578
mini_batch_src_global generation:  0.016623735427856445
r_  generation:  0.13089489936828613
local_output_nid generation:  0.009882211685180664
local_in_edges_tensor generation:  0.00946664810180664
mini_batch_src_global generation:  0.021986722946166992
r_  generation:  0.13100433349609375
local_output_nid generation:  0.01006937026977539
local_in_edges_tensor generation:  0.008960723876953125
mini_batch_src_global generation:  0.016868114471435547
r_  generation:  0.1320638656616211
local_output_nid generation:  0.010182619094848633
local_in_edges_tensor generation:  0.00791168212890625
mini_batch_src_global generation:  0.016016006469726562
r_  generation:  0.13369178771972656
local_output_nid generation:  0.010278463363647461
local_in_edges_tensor generation:  0.008084774017333984
mini_batch_src_global generation:  0.01735544204711914
r_  generation:  0.1364445686340332
local_output_nid generation:  0.010155439376831055
local_in_edges_tensor generation:  0.007949113845825195
mini_batch_src_global generation:  0.01601266860961914
r_  generation:  0.12916088104248047
local_output_nid generation:  0.010217905044555664
local_in_edges_tensor generation:  0.008028507232666016
mini_batch_src_global generation:  0.016173124313354492
r_  generation:  0.1329345703125
local_output_nid generation:  0.010033369064331055
local_in_edges_tensor generation:  0.007712602615356445
mini_batch_src_global generation:  0.016065597534179688
r_  generation:  0.13013863563537598
local_output_nid generation:  0.010253667831420898
local_in_edges_tensor generation:  0.00873112678527832
mini_batch_src_global generation:  0.020181894302368164
r_  generation:  0.13494372367858887
local_output_nid generation:  0.009809732437133789
local_in_edges_tensor generation:  0.015003442764282227
mini_batch_src_global generation:  0.024397850036621094
r_  generation:  0.13431119918823242
local_output_nid generation:  0.009219169616699219
local_in_edges_tensor generation:  0.011207103729248047
mini_batch_src_global generation:  0.019376039505004883
r_  generation:  0.13347887992858887
local_output_nid generation:  0.007948160171508789
local_in_edges_tensor generation:  0.010215997695922852
mini_batch_src_global generation:  0.016377925872802734
r_  generation:  0.1331326961517334
local_output_nid generation:  0.008086681365966797
local_in_edges_tensor generation:  0.010179281234741211
mini_batch_src_global generation:  0.017403364181518555
r_  generation:  0.13624024391174316
local_output_nid generation:  0.007819414138793945
local_in_edges_tensor generation:  0.010024309158325195
mini_batch_src_global generation:  0.016350746154785156
r_  generation:  0.1338484287261963
local_output_nid generation:  0.007595062255859375
local_in_edges_tensor generation:  0.008947372436523438
mini_batch_src_global generation:  0.02960991859436035
r_  generation:  0.13245940208435059
local_output_nid generation:  0.007396697998046875
local_in_edges_tensor generation:  0.007834672927856445
mini_batch_src_global generation:  0.016200780868530273
r_  generation:  0.1313319206237793
local_output_nid generation:  0.0072858333587646484
local_in_edges_tensor generation:  0.007833480834960938
mini_batch_src_global generation:  0.01768183708190918
r_  generation:  0.12974286079406738
local_output_nid generation:  0.007594108581542969
local_in_edges_tensor generation:  0.009398221969604492
mini_batch_src_global generation:  0.03227806091308594
r_  generation:  0.13517093658447266
local_output_nid generation:  0.008331298828125
local_in_edges_tensor generation:  0.02975296974182129
mini_batch_src_global generation:  0.03001999855041504
r_  generation:  0.1366734504699707
local_output_nid generation:  0.0083465576171875
local_in_edges_tensor generation:  0.010297298431396484
mini_batch_src_global generation:  0.01576519012451172
r_  generation:  0.13304352760314941
local_output_nid generation:  0.008858680725097656
local_in_edges_tensor generation:  0.009973526000976562
mini_batch_src_global generation:  0.016083717346191406
r_  generation:  0.13516640663146973
local_output_nid generation:  0.007454395294189453
local_in_edges_tensor generation:  0.008655309677124023
mini_batch_src_global generation:  0.016000747680664062
r_  generation:  0.13173913955688477
local_output_nid generation:  0.0074443817138671875
local_in_edges_tensor generation:  0.007210493087768555
mini_batch_src_global generation:  0.015751361846923828
r_  generation:  0.13268566131591797
local_output_nid generation:  0.007485628128051758
local_in_edges_tensor generation:  0.009319543838500977
mini_batch_src_global generation:  0.016179323196411133
r_  generation:  0.13296151161193848
----------------------check_connections_block total spend ----------------------------- 6.423677921295166
generate_one_block  0.1777660846710205
generate_one_block  0.15524029731750488
generate_one_block  0.15763139724731445
generate_one_block  0.16288280487060547
generate_one_block  0.18343496322631836
generate_one_block  0.16782784461975098
generate_one_block  0.16648650169372559
generate_one_block  0.16788172721862793
generate_one_block  0.16141176223754883
generate_one_block  0.17409896850585938
generate_one_block  0.1627333164215088
generate_one_block  0.16675329208374023
generate_one_block  0.17180967330932617
generate_one_block  0.16106438636779785
generate_one_block  0.16684770584106445
generate_one_block  0.15979743003845215
generate_one_block  0.1641988754272461
generate_one_block  0.16136527061462402
generate_one_block  0.16924810409545898
generate_one_block  0.19630718231201172
generate_one_block  0.1707453727722168
generate_one_block  0.1681075096130371
generate_one_block  0.1638791561126709
generate_one_block  0.16631364822387695
generate_one_block  0.1614363193511963
generate_one_block  0.1691722869873047
generate_one_block  0.1652688980102539
generate_one_block  0.16094398498535156
generate_one_block  0.16962432861328125
generate_one_block  0.16727089881896973
generate_one_block  0.16584062576293945
generate_one_block  0.16289854049682617
The real block id is  0
get_global_graph_edges_ids_block function  spend 0.04819178581237793
gen group dst list time:  0.10277128219604492
time for parepare:  0.018709182739257812
local_output_nid generation:  0.03738284111022949
local_in_edges_tensor generation:  0.04850935935974121
mini_batch_src_global generation:  0.03989744186401367
r_  generation:  0.38089704513549805
local_output_nid generation:  0.026661157608032227
local_in_edges_tensor generation:  0.03982949256896973
mini_batch_src_global generation:  0.04487729072570801
r_  generation:  0.3819143772125244
local_output_nid generation:  0.027147769927978516
local_in_edges_tensor generation:  0.032842159271240234
mini_batch_src_global generation:  0.04534268379211426
r_  generation:  0.3904588222503662
local_output_nid generation:  0.02672886848449707
local_in_edges_tensor generation:  0.032996177673339844
mini_batch_src_global generation:  0.046448707580566406
r_  generation:  0.38918542861938477
local_output_nid generation:  0.025900602340698242
local_in_edges_tensor generation:  0.029587268829345703
mini_batch_src_global generation:  0.047095298767089844
r_  generation:  0.3979682922363281
local_output_nid generation:  0.025763988494873047
local_in_edges_tensor generation:  0.02644205093383789
mini_batch_src_global generation:  0.047979116439819336
r_  generation:  0.397707462310791
local_output_nid generation:  0.025942564010620117
local_in_edges_tensor generation:  0.04187417030334473
mini_batch_src_global generation:  0.04949021339416504
r_  generation:  0.39452552795410156
local_output_nid generation:  0.025821924209594727
local_in_edges_tensor generation:  0.03345513343811035
mini_batch_src_global generation:  0.05031847953796387
r_  generation:  0.39510083198547363
local_output_nid generation:  0.026029348373413086
local_in_edges_tensor generation:  0.026611804962158203
mini_batch_src_global generation:  0.04718589782714844
r_  generation:  0.40627074241638184
local_output_nid generation:  0.02662801742553711
local_in_edges_tensor generation:  0.030821800231933594
mini_batch_src_global generation:  0.05568194389343262
r_  generation:  0.3965141773223877
local_output_nid generation:  0.026302814483642578
local_in_edges_tensor generation:  0.027097225189208984
mini_batch_src_global generation:  0.04981660842895508
r_  generation:  0.40108799934387207
local_output_nid generation:  0.027591228485107422
local_in_edges_tensor generation:  0.026245594024658203
mini_batch_src_global generation:  0.04890847206115723
r_  generation:  0.39743995666503906
local_output_nid generation:  0.02682042121887207
local_in_edges_tensor generation:  0.03728961944580078
mini_batch_src_global generation:  0.047414541244506836
r_  generation:  0.3972282409667969
local_output_nid generation:  0.026833057403564453
local_in_edges_tensor generation:  0.02658534049987793
mini_batch_src_global generation:  0.04833197593688965
r_  generation:  0.39342451095581055
local_output_nid generation:  0.02703380584716797
local_in_edges_tensor generation:  0.030225276947021484
mini_batch_src_global generation:  0.04707455635070801
r_  generation:  0.40032458305358887
local_output_nid generation:  0.02634263038635254
local_in_edges_tensor generation:  0.030169010162353516
mini_batch_src_global generation:  0.04820990562438965
r_  generation:  0.3936481475830078
local_output_nid generation:  0.02652764320373535
local_in_edges_tensor generation:  0.032605886459350586
mini_batch_src_global generation:  0.04988288879394531
r_  generation:  0.4000890254974365
local_output_nid generation:  0.026246309280395508
local_in_edges_tensor generation:  0.026560306549072266
mini_batch_src_global generation:  0.04819822311401367
r_  generation:  0.4008157253265381
local_output_nid generation:  0.02660059928894043
local_in_edges_tensor generation:  0.02619004249572754
mini_batch_src_global generation:  0.0500948429107666
r_  generation:  0.3977799415588379
local_output_nid generation:  0.02657008171081543
local_in_edges_tensor generation:  0.03316664695739746
mini_batch_src_global generation:  0.04768991470336914
r_  generation:  0.39821434020996094
local_output_nid generation:  0.026535987854003906
local_in_edges_tensor generation:  0.03307771682739258
mini_batch_src_global generation:  0.04971122741699219
r_  generation:  0.399273157119751
local_output_nid generation:  0.026319026947021484
local_in_edges_tensor generation:  0.0293428897857666
mini_batch_src_global generation:  0.047858238220214844
r_  generation:  0.3983292579650879
local_output_nid generation:  0.0263824462890625
local_in_edges_tensor generation:  0.02662372589111328
mini_batch_src_global generation:  0.04770493507385254
r_  generation:  0.3987154960632324
local_output_nid generation:  0.02605915069580078
local_in_edges_tensor generation:  0.025975704193115234
mini_batch_src_global generation:  0.04731178283691406
r_  generation:  0.39252638816833496
local_output_nid generation:  0.02624821662902832
local_in_edges_tensor generation:  0.0259091854095459
mini_batch_src_global generation:  0.047149658203125
r_  generation:  0.41162753105163574
local_output_nid generation:  0.026786088943481445
local_in_edges_tensor generation:  0.03323030471801758
mini_batch_src_global generation:  0.04725050926208496
r_  generation:  0.3955569267272949
local_output_nid generation:  0.026272296905517578
local_in_edges_tensor generation:  0.026981115341186523
mini_batch_src_global generation:  0.04811358451843262
r_  generation:  0.3989369869232178
local_output_nid generation:  0.0263824462890625
local_in_edges_tensor generation:  0.029470443725585938
mini_batch_src_global generation:  0.05010485649108887
r_  generation:  0.3946399688720703
local_output_nid generation:  0.026624441146850586
local_in_edges_tensor generation:  0.037462472915649414
mini_batch_src_global generation:  0.04931783676147461
r_  generation:  0.40299344062805176
local_output_nid generation:  0.026258468627929688
local_in_edges_tensor generation:  0.02681565284729004
mini_batch_src_global generation:  0.04802846908569336
r_  generation:  0.3967716693878174
local_output_nid generation:  0.026371002197265625
local_in_edges_tensor generation:  0.025852441787719727
mini_batch_src_global generation:  0.0467526912689209
r_  generation:  0.3973813056945801
local_output_nid generation:  0.026395797729492188
local_in_edges_tensor generation:  0.029392242431640625
mini_batch_src_global generation:  0.04715418815612793
r_  generation:  0.39914727210998535
----------------------check_connections_block total spend ----------------------------- 18.884299278259277
generate_one_block  0.518446683883667
generate_one_block  0.5091841220855713
generate_one_block  0.5114283561706543
generate_one_block  0.5158472061157227
generate_one_block  0.5953247547149658
generate_one_block  0.5110669136047363
generate_one_block  0.5211589336395264
generate_one_block  0.5163998603820801
generate_one_block  0.5024676322937012
generate_one_block  0.507375955581665
generate_one_block  0.5229034423828125
generate_one_block  0.5021967887878418
generate_one_block  0.5282864570617676
generate_one_block  0.5009593963623047
generate_one_block  0.5172722339630127
generate_one_block  0.5074131488800049
generate_one_block  0.5343847274780273
generate_one_block  0.506873607635498
generate_one_block  0.5092756748199463
generate_one_block  0.5107486248016357
generate_one_block  0.5342135429382324
generate_one_block  0.5252695083618164
generate_one_block  0.5099020004272461
generate_one_block  0.5066823959350586
generate_one_block  0.5284574031829834
generate_one_block  0.5318450927734375
generate_one_block  0.5064060688018799
generate_one_block  0.515723705291748
generate_one_block  0.5449938774108887
generate_one_block  0.5094430446624756
generate_one_block  0.5088839530944824
generate_one_block  0.5124027729034424
-----------------------------------------after block dataloader generation 
 Nvidia-smi: 1.5662841796875 GB
    Memory Allocated: 0.1088418960571289  GigaBytes
Max Memory Allocated: 0.16466808319091797  GigaBytes

connection checking time:  25.307977199554443
block generation total time  21.929527044296265
average batch blocks generation time:  0.6852977201342583
block dataloader generation time/epoch 49.50640630722046
----------------------------------------before batch_pred = model(blocks, batch_inputs) 
 Nvidia-smi: 1.5662841796875 GB
    Memory Allocated: 0.08236980438232422  GigaBytes
Max Memory Allocated: 0.16466808319091797  GigaBytes

torch.Size([145353, 128])
torch.Size([99576, 32])
-----------------------------------------batch_pred = model(blocks, batch_inputs) 
 Nvidia-smi: 1.5662841796875 GB
    Memory Allocated: 0.14812135696411133  GigaBytes
Max Memory Allocated: 0.16466808319091797  GigaBytes

----------------------------------------before batch_pred = model(blocks, batch_inputs) 
 Nvidia-smi: 1.5682373046875 GB
    Memory Allocated: 0.08174800872802734  GigaBytes
Max Memory Allocated: 0.16466808319091797  GigaBytes

torch.Size([144790, 128])
torch.Size([97715, 32])
-----------------------------------------batch_pred = model(blocks, batch_inputs) 
 Nvidia-smi: 1.5682373046875 GB
    Memory Allocated: 0.14631080627441406  GigaBytes
Max Memory Allocated: 0.16466808319091797  GigaBytes

----------------------------------------before batch_pred = model(blocks, batch_inputs) 
 Nvidia-smi: 1.5682373046875 GB
    Memory Allocated: 0.0820002555847168  GigaBytes
Max Memory Allocated: 0.16466808319091797  GigaBytes

torch.Size([145117, 128])
torch.Size([98461, 32])
-----------------------------------------batch_pred = model(blocks, batch_inputs) 
 Nvidia-smi: 1.5682373046875 GB
    Memory Allocated: 0.14671850204467773  GigaBytes
Max Memory Allocated: 0.16466808319091797  GigaBytes

----------------------------------------before batch_pred = model(blocks, batch_inputs) 
 Nvidia-smi: 1.5682373046875 GB
    Memory Allocated: 0.08327198028564453  GigaBytes
Max Memory Allocated: 0.16466808319091797  GigaBytes

torch.Size([145752, 128])
torch.Size([99345, 32])
-----------------------------------------batch_pred = model(blocks, batch_inputs) 
 Nvidia-smi: 1.5682373046875 GB
    Memory Allocated: 0.15009593963623047  GigaBytes
Max Memory Allocated: 0.16466808319091797  GigaBytes

----------------------------------------before batch_pred = model(blocks, batch_inputs) 
 Nvidia-smi: 1.5682373046875 GB
    Memory Allocated: 0.08231592178344727  GigaBytes
Max Memory Allocated: 0.16466808319091797  GigaBytes

torch.Size([145351, 128])
torch.Size([99042, 32])
-----------------------------------------batch_pred = model(blocks, batch_inputs) 
 Nvidia-smi: 1.5682373046875 GB
    Memory Allocated: 0.1481008529663086  GigaBytes
Max Memory Allocated: 0.16466808319091797  GigaBytes

----------------------------------------before batch_pred = model(blocks, batch_inputs) 
 Nvidia-smi: 1.5682373046875 GB
    Memory Allocated: 0.08227825164794922  GigaBytes
Max Memory Allocated: 0.16466808319091797  GigaBytes

torch.Size([145370, 128])
torch.Size([99050, 32])
-----------------------------------------batch_pred = model(blocks, batch_inputs) 
 Nvidia-smi: 1.5682373046875 GB
    Memory Allocated: 0.14807605743408203  GigaBytes
Max Memory Allocated: 0.16466808319091797  GigaBytes

----------------------------------------before batch_pred = model(blocks, batch_inputs) 
 Nvidia-smi: 1.5682373046875 GB
    Memory Allocated: 0.08230209350585938  GigaBytes
Max Memory Allocated: 0.16466808319091797  GigaBytes

torch.Size([145242, 128])
torch.Size([99392, 32])
-----------------------------------------batch_pred = model(blocks, batch_inputs) 
 Nvidia-smi: 1.5682373046875 GB
    Memory Allocated: 0.14908361434936523  GigaBytes
Max Memory Allocated: 0.16466808319091797  GigaBytes

----------------------------------------before batch_pred = model(blocks, batch_inputs) 
 Nvidia-smi: 1.5682373046875 GB
    Memory Allocated: 0.08217477798461914  GigaBytes
Max Memory Allocated: 0.16466808319091797  GigaBytes

torch.Size([144979, 128])
torch.Size([99264, 32])
-----------------------------------------batch_pred = model(blocks, batch_inputs) 
 Nvidia-smi: 1.5682373046875 GB
    Memory Allocated: 0.14891910552978516  GigaBytes
Max Memory Allocated: 0.16466808319091797  GigaBytes

----------------------------------------before batch_pred = model(blocks, batch_inputs) 
 Nvidia-smi: 1.5682373046875 GB
    Memory Allocated: 0.08218717575073242  GigaBytes
Max Memory Allocated: 0.16466808319091797  GigaBytes

torch.Size([145273, 128])
torch.Size([98745, 32])
-----------------------------------------batch_pred = model(blocks, batch_inputs) 
 Nvidia-smi: 1.5682373046875 GB
    Memory Allocated: 0.14699077606201172  GigaBytes
Max Memory Allocated: 0.16466808319091797  GigaBytes

----------------------------------------before batch_pred = model(blocks, batch_inputs) 
 Nvidia-smi: 1.5682373046875 GB
    Memory Allocated: 0.0822763442993164  GigaBytes
Max Memory Allocated: 0.16466808319091797  GigaBytes

torch.Size([145398, 128])
torch.Size([99054, 32])
-----------------------------------------batch_pred = model(blocks, batch_inputs) 
 Nvidia-smi: 1.5682373046875 GB
    Memory Allocated: 0.14815998077392578  GigaBytes
Max Memory Allocated: 0.16466808319091797  GigaBytes

----------------------------------------before batch_pred = model(blocks, batch_inputs) 
 Nvidia-smi: 1.5682373046875 GB
    Memory Allocated: 0.08331298828125  GigaBytes
Max Memory Allocated: 0.16466808319091797  GigaBytes

torch.Size([145821, 128])
torch.Size([99906, 32])
-----------------------------------------batch_pred = model(blocks, batch_inputs) 
 Nvidia-smi: 1.5682373046875 GB
    Memory Allocated: 0.15027332305908203  GigaBytes
Max Memory Allocated: 0.16466808319091797  GigaBytes

----------------------------------------before batch_pred = model(blocks, batch_inputs) 
 Nvidia-smi: 1.5682373046875 GB
    Memory Allocated: 0.08228254318237305  GigaBytes
Max Memory Allocated: 0.16471529006958008  GigaBytes

torch.Size([145373, 128])
torch.Size([98774, 32])
-----------------------------------------batch_pred = model(blocks, batch_inputs) 
 Nvidia-smi: 1.5682373046875 GB
    Memory Allocated: 0.14810514450073242  GigaBytes
Max Memory Allocated: 0.16471529006958008  GigaBytes

----------------------------------------before batch_pred = model(blocks, batch_inputs) 
 Nvidia-smi: 1.5682373046875 GB
    Memory Allocated: 0.08341503143310547  GigaBytes
Max Memory Allocated: 0.16471529006958008  GigaBytes

torch.Size([145621, 128])
torch.Size([99457, 32])
-----------------------------------------batch_pred = model(blocks, batch_inputs) 
 Nvidia-smi: 1.5682373046875 GB
    Memory Allocated: 0.1501932144165039  GigaBytes
Max Memory Allocated: 0.16471529006958008  GigaBytes

----------------------------------------before batch_pred = model(blocks, batch_inputs) 
 Nvidia-smi: 1.5682373046875 GB
    Memory Allocated: 0.08208370208740234  GigaBytes
Max Memory Allocated: 0.16471529006958008  GigaBytes

torch.Size([145132, 128])
torch.Size([98576, 32])
-----------------------------------------batch_pred = model(blocks, batch_inputs) 
 Nvidia-smi: 1.5682373046875 GB
    Memory Allocated: 0.14687585830688477  GigaBytes
Max Memory Allocated: 0.16471529006958008  GigaBytes

----------------------------------------before batch_pred = model(blocks, batch_inputs) 
 Nvidia-smi: 1.5682373046875 GB
    Memory Allocated: 0.0822300910949707  GigaBytes
Max Memory Allocated: 0.16471529006958008  GigaBytes

torch.Size([145251, 128])
torch.Size([99080, 32])
-----------------------------------------batch_pred = model(blocks, batch_inputs) 
 Nvidia-smi: 1.5682373046875 GB
    Memory Allocated: 0.14797019958496094  GigaBytes
Max Memory Allocated: 0.16471529006958008  GigaBytes

----------------------------------------before batch_pred = model(blocks, batch_inputs) 
 Nvidia-smi: 1.5682373046875 GB
    Memory Allocated: 0.082122802734375  GigaBytes
Max Memory Allocated: 0.16471529006958008  GigaBytes

torch.Size([145162, 128])
torch.Size([98656, 32])
-----------------------------------------batch_pred = model(blocks, batch_inputs) 
 Nvidia-smi: 1.5682373046875 GB
    Memory Allocated: 0.1478261947631836  GigaBytes
Max Memory Allocated: 0.16471529006958008  GigaBytes

----------------------------------------before batch_pred = model(blocks, batch_inputs) 
 Nvidia-smi: 1.5682373046875 GB
    Memory Allocated: 0.0832967758178711  GigaBytes
Max Memory Allocated: 0.16471529006958008  GigaBytes

torch.Size([145499, 128])
torch.Size([99233, 32])
-----------------------------------------batch_pred = model(blocks, batch_inputs) 
 Nvidia-smi: 1.5682373046875 GB
    Memory Allocated: 0.14907503128051758  GigaBytes
Max Memory Allocated: 0.16471529006958008  GigaBytes

----------------------------------------before batch_pred = model(blocks, batch_inputs) 
 Nvidia-smi: 1.5682373046875 GB
    Memory Allocated: 0.08209943771362305  GigaBytes
Max Memory Allocated: 0.16471529006958008  GigaBytes

torch.Size([145081, 128])
torch.Size([98712, 32])
-----------------------------------------batch_pred = model(blocks, batch_inputs) 
 Nvidia-smi: 1.5682373046875 GB
    Memory Allocated: 0.1478257179260254  GigaBytes
Max Memory Allocated: 0.16471529006958008  GigaBytes

----------------------------------------before batch_pred = model(blocks, batch_inputs) 
 Nvidia-smi: 1.5682373046875 GB
    Memory Allocated: 0.08333683013916016  GigaBytes
Max Memory Allocated: 0.16471529006958008  GigaBytes

torch.Size([145704, 128])
torch.Size([99483, 32])
-----------------------------------------batch_pred = model(blocks, batch_inputs) 
 Nvidia-smi: 1.5682373046875 GB
    Memory Allocated: 0.1501932144165039  GigaBytes
Max Memory Allocated: 0.16471529006958008  GigaBytes

----------------------------------------before batch_pred = model(blocks, batch_inputs) 
 Nvidia-smi: 1.5682373046875 GB
    Memory Allocated: 0.08330059051513672  GigaBytes
Max Memory Allocated: 0.16471529006958008  GigaBytes

torch.Size([145530, 128])
torch.Size([99018, 32])
-----------------------------------------batch_pred = model(blocks, batch_inputs) 
 Nvidia-smi: 1.5682373046875 GB
    Memory Allocated: 0.15002727508544922  GigaBytes
Max Memory Allocated: 0.16471529006958008  GigaBytes

----------------------------------------before batch_pred = model(blocks, batch_inputs) 
 Nvidia-smi: 1.5682373046875 GB
    Memory Allocated: 0.08236885070800781  GigaBytes
Max Memory Allocated: 0.16471529006958008  GigaBytes

torch.Size([145232, 128])
torch.Size([99374, 32])
-----------------------------------------batch_pred = model(blocks, batch_inputs) 
 Nvidia-smi: 1.5682373046875 GB
    Memory Allocated: 0.1491703987121582  GigaBytes
Max Memory Allocated: 0.16471529006958008  GigaBytes

----------------------------------------before batch_pred = model(blocks, batch_inputs) 
 Nvidia-smi: 1.5682373046875 GB
    Memory Allocated: 0.08334064483642578  GigaBytes
Max Memory Allocated: 0.16471529006958008  GigaBytes

torch.Size([145465, 128])
torch.Size([99235, 32])
-----------------------------------------batch_pred = model(blocks, batch_inputs) 
 Nvidia-smi: 1.5682373046875 GB
    Memory Allocated: 0.15005111694335938  GigaBytes
Max Memory Allocated: 0.16471529006958008  GigaBytes

----------------------------------------before batch_pred = model(blocks, batch_inputs) 
 Nvidia-smi: 1.5682373046875 GB
    Memory Allocated: 0.08325481414794922  GigaBytes
Max Memory Allocated: 0.16471529006958008  GigaBytes

torch.Size([145696, 128])
torch.Size([98903, 32])
-----------------------------------------batch_pred = model(blocks, batch_inputs) 
 Nvidia-smi: 1.5682373046875 GB
    Memory Allocated: 0.14816761016845703  GigaBytes
Max Memory Allocated: 0.16471529006958008  GigaBytes

----------------------------------------before batch_pred = model(blocks, batch_inputs) 
 Nvidia-smi: 1.5682373046875 GB
    Memory Allocated: 0.08211231231689453  GigaBytes
Max Memory Allocated: 0.16471529006958008  GigaBytes

torch.Size([145064, 128])
torch.Size([98412, 32])
-----------------------------------------batch_pred = model(blocks, batch_inputs) 
 Nvidia-smi: 1.5682373046875 GB
    Memory Allocated: 0.1477813720703125  GigaBytes
Max Memory Allocated: 0.16471529006958008  GigaBytes

----------------------------------------before batch_pred = model(blocks, batch_inputs) 
 Nvidia-smi: 1.5682373046875 GB
    Memory Allocated: 0.08205270767211914  GigaBytes
Max Memory Allocated: 0.16471529006958008  GigaBytes

torch.Size([145241, 128])
torch.Size([98070, 32])
-----------------------------------------batch_pred = model(blocks, batch_inputs) 
 Nvidia-smi: 1.5682373046875 GB
    Memory Allocated: 0.14674997329711914  GigaBytes
Max Memory Allocated: 0.16471529006958008  GigaBytes

----------------------------------------before batch_pred = model(blocks, batch_inputs) 
 Nvidia-smi: 1.5682373046875 GB
    Memory Allocated: 0.08338451385498047  GigaBytes
Max Memory Allocated: 0.16471529006958008  GigaBytes

torch.Size([145799, 128])
torch.Size([100163, 32])
-----------------------------------------batch_pred = model(blocks, batch_inputs) 
 Nvidia-smi: 1.5682373046875 GB
    Memory Allocated: 0.1503314971923828  GigaBytes
Max Memory Allocated: 0.16471529006958008  GigaBytes

----------------------------------------before batch_pred = model(blocks, batch_inputs) 
 Nvidia-smi: 1.5682373046875 GB
    Memory Allocated: 0.08216047286987305  GigaBytes
Max Memory Allocated: 0.16480684280395508  GigaBytes

torch.Size([145175, 128])
torch.Size([98841, 32])
-----------------------------------------batch_pred = model(blocks, batch_inputs) 
 Nvidia-smi: 1.5682373046875 GB
    Memory Allocated: 0.14704656600952148  GigaBytes
Max Memory Allocated: 0.16480684280395508  GigaBytes

----------------------------------------before batch_pred = model(blocks, batch_inputs) 
 Nvidia-smi: 1.5682373046875 GB
    Memory Allocated: 0.08327674865722656  GigaBytes
Max Memory Allocated: 0.16480684280395508  GigaBytes

torch.Size([145514, 128])
torch.Size([99454, 32])
-----------------------------------------batch_pred = model(blocks, batch_inputs) 
 Nvidia-smi: 1.5682373046875 GB
    Memory Allocated: 0.15012550354003906  GigaBytes
Max Memory Allocated: 0.16480684280395508  GigaBytes

----------------------------------------before batch_pred = model(blocks, batch_inputs) 
 Nvidia-smi: 1.5682373046875 GB
    Memory Allocated: 0.08341217041015625  GigaBytes
Max Memory Allocated: 0.16480684280395508  GigaBytes

torch.Size([145773, 128])
torch.Size([99904, 32])
-----------------------------------------batch_pred = model(blocks, batch_inputs) 
 Nvidia-smi: 1.5682373046875 GB
    Memory Allocated: 0.15032720565795898  GigaBytes
Max Memory Allocated: 0.16480684280395508  GigaBytes

----------------------------------------before batch_pred = model(blocks, batch_inputs) 
 Nvidia-smi: 1.5682373046875 GB
    Memory Allocated: 0.08319950103759766  GigaBytes
Max Memory Allocated: 0.16480684280395508  GigaBytes

torch.Size([145652, 128])
torch.Size([98815, 32])
-----------------------------------------batch_pred = model(blocks, batch_inputs) 
 Nvidia-smi: 1.5682373046875 GB
    Memory Allocated: 0.1481761932373047  GigaBytes
Max Memory Allocated: 0.16480684280395508  GigaBytes

----------------------------------------before batch_pred = model(blocks, batch_inputs) 
 Nvidia-smi: 1.5682373046875 GB
    Memory Allocated: 0.08225679397583008  GigaBytes
Max Memory Allocated: 0.16480684280395508  GigaBytes

torch.Size([145389, 128])
torch.Size([98631, 32])
-----------------------------------------batch_pred = model(blocks, batch_inputs) 
 Nvidia-smi: 1.5682373046875 GB
    Memory Allocated: 0.1471233367919922  GigaBytes
Max Memory Allocated: 0.16480684280395508  GigaBytes

----------------------------------------before batch_pred = model(blocks, batch_inputs) 
 Nvidia-smi: 1.5682373046875 GB
    Memory Allocated: 0.08325004577636719  GigaBytes
Max Memory Allocated: 0.16480684280395508  GigaBytes

torch.Size([146027, 128])
torch.Size([99610, 32])
-----------------------------------------batch_pred = model(blocks, batch_inputs) 
 Nvidia-smi: 1.5682373046875 GB
    Memory Allocated: 0.15012788772583008  GigaBytes
Max Memory Allocated: 0.16480684280395508  GigaBytes

times | data loading | block to device | model prediction | loss calculation | loss backward |  optimizer step |
      |0.022759951651096344 |0.011889226734638214 |0.0034019649028778076 |8.804351091384888e-05 |0.0041753873229026794 |0.0014371871948242188 |
----------------------------------------------------------pseudo_mini_loss sum 4.337921619415283
Total (block generation + training)time/epoch 50.903841495513916
Training time/epoch 1.3971481323242188
Training time without block to device /epoch 1.016692876815796
Training time without total dataloading part /epoch 0.24672985076904297
load block tensor time/epoch 0.728318452835083
block to device time/epoch 0.38045525550842285
input features size transfer per epoch 4.291534423828125e-06
blocks size to device per epoch 2.86102294921875e-06
 Run 0| Epoch 1 |
Number of nodes for computation during this epoch:  8573804
Number of first layer input nodes during this epoch:  4652826
