Using backend: pytorch
WARNING:root:The OGB package is out of date. Your version is 1.3.2, while the latest version is 1.3.3.
main start at this time 1648686848.2356963
ogbn-arxiv
# Nodes: 169343
# Edges: 2315598
# Train: 90941
# Val: 29799
# Test: 48603
# Classes: 40

in feats:  128
Number of first layer input nodes during this epoch:  168031
----------------------------------------before pred = model(blocks, inputs) 
 Nvidia-smi: 1.2030029296875 GB
    Memory Allocated: 0.11259078979492188  GigaBytes
Max Memory Allocated: 0.11259078979492188  GigaBytes

torch.Size([168031, 128])
torch.Size([167205, 128])
-----------------------------------------pred = model(blocks, inputs) 
 Nvidia-smi: 2.2459716796875 GB
    Memory Allocated: 0.8383092880249023  GigaBytes
Max Memory Allocated: 0.8794422149658203  GigaBytes

times | data loading | block to device | model prediction | loss calculation | loss backward |  optimizer step |
      |0.04887747764587402 |0.3610873222351074 |0.7702860832214355 |0.00012993812561035156 |0.04407048225402832 |0.0037260055541992188 |
----------------------------------------------------------pseudo_mini_loss sum 5.420993804931641
 Run 0| Epoch 0 |
Number of nodes for computation during this epoch:  494964
Number of first layer input nodes during this epoch:  168031
Number of first layer input nodes during this epoch:  168043
----------------------------------------before pred = model(blocks, inputs) 
 Nvidia-smi: 2.7772216796875 GB
    Memory Allocated: 0.12699651718139648  GigaBytes
Max Memory Allocated: 0.9846463203430176  GigaBytes

torch.Size([168043, 128])
torch.Size([167212, 128])
-----------------------------------------pred = model(blocks, inputs) 
 Nvidia-smi: 2.7791748046875 GB
    Memory Allocated: 0.8385105133056641  GigaBytes
Max Memory Allocated: 0.9846463203430176  GigaBytes

times | data loading | block to device | model prediction | loss calculation | loss backward |  optimizer step |
      |0.019662141799926758 |0.01571059226989746 |0.006211757659912109 |0.00011277198791503906 |0.046128273010253906 |0.0016260147094726562 |
----------------------------------------------------------pseudo_mini_loss sum 3.52569580078125
Total dataloading + training time/epoch 0.7414236068725586
Training time/epoch 0.7413506507873535
Training time without block to device /epoch 0.725640058517456
Training time without total dataloading part /epoch 0.05407881736755371
load block tensor time/epoch 0.019662141799926758
block to device time/epoch 0.01571059226989746
input features size transfer per epoch 1.341104507446289e-07
blocks size to device per epoch 8.940696716308594e-08
 Run 0| Epoch 1 |
Number of nodes for computation during this epoch:  494953
Number of first layer input nodes during this epoch:  168043
