Using backend: pytorch
WARNING:root:The OGB package is out of date. Your version is 1.3.2, while the latest version is 1.3.3.
main start at this time 1648507410.4269364
-----------------------------------------before load data 
 Nvidia-smi: 0.1717529296875 GB
    Memory Allocated: 0.0  GigaBytes
Max Memory Allocated: 0.0  GigaBytes

ogbn-arxiv
# Nodes: 169343
# Edges: 2315598
# Train: 90941
# Val: 29799
# Test: 48603
# Classes: 40

in feats:  128
----------------------------------------before generate_dataloader_block 
 Nvidia-smi: 1.0272216796875 GB
    Memory Allocated: 0.010137557983398438  GigaBytes
Max Memory Allocated: 0.010137557983398438  GigaBytes

The real block id is  4
get_global_graph_edges_ids_block function  spend 0.024892807006835938
range selection method range initialization spend 0.013257026672363281
time for parepare:  0.017853736877441406
local_output_nid generation:  0.0003561973571777344
local_in_edges_tensor generation:  0.00477290153503418
mini_batch_src_global generation:  0.0007038116455078125
r_  generation:  0.0047304630279541016
local_output_nid generation:  0.00037980079650878906
local_in_edges_tensor generation:  0.0003597736358642578
mini_batch_src_global generation:  0.000705718994140625
r_  generation:  0.004170417785644531
local_output_nid generation:  0.00037670135498046875
local_in_edges_tensor generation:  0.00032329559326171875
mini_batch_src_global generation:  0.0004436969757080078
r_  generation:  0.0040209293365478516
local_output_nid generation:  0.00034689903259277344
local_in_edges_tensor generation:  0.0003008842468261719
mini_batch_src_global generation:  0.00042819976806640625
r_  generation:  0.004004240036010742
local_output_nid generation:  0.00038552284240722656
local_in_edges_tensor generation:  0.00031828880310058594
mini_batch_src_global generation:  0.0004050731658935547
r_  generation:  0.004007816314697266
local_output_nid generation:  0.00036025047302246094
local_in_edges_tensor generation:  0.0002932548522949219
mini_batch_src_global generation:  0.0003876686096191406
r_  generation:  0.0038542747497558594
local_output_nid generation:  0.00036978721618652344
local_in_edges_tensor generation:  0.00030112266540527344
mini_batch_src_global generation:  0.0003714561462402344
r_  generation:  0.0038177967071533203
local_output_nid generation:  0.0003540515899658203
local_in_edges_tensor generation:  0.0002880096435546875
mini_batch_src_global generation:  0.00036716461181640625
r_  generation:  0.003928184509277344
local_output_nid generation:  0.0003604888916015625
local_in_edges_tensor generation:  0.0002894401550292969
mini_batch_src_global generation:  0.00037360191345214844
r_  generation:  0.0039331912994384766
local_output_nid generation:  0.000354766845703125
local_in_edges_tensor generation:  0.0002925395965576172
mini_batch_src_global generation:  0.0003790855407714844
r_  generation:  0.0039899349212646484
local_output_nid generation:  0.000370025634765625
local_in_edges_tensor generation:  0.0002830028533935547
mini_batch_src_global generation:  0.0003528594970703125
r_  generation:  0.0037403106689453125
local_output_nid generation:  0.0003495216369628906
local_in_edges_tensor generation:  0.0002837181091308594
mini_batch_src_global generation:  0.00035858154296875
r_  generation:  0.003848552703857422
local_output_nid generation:  0.0003542900085449219
local_in_edges_tensor generation:  0.00028586387634277344
mini_batch_src_global generation:  0.0003681182861328125
r_  generation:  0.003972053527832031
local_output_nid generation:  0.0003676414489746094
local_in_edges_tensor generation:  0.0002899169921875
mini_batch_src_global generation:  0.00037789344787597656
r_  generation:  0.0039386749267578125
local_output_nid generation:  0.0003573894500732422
local_in_edges_tensor generation:  0.00028395652770996094
mini_batch_src_global generation:  0.0003781318664550781
r_  generation:  0.003974199295043945
local_output_nid generation:  0.0003516674041748047
local_in_edges_tensor generation:  0.0002887248992919922
mini_batch_src_global generation:  0.0003750324249267578
r_  generation:  0.003908395767211914
local_output_nid generation:  0.0003657341003417969
local_in_edges_tensor generation:  0.0002810955047607422
mini_batch_src_global generation:  0.0003757476806640625
r_  generation:  0.0040433406829833984
local_output_nid generation:  0.0003578662872314453
local_in_edges_tensor generation:  0.0002791881561279297
mini_batch_src_global generation:  0.0003838539123535156
r_  generation:  0.003989458084106445
local_output_nid generation:  0.00035691261291503906
local_in_edges_tensor generation:  0.0003066062927246094
mini_batch_src_global generation:  0.00037741661071777344
r_  generation:  0.003604888916015625
local_output_nid generation:  0.0003540515899658203
local_in_edges_tensor generation:  0.00028133392333984375
mini_batch_src_global generation:  0.00039267539978027344
r_  generation:  0.004160881042480469
local_output_nid generation:  0.0003559589385986328
local_in_edges_tensor generation:  0.00028967857360839844
mini_batch_src_global generation:  0.0003933906555175781
r_  generation:  0.004078865051269531
local_output_nid generation:  0.00035858154296875
local_in_edges_tensor generation:  0.0002818107604980469
mini_batch_src_global generation:  0.00038123130798339844
r_  generation:  0.003761768341064453
local_output_nid generation:  0.0003592967987060547
local_in_edges_tensor generation:  0.00028896331787109375
mini_batch_src_global generation:  0.0003998279571533203
r_  generation:  0.004143238067626953
local_output_nid generation:  0.00035452842712402344
local_in_edges_tensor generation:  0.00028705596923828125
mini_batch_src_global generation:  0.0004076957702636719
r_  generation:  0.004058837890625
local_output_nid generation:  0.00035452842712402344
local_in_edges_tensor generation:  0.00028324127197265625
mini_batch_src_global generation:  0.00036978721618652344
r_  generation:  0.0037021636962890625
local_output_nid generation:  0.0003600120544433594
local_in_edges_tensor generation:  0.000286102294921875
mini_batch_src_global generation:  0.000385284423828125
r_  generation:  0.003928661346435547
local_output_nid generation:  0.0003516674041748047
local_in_edges_tensor generation:  0.000286102294921875
mini_batch_src_global generation:  0.0003898143768310547
r_  generation:  0.004195451736450195
local_output_nid generation:  0.0003578662872314453
local_in_edges_tensor generation:  0.0002868175506591797
mini_batch_src_global generation:  0.0004000663757324219
r_  generation:  0.0040225982666015625
local_output_nid generation:  0.00036334991455078125
local_in_edges_tensor generation:  0.002950906753540039
mini_batch_src_global generation:  0.0005047321319580078
r_  generation:  0.00419926643371582
local_output_nid generation:  0.0003879070281982422
local_in_edges_tensor generation:  0.0003063678741455078
mini_batch_src_global generation:  0.00043892860412597656
r_  generation:  0.004027605056762695
local_output_nid generation:  0.00037384033203125
local_in_edges_tensor generation:  0.0002884864807128906
mini_batch_src_global generation:  0.00041294097900390625
r_  generation:  0.003912210464477539
local_output_nid generation:  0.0003788471221923828
local_in_edges_tensor generation:  0.0003383159637451172
mini_batch_src_global generation:  0.00045418739318847656
r_  generation:  0.004088640213012695
local_output_nid generation:  0.0003757476806640625
local_in_edges_tensor generation:  0.00028443336486816406
mini_batch_src_global generation:  0.00040793418884277344
r_  generation:  0.003992319107055664
local_output_nid generation:  0.0003895759582519531
local_in_edges_tensor generation:  0.00029158592224121094
mini_batch_src_global generation:  0.0004029273986816406
r_  generation:  0.003981113433837891
local_output_nid generation:  0.0003790855407714844
local_in_edges_tensor generation:  0.0002892017364501953
mini_batch_src_global generation:  0.0004076957702636719
r_  generation:  0.004210233688354492
local_output_nid generation:  0.0003769397735595703
local_in_edges_tensor generation:  0.00028014183044433594
mini_batch_src_global generation:  0.0003876686096191406
r_  generation:  0.003900766372680664
local_output_nid generation:  0.00037169456481933594
local_in_edges_tensor generation:  0.0003025531768798828
mini_batch_src_global generation:  0.00040411949157714844
r_  generation:  0.0040283203125
local_output_nid generation:  0.0003762245178222656
local_in_edges_tensor generation:  0.0002865791320800781
mini_batch_src_global generation:  0.0003991127014160156
r_  generation:  0.0041730403900146484
local_output_nid generation:  0.0003666877746582031
local_in_edges_tensor generation:  0.0002872943878173828
mini_batch_src_global generation:  0.0004093647003173828
r_  generation:  0.004103899002075195
local_output_nid generation:  0.0003731250762939453
local_in_edges_tensor generation:  0.0002880096435546875
mini_batch_src_global generation:  0.0004024505615234375
r_  generation:  0.0041768550872802734
local_output_nid generation:  0.00036454200744628906
local_in_edges_tensor generation:  0.0002830028533935547
mini_batch_src_global generation:  0.0003910064697265625
r_  generation:  0.003941059112548828
local_output_nid generation:  0.000396728515625
local_in_edges_tensor generation:  0.00030684471130371094
mini_batch_src_global generation:  0.00037741661071777344
r_  generation:  0.0036640167236328125
local_output_nid generation:  0.00036644935607910156
local_in_edges_tensor generation:  0.00029015541076660156
mini_batch_src_global generation:  0.0003981590270996094
r_  generation:  0.0041370391845703125
local_output_nid generation:  0.00036263465881347656
local_in_edges_tensor generation:  0.0002818107604980469
mini_batch_src_global generation:  0.00038623809814453125
r_  generation:  0.003636598587036133
local_output_nid generation:  0.0003688335418701172
local_in_edges_tensor generation:  0.00029015541076660156
mini_batch_src_global generation:  0.00040841102600097656
r_  generation:  0.004209995269775391
local_output_nid generation:  0.0003638267517089844
local_in_edges_tensor generation:  0.00028777122497558594
mini_batch_src_global generation:  0.00040268898010253906
r_  generation:  0.004132509231567383
local_output_nid generation:  0.0003707408905029297
local_in_edges_tensor generation:  0.0003044605255126953
mini_batch_src_global generation:  0.0004296302795410156
r_  generation:  0.004118919372558594
local_output_nid generation:  0.0003707408905029297
local_in_edges_tensor generation:  0.0002872943878173828
mini_batch_src_global generation:  0.0003943443298339844
r_  generation:  0.004065752029418945
local_output_nid generation:  0.0003635883331298828
local_in_edges_tensor generation:  0.0002837181091308594
mini_batch_src_global generation:  0.0003826618194580078
r_  generation:  0.003926992416381836
local_output_nid generation:  0.00036215782165527344
local_in_edges_tensor generation:  0.00028324127197265625
mini_batch_src_global generation:  0.0003833770751953125
r_  generation:  0.003947019577026367
local_output_nid generation:  0.00036025047302246094
local_in_edges_tensor generation:  0.00028395652770996094
mini_batch_src_global generation:  0.00038361549377441406
r_  generation:  0.004040718078613281
local_output_nid generation:  0.0004115104675292969
local_in_edges_tensor generation:  0.0002987384796142578
mini_batch_src_global generation:  0.00041604042053222656
r_  generation:  0.0040225982666015625
local_output_nid generation:  0.0003616809844970703
local_in_edges_tensor generation:  0.0002875328063964844
mini_batch_src_global generation:  0.0003833770751953125
r_  generation:  0.004002571105957031
local_output_nid generation:  0.0003573894500732422
local_in_edges_tensor generation:  0.000286102294921875
mini_batch_src_global generation:  0.0004048347473144531
r_  generation:  0.004128217697143555
local_output_nid generation:  0.0003676414489746094
local_in_edges_tensor generation:  0.0002887248992919922
mini_batch_src_global generation:  0.0004017353057861328
r_  generation:  0.004136800765991211
local_output_nid generation:  0.00036907196044921875
local_in_edges_tensor generation:  0.0002892017364501953
mini_batch_src_global generation:  0.0004038810729980469
r_  generation:  0.004157066345214844
local_output_nid generation:  0.00036978721618652344
local_in_edges_tensor generation:  0.0003142356872558594
mini_batch_src_global generation:  0.00042247772216796875
r_  generation:  0.003912448883056641
local_output_nid generation:  0.0003581047058105469
local_in_edges_tensor generation:  0.0002841949462890625
mini_batch_src_global generation:  0.0003764629364013672
r_  generation:  0.0039010047912597656
local_output_nid generation:  0.000362396240234375
local_in_edges_tensor generation:  0.0002887248992919922
mini_batch_src_global generation:  0.0004010200500488281
r_  generation:  0.004079103469848633
local_output_nid generation:  0.0003654956817626953
local_in_edges_tensor generation:  0.00028395652770996094
mini_batch_src_global generation:  0.0003914833068847656
r_  generation:  0.004038810729980469
local_output_nid generation:  0.0003619194030761719
local_in_edges_tensor generation:  0.00028324127197265625
mini_batch_src_global generation:  0.00039124488830566406
r_  generation:  0.00403594970703125
local_output_nid generation:  0.0003638267517089844
local_in_edges_tensor generation:  0.0003001689910888672
mini_batch_src_global generation:  0.0005211830139160156
r_  generation:  0.004108905792236328
local_output_nid generation:  0.00036644935607910156
local_in_edges_tensor generation:  0.0002865791320800781
mini_batch_src_global generation:  0.0004017353057861328
r_  generation:  0.004145383834838867
local_output_nid generation:  0.00036454200744628906
local_in_edges_tensor generation:  0.00028967857360839844
mini_batch_src_global generation:  0.0004038810729980469
r_  generation:  0.004063606262207031
----------------------check_connections_block total spend ----------------------------- 0.4146251678466797
generate_one_block  0.007500171661376953
generate_one_block  0.007236480712890625
generate_one_block  0.007526874542236328
generate_one_block  0.007189750671386719
generate_one_block  0.007222890853881836
generate_one_block  0.006959199905395508
generate_one_block  0.006912946701049805
generate_one_block  0.006852388381958008
generate_one_block  0.00706171989440918
generate_one_block  0.007047176361083984
generate_one_block  0.006691932678222656
generate_one_block  0.0067822933197021484
generate_one_block  0.00690913200378418
generate_one_block  0.006981849670410156
generate_one_block  0.0068111419677734375
generate_one_block  0.006914615631103516
generate_one_block  0.006993293762207031
generate_one_block  0.006934642791748047
generate_one_block  0.006589651107788086
generate_one_block  0.007126569747924805
generate_one_block  0.007058620452880859
generate_one_block  0.006722211837768555
generate_one_block  0.007311344146728516
generate_one_block  0.006975889205932617
generate_one_block  0.006691932678222656
generate_one_block  0.006792783737182617
generate_one_block  0.007161140441894531
generate_one_block  0.006888389587402344
generate_one_block  0.007200717926025391
generate_one_block  0.006873130798339844
generate_one_block  0.006772518157958984
generate_one_block  0.007073163986206055
generate_one_block  0.0067462921142578125
generate_one_block  0.006948947906494141
generate_one_block  0.009198188781738281
generate_one_block  0.006834745407104492
generate_one_block  0.006877899169921875
generate_one_block  0.0070018768310546875
generate_one_block  0.0071184635162353516
generate_one_block  0.007014036178588867
generate_one_block  0.00677037239074707
generate_one_block  0.006662130355834961
generate_one_block  0.00710296630859375
generate_one_block  0.0066869258880615234
generate_one_block  0.00719904899597168
generate_one_block  0.007027864456176758
generate_one_block  0.0071294307708740234
generate_one_block  0.006880283355712891
generate_one_block  0.006756782531738281
generate_one_block  0.0067670345306396484
generate_one_block  0.0067729949951171875
generate_one_block  0.007041454315185547
generate_one_block  0.006745815277099609
generate_one_block  0.0071315765380859375
generate_one_block  0.006970882415771484
generate_one_block  0.007071733474731445
generate_one_block  0.0068242549896240234
generate_one_block  0.006660938262939453
generate_one_block  0.0070953369140625
generate_one_block  0.0069921016693115234
generate_one_block  0.0069010257720947266
generate_one_block  0.006988525390625
generate_one_block  0.00699305534362793
generate_one_block  0.007033109664916992
The real block id is  3
get_global_graph_edges_ids_block function  spend 0.0435183048248291
gen group dst list time:  0.022608280181884766
time for parepare:  0.019641399383544922
local_output_nid generation:  0.002084970474243164
local_in_edges_tensor generation:  0.008755207061767578
mini_batch_src_global generation:  0.0067822933197021484
r_  generation:  0.06449389457702637
local_output_nid generation:  0.004148006439208984
local_in_edges_tensor generation:  0.004186153411865234
mini_batch_src_global generation:  0.008812427520751953
r_  generation:  0.07188200950622559
local_output_nid generation:  0.0043871402740478516
local_in_edges_tensor generation:  0.004250764846801758
mini_batch_src_global generation:  0.007236480712890625
r_  generation:  0.07212138175964355
local_output_nid generation:  0.00473475456237793
local_in_edges_tensor generation:  0.005136728286743164
mini_batch_src_global generation:  0.008615493774414062
r_  generation:  0.07539796829223633
local_output_nid generation:  0.004874467849731445
local_in_edges_tensor generation:  0.006627798080444336
mini_batch_src_global generation:  0.008432865142822266
r_  generation:  0.07905817031860352
local_output_nid generation:  0.0045850276947021484
local_in_edges_tensor generation:  0.004695415496826172
mini_batch_src_global generation:  0.008260250091552734
r_  generation:  0.07465124130249023
local_output_nid generation:  0.004547119140625
local_in_edges_tensor generation:  0.004556894302368164
mini_batch_src_global generation:  0.007935762405395508
r_  generation:  0.07148027420043945
local_output_nid generation:  0.004530429840087891
local_in_edges_tensor generation:  0.005123615264892578
mini_batch_src_global generation:  0.008130073547363281
r_  generation:  0.0746312141418457
local_output_nid generation:  0.0046367645263671875
local_in_edges_tensor generation:  0.005914926528930664
mini_batch_src_global generation:  0.008596420288085938
r_  generation:  0.07432365417480469
local_output_nid generation:  0.004713773727416992
local_in_edges_tensor generation:  0.004712343215942383
mini_batch_src_global generation:  0.00931549072265625
r_  generation:  0.07686591148376465
local_output_nid generation:  0.004486083984375
local_in_edges_tensor generation:  0.004630327224731445
mini_batch_src_global generation:  0.01155710220336914
r_  generation:  0.07283878326416016
local_output_nid generation:  0.004662752151489258
local_in_edges_tensor generation:  0.0045833587646484375
mini_batch_src_global generation:  0.008211612701416016
r_  generation:  0.07404422760009766
local_output_nid generation:  0.0047647953033447266
local_in_edges_tensor generation:  0.005341291427612305
mini_batch_src_global generation:  0.008436441421508789
r_  generation:  0.07424116134643555
local_output_nid generation:  0.004658222198486328
local_in_edges_tensor generation:  0.005271196365356445
mini_batch_src_global generation:  0.00869894027709961
r_  generation:  0.08096456527709961
local_output_nid generation:  0.0046846866607666016
local_in_edges_tensor generation:  0.0046885013580322266
mini_batch_src_global generation:  0.008616447448730469
r_  generation:  0.0757455825805664
local_output_nid generation:  0.004820108413696289
local_in_edges_tensor generation:  0.004779338836669922
mini_batch_src_global generation:  0.008492708206176758
r_  generation:  0.0765542984008789
local_output_nid generation:  0.004790067672729492
local_in_edges_tensor generation:  0.005401611328125
mini_batch_src_global generation:  0.008572101593017578
r_  generation:  0.07498908042907715
local_output_nid generation:  0.004807233810424805
local_in_edges_tensor generation:  0.006102561950683594
mini_batch_src_global generation:  0.008574247360229492
r_  generation:  0.07534909248352051
local_output_nid generation:  0.004559040069580078
local_in_edges_tensor generation:  0.004619598388671875
mini_batch_src_global generation:  0.008580923080444336
r_  generation:  0.07410049438476562
local_output_nid generation:  0.004938364028930664
local_in_edges_tensor generation:  0.005609989166259766
mini_batch_src_global generation:  0.008856773376464844
r_  generation:  0.07803583145141602
local_output_nid generation:  0.004895210266113281
local_in_edges_tensor generation:  0.0055429935455322266
mini_batch_src_global generation:  0.008901357650756836
r_  generation:  0.07859444618225098
local_output_nid generation:  0.00463557243347168
local_in_edges_tensor generation:  0.004705190658569336
mini_batch_src_global generation:  0.008387565612792969
r_  generation:  0.07517600059509277
local_output_nid generation:  0.0050470829010009766
local_in_edges_tensor generation:  0.005103588104248047
mini_batch_src_global generation:  0.009051084518432617
r_  generation:  0.08030080795288086
local_output_nid generation:  0.004858493804931641
local_in_edges_tensor generation:  0.006065845489501953
mini_batch_src_global generation:  0.008464336395263672
r_  generation:  0.07630348205566406
local_output_nid generation:  0.004772663116455078
local_in_edges_tensor generation:  0.02490854263305664
mini_batch_src_global generation:  0.00819706916809082
r_  generation:  0.07464075088500977
local_output_nid generation:  0.004795074462890625
local_in_edges_tensor generation:  0.004765033721923828
mini_batch_src_global generation:  0.008521795272827148
r_  generation:  0.07613658905029297
local_output_nid generation:  0.004886150360107422
local_in_edges_tensor generation:  0.006960630416870117
mini_batch_src_global generation:  0.009649038314819336
r_  generation:  0.07789921760559082
local_output_nid generation:  0.0049207210540771484
local_in_edges_tensor generation:  0.004908561706542969
mini_batch_src_global generation:  0.00863957405090332
r_  generation:  0.0760648250579834
local_output_nid generation:  0.005200862884521484
local_in_edges_tensor generation:  0.0061206817626953125
mini_batch_src_global generation:  0.009452342987060547
r_  generation:  0.08308124542236328
local_output_nid generation:  0.004864692687988281
local_in_edges_tensor generation:  0.005585193634033203
mini_batch_src_global generation:  0.008999824523925781
r_  generation:  0.07605552673339844
local_output_nid generation:  0.004812955856323242
local_in_edges_tensor generation:  0.005404233932495117
mini_batch_src_global generation:  0.008376359939575195
r_  generation:  0.07534241676330566
local_output_nid generation:  0.004937887191772461
local_in_edges_tensor generation:  0.005616426467895508
mini_batch_src_global generation:  0.012195110321044922
r_  generation:  0.07789206504821777
local_output_nid generation:  0.004828214645385742
local_in_edges_tensor generation:  0.0059757232666015625
mini_batch_src_global generation:  0.008483171463012695
r_  generation:  0.07560420036315918
local_output_nid generation:  0.004942417144775391
local_in_edges_tensor generation:  0.006159543991088867
mini_batch_src_global generation:  0.008654356002807617
r_  generation:  0.07815980911254883
local_output_nid generation:  0.005129575729370117
local_in_edges_tensor generation:  0.005695819854736328
mini_batch_src_global generation:  0.008917570114135742
r_  generation:  0.07737207412719727
local_output_nid generation:  0.0048160552978515625
local_in_edges_tensor generation:  0.004817485809326172
mini_batch_src_global generation:  0.008377790451049805
r_  generation:  0.0734415054321289
local_output_nid generation:  0.004997968673706055
local_in_edges_tensor generation:  0.0056591033935546875
mini_batch_src_global generation:  0.009050846099853516
r_  generation:  0.07574987411499023
local_output_nid generation:  0.004988193511962891
local_in_edges_tensor generation:  0.00619053840637207
mini_batch_src_global generation:  0.00884103775024414
r_  generation:  0.07769298553466797
local_output_nid generation:  0.005099296569824219
local_in_edges_tensor generation:  0.005774021148681641
mini_batch_src_global generation:  0.009509563446044922
r_  generation:  0.07856941223144531
local_output_nid generation:  0.005096912384033203
local_in_edges_tensor generation:  0.005814313888549805
mini_batch_src_global generation:  0.009302139282226562
r_  generation:  0.0791163444519043
local_output_nid generation:  0.004921674728393555
local_in_edges_tensor generation:  0.0055294036865234375
mini_batch_src_global generation:  0.008700370788574219
r_  generation:  0.07663702964782715
local_output_nid generation:  0.004782199859619141
local_in_edges_tensor generation:  0.005284547805786133
mini_batch_src_global generation:  0.008536338806152344
r_  generation:  0.07432913780212402
local_output_nid generation:  0.00510716438293457
local_in_edges_tensor generation:  0.005742073059082031
mini_batch_src_global generation:  0.00955653190612793
r_  generation:  0.07963085174560547
local_output_nid generation:  0.004765510559082031
local_in_edges_tensor generation:  0.0048177242279052734
mini_batch_src_global generation:  0.008405447006225586
r_  generation:  0.07300758361816406
local_output_nid generation:  0.005198478698730469
local_in_edges_tensor generation:  0.006781339645385742
mini_batch_src_global generation:  0.009884834289550781
r_  generation:  0.08189606666564941
local_output_nid generation:  0.004995584487915039
local_in_edges_tensor generation:  0.005712747573852539
mini_batch_src_global generation:  0.009168863296508789
r_  generation:  0.0798501968383789
local_output_nid generation:  0.0050013065338134766
local_in_edges_tensor generation:  0.005696296691894531
mini_batch_src_global generation:  0.009667396545410156
r_  generation:  0.08035564422607422
local_output_nid generation:  0.0050699710845947266
local_in_edges_tensor generation:  0.0056531429290771484
mini_batch_src_global generation:  0.008854150772094727
r_  generation:  0.0776824951171875
local_output_nid generation:  0.004952669143676758
local_in_edges_tensor generation:  0.005559206008911133
mini_batch_src_global generation:  0.00852656364440918
r_  generation:  0.08059310913085938
local_output_nid generation:  0.004896640777587891
local_in_edges_tensor generation:  0.005486965179443359
mini_batch_src_global generation:  0.008866310119628906
r_  generation:  0.07509565353393555
local_output_nid generation:  0.004966020584106445
local_in_edges_tensor generation:  0.004859209060668945
mini_batch_src_global generation:  0.008525609970092773
r_  generation:  0.07338094711303711
local_output_nid generation:  0.005081653594970703
local_in_edges_tensor generation:  0.005861520767211914
mini_batch_src_global generation:  0.008951663970947266
r_  generation:  0.07908368110656738
local_output_nid generation:  0.004889249801635742
local_in_edges_tensor generation:  0.006761074066162109
mini_batch_src_global generation:  0.009092569351196289
r_  generation:  0.07639193534851074
local_output_nid generation:  0.005174875259399414
local_in_edges_tensor generation:  0.00575566291809082
mini_batch_src_global generation:  0.010027408599853516
r_  generation:  0.0830070972442627
local_output_nid generation:  0.005101680755615234
local_in_edges_tensor generation:  0.006154060363769531
mini_batch_src_global generation:  0.009022712707519531
r_  generation:  0.07816600799560547
local_output_nid generation:  0.005112648010253906
local_in_edges_tensor generation:  0.005140066146850586
mini_batch_src_global generation:  0.009216785430908203
r_  generation:  0.08014178276062012
local_output_nid generation:  0.005011081695556641
local_in_edges_tensor generation:  0.004809856414794922
mini_batch_src_global generation:  0.008882522583007812
r_  generation:  0.07735991477966309
local_output_nid generation:  0.0048754215240478516
local_in_edges_tensor generation:  0.005417585372924805
mini_batch_src_global generation:  0.009366273880004883
r_  generation:  0.07764935493469238
local_output_nid generation:  0.005173206329345703
local_in_edges_tensor generation:  0.007045269012451172
mini_batch_src_global generation:  0.009437322616577148
r_  generation:  0.08193159103393555
local_output_nid generation:  0.005063772201538086
local_in_edges_tensor generation:  0.0062143802642822266
mini_batch_src_global generation:  0.009005308151245117
r_  generation:  0.07675600051879883
local_output_nid generation:  0.0049631595611572266
local_in_edges_tensor generation:  0.005540132522583008
mini_batch_src_global generation:  0.008733510971069336
r_  generation:  0.0782618522644043
local_output_nid generation:  0.0051593780517578125
local_in_edges_tensor generation:  0.006476879119873047
mini_batch_src_global generation:  0.009199857711791992
r_  generation:  0.07957339286804199
local_output_nid generation:  0.005092144012451172
local_in_edges_tensor generation:  0.005692958831787109
mini_batch_src_global generation:  0.009378671646118164
r_  generation:  0.08002853393554688
local_output_nid generation:  0.005097866058349609
local_in_edges_tensor generation:  0.005738735198974609
mini_batch_src_global generation:  0.009131669998168945
r_  generation:  0.07991886138916016
----------------------check_connections_block total spend ----------------------------- 7.31136155128479
generate_one_block  0.10248804092407227
generate_one_block  0.1090855598449707
generate_one_block  0.10404467582702637
generate_one_block  0.10760378837585449
generate_one_block  0.10854554176330566
generate_one_block  0.10395479202270508
generate_one_block  0.09920144081115723
generate_one_block  0.10461544990539551
generate_one_block  0.10401487350463867
generate_one_block  0.10553574562072754
generate_one_block  0.09880399703979492
generate_one_block  0.10171294212341309
generate_one_block  0.10299086570739746
generate_one_block  0.1029348373413086
generate_one_block  0.10297870635986328
generate_one_block  0.1118922233581543
generate_one_block  0.10305309295654297
generate_one_block  0.10364198684692383
generate_one_block  0.09853577613830566
generate_one_block  0.10663557052612305
generate_one_block  0.10930275917053223
generate_one_block  0.09847569465637207
generate_one_block  0.10806918144226074
generate_one_block  0.10035014152526855
generate_one_block  0.09938287734985352
generate_one_block  0.10132861137390137
generate_one_block  0.1056673526763916
generate_one_block  0.10131359100341797
generate_one_block  0.1108388900756836
generate_one_block  0.10188841819763184
generate_one_block  0.10010385513305664
generate_one_block  0.10443520545959473
generate_one_block  0.09906363487243652
generate_one_block  0.10331034660339355
generate_one_block  0.10538959503173828
generate_one_block  0.09948253631591797
generate_one_block  0.10129499435424805
generate_one_block  0.10545587539672852
generate_one_block  0.1039590835571289
generate_one_block  0.10441350936889648
generate_one_block  0.10505247116088867
generate_one_block  0.09773588180541992
generate_one_block  0.10660123825073242
generate_one_block  0.09601283073425293
generate_one_block  0.10886740684509277
generate_one_block  0.10738444328308105
generate_one_block  0.10643601417541504
generate_one_block  0.10257935523986816
generate_one_block  0.09787344932556152
generate_one_block  0.09921503067016602
generate_one_block  0.09886503219604492
generate_one_block  0.10508489608764648
generate_one_block  0.10144925117492676
generate_one_block  0.1106410026550293
generate_one_block  0.10314273834228516
generate_one_block  0.10812687873840332
generate_one_block  0.09928441047668457
generate_one_block  0.10032296180725098
generate_one_block  0.10769057273864746
generate_one_block  0.10030889511108398
generate_one_block  0.10128998756408691
generate_one_block  0.1061861515045166
generate_one_block  0.10488772392272949
generate_one_block  0.10577178001403809
The real block id is  2
get_global_graph_edges_ids_block function  spend 0.05319666862487793
gen group dst list time:  0.14461803436279297
time for parepare:  0.018671512603759766
local_output_nid generation:  0.01539921760559082
local_in_edges_tensor generation:  0.05880403518676758
mini_batch_src_global generation:  0.03810715675354004
r_  generation:  0.3613746166229248
local_output_nid generation:  0.02225184440612793
local_in_edges_tensor generation:  0.04292607307434082
mini_batch_src_global generation:  0.05515336990356445
r_  generation:  0.36809682846069336
local_output_nid generation:  0.021271705627441406
local_in_edges_tensor generation:  0.030460596084594727
mini_batch_src_global generation:  0.0461733341217041
r_  generation:  0.3766045570373535
local_output_nid generation:  0.021437883377075195
local_in_edges_tensor generation:  0.02884054183959961
mini_batch_src_global generation:  0.048876047134399414
r_  generation:  0.37507152557373047
local_output_nid generation:  0.020504236221313477
local_in_edges_tensor generation:  0.025454282760620117
mini_batch_src_global generation:  0.0535130500793457
r_  generation:  0.38132667541503906
local_output_nid generation:  0.020322799682617188
local_in_edges_tensor generation:  0.02200627326965332
mini_batch_src_global generation:  0.06714797019958496
r_  generation:  0.3698272705078125
local_output_nid generation:  0.020162582397460938
local_in_edges_tensor generation:  0.02138543128967285
mini_batch_src_global generation:  0.04755067825317383
r_  generation:  0.36801624298095703
local_output_nid generation:  0.020865678787231445
local_in_edges_tensor generation:  0.028369903564453125
mini_batch_src_global generation:  0.04792332649230957
r_  generation:  0.39919090270996094
local_output_nid generation:  0.0233767032623291
local_in_edges_tensor generation:  0.033605098724365234
mini_batch_src_global generation:  0.05262422561645508
r_  generation:  0.37401270866394043
local_output_nid generation:  0.020732879638671875
local_in_edges_tensor generation:  0.029441356658935547
mini_batch_src_global generation:  0.05025649070739746
r_  generation:  0.37737584114074707
local_output_nid generation:  0.02023148536682129
local_in_edges_tensor generation:  0.022429943084716797
mini_batch_src_global generation:  0.046465396881103516
r_  generation:  0.3721177577972412
local_output_nid generation:  0.020516395568847656
local_in_edges_tensor generation:  0.027796506881713867
mini_batch_src_global generation:  0.04958462715148926
r_  generation:  0.3724088668823242
local_output_nid generation:  0.020612001419067383
local_in_edges_tensor generation:  0.028758764266967773
mini_batch_src_global generation:  0.04584550857543945
r_  generation:  0.37555599212646484
local_output_nid generation:  0.020541667938232422
local_in_edges_tensor generation:  0.02486896514892578
mini_batch_src_global generation:  0.04639029502868652
r_  generation:  0.3711707592010498
local_output_nid generation:  0.020457029342651367
local_in_edges_tensor generation:  0.02523183822631836
mini_batch_src_global generation:  0.04797840118408203
r_  generation:  0.3720691204071045
local_output_nid generation:  0.020441293716430664
local_in_edges_tensor generation:  0.028377771377563477
mini_batch_src_global generation:  0.05745553970336914
r_  generation:  0.3735058307647705
local_output_nid generation:  0.020513296127319336
local_in_edges_tensor generation:  0.028715848922729492
mini_batch_src_global generation:  0.047255516052246094
r_  generation:  0.3722546100616455
local_output_nid generation:  0.021320104598999023
local_in_edges_tensor generation:  0.02436971664428711
mini_batch_src_global generation:  0.05566596984863281
r_  generation:  0.38718318939208984
local_output_nid generation:  0.02240896224975586
local_in_edges_tensor generation:  0.02939581871032715
mini_batch_src_global generation:  0.04783892631530762
r_  generation:  0.3698084354400635
local_output_nid generation:  0.020772218704223633
local_in_edges_tensor generation:  0.02139902114868164
mini_batch_src_global generation:  0.04948019981384277
r_  generation:  0.3800804615020752
local_output_nid generation:  0.02080512046813965
local_in_edges_tensor generation:  0.024457693099975586
mini_batch_src_global generation:  0.0510561466217041
r_  generation:  0.3780074119567871
local_output_nid generation:  0.020179033279418945
local_in_edges_tensor generation:  0.02085709571838379
mini_batch_src_global generation:  0.0467681884765625
r_  generation:  0.36901068687438965
local_output_nid generation:  0.020992755889892578
local_in_edges_tensor generation:  0.024608373641967773
mini_batch_src_global generation:  0.05585622787475586
r_  generation:  0.38814449310302734
local_output_nid generation:  0.020389795303344727
local_in_edges_tensor generation:  0.021344661712646484
mini_batch_src_global generation:  0.04694056510925293
r_  generation:  0.370699405670166
local_output_nid generation:  0.02032184600830078
local_in_edges_tensor generation:  0.026474475860595703
mini_batch_src_global generation:  0.06336355209350586
r_  generation:  0.4095287322998047
local_output_nid generation:  0.023998498916625977
local_in_edges_tensor generation:  0.036096811294555664
mini_batch_src_global generation:  0.05478072166442871
r_  generation:  0.37688326835632324
local_output_nid generation:  0.020906448364257812
local_in_edges_tensor generation:  0.030240297317504883
mini_batch_src_global generation:  0.048838138580322266
r_  generation:  0.38584113121032715
local_output_nid generation:  0.020583391189575195
local_in_edges_tensor generation:  0.022431135177612305
mini_batch_src_global generation:  0.046159982681274414
r_  generation:  0.3738899230957031
local_output_nid generation:  0.021287202835083008
local_in_edges_tensor generation:  0.021391868591308594
mini_batch_src_global generation:  0.04734611511230469
r_  generation:  0.4143521785736084
local_output_nid generation:  0.020817279815673828
local_in_edges_tensor generation:  0.028245925903320312
mini_batch_src_global generation:  0.046985626220703125
r_  generation:  0.38627147674560547
local_output_nid generation:  0.021706104278564453
local_in_edges_tensor generation:  0.03034210205078125
mini_batch_src_global generation:  0.04565882682800293
r_  generation:  0.3996107578277588
local_output_nid generation:  0.023730754852294922
local_in_edges_tensor generation:  0.03349161148071289
mini_batch_src_global generation:  0.05093789100646973
r_  generation:  0.3852393627166748
local_output_nid generation:  0.020491361618041992
local_in_edges_tensor generation:  0.028099536895751953
mini_batch_src_global generation:  0.045719146728515625
r_  generation:  0.37322258949279785
local_output_nid generation:  0.020729780197143555
local_in_edges_tensor generation:  0.02116537094116211
mini_batch_src_global generation:  0.04886126518249512
r_  generation:  0.3788611888885498
local_output_nid generation:  0.021153688430786133
local_in_edges_tensor generation:  0.024089336395263672
mini_batch_src_global generation:  0.04915165901184082
r_  generation:  0.38123559951782227
local_output_nid generation:  0.020630359649658203
local_in_edges_tensor generation:  0.02096867561340332
mini_batch_src_global generation:  0.04630255699157715
r_  generation:  0.3762638568878174
local_output_nid generation:  0.020665407180786133
local_in_edges_tensor generation:  0.02381157875061035
mini_batch_src_global generation:  0.04578375816345215
r_  generation:  0.3759419918060303
local_output_nid generation:  0.020829200744628906
local_in_edges_tensor generation:  0.027936458587646484
mini_batch_src_global generation:  0.046504974365234375
r_  generation:  0.38472867012023926
local_output_nid generation:  0.02139902114868164
local_in_edges_tensor generation:  0.0249786376953125
mini_batch_src_global generation:  0.04601883888244629
r_  generation:  0.392988920211792
local_output_nid generation:  0.020846128463745117
local_in_edges_tensor generation:  0.024417400360107422
mini_batch_src_global generation:  0.049373626708984375
r_  generation:  0.3847804069519043
local_output_nid generation:  0.02082514762878418
local_in_edges_tensor generation:  0.021105289459228516
mini_batch_src_global generation:  0.048956871032714844
r_  generation:  0.38279151916503906
local_output_nid generation:  0.02061748504638672
local_in_edges_tensor generation:  0.023865938186645508
mini_batch_src_global generation:  0.04656648635864258
r_  generation:  0.3768310546875
local_output_nid generation:  0.021978139877319336
local_in_edges_tensor generation:  0.03076910972595215
mini_batch_src_global generation:  0.04905962944030762
r_  generation:  0.38680148124694824
local_output_nid generation:  0.023470640182495117
local_in_edges_tensor generation:  0.02632451057434082
mini_batch_src_global generation:  0.04991483688354492
r_  generation:  0.39170193672180176
local_output_nid generation:  0.023681640625
local_in_edges_tensor generation:  0.03070235252380371
mini_batch_src_global generation:  0.05030179023742676
r_  generation:  0.3937973976135254
local_output_nid generation:  0.021088838577270508
local_in_edges_tensor generation:  0.03522515296936035
mini_batch_src_global generation:  0.04701852798461914
r_  generation:  0.3851792812347412
local_output_nid generation:  0.021242141723632812
local_in_edges_tensor generation:  0.026623249053955078
mini_batch_src_global generation:  0.049748897552490234
r_  generation:  0.3899228572845459
local_output_nid generation:  0.020855188369750977
local_in_edges_tensor generation:  0.021317243576049805
mini_batch_src_global generation:  0.04648566246032715
r_  generation:  0.38012099266052246
local_output_nid generation:  0.020643234252929688
local_in_edges_tensor generation:  0.021161317825317383
mini_batch_src_global generation:  0.046163082122802734
r_  generation:  0.37573981285095215
local_output_nid generation:  0.020757436752319336
local_in_edges_tensor generation:  0.020606279373168945
mini_batch_src_global generation:  0.04546189308166504
r_  generation:  0.37578821182250977
local_output_nid generation:  0.020815134048461914
local_in_edges_tensor generation:  0.02363872528076172
mini_batch_src_global generation:  0.04814577102661133
r_  generation:  0.3767731189727783
local_output_nid generation:  0.02122974395751953
local_in_edges_tensor generation:  0.02830815315246582
mini_batch_src_global generation:  0.051186561584472656
r_  generation:  0.38985538482666016
local_output_nid generation:  0.020717144012451172
local_in_edges_tensor generation:  0.027587890625
mini_batch_src_global generation:  0.04633331298828125
r_  generation:  0.3811922073364258
local_output_nid generation:  0.021454811096191406
local_in_edges_tensor generation:  0.024892568588256836
mini_batch_src_global generation:  0.05224108695983887
r_  generation:  0.3909776210784912
local_output_nid generation:  0.02091193199157715
local_in_edges_tensor generation:  0.027390718460083008
mini_batch_src_global generation:  0.046085357666015625
r_  generation:  0.3859255313873291
local_output_nid generation:  0.02223038673400879
local_in_edges_tensor generation:  0.024278640747070312
mini_batch_src_global generation:  0.047448158264160156
r_  generation:  0.39739394187927246
local_output_nid generation:  0.020835399627685547
local_in_edges_tensor generation:  0.02873396873474121
mini_batch_src_global generation:  0.050896644592285156
r_  generation:  0.3791356086730957
local_output_nid generation:  0.020707130432128906
local_in_edges_tensor generation:  0.02746891975402832
mini_batch_src_global generation:  0.046868085861206055
r_  generation:  0.383974552154541
local_output_nid generation:  0.023377656936645508
local_in_edges_tensor generation:  0.03500509262084961
mini_batch_src_global generation:  0.04705095291137695
r_  generation:  0.39087986946105957
local_output_nid generation:  0.02062678337097168
local_in_edges_tensor generation:  0.020647525787353516
mini_batch_src_global generation:  0.04666638374328613
r_  generation:  0.3760247230529785
local_output_nid generation:  0.02109527587890625
local_in_edges_tensor generation:  0.021145105361938477
mini_batch_src_global generation:  0.04602551460266113
r_  generation:  0.3837621212005615
local_output_nid generation:  0.02100992202758789
local_in_edges_tensor generation:  0.028777360916137695
mini_batch_src_global generation:  0.04657340049743652
r_  generation:  0.3859899044036865
local_output_nid generation:  0.021083593368530273
local_in_edges_tensor generation:  0.024294614791870117
mini_batch_src_global generation:  0.04646563529968262
r_  generation:  0.3837759494781494
local_output_nid generation:  0.0210115909576416
local_in_edges_tensor generation:  0.021465778350830078
mini_batch_src_global generation:  0.04637002944946289
r_  generation:  0.38297605514526367
----------------------check_connections_block total spend ----------------------------- 35.76344442367554
generate_one_block  0.5035316944122314
generate_one_block  0.5328631401062012
generate_one_block  0.4993579387664795
generate_one_block  0.5015523433685303
generate_one_block  0.503187894821167
generate_one_block  0.48511457443237305
generate_one_block  0.6190087795257568
generate_one_block  0.4987156391143799
generate_one_block  0.48952794075012207
generate_one_block  0.5147109031677246
generate_one_block  0.48403000831604004
generate_one_block  0.4909501075744629
generate_one_block  0.5009534358978271
generate_one_block  0.4959084987640381
generate_one_block  0.5285282135009766
generate_one_block  0.49805712699890137
generate_one_block  0.5002956390380859
generate_one_block  0.526893138885498
generate_one_block  0.49454712867736816
generate_one_block  0.503901481628418
generate_one_block  0.5122294425964355
generate_one_block  0.4848449230194092
generate_one_block  0.5112462043762207
generate_one_block  0.4994347095489502
generate_one_block  0.5007956027984619
generate_one_block  0.5003509521484375
generate_one_block  0.5136618614196777
generate_one_block  0.5089311599731445
generate_one_block  0.528472900390625
generate_one_block  0.4935169219970703
generate_one_block  0.48954081535339355
generate_one_block  0.5003769397735596
generate_one_block  0.48422980308532715
generate_one_block  0.4951472282409668
generate_one_block  0.512493371963501
generate_one_block  0.48603343963623047
generate_one_block  0.49370670318603516
generate_one_block  0.5079123973846436
generate_one_block  0.5017333030700684
generate_one_block  0.5045375823974609
generate_one_block  0.4929029941558838
generate_one_block  0.48553991317749023
generate_one_block  0.5031211376190186
generate_one_block  0.489823579788208
generate_one_block  0.5224823951721191
generate_one_block  0.5045430660247803
generate_one_block  0.5160505771636963
generate_one_block  0.4835476875305176
generate_one_block  0.4775066375732422
generate_one_block  0.4948875904083252
generate_one_block  0.4937248229980469
generate_one_block  0.5085201263427734
generate_one_block  0.500652551651001
generate_one_block  0.5229058265686035
generate_one_block  0.4875519275665283
generate_one_block  0.5022072792053223
generate_one_block  0.4986536502838135
generate_one_block  0.49364662170410156
generate_one_block  0.5209784507751465
generate_one_block  0.4802980422973633
generate_one_block  0.4885706901550293
generate_one_block  0.5104689598083496
generate_one_block  0.5057055950164795
generate_one_block  0.5020322799682617
The real block id is  1
get_global_graph_edges_ids_block function  spend 0.0730438232421875
gen group dst list time:  0.331279993057251
time for parepare:  0.019376754760742188
local_output_nid generation:  0.030629396438598633
local_in_edges_tensor generation:  0.05641508102416992
mini_batch_src_global generation:  0.05107522010803223
r_  generation:  0.499833345413208
local_output_nid generation:  0.03636956214904785
local_in_edges_tensor generation:  0.05126833915710449
mini_batch_src_global generation:  0.05863618850708008
r_  generation:  0.5052680969238281
local_output_nid generation:  0.03862810134887695
local_in_edges_tensor generation:  0.04238533973693848
mini_batch_src_global generation:  0.05326700210571289
r_  generation:  0.5186612606048584
local_output_nid generation:  0.03635716438293457
local_in_edges_tensor generation:  0.035767555236816406
mini_batch_src_global generation:  0.05524158477783203
r_  generation:  0.5174612998962402
local_output_nid generation:  0.03631091117858887
local_in_edges_tensor generation:  0.037354469299316406
mini_batch_src_global generation:  0.05626726150512695
r_  generation:  0.5263807773590088
local_output_nid generation:  0.03445839881896973
local_in_edges_tensor generation:  0.04882693290710449
mini_batch_src_global generation:  0.07419705390930176
r_  generation:  0.5295596122741699
local_output_nid generation:  0.03650331497192383
local_in_edges_tensor generation:  0.047686100006103516
mini_batch_src_global generation:  0.058096885681152344
r_  generation:  0.5254571437835693
local_output_nid generation:  0.03511810302734375
local_in_edges_tensor generation:  0.03378438949584961
mini_batch_src_global generation:  0.05875873565673828
r_  generation:  0.5216431617736816
local_output_nid generation:  0.03598308563232422
local_in_edges_tensor generation:  0.03389573097229004
mini_batch_src_global generation:  0.05811500549316406
r_  generation:  0.5264999866485596
local_output_nid generation:  0.035378217697143555
local_in_edges_tensor generation:  0.04742097854614258
mini_batch_src_global generation:  0.06002497673034668
r_  generation:  0.5192618370056152
local_output_nid generation:  0.03542017936706543
local_in_edges_tensor generation:  0.04232192039489746
mini_batch_src_global generation:  0.05759286880493164
r_  generation:  0.5256695747375488
local_output_nid generation:  0.03540492057800293
local_in_edges_tensor generation:  0.03369760513305664
mini_batch_src_global generation:  0.05826282501220703
r_  generation:  0.5178558826446533
local_output_nid generation:  0.03550982475280762
local_in_edges_tensor generation:  0.03793501853942871
mini_batch_src_global generation:  0.05843830108642578
r_  generation:  0.5266501903533936
local_output_nid generation:  0.03541254997253418
local_in_edges_tensor generation:  0.043314456939697266
mini_batch_src_global generation:  0.05907106399536133
r_  generation:  0.5195972919464111
local_output_nid generation:  0.03525805473327637
local_in_edges_tensor generation:  0.03304624557495117
mini_batch_src_global generation:  0.05801582336425781
r_  generation:  0.5251073837280273
local_output_nid generation:  0.03537130355834961
local_in_edges_tensor generation:  0.03433990478515625
mini_batch_src_global generation:  0.05910992622375488
r_  generation:  0.5197937488555908
local_output_nid generation:  0.03525114059448242
local_in_edges_tensor generation:  0.0426943302154541
mini_batch_src_global generation:  0.05833578109741211
r_  generation:  0.5263881683349609
local_output_nid generation:  0.03542637825012207
local_in_edges_tensor generation:  0.03371858596801758
mini_batch_src_global generation:  0.0626375675201416
r_  generation:  0.5223119258880615
local_output_nid generation:  0.0353550910949707
local_in_edges_tensor generation:  0.03358316421508789
mini_batch_src_global generation:  0.05807971954345703
r_  generation:  0.5250034332275391
local_output_nid generation:  0.03618741035461426
local_in_edges_tensor generation:  0.042775869369506836
mini_batch_src_global generation:  0.06210470199584961
r_  generation:  0.526498556137085
local_output_nid generation:  0.035596609115600586
local_in_edges_tensor generation:  0.042387962341308594
mini_batch_src_global generation:  0.05897665023803711
r_  generation:  0.5278949737548828
local_output_nid generation:  0.03554987907409668
local_in_edges_tensor generation:  0.03390169143676758
mini_batch_src_global generation:  0.05942654609680176
r_  generation:  0.5195915699005127
local_output_nid generation:  0.03561735153198242
local_in_edges_tensor generation:  0.037784576416015625
mini_batch_src_global generation:  0.06235671043395996
r_  generation:  0.5245828628540039
local_output_nid generation:  0.03564023971557617
local_in_edges_tensor generation:  0.047406673431396484
mini_batch_src_global generation:  0.059587955474853516
r_  generation:  0.5206146240234375
local_output_nid generation:  0.035620927810668945
local_in_edges_tensor generation:  0.033308982849121094
mini_batch_src_global generation:  0.05957198143005371
r_  generation:  0.5284113883972168
local_output_nid generation:  0.035662174224853516
local_in_edges_tensor generation:  0.0377349853515625
mini_batch_src_global generation:  0.05879974365234375
r_  generation:  0.523735523223877
local_output_nid generation:  0.03549051284790039
local_in_edges_tensor generation:  0.03380990028381348
mini_batch_src_global generation:  0.05930328369140625
r_  generation:  0.5274441242218018
local_output_nid generation:  0.035889625549316406
local_in_edges_tensor generation:  0.03759479522705078
mini_batch_src_global generation:  0.05976152420043945
r_  generation:  0.5249481201171875
local_output_nid generation:  0.035845041275024414
local_in_edges_tensor generation:  0.03490447998046875
mini_batch_src_global generation:  0.06239771842956543
r_  generation:  0.5292770862579346
local_output_nid generation:  0.035781145095825195
local_in_edges_tensor generation:  0.03430318832397461
mini_batch_src_global generation:  0.05924272537231445
r_  generation:  0.5234389305114746
local_output_nid generation:  0.0356144905090332
local_in_edges_tensor generation:  0.04266357421875
mini_batch_src_global generation:  0.05937075614929199
r_  generation:  0.5260570049285889
local_output_nid generation:  0.03690981864929199
local_in_edges_tensor generation:  0.04346871376037598
mini_batch_src_global generation:  0.05891609191894531
r_  generation:  0.5237550735473633
local_output_nid generation:  0.03593897819519043
local_in_edges_tensor generation:  0.042243003845214844
mini_batch_src_global generation:  0.05839729309082031
r_  generation:  0.5249578952789307
local_output_nid generation:  0.03761458396911621
local_in_edges_tensor generation:  0.033454179763793945
mini_batch_src_global generation:  0.05886268615722656
r_  generation:  0.5235707759857178
local_output_nid generation:  0.0360407829284668
local_in_edges_tensor generation:  0.04223370552062988
mini_batch_src_global generation:  0.06278228759765625
r_  generation:  0.5247371196746826
local_output_nid generation:  0.036100149154663086
local_in_edges_tensor generation:  0.03850960731506348
mini_batch_src_global generation:  0.0621485710144043
r_  generation:  0.5214195251464844
local_output_nid generation:  0.035948991775512695
local_in_edges_tensor generation:  0.03382229804992676
mini_batch_src_global generation:  0.05981254577636719
r_  generation:  0.5248403549194336
local_output_nid generation:  0.03608083724975586
local_in_edges_tensor generation:  0.04222607612609863
mini_batch_src_global generation:  0.06244635581970215
r_  generation:  0.5298061370849609
local_output_nid generation:  0.03634190559387207
local_in_edges_tensor generation:  0.04609990119934082
mini_batch_src_global generation:  0.06201887130737305
r_  generation:  0.5232510566711426
local_output_nid generation:  0.035829782485961914
local_in_edges_tensor generation:  0.03796696662902832
mini_batch_src_global generation:  0.059890031814575195
r_  generation:  0.5271029472351074
local_output_nid generation:  0.03569316864013672
local_in_edges_tensor generation:  0.039954185485839844
mini_batch_src_global generation:  0.061768293380737305
r_  generation:  0.5229568481445312
local_output_nid generation:  0.035863399505615234
local_in_edges_tensor generation:  0.03899359703063965
mini_batch_src_global generation:  0.05953621864318848
r_  generation:  0.5335288047790527
local_output_nid generation:  0.03675079345703125
local_in_edges_tensor generation:  0.052236318588256836
mini_batch_src_global generation:  0.059067487716674805
r_  generation:  0.531381368637085
local_output_nid generation:  0.03570055961608887
local_in_edges_tensor generation:  0.2537567615509033
mini_batch_src_global generation:  0.06239748001098633
r_  generation:  0.5254840850830078
local_output_nid generation:  0.035063743591308594
local_in_edges_tensor generation:  0.03423190116882324
mini_batch_src_global generation:  0.06186366081237793
r_  generation:  0.5326118469238281
local_output_nid generation:  0.03479886054992676
local_in_edges_tensor generation:  0.052213191986083984
mini_batch_src_global generation:  0.060210466384887695
r_  generation:  0.5277113914489746
local_output_nid generation:  0.03481483459472656
local_in_edges_tensor generation:  0.03767585754394531
mini_batch_src_global generation:  0.06263566017150879
r_  generation:  0.5348968505859375
local_output_nid generation:  0.03478360176086426
local_in_edges_tensor generation:  0.03838181495666504
mini_batch_src_global generation:  0.0601041316986084
r_  generation:  0.5282855033874512
local_output_nid generation:  0.03501772880554199
local_in_edges_tensor generation:  0.04182744026184082
mini_batch_src_global generation:  0.061208248138427734
r_  generation:  0.5300376415252686
local_output_nid generation:  0.03466796875
local_in_edges_tensor generation:  0.03270864486694336
mini_batch_src_global generation:  0.059144020080566406
r_  generation:  0.5257751941680908
local_output_nid generation:  0.034839630126953125
local_in_edges_tensor generation:  0.04561138153076172
mini_batch_src_global generation:  0.06366157531738281
r_  generation:  0.5282778739929199
local_output_nid generation:  0.03551602363586426
local_in_edges_tensor generation:  0.03762054443359375
mini_batch_src_global generation:  0.05973505973815918
r_  generation:  0.5352413654327393
local_output_nid generation:  0.03511333465576172
local_in_edges_tensor generation:  0.03190255165100098
mini_batch_src_global generation:  0.0601041316986084
r_  generation:  0.526015043258667
local_output_nid generation:  0.03480172157287598
local_in_edges_tensor generation:  0.03416776657104492
mini_batch_src_global generation:  0.05974555015563965
r_  generation:  0.5245568752288818
local_output_nid generation:  0.03480887413024902
local_in_edges_tensor generation:  0.04176902770996094
mini_batch_src_global generation:  0.06444239616394043
r_  generation:  0.5262203216552734
local_output_nid generation:  0.03491854667663574
local_in_edges_tensor generation:  0.04140639305114746
mini_batch_src_global generation:  0.05975508689880371
r_  generation:  0.5286386013031006
local_output_nid generation:  0.03499197959899902
local_in_edges_tensor generation:  0.03766965866088867
mini_batch_src_global generation:  0.0610809326171875
r_  generation:  0.5248441696166992
local_output_nid generation:  0.03464078903198242
local_in_edges_tensor generation:  0.03621959686279297
mini_batch_src_global generation:  0.05994105339050293
r_  generation:  0.5269680023193359
local_output_nid generation:  0.035417795181274414
local_in_edges_tensor generation:  0.04140329360961914
mini_batch_src_global generation:  0.06024169921875
r_  generation:  0.5268723964691162
local_output_nid generation:  0.035262107849121094
local_in_edges_tensor generation:  0.03769636154174805
mini_batch_src_global generation:  0.0597987174987793
r_  generation:  0.525252103805542
local_output_nid generation:  0.035514116287231445
local_in_edges_tensor generation:  0.03244352340698242
mini_batch_src_global generation:  0.06406021118164062
r_  generation:  0.5256874561309814
local_output_nid generation:  0.03486800193786621
local_in_edges_tensor generation:  0.033498525619506836
mini_batch_src_global generation:  0.05964255332946777
r_  generation:  0.5234048366546631
local_output_nid generation:  0.03509950637817383
local_in_edges_tensor generation:  0.03292393684387207
mini_batch_src_global generation:  0.06470847129821777
r_  generation:  0.523261547088623
local_output_nid generation:  0.0350794792175293
local_in_edges_tensor generation:  0.04149627685546875
mini_batch_src_global generation:  0.0601046085357666
r_  generation:  0.5270943641662598
----------------------check_connections_block total spend ----------------------------- 50.11536359786987
generate_one_block  0.6815593242645264
generate_one_block  0.6810381412506104
generate_one_block  0.6707086563110352
generate_one_block  0.6590220928192139
generate_one_block  0.6542835235595703
generate_one_block  0.6606161594390869
generate_one_block  0.6689934730529785
generate_one_block  0.6653146743774414
generate_one_block  0.6649935245513916
generate_one_block  0.6712870597839355
generate_one_block  0.6708409786224365
generate_one_block  0.6497373580932617
generate_one_block  0.6624810695648193
generate_one_block  0.6517374515533447
generate_one_block  0.6502125263214111
generate_one_block  0.6906924247741699
generate_one_block  0.6508064270019531
generate_one_block  0.708137035369873
generate_one_block  0.6629664897918701
generate_one_block  0.6827127933502197
generate_one_block  0.6525673866271973
generate_one_block  0.6533150672912598
generate_one_block  0.6679174900054932
generate_one_block  0.6644890308380127
generate_one_block  0.6532137393951416
generate_one_block  0.6663706302642822
generate_one_block  0.6531417369842529
generate_one_block  0.6896483898162842
generate_one_block  0.7140488624572754
generate_one_block  0.6552529335021973
generate_one_block  0.6603775024414062
generate_one_block  0.676673173904419
generate_one_block  0.6477422714233398
generate_one_block  0.6535677909851074
generate_one_block  0.6986596584320068
generate_one_block  0.6618473529815674
generate_one_block  0.6601729393005371
generate_one_block  0.6996216773986816
generate_one_block  0.6794576644897461
generate_one_block  0.6677486896514893
generate_one_block  0.6825520992279053
generate_one_block  0.672234058380127
generate_one_block  0.6761171817779541
generate_one_block  0.663508415222168
generate_one_block  0.6875429153442383
generate_one_block  0.6774861812591553
generate_one_block  0.6542820930480957
generate_one_block  0.6653850078582764
generate_one_block  0.6533677577972412
generate_one_block  0.6508615016937256
generate_one_block  0.6774547100067139
generate_one_block  0.672614574432373
generate_one_block  0.6522889137268066
generate_one_block  0.6658201217651367
generate_one_block  0.6647379398345947
generate_one_block  0.66709303855896
generate_one_block  0.6723532676696777
generate_one_block  0.9206211566925049
generate_one_block  0.6857616901397705
generate_one_block  0.6609952449798584
generate_one_block  0.6720125675201416
generate_one_block  0.6530218124389648
generate_one_block  0.6695787906646729
generate_one_block  0.6858725547790527
The real block id is  0
get_global_graph_edges_ids_block function  spend 0.08973169326782227
gen group dst list time:  0.3741738796234131
time for parepare:  0.019173145294189453
local_output_nid generation:  0.0363156795501709
local_in_edges_tensor generation:  0.050606489181518555
mini_batch_src_global generation:  0.0438389778137207
r_  generation:  0.5062251091003418
local_output_nid generation:  0.04117083549499512
local_in_edges_tensor generation:  0.0347902774810791
mini_batch_src_global generation:  0.05716753005981445
r_  generation:  0.49793577194213867
local_output_nid generation:  0.04171013832092285
local_in_edges_tensor generation:  0.038788795471191406
mini_batch_src_global generation:  0.05595278739929199
r_  generation:  0.5076420307159424
local_output_nid generation:  0.041567087173461914
local_in_edges_tensor generation:  0.036894798278808594
mini_batch_src_global generation:  0.05857276916503906
r_  generation:  0.5069684982299805
local_output_nid generation:  0.04128456115722656
local_in_edges_tensor generation:  0.039261817932128906
mini_batch_src_global generation:  0.0550379753112793
r_  generation:  0.5090947151184082
local_output_nid generation:  0.039964914321899414
local_in_edges_tensor generation:  0.0394899845123291
mini_batch_src_global generation:  0.05545687675476074
r_  generation:  0.5047760009765625
local_output_nid generation:  0.03966259956359863
local_in_edges_tensor generation:  0.03975939750671387
mini_batch_src_global generation:  0.05513405799865723
r_  generation:  0.508535623550415
local_output_nid generation:  0.039339542388916016
local_in_edges_tensor generation:  0.03928637504577637
mini_batch_src_global generation:  0.05543398857116699
r_  generation:  0.5041365623474121
local_output_nid generation:  0.03892374038696289
local_in_edges_tensor generation:  0.04393792152404785
mini_batch_src_global generation:  0.0551609992980957
r_  generation:  0.5136866569519043
local_output_nid generation:  0.03901314735412598
local_in_edges_tensor generation:  0.03931379318237305
mini_batch_src_global generation:  0.05595254898071289
r_  generation:  0.513225793838501
local_output_nid generation:  0.039098501205444336
local_in_edges_tensor generation:  0.03975391387939453
mini_batch_src_global generation:  0.054561614990234375
r_  generation:  0.5162136554718018
local_output_nid generation:  0.03959035873413086
local_in_edges_tensor generation:  0.043796539306640625
mini_batch_src_global generation:  0.056342363357543945
r_  generation:  0.5123851299285889
local_output_nid generation:  0.03926396369934082
local_in_edges_tensor generation:  0.03953266143798828
mini_batch_src_global generation:  0.0558466911315918
r_  generation:  0.5224897861480713
local_output_nid generation:  0.03958606719970703
local_in_edges_tensor generation:  0.04396796226501465
mini_batch_src_global generation:  0.05654621124267578
r_  generation:  0.5194308757781982
local_output_nid generation:  0.03908276557922363
local_in_edges_tensor generation:  0.039376020431518555
mini_batch_src_global generation:  0.055119991302490234
r_  generation:  0.5296521186828613
local_output_nid generation:  0.03925275802612305
local_in_edges_tensor generation:  0.04060053825378418
mini_batch_src_global generation:  0.056565284729003906
r_  generation:  0.5167582035064697
local_output_nid generation:  0.039093017578125
local_in_edges_tensor generation:  0.04529929161071777
mini_batch_src_global generation:  0.055800437927246094
r_  generation:  0.5254213809967041
local_output_nid generation:  0.03890109062194824
local_in_edges_tensor generation:  0.04319620132446289
mini_batch_src_global generation:  0.057137489318847656
r_  generation:  0.5260014533996582
local_output_nid generation:  0.039243459701538086
local_in_edges_tensor generation:  0.03928375244140625
mini_batch_src_global generation:  0.057373762130737305
r_  generation:  0.5290155410766602
local_output_nid generation:  0.03900551795959473
local_in_edges_tensor generation:  0.046334266662597656
mini_batch_src_global generation:  0.060083627700805664
r_  generation:  0.5262701511383057
local_output_nid generation:  0.040064334869384766
local_in_edges_tensor generation:  0.041512250900268555
mini_batch_src_global generation:  0.056334733963012695
r_  generation:  0.5320510864257812
local_output_nid generation:  0.04292607307434082
local_in_edges_tensor generation:  0.04539060592651367
mini_batch_src_global generation:  0.062091827392578125
r_  generation:  0.5217742919921875
local_output_nid generation:  0.04059147834777832
local_in_edges_tensor generation:  0.03680920600891113
mini_batch_src_global generation:  0.05837297439575195
r_  generation:  0.5232334136962891
local_output_nid generation:  0.040543556213378906
local_in_edges_tensor generation:  0.04383063316345215
mini_batch_src_global generation:  0.05650925636291504
r_  generation:  0.5178017616271973
local_output_nid generation:  0.04072213172912598
local_in_edges_tensor generation:  0.04343914985656738
mini_batch_src_global generation:  0.05593299865722656
r_  generation:  0.520759105682373
local_output_nid generation:  0.04066729545593262
local_in_edges_tensor generation:  0.0391383171081543
mini_batch_src_global generation:  0.056780099868774414
r_  generation:  0.5173244476318359
local_output_nid generation:  0.04011178016662598
local_in_edges_tensor generation:  0.03935670852661133
mini_batch_src_global generation:  0.07815217971801758
r_  generation:  0.5231866836547852
local_output_nid generation:  0.040452003479003906
local_in_edges_tensor generation:  0.03917884826660156
mini_batch_src_global generation:  0.05645918846130371
r_  generation:  0.5186302661895752
local_output_nid generation:  0.040463924407958984
local_in_edges_tensor generation:  0.043784141540527344
mini_batch_src_global generation:  0.056322574615478516
r_  generation:  0.518120527267456
local_output_nid generation:  0.04076719284057617
local_in_edges_tensor generation:  0.03917717933654785
mini_batch_src_global generation:  0.05771064758300781
r_  generation:  0.5141804218292236
local_output_nid generation:  0.04043316841125488
local_in_edges_tensor generation:  0.043663740158081055
mini_batch_src_global generation:  0.057176828384399414
r_  generation:  0.5215089321136475
local_output_nid generation:  0.040224313735961914
local_in_edges_tensor generation:  0.03974103927612305
mini_batch_src_global generation:  0.05682253837585449
r_  generation:  0.5173599720001221
local_output_nid generation:  0.04095101356506348
local_in_edges_tensor generation:  0.039061546325683594
mini_batch_src_global generation:  0.05955338478088379
r_  generation:  0.5195541381835938
local_output_nid generation:  0.04040026664733887
local_in_edges_tensor generation:  0.04332590103149414
mini_batch_src_global generation:  0.0569462776184082
r_  generation:  0.51804518699646
local_output_nid generation:  0.04100179672241211
local_in_edges_tensor generation:  0.0395054817199707
mini_batch_src_global generation:  0.0571436882019043
r_  generation:  0.5173289775848389
local_output_nid generation:  0.04056882858276367
local_in_edges_tensor generation:  0.03929781913757324
mini_batch_src_global generation:  0.05671238899230957
r_  generation:  0.5147624015808105
local_output_nid generation:  0.040444374084472656
local_in_edges_tensor generation:  0.04408907890319824
mini_batch_src_global generation:  0.05696821212768555
r_  generation:  0.5213632583618164
local_output_nid generation:  0.040495872497558594
local_in_edges_tensor generation:  0.039351463317871094
mini_batch_src_global generation:  0.05713057518005371
r_  generation:  0.5173892974853516
local_output_nid generation:  0.040741920471191406
local_in_edges_tensor generation:  0.039238929748535156
mini_batch_src_global generation:  0.05844593048095703
r_  generation:  0.5193443298339844
local_output_nid generation:  0.04065084457397461
local_in_edges_tensor generation:  0.04387092590332031
mini_batch_src_global generation:  0.05740690231323242
r_  generation:  0.520841121673584
local_output_nid generation:  0.04311108589172363
local_in_edges_tensor generation:  0.03990316390991211
mini_batch_src_global generation:  0.057477474212646484
r_  generation:  0.5182573795318604
local_output_nid generation:  0.04066324234008789
local_in_edges_tensor generation:  0.04436779022216797
mini_batch_src_global generation:  0.05727958679199219
r_  generation:  0.5197861194610596
local_output_nid generation:  0.04058551788330078
local_in_edges_tensor generation:  0.0394747257232666
mini_batch_src_global generation:  0.056905508041381836
r_  generation:  0.5201685428619385
local_output_nid generation:  0.040058135986328125
local_in_edges_tensor generation:  0.04420042037963867
mini_batch_src_global generation:  0.057525634765625
r_  generation:  0.518589973449707
local_output_nid generation:  0.04004812240600586
local_in_edges_tensor generation:  0.035198211669921875
mini_batch_src_global generation:  0.05681610107421875
r_  generation:  0.5192322731018066
local_output_nid generation:  0.04018425941467285
local_in_edges_tensor generation:  0.04395651817321777
mini_batch_src_global generation:  0.05724668502807617
r_  generation:  0.5203225612640381
local_output_nid generation:  0.04011654853820801
local_in_edges_tensor generation:  0.04380083084106445
mini_batch_src_global generation:  0.05695152282714844
r_  generation:  0.5208182334899902
local_output_nid generation:  0.04039144515991211
local_in_edges_tensor generation:  0.039556264877319336
mini_batch_src_global generation:  0.05790138244628906
r_  generation:  0.5236492156982422
local_output_nid generation:  0.040030717849731445
local_in_edges_tensor generation:  0.039369821548461914
mini_batch_src_global generation:  0.05695080757141113
r_  generation:  0.5200412273406982
local_output_nid generation:  0.0405580997467041
local_in_edges_tensor generation:  0.04364895820617676
mini_batch_src_global generation:  0.05722928047180176
r_  generation:  0.5218746662139893
local_output_nid generation:  0.04169321060180664
local_in_edges_tensor generation:  0.03951144218444824
mini_batch_src_global generation:  0.056609153747558594
r_  generation:  0.5233817100524902
local_output_nid generation:  0.040792226791381836
local_in_edges_tensor generation:  0.044043540954589844
mini_batch_src_global generation:  0.05700540542602539
r_  generation:  0.5288190841674805
local_output_nid generation:  0.0406956672668457
local_in_edges_tensor generation:  0.04073309898376465
mini_batch_src_global generation:  0.05728316307067871
r_  generation:  0.5278453826904297
local_output_nid generation:  0.04055428504943848
local_in_edges_tensor generation:  0.03922605514526367
mini_batch_src_global generation:  0.057975053787231445
r_  generation:  0.5201120376586914
local_output_nid generation:  0.04085946083068848
local_in_edges_tensor generation:  0.045720815658569336
mini_batch_src_global generation:  0.0568087100982666
r_  generation:  0.5273182392120361
local_output_nid generation:  0.0407567024230957
local_in_edges_tensor generation:  0.039751529693603516
mini_batch_src_global generation:  0.0577855110168457
r_  generation:  0.5215985774993896
local_output_nid generation:  0.04072117805480957
local_in_edges_tensor generation:  0.04436087608337402
mini_batch_src_global generation:  0.06131243705749512
r_  generation:  0.5337355136871338
local_output_nid generation:  0.04074382781982422
local_in_edges_tensor generation:  0.044518470764160156
mini_batch_src_global generation:  0.060774803161621094
r_  generation:  0.5215342044830322
local_output_nid generation:  0.04086637496948242
local_in_edges_tensor generation:  0.039520978927612305
mini_batch_src_global generation:  0.05717062950134277
r_  generation:  0.5315752029418945
local_output_nid generation:  0.040659189224243164
local_in_edges_tensor generation:  0.044182538986206055
mini_batch_src_global generation:  0.05791592597961426
r_  generation:  0.5219478607177734
local_output_nid generation:  0.04088616371154785
local_in_edges_tensor generation:  0.043924808502197266
mini_batch_src_global generation:  0.0610806941986084
r_  generation:  0.5314555168151855
local_output_nid generation:  0.04398632049560547
local_in_edges_tensor generation:  0.048017024993896484
mini_batch_src_global generation:  0.07104110717773438
r_  generation:  0.521353006362915
local_output_nid generation:  0.04013681411743164
local_in_edges_tensor generation:  0.03839707374572754
mini_batch_src_global generation:  0.05733823776245117
r_  generation:  0.5307672023773193
local_output_nid generation:  0.04018688201904297
local_in_edges_tensor generation:  0.03835153579711914
mini_batch_src_global generation:  0.05800652503967285
r_  generation:  0.5197606086730957
----------------------check_connections_block total spend ----------------------------- 50.198960065841675
generate_one_block  0.637312650680542
generate_one_block  0.6404924392700195
generate_one_block  0.6489987373352051
generate_one_block  0.6411402225494385
generate_one_block  0.6369514465332031
generate_one_block  0.6527073383331299
generate_one_block  0.6457104682922363
generate_one_block  0.6298997402191162
generate_one_block  0.9167113304138184
generate_one_block  0.6509151458740234
generate_one_block  0.6445114612579346
generate_one_block  0.6405060291290283
generate_one_block  0.6392059326171875
generate_one_block  0.6381015777587891
generate_one_block  0.6284699440002441
generate_one_block  0.6525003910064697
generate_one_block  0.6288778781890869
generate_one_block  0.6524534225463867
generate_one_block  0.6293106079101562
generate_one_block  0.647404670715332
generate_one_block  0.6454153060913086
generate_one_block  0.6375846862792969
generate_one_block  0.646486759185791
generate_one_block  0.6462457180023193
generate_one_block  0.6303057670593262
generate_one_block  0.6498615741729736
generate_one_block  0.6308469772338867
generate_one_block  0.6312096118927002
generate_one_block  0.6752066612243652
generate_one_block  0.6493580341339111
generate_one_block  0.6421008110046387
generate_one_block  0.6396255493164062
generate_one_block  0.6342406272888184
generate_one_block  0.6289503574371338
generate_one_block  0.6501336097717285
generate_one_block  0.646202802658081
generate_one_block  0.6435933113098145
generate_one_block  0.6403861045837402
generate_one_block  0.6397016048431396
generate_one_block  0.6396253108978271
generate_one_block  0.6385326385498047
generate_one_block  0.6425230503082275
generate_one_block  0.7143309116363525
generate_one_block  0.6436121463775635
generate_one_block  0.6587162017822266
generate_one_block  0.6639864444732666
generate_one_block  0.6372623443603516
generate_one_block  0.6355304718017578
generate_one_block  0.674309253692627
generate_one_block  0.6514279842376709
generate_one_block  0.6540889739990234
generate_one_block  0.6440858840942383
generate_one_block  0.640791654586792
generate_one_block  0.637474775314331
generate_one_block  0.6298599243164062
generate_one_block  0.6561279296875
generate_one_block  0.6499903202056885
generate_one_block  0.6390476226806641
generate_one_block  0.6569721698760986
generate_one_block  0.6409759521484375
generate_one_block  0.6420855522155762
generate_one_block  0.6368749141693115
generate_one_block  0.6448354721069336
generate_one_block  0.6665623188018799
-----------------------------------------after block dataloader generation 
 Nvidia-smi: 1.0272216796875 GB
    Memory Allocated: 0.010137557983398438  GigaBytes
Max Memory Allocated: 0.010137557983398438  GigaBytes

connection checking time:  143.38912963867188
block generation total time  123.40056705474854
average batch blocks generation time:  1.9281338602304459
----------------------------------------before batch_pred = model(blocks, batch_inputs) 
 Nvidia-smi: 1.2108154296875 GB
    Memory Allocated: 0.1227574348449707  GigaBytes
Max Memory Allocated: 0.1227574348449707  GigaBytes

torch.Size([163557, 128])
torch.Size([156993, 256])
Traceback (most recent call last):
  File "pseudo_mini_batch_range_arxiv_sage.py", line 435, in <module>
    main()
  File "pseudo_mini_batch_range_arxiv_sage.py", line 431, in main
    best_test = run(args, device, data)
  File "pseudo_mini_batch_range_arxiv_sage.py", line 251, in run
    batch_pred = model(blocks, batch_inputs)#------------*
  File "/home/cc/.local/lib/python3.6/site-packages/torch/nn/modules/module.py", line 727, in _call_impl
    result = self.forward(*input, **kwargs)
  File "/home/cc/graph_partition_multi_layers/pseudo_mini_batch_full_batch/SAGE/graphsage_model_arxiv.py", line 182, in forward
    x = layer(block, x)
  File "/home/cc/.local/lib/python3.6/site-packages/torch/nn/modules/module.py", line 727, in _call_impl
    result = self.forward(*input, **kwargs)
  File "/home/cc/.local/lib/python3.6/site-packages/dgl/nn/pytorch/conv/sageconv.py", line 258, in forward
    graph.update_all(msg_fn, self._lstm_reducer)
  File "/home/cc/.local/lib/python3.6/site-packages/dgl/heterograph.py", line 4849, in update_all
    ndata = core.message_passing(g, message_func, reduce_func, apply_node_func)
  File "/home/cc/.local/lib/python3.6/site-packages/dgl/core.py", line 337, in message_passing
    ndata = invoke_udf_reduce(g, rfunc, msgdata, orig_nid=orig_nid)
  File "/home/cc/.local/lib/python3.6/site-packages/dgl/core.py", line 143, in invoke_udf_reduce
    bkt_rsts.append(func(nbatch))
  File "/home/cc/.local/lib/python3.6/site-packages/dgl/nn/pytorch/conv/sageconv.py", line 173, in _lstm_reducer
    _, (rst, _) = self.lstm(m, h)
  File "/home/cc/.local/lib/python3.6/site-packages/torch/nn/modules/module.py", line 727, in _call_impl
    result = self.forward(*input, **kwargs)
  File "/home/cc/.local/lib/python3.6/site-packages/torch/nn/modules/rnn.py", line 582, in forward
    self.dropout, self.training, self.bidirectional, self.batch_first)
RuntimeError: CUDA out of memory. Tried to allocate 14.00 MiB (GPU 0; 23.62 GiB total capacity; 21.95 GiB already allocated; 10.44 MiB free; 22.41 GiB reserved in total by PyTorch)
