Using backend: pytorch
WARNING:root:The OGB package is out of date. Your version is 1.3.2, while the latest version is 1.3.3.
main start at this time 1648503328.9954307
-----------------------------------------before load data 
 Nvidia-smi: 0.1717529296875 GB
    Memory Allocated: 0.0  GigaBytes
Max Memory Allocated: 0.0  GigaBytes

ogbn-arxiv
# Nodes: 169343
# Edges: 2315598
# Train: 90941
# Val: 29799
# Test: 48603
# Classes: 40

in feats:  128
----------------------------------------before generate_dataloader_block 
 Nvidia-smi: 1.0194091796875 GB
    Memory Allocated: 0.0029964447021484375  GigaBytes
Max Memory Allocated: 0.0029964447021484375  GigaBytes

The real block id is  4
get_global_graph_edges_ids_block function  spend 0.024262666702270508
random selection method range initialization spend 0.006583452224731445
time for parepare:  0.018993139266967773
local_output_nid generation:  0.0005910396575927734
local_in_edges_tensor generation:  0.0034334659576416016
mini_batch_src_global generation:  0.0007939338684082031
r_  generation:  0.0051059722900390625
local_output_nid generation:  0.0007042884826660156
local_in_edges_tensor generation:  0.0006155967712402344
mini_batch_src_global generation:  0.0008480548858642578
r_  generation:  0.004451751708984375
local_output_nid generation:  0.0006873607635498047
local_in_edges_tensor generation:  0.0005261898040771484
mini_batch_src_global generation:  0.0005626678466796875
r_  generation:  0.004071712493896484
local_output_nid generation:  0.0007033348083496094
local_in_edges_tensor generation:  0.0004932880401611328
mini_batch_src_global generation:  0.0004878044128417969
r_  generation:  0.0038416385650634766
local_output_nid generation:  0.0006854534149169922
local_in_edges_tensor generation:  0.00046133995056152344
mini_batch_src_global generation:  0.0006122589111328125
r_  generation:  0.00390934944152832
local_output_nid generation:  0.0006852149963378906
local_in_edges_tensor generation:  0.0004608631134033203
mini_batch_src_global generation:  0.00042748451232910156
r_  generation:  0.003909587860107422
local_output_nid generation:  0.0006973743438720703
local_in_edges_tensor generation:  0.0004432201385498047
mini_batch_src_global generation:  0.00040602684020996094
r_  generation:  0.0038328170776367188
local_output_nid generation:  0.0006830692291259766
local_in_edges_tensor generation:  0.00042748451232910156
mini_batch_src_global generation:  0.0004913806915283203
r_  generation:  0.0038557052612304688
local_output_nid generation:  0.0006809234619140625
local_in_edges_tensor generation:  0.0004405975341796875
mini_batch_src_global generation:  0.0004150867462158203
r_  generation:  0.004130363464355469
local_output_nid generation:  0.0006892681121826172
local_in_edges_tensor generation:  0.0004229545593261719
mini_batch_src_global generation:  0.0003998279571533203
r_  generation:  0.0039157867431640625
local_output_nid generation:  0.0006785392761230469
local_in_edges_tensor generation:  0.0004334449768066406
mini_batch_src_global generation:  0.0004248619079589844
r_  generation:  0.0038950443267822266
local_output_nid generation:  0.0006864070892333984
local_in_edges_tensor generation:  0.00042724609375
mini_batch_src_global generation:  0.00041484832763671875
r_  generation:  0.0041654109954833984
local_output_nid generation:  0.0006763935089111328
local_in_edges_tensor generation:  0.000423431396484375
mini_batch_src_global generation:  0.00043201446533203125
r_  generation:  0.004178047180175781
local_output_nid generation:  0.0006787776947021484
local_in_edges_tensor generation:  0.00045299530029296875
mini_batch_src_global generation:  0.00042176246643066406
r_  generation:  0.0039119720458984375
local_output_nid generation:  0.0006768703460693359
local_in_edges_tensor generation:  0.0004200935363769531
mini_batch_src_global generation:  0.0004220008850097656
r_  generation:  0.004189014434814453
local_output_nid generation:  0.0006911754608154297
local_in_edges_tensor generation:  0.00041985511779785156
mini_batch_src_global generation:  0.0004086494445800781
r_  generation:  0.003952741622924805
local_output_nid generation:  0.0007090568542480469
local_in_edges_tensor generation:  0.0004353523254394531
mini_batch_src_global generation:  0.00044536590576171875
r_  generation:  0.004072427749633789
local_output_nid generation:  0.0006787776947021484
local_in_edges_tensor generation:  0.000423431396484375
mini_batch_src_global generation:  0.000438690185546875
r_  generation:  0.00446629524230957
local_output_nid generation:  0.0006749629974365234
local_in_edges_tensor generation:  0.00041961669921875
mini_batch_src_global generation:  0.0004181861877441406
r_  generation:  0.00412297248840332
local_output_nid generation:  0.0006985664367675781
local_in_edges_tensor generation:  0.00041794776916503906
mini_batch_src_global generation:  0.0004076957702636719
r_  generation:  0.0039823055267333984
local_output_nid generation:  0.0006709098815917969
local_in_edges_tensor generation:  0.0004119873046875
mini_batch_src_global generation:  0.00039958953857421875
r_  generation:  0.0041506290435791016
local_output_nid generation:  0.0006844997406005859
local_in_edges_tensor generation:  0.00041961669921875
mini_batch_src_global generation:  0.000415802001953125
r_  generation:  0.004058361053466797
local_output_nid generation:  0.0007059574127197266
local_in_edges_tensor generation:  0.00041484832763671875
mini_batch_src_global generation:  0.00043773651123046875
r_  generation:  0.0041637420654296875
local_output_nid generation:  0.0006735324859619141
local_in_edges_tensor generation:  0.0004112720489501953
mini_batch_src_global generation:  0.0004124641418457031
r_  generation:  0.004105091094970703
local_output_nid generation:  0.0006709098815917969
local_in_edges_tensor generation:  0.00041294097900390625
mini_batch_src_global generation:  0.0004119873046875
r_  generation:  0.004076957702636719
local_output_nid generation:  0.0006847381591796875
local_in_edges_tensor generation:  0.00040650367736816406
mini_batch_src_global generation:  0.00041103363037109375
r_  generation:  0.004004478454589844
local_output_nid generation:  0.0006647109985351562
local_in_edges_tensor generation:  0.00041365623474121094
mini_batch_src_global generation:  0.0004010200500488281
r_  generation:  0.0040285587310791016
local_output_nid generation:  0.0006670951843261719
local_in_edges_tensor generation:  0.0004150867462158203
mini_batch_src_global generation:  0.00040793418884277344
r_  generation:  0.004133939743041992
local_output_nid generation:  0.0006897449493408203
local_in_edges_tensor generation:  0.0037331581115722656
mini_batch_src_global generation:  0.0005230903625488281
r_  generation:  0.004144430160522461
local_output_nid generation:  0.0006315708160400391
local_in_edges_tensor generation:  0.0004398822784423828
mini_batch_src_global generation:  0.0005140304565429688
r_  generation:  0.004077911376953125
local_output_nid generation:  0.0006334781646728516
local_in_edges_tensor generation:  0.0004229545593261719
mini_batch_src_global generation:  0.00046563148498535156
r_  generation:  0.0040280818939208984
local_output_nid generation:  0.0006310939788818359
local_in_edges_tensor generation:  0.0004298686981201172
mini_batch_src_global generation:  0.0004515647888183594
r_  generation:  0.004149198532104492
local_output_nid generation:  0.0006396770477294922
local_in_edges_tensor generation:  0.0004143714904785156
mini_batch_src_global generation:  0.0004420280456542969
r_  generation:  0.004132270812988281
local_output_nid generation:  0.0006420612335205078
local_in_edges_tensor generation:  0.00041294097900390625
mini_batch_src_global generation:  0.0004684925079345703
r_  generation:  0.004151821136474609
local_output_nid generation:  0.0006542205810546875
local_in_edges_tensor generation:  0.00041413307189941406
mini_batch_src_global generation:  0.00043487548828125
r_  generation:  0.00416111946105957
local_output_nid generation:  0.0006506443023681641
local_in_edges_tensor generation:  0.00041222572326660156
mini_batch_src_global generation:  0.00041961669921875
r_  generation:  0.003985404968261719
local_output_nid generation:  0.0006463527679443359
local_in_edges_tensor generation:  0.0004374980926513672
mini_batch_src_global generation:  0.0004277229309082031
r_  generation:  0.003992795944213867
local_output_nid generation:  0.0006554126739501953
local_in_edges_tensor generation:  0.0004184246063232422
mini_batch_src_global generation:  0.00040721893310546875
r_  generation:  0.004090309143066406
local_output_nid generation:  0.000637054443359375
local_in_edges_tensor generation:  0.00041985511779785156
mini_batch_src_global generation:  0.00041747093200683594
r_  generation:  0.004193782806396484
local_output_nid generation:  0.0006721019744873047
local_in_edges_tensor generation:  0.0004265308380126953
mini_batch_src_global generation:  0.00045490264892578125
r_  generation:  0.004094839096069336
local_output_nid generation:  0.0006513595581054688
local_in_edges_tensor generation:  0.0004096031188964844
mini_batch_src_global generation:  0.0004086494445800781
r_  generation:  0.004100322723388672
local_output_nid generation:  0.0006678104400634766
local_in_edges_tensor generation:  0.0004138946533203125
mini_batch_src_global generation:  0.00040912628173828125
r_  generation:  0.003938913345336914
local_output_nid generation:  0.0006847381591796875
local_in_edges_tensor generation:  0.0004303455352783203
mini_batch_src_global generation:  0.00043392181396484375
r_  generation:  0.004119396209716797
local_output_nid generation:  0.0006470680236816406
local_in_edges_tensor generation:  0.0004100799560546875
mini_batch_src_global generation:  0.00040602684020996094
r_  generation:  0.004037141799926758
local_output_nid generation:  0.0006551742553710938
local_in_edges_tensor generation:  0.0004119873046875
mini_batch_src_global generation:  0.0004267692565917969
r_  generation:  0.004333019256591797
local_output_nid generation:  0.0006844997406005859
local_in_edges_tensor generation:  0.0004303455352783203
mini_batch_src_global generation:  0.00041484832763671875
r_  generation:  0.00410151481628418
local_output_nid generation:  0.0006868839263916016
local_in_edges_tensor generation:  0.0004093647003173828
mini_batch_src_global generation:  0.0004031658172607422
r_  generation:  0.004067182540893555
local_output_nid generation:  0.0006802082061767578
local_in_edges_tensor generation:  0.00041222572326660156
mini_batch_src_global generation:  0.00040841102600097656
r_  generation:  0.003998279571533203
local_output_nid generation:  0.0006933212280273438
local_in_edges_tensor generation:  0.0004153251647949219
mini_batch_src_global generation:  0.0004029273986816406
r_  generation:  0.0041351318359375
local_output_nid generation:  0.0006635189056396484
local_in_edges_tensor generation:  0.00040602684020996094
mini_batch_src_global generation:  0.0003952980041503906
r_  generation:  0.0037665367126464844
local_output_nid generation:  0.0006620883941650391
local_in_edges_tensor generation:  0.00040793418884277344
mini_batch_src_global generation:  0.000396728515625
r_  generation:  0.003989219665527344
local_output_nid generation:  0.0006825923919677734
local_in_edges_tensor generation:  0.00042724609375
mini_batch_src_global generation:  0.00039887428283691406
r_  generation:  0.0040438175201416016
local_output_nid generation:  0.0006706714630126953
local_in_edges_tensor generation:  0.0004177093505859375
mini_batch_src_global generation:  0.00040984153747558594
r_  generation:  0.004124164581298828
local_output_nid generation:  0.0006651878356933594
local_in_edges_tensor generation:  0.00041294097900390625
mini_batch_src_global generation:  0.0003960132598876953
r_  generation:  0.004005908966064453
local_output_nid generation:  0.0006864070892333984
local_in_edges_tensor generation:  0.00042819976806640625
mini_batch_src_global generation:  0.0003783702850341797
r_  generation:  0.0036602020263671875
local_output_nid generation:  0.0006570816040039062
local_in_edges_tensor generation:  0.0004112720489501953
mini_batch_src_global generation:  0.0003871917724609375
r_  generation:  0.003955841064453125
local_output_nid generation:  0.0006597042083740234
local_in_edges_tensor generation:  0.0004086494445800781
mini_batch_src_global generation:  0.00040268898010253906
r_  generation:  0.0041217803955078125
local_output_nid generation:  0.0006957054138183594
local_in_edges_tensor generation:  0.0004343986511230469
mini_batch_src_global generation:  0.0004119873046875
r_  generation:  0.004126548767089844
local_output_nid generation:  0.0006616115570068359
local_in_edges_tensor generation:  0.00042438507080078125
mini_batch_src_global generation:  0.00040459632873535156
r_  generation:  0.004119873046875
local_output_nid generation:  0.0006728172302246094
local_in_edges_tensor generation:  0.00041294097900390625
mini_batch_src_global generation:  0.0004189014434814453
r_  generation:  0.004144906997680664
local_output_nid generation:  0.0006763935089111328
local_in_edges_tensor generation:  0.0004258155822753906
mini_batch_src_global generation:  0.0004241466522216797
r_  generation:  0.004258394241333008
local_output_nid generation:  0.0006709098815917969
local_in_edges_tensor generation:  0.00041675567626953125
mini_batch_src_global generation:  0.0004150867462158203
r_  generation:  0.0041697025299072266
local_output_nid generation:  0.0006885528564453125
local_in_edges_tensor generation:  0.00040841102600097656
mini_batch_src_global generation:  0.00041985511779785156
r_  generation:  0.004194021224975586
local_output_nid generation:  0.0006914138793945312
local_in_edges_tensor generation:  0.0004143714904785156
mini_batch_src_global generation:  0.00044655799865722656
r_  generation:  0.004118204116821289
----------------------check_connections_block total spend ----------------------------- 0.4694252014160156
generate_one_block  0.007599830627441406
generate_one_block  0.007307767868041992
generate_one_block  0.008275508880615234
generate_one_block  0.0071201324462890625
generate_one_block  0.007126808166503906
generate_one_block  0.006926059722900391
generate_one_block  0.0069484710693359375
generate_one_block  0.00690460205078125
generate_one_block  0.007252931594848633
generate_one_block  0.006898403167724609
generate_one_block  0.00690770149230957
generate_one_block  0.007187366485595703
generate_one_block  0.007250547409057617
generate_one_block  0.006879329681396484
generate_one_block  0.007129192352294922
generate_one_block  0.006880998611450195
generate_one_block  0.007174253463745117
generate_one_block  0.007435321807861328
generate_one_block  0.006989240646362305
generate_one_block  0.006880283355712891
generate_one_block  0.006945371627807617
generate_one_block  0.007001638412475586
generate_one_block  0.007179737091064453
generate_one_block  0.0070569515228271484
generate_one_block  0.0070116519927978516
generate_one_block  0.006850242614746094
generate_one_block  0.006743431091308594
generate_one_block  0.0068814754486083984
generate_one_block  0.007164955139160156
generate_one_block  0.006964683532714844
generate_one_block  0.00694727897644043
generate_one_block  0.007097959518432617
generate_one_block  0.007076740264892578
generate_one_block  0.006994485855102539
generate_one_block  0.010097503662109375
generate_one_block  0.006957530975341797
generate_one_block  0.0069048404693603516
generate_one_block  0.006887197494506836
generate_one_block  0.007003307342529297
generate_one_block  0.0072476863861083984
generate_one_block  0.006903886795043945
generate_one_block  0.006793022155761719
generate_one_block  0.007035017013549805
generate_one_block  0.006842374801635742
generate_one_block  0.007261514663696289
generate_one_block  0.006887912750244141
generate_one_block  0.006968021392822266
generate_one_block  0.006907939910888672
generate_one_block  0.006952762603759766
generate_one_block  0.006719827651977539
generate_one_block  0.006844758987426758
generate_one_block  0.006873607635498047
generate_one_block  0.0069696903228759766
generate_one_block  0.0068323612213134766
generate_one_block  0.006600856781005859
generate_one_block  0.00669407844543457
generate_one_block  0.0070667266845703125
generate_one_block  0.006877422332763672
generate_one_block  0.006871700286865234
generate_one_block  0.007155895233154297
generate_one_block  0.007211923599243164
generate_one_block  0.006958484649658203
generate_one_block  0.00701451301574707
generate_one_block  0.0071446895599365234
The real block id is  3
get_global_graph_edges_ids_block function  spend 0.04139208793640137
gen group dst list time:  0.023367643356323242
time for parepare:  0.01932072639465332
local_output_nid generation:  0.002527952194213867
local_in_edges_tensor generation:  0.009601354598999023
mini_batch_src_global generation:  0.007017612457275391
r_  generation:  0.06678223609924316
local_output_nid generation:  0.004366159439086914
local_in_edges_tensor generation:  0.0045893192291259766
mini_batch_src_global generation:  0.008938312530517578
r_  generation:  0.07215237617492676
local_output_nid generation:  0.0043909549713134766
local_in_edges_tensor generation:  0.0046536922454833984
mini_batch_src_global generation:  0.007816553115844727
r_  generation:  0.07386922836303711
local_output_nid generation:  0.00430750846862793
local_in_edges_tensor generation:  0.004866123199462891
mini_batch_src_global generation:  0.00814056396484375
r_  generation:  0.07479143142700195
local_output_nid generation:  0.0042455196380615234
local_in_edges_tensor generation:  0.0050201416015625
mini_batch_src_global generation:  0.008656740188598633
r_  generation:  0.08034777641296387
local_output_nid generation:  0.004075288772583008
local_in_edges_tensor generation:  0.004773616790771484
mini_batch_src_global generation:  0.008655309677124023
r_  generation:  0.07509064674377441
local_output_nid generation:  0.004099845886230469
local_in_edges_tensor generation:  0.004657745361328125
mini_batch_src_global generation:  0.011727571487426758
r_  generation:  0.0731058120727539
local_output_nid generation:  0.004162788391113281
local_in_edges_tensor generation:  0.0047435760498046875
mini_batch_src_global generation:  0.008666038513183594
r_  generation:  0.07683873176574707
local_output_nid generation:  0.004260063171386719
local_in_edges_tensor generation:  0.006700038909912109
mini_batch_src_global generation:  0.010137557983398438
r_  generation:  0.08121395111083984
local_output_nid generation:  0.0040585994720458984
local_in_edges_tensor generation:  0.004745960235595703
mini_batch_src_global generation:  0.009083032608032227
r_  generation:  0.07631301879882812
local_output_nid generation:  0.004117012023925781
local_in_edges_tensor generation:  0.0046765804290771484
mini_batch_src_global generation:  0.012662172317504883
r_  generation:  0.07860112190246582
local_output_nid generation:  0.005125761032104492
local_in_edges_tensor generation:  0.006539583206176758
mini_batch_src_global generation:  0.010973930358886719
r_  generation:  0.08457589149475098
local_output_nid generation:  0.004305124282836914
local_in_edges_tensor generation:  0.0071544647216796875
mini_batch_src_global generation:  0.010769128799438477
r_  generation:  0.0894765853881836
local_output_nid generation:  0.006233930587768555
local_in_edges_tensor generation:  0.008899450302124023
mini_batch_src_global generation:  0.009752511978149414
r_  generation:  0.07630777359008789
local_output_nid generation:  0.004426002502441406
local_in_edges_tensor generation:  0.006919384002685547
mini_batch_src_global generation:  0.009984254837036133
r_  generation:  0.08130073547363281
local_output_nid generation:  0.004237174987792969
local_in_edges_tensor generation:  0.004843473434448242
mini_batch_src_global generation:  0.009207010269165039
r_  generation:  0.07601237297058105
local_output_nid generation:  0.00439763069152832
local_in_edges_tensor generation:  0.004993915557861328
mini_batch_src_global generation:  0.009233474731445312
r_  generation:  0.0802912712097168
local_output_nid generation:  0.004544973373413086
local_in_edges_tensor generation:  0.007080554962158203
mini_batch_src_global generation:  0.010158300399780273
r_  generation:  0.08368968963623047
local_output_nid generation:  0.00429224967956543
local_in_edges_tensor generation:  0.004775524139404297
mini_batch_src_global generation:  0.009612798690795898
r_  generation:  0.0802764892578125
local_output_nid generation:  0.004263162612915039
local_in_edges_tensor generation:  0.004735231399536133
mini_batch_src_global generation:  0.009016752243041992
r_  generation:  0.07765865325927734
local_output_nid generation:  0.004235029220581055
local_in_edges_tensor generation:  0.005084037780761719
mini_batch_src_global generation:  0.009102344512939453
r_  generation:  0.0778341293334961
local_output_nid generation:  0.004315614700317383
local_in_edges_tensor generation:  0.005370140075683594
mini_batch_src_global generation:  0.008942127227783203
r_  generation:  0.07849955558776855
local_output_nid generation:  0.004393815994262695
local_in_edges_tensor generation:  0.006773471832275391
mini_batch_src_global generation:  0.009589672088623047
r_  generation:  0.08135604858398438
local_output_nid generation:  0.004242420196533203
local_in_edges_tensor generation:  0.0047321319580078125
mini_batch_src_global generation:  0.009064912796020508
r_  generation:  0.07720208168029785
local_output_nid generation:  0.004239559173583984
local_in_edges_tensor generation:  0.031130075454711914
mini_batch_src_global generation:  0.00895833969116211
r_  generation:  0.0793452262878418
local_output_nid generation:  0.004106044769287109
local_in_edges_tensor generation:  0.004610776901245117
mini_batch_src_global generation:  0.00879359245300293
r_  generation:  0.0761711597442627
local_output_nid generation:  0.004062175750732422
local_in_edges_tensor generation:  0.005105495452880859
mini_batch_src_global generation:  0.00843358039855957
r_  generation:  0.07453274726867676
local_output_nid generation:  0.004091024398803711
local_in_edges_tensor generation:  0.005288362503051758
mini_batch_src_global generation:  0.009175300598144531
r_  generation:  0.07729387283325195
local_output_nid generation:  0.004128217697143555
local_in_edges_tensor generation:  0.0053386688232421875
mini_batch_src_global generation:  0.008872509002685547
r_  generation:  0.07853507995605469
local_output_nid generation:  0.004130125045776367
local_in_edges_tensor generation:  0.005323648452758789
mini_batch_src_global generation:  0.008877038955688477
r_  generation:  0.07842016220092773
local_output_nid generation:  0.004152536392211914
local_in_edges_tensor generation:  0.0060272216796875
mini_batch_src_global generation:  0.008973121643066406
r_  generation:  0.08036160469055176
local_output_nid generation:  0.004198789596557617
local_in_edges_tensor generation:  0.005396842956542969
mini_batch_src_global generation:  0.009281396865844727
r_  generation:  0.0827643871307373
local_output_nid generation:  0.004205942153930664
local_in_edges_tensor generation:  0.006273031234741211
mini_batch_src_global generation:  0.008980274200439453
r_  generation:  0.07925009727478027
local_output_nid generation:  0.00421905517578125
local_in_edges_tensor generation:  0.005342721939086914
mini_batch_src_global generation:  0.009103536605834961
r_  generation:  0.08012962341308594
local_output_nid generation:  0.0042629241943359375
local_in_edges_tensor generation:  0.005486965179443359
mini_batch_src_global generation:  0.009679555892944336
r_  generation:  0.08298802375793457
local_output_nid generation:  0.004083395004272461
local_in_edges_tensor generation:  0.004887580871582031
mini_batch_src_global generation:  0.008788585662841797
r_  generation:  0.07792878150939941
local_output_nid generation:  0.004154682159423828
local_in_edges_tensor generation:  0.004689216613769531
mini_batch_src_global generation:  0.008771181106567383
r_  generation:  0.07901668548583984
local_output_nid generation:  0.004091024398803711
local_in_edges_tensor generation:  0.0059719085693359375
mini_batch_src_global generation:  0.00893259048461914
r_  generation:  0.07717704772949219
local_output_nid generation:  0.004166364669799805
local_in_edges_tensor generation:  0.005989551544189453
mini_batch_src_global generation:  0.008948087692260742
r_  generation:  0.0785069465637207
local_output_nid generation:  0.0041828155517578125
local_in_edges_tensor generation:  0.006114959716796875
mini_batch_src_global generation:  0.009350299835205078
r_  generation:  0.08450698852539062
local_output_nid generation:  0.0040531158447265625
local_in_edges_tensor generation:  0.005173206329345703
mini_batch_src_global generation:  0.008963823318481445
r_  generation:  0.07695484161376953
local_output_nid generation:  0.004017353057861328
local_in_edges_tensor generation:  0.005861997604370117
mini_batch_src_global generation:  0.009080648422241211
r_  generation:  0.09122419357299805
local_output_nid generation:  0.005048036575317383
local_in_edges_tensor generation:  0.005645751953125
mini_batch_src_global generation:  0.010177135467529297
r_  generation:  0.07999157905578613
local_output_nid generation:  0.004099369049072266
local_in_edges_tensor generation:  0.004663228988647461
mini_batch_src_global generation:  0.008875608444213867
r_  generation:  0.07760143280029297
local_output_nid generation:  0.004302978515625
local_in_edges_tensor generation:  0.005061626434326172
mini_batch_src_global generation:  0.010330915451049805
r_  generation:  0.08713912963867188
local_output_nid generation:  0.004194498062133789
local_in_edges_tensor generation:  0.010484933853149414
mini_batch_src_global generation:  0.009989261627197266
r_  generation:  0.0836942195892334
local_output_nid generation:  0.005156517028808594
local_in_edges_tensor generation:  0.01396036148071289
mini_batch_src_global generation:  0.0101776123046875
r_  generation:  0.0792086124420166
local_output_nid generation:  0.00425410270690918
local_in_edges_tensor generation:  0.0062198638916015625
mini_batch_src_global generation:  0.009514570236206055
r_  generation:  0.07818198204040527
local_output_nid generation:  0.004307985305786133
local_in_edges_tensor generation:  0.006113767623901367
mini_batch_src_global generation:  0.009233713150024414
r_  generation:  0.07923555374145508
local_output_nid generation:  0.004060983657836914
local_in_edges_tensor generation:  0.004740476608276367
mini_batch_src_global generation:  0.008939743041992188
r_  generation:  0.07455778121948242
local_output_nid generation:  0.0041255950927734375
local_in_edges_tensor generation:  0.0050776004791259766
mini_batch_src_global generation:  0.008534908294677734
r_  generation:  0.07730603218078613
local_output_nid generation:  0.0042073726654052734
local_in_edges_tensor generation:  0.004443168640136719
mini_batch_src_global generation:  0.0093231201171875
r_  generation:  0.07745122909545898
local_output_nid generation:  0.004294395446777344
local_in_edges_tensor generation:  0.006399631500244141
mini_batch_src_global generation:  0.009951114654541016
r_  generation:  0.0805366039276123
local_output_nid generation:  0.00417017936706543
local_in_edges_tensor generation:  0.0043392181396484375
mini_batch_src_global generation:  0.008757829666137695
r_  generation:  0.07595944404602051
local_output_nid generation:  0.004914760589599609
local_in_edges_tensor generation:  0.0043909549713134766
mini_batch_src_global generation:  0.00882577896118164
r_  generation:  0.07355117797851562
local_output_nid generation:  0.004091739654541016
local_in_edges_tensor generation:  0.0042192935943603516
mini_batch_src_global generation:  0.00843191146850586
r_  generation:  0.07794046401977539
local_output_nid generation:  0.004304409027099609
local_in_edges_tensor generation:  0.006564140319824219
mini_batch_src_global generation:  0.04076862335205078
r_  generation:  0.08451342582702637
local_output_nid generation:  0.0052089691162109375
local_in_edges_tensor generation:  0.009110212326049805
mini_batch_src_global generation:  0.013409137725830078
r_  generation:  0.08015656471252441
local_output_nid generation:  0.004215240478515625
local_in_edges_tensor generation:  0.006370067596435547
mini_batch_src_global generation:  0.011391162872314453
r_  generation:  0.07831740379333496
local_output_nid generation:  0.004326581954956055
local_in_edges_tensor generation:  0.005899190902709961
mini_batch_src_global generation:  0.010004997253417969
r_  generation:  0.08163738250732422
local_output_nid generation:  0.004350900650024414
local_in_edges_tensor generation:  0.005740642547607422
mini_batch_src_global generation:  0.010083675384521484
r_  generation:  0.08181285858154297
local_output_nid generation:  0.00425267219543457
local_in_edges_tensor generation:  0.004416704177856445
mini_batch_src_global generation:  0.008976221084594727
r_  generation:  0.07849860191345215
local_output_nid generation:  0.004319429397583008
local_in_edges_tensor generation:  0.004421710968017578
mini_batch_src_global generation:  0.009266138076782227
r_  generation:  0.08075308799743652
local_output_nid generation:  0.0043485164642333984
local_in_edges_tensor generation:  0.0059392452239990234
mini_batch_src_global generation:  0.009593009948730469
r_  generation:  0.08027267456054688
----------------------check_connections_block total spend ----------------------------- 7.576486349105835
generate_one_block  0.11028742790222168
generate_one_block  0.10408568382263184
generate_one_block  0.1067962646484375
generate_one_block  0.10451793670654297
generate_one_block  0.13151049613952637
generate_one_block  0.1240534782409668
generate_one_block  0.10106134414672852
generate_one_block  0.10081911087036133
generate_one_block  0.10594725608825684
generate_one_block  0.10399222373962402
generate_one_block  0.10397148132324219
generate_one_block  0.11002635955810547
generate_one_block  0.10592412948608398
generate_one_block  0.10190773010253906
generate_one_block  0.10642695426940918
generate_one_block  0.11088228225708008
generate_one_block  0.10574936866760254
generate_one_block  0.11173081398010254
generate_one_block  0.10477423667907715
generate_one_block  0.10146975517272949
generate_one_block  0.10236358642578125
generate_one_block  0.10270810127258301
generate_one_block  0.10664129257202148
generate_one_block  0.10047674179077148
generate_one_block  0.1033487319946289
generate_one_block  0.09750699996948242
generate_one_block  0.09735608100891113
generate_one_block  0.1020662784576416
generate_one_block  0.10239386558532715
generate_one_block  0.10179591178894043
generate_one_block  0.10297560691833496
generate_one_block  0.10452008247375488
generate_one_block  0.10321807861328125
generate_one_block  0.10369443893432617
generate_one_block  0.1056356430053711
generate_one_block  0.10282659530639648
generate_one_block  0.1014564037322998
generate_one_block  0.09982776641845703
generate_one_block  0.10702872276306152
generate_one_block  0.10671758651733398
generate_one_block  0.09920001029968262
generate_one_block  0.10108399391174316
generate_one_block  0.10360169410705566
generate_one_block  0.1043243408203125
generate_one_block  0.1138613224029541
generate_one_block  0.10522747039794922
generate_one_block  0.09953856468200684
generate_one_block  0.10211801528930664
generate_one_block  0.10430741310119629
generate_one_block  0.0970618724822998
generate_one_block  0.09851574897766113
generate_one_block  0.10287714004516602
generate_one_block  0.10521340370178223
generate_one_block  0.09744691848754883
generate_one_block  0.09309267997741699
generate_one_block  0.10028338432312012
generate_one_block  0.1060037612915039
generate_one_block  0.10071825981140137
generate_one_block  0.10291862487792969
generate_one_block  0.10775184631347656
generate_one_block  0.10822129249572754
generate_one_block  0.10079741477966309
generate_one_block  0.10504364967346191
generate_one_block  0.10616254806518555
The real block id is  2
get_global_graph_edges_ids_block function  spend 0.05113720893859863
gen group dst list time:  0.1519637107849121
time for parepare:  0.01885700225830078
local_output_nid generation:  0.01598668098449707
local_in_edges_tensor generation:  0.04260110855102539
mini_batch_src_global generation:  0.03519845008850098
r_  generation:  0.34844279289245605
local_output_nid generation:  0.021952390670776367
local_in_edges_tensor generation:  0.0362553596496582
mini_batch_src_global generation:  0.04726433753967285
r_  generation:  0.3654971122741699
local_output_nid generation:  0.021834373474121094
local_in_edges_tensor generation:  0.029479503631591797
mini_batch_src_global generation:  0.04456663131713867
r_  generation:  0.37533116340637207
local_output_nid generation:  0.020516157150268555
local_in_edges_tensor generation:  0.022680997848510742
mini_batch_src_global generation:  0.04758143424987793
r_  generation:  0.36935949325561523
local_output_nid generation:  0.0209197998046875
local_in_edges_tensor generation:  0.030113697052001953
mini_batch_src_global generation:  0.06279158592224121
r_  generation:  0.3901526927947998
local_output_nid generation:  0.02053976058959961
local_in_edges_tensor generation:  0.027169227600097656
mini_batch_src_global generation:  0.04665827751159668
r_  generation:  0.37358760833740234
local_output_nid generation:  0.020702600479125977
local_in_edges_tensor generation:  0.025707006454467773
mini_batch_src_global generation:  0.047554969787597656
r_  generation:  0.37267613410949707
local_output_nid generation:  0.02033209800720215
local_in_edges_tensor generation:  0.028986454010009766
mini_batch_src_global generation:  0.05039358139038086
r_  generation:  0.3954775333404541
local_output_nid generation:  0.02217721939086914
local_in_edges_tensor generation:  0.03930830955505371
mini_batch_src_global generation:  0.051506757736206055
r_  generation:  0.3884599208831787
local_output_nid generation:  0.022300004959106445
local_in_edges_tensor generation:  0.030323505401611328
mini_batch_src_global generation:  0.04842972755432129
r_  generation:  0.38200855255126953
local_output_nid generation:  0.021093368530273438
local_in_edges_tensor generation:  0.02679920196533203
mini_batch_src_global generation:  0.04915952682495117
r_  generation:  0.3830130100250244
local_output_nid generation:  0.021405458450317383
local_in_edges_tensor generation:  0.03017592430114746
mini_batch_src_global generation:  0.047287940979003906
r_  generation:  0.38373827934265137
local_output_nid generation:  0.021116256713867188
local_in_edges_tensor generation:  0.024855375289916992
mini_batch_src_global generation:  0.04716062545776367
r_  generation:  0.3890111446380615
local_output_nid generation:  0.02109360694885254
local_in_edges_tensor generation:  0.023174524307250977
mini_batch_src_global generation:  0.046099185943603516
r_  generation:  0.378462553024292
local_output_nid generation:  0.02136969566345215
local_in_edges_tensor generation:  0.030048608779907227
mini_batch_src_global generation:  0.04970121383666992
r_  generation:  0.38622140884399414
local_output_nid generation:  0.02084493637084961
local_in_edges_tensor generation:  0.02267289161682129
mini_batch_src_global generation:  0.06185102462768555
r_  generation:  0.3741941452026367
local_output_nid generation:  0.02136969566345215
local_in_edges_tensor generation:  0.023422718048095703
mini_batch_src_global generation:  0.05417943000793457
r_  generation:  0.384631872177124
local_output_nid generation:  0.021621227264404297
local_in_edges_tensor generation:  0.030499696731567383
mini_batch_src_global generation:  0.04794716835021973
r_  generation:  0.3929145336151123
local_output_nid generation:  0.021218538284301758
local_in_edges_tensor generation:  0.030959367752075195
mini_batch_src_global generation:  0.04729604721069336
r_  generation:  0.3876349925994873
local_output_nid generation:  0.021937131881713867
local_in_edges_tensor generation:  0.029534578323364258
mini_batch_src_global generation:  0.05236506462097168
r_  generation:  0.39164113998413086
local_output_nid generation:  0.02370738983154297
local_in_edges_tensor generation:  0.034220218658447266
mini_batch_src_global generation:  0.0467066764831543
r_  generation:  0.38049864768981934
local_output_nid generation:  0.02096700668334961
local_in_edges_tensor generation:  0.023715734481811523
mini_batch_src_global generation:  0.04595613479614258
r_  generation:  0.37149620056152344
local_output_nid generation:  0.021409988403320312
local_in_edges_tensor generation:  0.034757375717163086
mini_batch_src_global generation:  0.04660201072692871
r_  generation:  0.3870072364807129
local_output_nid generation:  0.02092599868774414
local_in_edges_tensor generation:  0.020719051361083984
mini_batch_src_global generation:  0.04656696319580078
r_  generation:  0.37421202659606934
local_output_nid generation:  0.021245241165161133
local_in_edges_tensor generation:  0.021396875381469727
mini_batch_src_global generation:  0.04619598388671875
r_  generation:  0.37996912002563477
local_output_nid generation:  0.02097630500793457
local_in_edges_tensor generation:  0.020790576934814453
mini_batch_src_global generation:  0.046085357666015625
r_  generation:  0.37279534339904785
local_output_nid generation:  0.020982027053833008
local_in_edges_tensor generation:  0.02382636070251465
mini_batch_src_global generation:  0.04559326171875
r_  generation:  0.3839855194091797
local_output_nid generation:  0.020974397659301758
local_in_edges_tensor generation:  0.027774572372436523
mini_batch_src_global generation:  0.04559683799743652
r_  generation:  0.3774862289428711
local_output_nid generation:  0.021156787872314453
local_in_edges_tensor generation:  0.02784872055053711
mini_batch_src_global generation:  0.04860353469848633
r_  generation:  0.3801114559173584
local_output_nid generation:  0.020901918411254883
local_in_edges_tensor generation:  0.020406007766723633
mini_batch_src_global generation:  0.04576396942138672
r_  generation:  0.37320733070373535
local_output_nid generation:  0.021199941635131836
local_in_edges_tensor generation:  0.020626306533813477
mini_batch_src_global generation:  0.04886317253112793
r_  generation:  0.3817014694213867
local_output_nid generation:  0.02089548110961914
local_in_edges_tensor generation:  0.027485132217407227
mini_batch_src_global generation:  0.045694589614868164
r_  generation:  0.3806326389312744
local_output_nid generation:  0.021277189254760742
local_in_edges_tensor generation:  0.02402186393737793
mini_batch_src_global generation:  0.04973649978637695
r_  generation:  0.3784191608428955
local_output_nid generation:  0.021205425262451172
local_in_edges_tensor generation:  0.023759841918945312
mini_batch_src_global generation:  0.04587221145629883
r_  generation:  0.37476253509521484
local_output_nid generation:  0.021317720413208008
local_in_edges_tensor generation:  0.03136301040649414
mini_batch_src_global generation:  0.04625582695007324
r_  generation:  0.3830451965332031
local_output_nid generation:  0.021189451217651367
local_in_edges_tensor generation:  0.024398326873779297
mini_batch_src_global generation:  0.04658389091491699
r_  generation:  0.3776419162750244
local_output_nid generation:  0.02112102508544922
local_in_edges_tensor generation:  0.020850181579589844
mini_batch_src_global generation:  0.046296119689941406
r_  generation:  0.377685546875
local_output_nid generation:  0.020858049392700195
local_in_edges_tensor generation:  0.023624181747436523
mini_batch_src_global generation:  0.04601478576660156
r_  generation:  0.3734133243560791
local_output_nid generation:  0.021065473556518555
local_in_edges_tensor generation:  0.02404308319091797
mini_batch_src_global generation:  0.04565024375915527
r_  generation:  0.3771069049835205
local_output_nid generation:  0.021511077880859375
local_in_edges_tensor generation:  0.028200864791870117
mini_batch_src_global generation:  0.046724796295166016
r_  generation:  0.3825380802154541
local_output_nid generation:  0.020952939987182617
local_in_edges_tensor generation:  0.020884037017822266
mini_batch_src_global generation:  0.04607820510864258
r_  generation:  0.3722677230834961
local_output_nid generation:  0.021070003509521484
local_in_edges_tensor generation:  0.02388787269592285
mini_batch_src_global generation:  0.04660367965698242
r_  generation:  0.3789956569671631
local_output_nid generation:  0.021175384521484375
local_in_edges_tensor generation:  0.03057408332824707
mini_batch_src_global generation:  0.04596996307373047
r_  generation:  0.38317060470581055
local_output_nid generation:  0.021055221557617188
local_in_edges_tensor generation:  0.02098369598388672
mini_batch_src_global generation:  0.046300411224365234
r_  generation:  0.3761746883392334
local_output_nid generation:  0.021610498428344727
local_in_edges_tensor generation:  0.028769254684448242
mini_batch_src_global generation:  0.04690408706665039
r_  generation:  0.3912501335144043
local_output_nid generation:  0.02109241485595703
local_in_edges_tensor generation:  0.03165721893310547
mini_batch_src_global generation:  0.04610729217529297
r_  generation:  0.3800220489501953
local_output_nid generation:  0.02121114730834961
local_in_edges_tensor generation:  0.020991086959838867
mini_batch_src_global generation:  0.04554486274719238
r_  generation:  0.37778258323669434
local_output_nid generation:  0.0211641788482666
local_in_edges_tensor generation:  0.02060246467590332
mini_batch_src_global generation:  0.045975446701049805
r_  generation:  0.3776283264160156
local_output_nid generation:  0.02217888832092285
local_in_edges_tensor generation:  0.03055596351623535
mini_batch_src_global generation:  0.045517683029174805
r_  generation:  0.3791382312774658
local_output_nid generation:  0.020799636840820312
local_in_edges_tensor generation:  0.023697376251220703
mini_batch_src_global generation:  0.04538083076477051
r_  generation:  0.3740227222442627
local_output_nid generation:  0.020781993865966797
local_in_edges_tensor generation:  0.02374100685119629
mini_batch_src_global generation:  0.04852414131164551
r_  generation:  0.37635374069213867
local_output_nid generation:  0.021105289459228516
local_in_edges_tensor generation:  0.02747344970703125
mini_batch_src_global generation:  0.045984745025634766
r_  generation:  0.3840601444244385
local_output_nid generation:  0.021172285079956055
local_in_edges_tensor generation:  0.031026124954223633
mini_batch_src_global generation:  0.04630732536315918
r_  generation:  0.38769030570983887
local_output_nid generation:  0.020801067352294922
local_in_edges_tensor generation:  0.020963668823242188
mini_batch_src_global generation:  0.04564499855041504
r_  generation:  0.376511812210083
local_output_nid generation:  0.02081131935119629
local_in_edges_tensor generation:  0.02031707763671875
mini_batch_src_global generation:  0.04500436782836914
r_  generation:  0.3703575134277344
local_output_nid generation:  0.02120828628540039
local_in_edges_tensor generation:  0.02341628074645996
mini_batch_src_global generation:  0.04819750785827637
r_  generation:  0.3777289390563965
local_output_nid generation:  0.02115345001220703
local_in_edges_tensor generation:  0.03093099594116211
mini_batch_src_global generation:  0.045702457427978516
r_  generation:  0.38662266731262207
local_output_nid generation:  0.02084040641784668
local_in_edges_tensor generation:  0.020685434341430664
mini_batch_src_global generation:  0.04623126983642578
r_  generation:  0.3780663013458252
local_output_nid generation:  0.021209239959716797
local_in_edges_tensor generation:  0.020816802978515625
mini_batch_src_global generation:  0.048067331314086914
r_  generation:  0.38266539573669434
local_output_nid generation:  0.021540164947509766
local_in_edges_tensor generation:  0.028383731842041016
mini_batch_src_global generation:  0.047232627868652344
r_  generation:  0.38695526123046875
local_output_nid generation:  0.021311521530151367
local_in_edges_tensor generation:  0.02447652816772461
mini_batch_src_global generation:  0.046756744384765625
r_  generation:  0.387007474899292
local_output_nid generation:  0.021219491958618164
local_in_edges_tensor generation:  0.0208587646484375
mini_batch_src_global generation:  0.04577279090881348
r_  generation:  0.37497472763061523
local_output_nid generation:  0.021684885025024414
local_in_edges_tensor generation:  0.02431035041809082
mini_batch_src_global generation:  0.04656195640563965
r_  generation:  0.3968632221221924
local_output_nid generation:  0.021525144577026367
local_in_edges_tensor generation:  0.030162811279296875
mini_batch_src_global generation:  0.05314779281616211
r_  generation:  0.3874232769012451
----------------------check_connections_block total spend ----------------------------- 35.483612060546875
generate_one_block  0.49474287033081055
generate_one_block  0.49100160598754883
generate_one_block  0.498687744140625
generate_one_block  0.4809150695800781
generate_one_block  0.5106484889984131
generate_one_block  0.48267436027526855
generate_one_block  0.6244659423828125
generate_one_block  0.49325060844421387
generate_one_block  0.5121519565582275
generate_one_block  0.5036318302154541
generate_one_block  0.49651646614074707
generate_one_block  0.5099892616271973
generate_one_block  0.48586606979370117
generate_one_block  0.48511195182800293
generate_one_block  0.5090348720550537
generate_one_block  0.48079586029052734
generate_one_block  0.4947667121887207
generate_one_block  0.5259153842926025
generate_one_block  0.4940793514251709
generate_one_block  0.48760199546813965
generate_one_block  0.4967329502105713
generate_one_block  0.4926912784576416
generate_one_block  0.5179283618927002
generate_one_block  0.4873502254486084
generate_one_block  0.49128174781799316
generate_one_block  0.48018741607666016
generate_one_block  0.488572359085083
generate_one_block  0.49500226974487305
generate_one_block  0.4998493194580078
generate_one_block  0.48952651023864746
generate_one_block  0.49520182609558105
generate_one_block  0.4927682876586914
generate_one_block  0.4878411293029785
generate_one_block  0.49694299697875977
generate_one_block  0.5061817169189453
generate_one_block  0.48734354972839355
generate_one_block  0.49204516410827637
generate_one_block  0.4834158420562744
generate_one_block  0.4838895797729492
generate_one_block  0.5207910537719727
generate_one_block  0.47943711280822754
generate_one_block  0.4895031452178955
generate_one_block  0.4969930648803711
generate_one_block  0.48247289657592773
generate_one_block  0.5207235813140869
generate_one_block  0.4881930351257324
generate_one_block  0.5035288333892822
generate_one_block  0.48802733421325684
generate_one_block  0.4946582317352295
generate_one_block  0.4816572666168213
generate_one_block  0.4797091484069824
generate_one_block  0.555171012878418
generate_one_block  0.5183722972869873
generate_one_block  0.4838287830352783
generate_one_block  0.49084997177124023
generate_one_block  0.5260770320892334
generate_one_block  0.5142896175384521
generate_one_block  0.5055971145629883
generate_one_block  0.5037796497344971
generate_one_block  0.523141622543335
generate_one_block  0.5081682205200195
generate_one_block  0.4893679618835449
generate_one_block  0.5306930541992188
generate_one_block  0.5084099769592285
The real block id is  1
get_global_graph_edges_ids_block function  spend 0.0668935775756836
gen group dst list time:  0.3346676826477051
time for parepare:  0.021482229232788086
local_output_nid generation:  0.03099966049194336
local_in_edges_tensor generation:  0.06269955635070801
mini_batch_src_global generation:  0.05006241798400879
r_  generation:  0.5134158134460449
local_output_nid generation:  0.03702282905578613
local_in_edges_tensor generation:  0.05341482162475586
mini_batch_src_global generation:  0.06119036674499512
r_  generation:  0.5150332450866699
local_output_nid generation:  0.0369870662689209
local_in_edges_tensor generation:  0.04877018928527832
mini_batch_src_global generation:  0.05920863151550293
r_  generation:  0.5213541984558105
local_output_nid generation:  0.039201974868774414
local_in_edges_tensor generation:  0.04632067680358887
mini_batch_src_global generation:  0.059075355529785156
r_  generation:  0.5182433128356934
local_output_nid generation:  0.03560376167297363
local_in_edges_tensor generation:  0.05077409744262695
mini_batch_src_global generation:  0.05644869804382324
r_  generation:  0.5399320125579834
local_output_nid generation:  0.03456759452819824
local_in_edges_tensor generation:  0.035053253173828125
mini_batch_src_global generation:  0.05941414833068848
r_  generation:  0.5168333053588867
local_output_nid generation:  0.035841941833496094
local_in_edges_tensor generation:  0.03492093086242676
mini_batch_src_global generation:  0.05677080154418945
r_  generation:  0.5276923179626465
local_output_nid generation:  0.034859657287597656
local_in_edges_tensor generation:  0.034713029861450195
mini_batch_src_global generation:  0.05865788459777832
r_  generation:  0.5341475009918213
local_output_nid generation:  0.03502917289733887
local_in_edges_tensor generation:  0.05137777328491211
mini_batch_src_global generation:  0.05997586250305176
r_  generation:  0.5424039363861084
local_output_nid generation:  0.036992549896240234
local_in_edges_tensor generation:  0.04738354682922363
mini_batch_src_global generation:  0.058667898178100586
r_  generation:  0.5151944160461426
local_output_nid generation:  0.03569602966308594
local_in_edges_tensor generation:  0.034613847732543945
mini_batch_src_global generation:  0.0576632022857666
r_  generation:  0.5292673110961914
local_output_nid generation:  0.0357816219329834
local_in_edges_tensor generation:  0.03924965858459473
mini_batch_src_global generation:  0.06276249885559082
r_  generation:  0.5258529186248779
local_output_nid generation:  0.03570842742919922
local_in_edges_tensor generation:  0.04438066482543945
mini_batch_src_global generation:  0.05796980857849121
r_  generation:  0.5293233394622803
local_output_nid generation:  0.0359034538269043
local_in_edges_tensor generation:  0.03490161895751953
mini_batch_src_global generation:  0.060051679611206055
r_  generation:  0.527174711227417
local_output_nid generation:  0.03596663475036621
local_in_edges_tensor generation:  0.03961920738220215
mini_batch_src_global generation:  0.05871868133544922
r_  generation:  0.5326535701751709
local_output_nid generation:  0.035904884338378906
local_in_edges_tensor generation:  0.04964113235473633
mini_batch_src_global generation:  0.05970001220703125
r_  generation:  0.5237278938293457
local_output_nid generation:  0.03622078895568848
local_in_edges_tensor generation:  0.03699135780334473
mini_batch_src_global generation:  0.05879092216491699
r_  generation:  0.5297508239746094
local_output_nid generation:  0.03584170341491699
local_in_edges_tensor generation:  0.04163098335266113
mini_batch_src_global generation:  0.05890703201293945
r_  generation:  0.5220925807952881
local_output_nid generation:  0.037325382232666016
local_in_edges_tensor generation:  0.03196597099304199
mini_batch_src_global generation:  0.0583195686340332
r_  generation:  0.5305812358856201
local_output_nid generation:  0.035756826400756836
local_in_edges_tensor generation:  0.03381204605102539
mini_batch_src_global generation:  0.05898737907409668
r_  generation:  0.5181450843811035
local_output_nid generation:  0.03564739227294922
local_in_edges_tensor generation:  0.03165483474731445
mini_batch_src_global generation:  0.06246304512023926
r_  generation:  0.5260887145996094
local_output_nid generation:  0.036425113677978516
local_in_edges_tensor generation:  0.04163718223571777
mini_batch_src_global generation:  0.059716224670410156
r_  generation:  0.5251784324645996
local_output_nid generation:  0.03593254089355469
local_in_edges_tensor generation:  0.036386728286743164
mini_batch_src_global generation:  0.0684206485748291
r_  generation:  0.5328354835510254
local_output_nid generation:  0.03574681282043457
local_in_edges_tensor generation:  0.04138445854187012
mini_batch_src_global generation:  0.07915687561035156
r_  generation:  0.5200588703155518
local_output_nid generation:  0.03678250312805176
local_in_edges_tensor generation:  0.0449371337890625
mini_batch_src_global generation:  0.05834817886352539
r_  generation:  0.5353047847747803
local_output_nid generation:  0.036061763763427734
local_in_edges_tensor generation:  0.03898143768310547
mini_batch_src_global generation:  0.059708595275878906
r_  generation:  0.5243847370147705
local_output_nid generation:  0.035797834396362305
local_in_edges_tensor generation:  0.03641033172607422
mini_batch_src_global generation:  0.05872964859008789
r_  generation:  0.5340089797973633
local_output_nid generation:  0.035764217376708984
local_in_edges_tensor generation:  0.03656005859375
mini_batch_src_global generation:  0.059308528900146484
r_  generation:  0.5243549346923828
local_output_nid generation:  0.03589034080505371
local_in_edges_tensor generation:  0.041471004486083984
mini_batch_src_global generation:  0.05969071388244629
r_  generation:  0.5336406230926514
local_output_nid generation:  0.035462141036987305
local_in_edges_tensor generation:  0.03157448768615723
mini_batch_src_global generation:  0.06000375747680664
r_  generation:  0.5228722095489502
local_output_nid generation:  0.03555750846862793
local_in_edges_tensor generation:  0.0364534854888916
mini_batch_src_global generation:  0.059708595275878906
r_  generation:  0.5283505916595459
local_output_nid generation:  0.03570413589477539
local_in_edges_tensor generation:  0.0362548828125
mini_batch_src_global generation:  0.05978035926818848
r_  generation:  0.5272750854492188
local_output_nid generation:  0.03576540946960449
local_in_edges_tensor generation:  0.05145573616027832
mini_batch_src_global generation:  0.05909872055053711
r_  generation:  0.5279169082641602
local_output_nid generation:  0.03553295135498047
local_in_edges_tensor generation:  0.04066061973571777
mini_batch_src_global generation:  0.05917024612426758
r_  generation:  0.5219008922576904
local_output_nid generation:  0.03574514389038086
local_in_edges_tensor generation:  0.03225970268249512
mini_batch_src_global generation:  0.05913138389587402
r_  generation:  0.5296885967254639
local_output_nid generation:  0.03613448143005371
local_in_edges_tensor generation:  0.03624105453491211
mini_batch_src_global generation:  0.05902719497680664
r_  generation:  0.5199861526489258
local_output_nid generation:  0.036062002182006836
local_in_edges_tensor generation:  0.035971879959106445
mini_batch_src_global generation:  0.06280922889709473
r_  generation:  0.5258834362030029
local_output_nid generation:  0.03558015823364258
local_in_edges_tensor generation:  0.041349172592163086
mini_batch_src_global generation:  0.05954480171203613
r_  generation:  0.5287787914276123
local_output_nid generation:  0.03571295738220215
local_in_edges_tensor generation:  0.031923532485961914
mini_batch_src_global generation:  0.0596771240234375
r_  generation:  0.5244481563568115
local_output_nid generation:  0.035948753356933594
local_in_edges_tensor generation:  0.03672933578491211
mini_batch_src_global generation:  0.06005144119262695
r_  generation:  0.5263564586639404
local_output_nid generation:  0.035735368728637695
local_in_edges_tensor generation:  0.036895751953125
mini_batch_src_global generation:  0.05942797660827637
r_  generation:  0.5246210098266602
local_output_nid generation:  0.03534293174743652
local_in_edges_tensor generation:  0.03182554244995117
mini_batch_src_global generation:  0.059972286224365234
r_  generation:  0.5218017101287842
local_output_nid generation:  0.03641486167907715
local_in_edges_tensor generation:  0.04112529754638672
mini_batch_src_global generation:  0.05931210517883301
r_  generation:  0.5229775905609131
local_output_nid generation:  0.0359194278717041
local_in_edges_tensor generation:  0.2520008087158203
mini_batch_src_global generation:  0.059404850006103516
r_  generation:  0.5230059623718262
local_output_nid generation:  0.034605979919433594
local_in_edges_tensor generation:  0.04606509208679199
mini_batch_src_global generation:  0.05895590782165527
r_  generation:  0.521949291229248
local_output_nid generation:  0.03450512886047363
local_in_edges_tensor generation:  0.03187394142150879
mini_batch_src_global generation:  0.060134172439575195
r_  generation:  0.519294261932373
local_output_nid generation:  0.0343780517578125
local_in_edges_tensor generation:  0.032294511795043945
mini_batch_src_global generation:  0.059439897537231445
r_  generation:  0.523298978805542
local_output_nid generation:  0.034644126892089844
local_in_edges_tensor generation:  0.035929203033447266
mini_batch_src_global generation:  0.06016731262207031
r_  generation:  0.5251567363739014
local_output_nid generation:  0.0346071720123291
local_in_edges_tensor generation:  0.04083681106567383
mini_batch_src_global generation:  0.05930018424987793
r_  generation:  0.5227394104003906
local_output_nid generation:  0.03451347351074219
local_in_edges_tensor generation:  0.03247427940368652
mini_batch_src_global generation:  0.05957627296447754
r_  generation:  0.521569013595581
local_output_nid generation:  0.034743309020996094
local_in_edges_tensor generation:  0.03632998466491699
mini_batch_src_global generation:  0.05923867225646973
r_  generation:  0.5212910175323486
local_output_nid generation:  0.034647226333618164
local_in_edges_tensor generation:  0.03659796714782715
mini_batch_src_global generation:  0.0636601448059082
r_  generation:  0.5241098403930664
local_output_nid generation:  0.03517889976501465
local_in_edges_tensor generation:  0.04238104820251465
mini_batch_src_global generation:  0.05874013900756836
r_  generation:  0.5255045890808105
local_output_nid generation:  0.0344243049621582
local_in_edges_tensor generation:  0.03182196617126465
mini_batch_src_global generation:  0.06074166297912598
r_  generation:  0.5256450176239014
local_output_nid generation:  0.035167694091796875
local_in_edges_tensor generation:  0.03937935829162598
mini_batch_src_global generation:  0.06602191925048828
r_  generation:  0.5229895114898682
local_output_nid generation:  0.03473019599914551
local_in_edges_tensor generation:  0.04833507537841797
mini_batch_src_global generation:  0.05988931655883789
r_  generation:  0.5237281322479248
local_output_nid generation:  0.03897428512573242
local_in_edges_tensor generation:  0.03853869438171387
mini_batch_src_global generation:  0.062311649322509766
r_  generation:  0.5240983963012695
local_output_nid generation:  0.03551435470581055
local_in_edges_tensor generation:  0.04116559028625488
mini_batch_src_global generation:  0.05929732322692871
r_  generation:  0.5176429748535156
local_output_nid generation:  0.03537130355834961
local_in_edges_tensor generation:  0.04429054260253906
mini_batch_src_global generation:  0.07419109344482422
r_  generation:  0.5279083251953125
local_output_nid generation:  0.03681635856628418
local_in_edges_tensor generation:  0.04607796669006348
mini_batch_src_global generation:  0.06403613090515137
r_  generation:  0.5317034721374512
local_output_nid generation:  0.03576970100402832
local_in_edges_tensor generation:  0.03257322311401367
mini_batch_src_global generation:  0.060561180114746094
r_  generation:  0.5258800983428955
local_output_nid generation:  0.035685062408447266
local_in_edges_tensor generation:  0.032671451568603516
mini_batch_src_global generation:  0.06043529510498047
r_  generation:  0.5244054794311523
local_output_nid generation:  0.03559517860412598
local_in_edges_tensor generation:  0.037189483642578125
mini_batch_src_global generation:  0.060296058654785156
r_  generation:  0.5327403545379639
local_output_nid generation:  0.03534245491027832
local_in_edges_tensor generation:  0.036246299743652344
mini_batch_src_global generation:  0.064483642578125
r_  generation:  0.5419008731842041
----------------------check_connections_block total spend ----------------------------- 50.13650822639465
generate_one_block  0.6593446731567383
generate_one_block  0.6635167598724365
generate_one_block  0.6543071269989014
generate_one_block  0.6685488224029541
generate_one_block  0.6659815311431885
generate_one_block  0.6475486755371094
generate_one_block  0.6517717838287354
generate_one_block  0.661562442779541
generate_one_block  0.6700873374938965
generate_one_block  0.6674137115478516
generate_one_block  0.6583833694458008
generate_one_block  0.6699650287628174
generate_one_block  0.6541621685028076
generate_one_block  0.6590266227722168
generate_one_block  0.661766529083252
generate_one_block  0.6527535915374756
generate_one_block  0.6681172847747803
generate_one_block  0.7216072082519531
generate_one_block  0.6480848789215088
generate_one_block  0.6448202133178711
generate_one_block  0.653069257736206
generate_one_block  0.6617975234985352
generate_one_block  0.6669549942016602
generate_one_block  0.6488809585571289
generate_one_block  0.6767196655273438
generate_one_block  0.6678698062896729
generate_one_block  0.6582682132720947
generate_one_block  0.646981954574585
generate_one_block  0.6702206134796143
generate_one_block  0.6478855609893799
generate_one_block  0.6491303443908691
generate_one_block  0.6509370803833008
generate_one_block  0.6774852275848389
generate_one_block  0.7049999237060547
generate_one_block  0.6819314956665039
generate_one_block  0.6911470890045166
generate_one_block  0.6574852466583252
generate_one_block  0.6747086048126221
generate_one_block  0.658656120300293
generate_one_block  0.6992509365081787
generate_one_block  0.6485402584075928
generate_one_block  0.6576588153839111
generate_one_block  0.6592979431152344
generate_one_block  0.6864590644836426
generate_one_block  0.6915605068206787
generate_one_block  0.668663740158081
generate_one_block  0.6668477058410645
generate_one_block  0.6860499382019043
generate_one_block  0.6814892292022705
generate_one_block  0.6717121601104736
generate_one_block  0.6869649887084961
generate_one_block  0.6671736240386963
generate_one_block  0.6766383647918701
generate_one_block  0.6795861721038818
generate_one_block  0.676161527633667
generate_one_block  0.6697697639465332
generate_one_block  0.6604459285736084
generate_one_block  0.9167413711547852
generate_one_block  0.6641788482666016
generate_one_block  0.6853165626525879
generate_one_block  0.6748824119567871
generate_one_block  0.6691362857818604
generate_one_block  0.6719717979431152
generate_one_block  0.6833148002624512
The real block id is  0
get_global_graph_edges_ids_block function  spend 0.055670976638793945
gen group dst list time:  0.41343045234680176
time for parepare:  0.01905655860900879
local_output_nid generation:  0.03624224662780762
local_in_edges_tensor generation:  0.0488886833190918
mini_batch_src_global generation:  0.044000864028930664
r_  generation:  0.4967787265777588
local_output_nid generation:  0.0418853759765625
local_in_edges_tensor generation:  0.03610491752624512
mini_batch_src_global generation:  0.05642414093017578
r_  generation:  0.49800705909729004
local_output_nid generation:  0.04261064529418945
local_in_edges_tensor generation:  0.03670644760131836
mini_batch_src_global generation:  0.05516457557678223
r_  generation:  0.5038719177246094
local_output_nid generation:  0.04364442825317383
local_in_edges_tensor generation:  0.040444135665893555
mini_batch_src_global generation:  0.05458831787109375
r_  generation:  0.5033409595489502
local_output_nid generation:  0.041964054107666016
local_in_edges_tensor generation:  0.0408022403717041
mini_batch_src_global generation:  0.05532383918762207
r_  generation:  0.5097751617431641
local_output_nid generation:  0.039170026779174805
local_in_edges_tensor generation:  0.03903698921203613
mini_batch_src_global generation:  0.05740213394165039
r_  generation:  0.5074114799499512
local_output_nid generation:  0.039405107498168945
local_in_edges_tensor generation:  0.0451359748840332
mini_batch_src_global generation:  0.055628299713134766
r_  generation:  0.5237677097320557
local_output_nid generation:  0.039220333099365234
local_in_edges_tensor generation:  0.03847861289978027
mini_batch_src_global generation:  0.05653071403503418
r_  generation:  0.5080935955047607
local_output_nid generation:  0.0395205020904541
local_in_edges_tensor generation:  0.0380403995513916
mini_batch_src_global generation:  0.05562090873718262
r_  generation:  0.5128562450408936
local_output_nid generation:  0.03980684280395508
local_in_edges_tensor generation:  0.03916430473327637
mini_batch_src_global generation:  0.05637788772583008
r_  generation:  0.5170319080352783
local_output_nid generation:  0.039481163024902344
local_in_edges_tensor generation:  0.045548200607299805
mini_batch_src_global generation:  0.055231332778930664
r_  generation:  0.517941951751709
local_output_nid generation:  0.039864301681518555
local_in_edges_tensor generation:  0.041092634201049805
mini_batch_src_global generation:  0.06293010711669922
r_  generation:  0.5190083980560303
local_output_nid generation:  0.042722463607788086
local_in_edges_tensor generation:  0.048406362533569336
mini_batch_src_global generation:  0.06381058692932129
r_  generation:  0.5317351818084717
local_output_nid generation:  0.0442051887512207
local_in_edges_tensor generation:  0.04108548164367676
mini_batch_src_global generation:  0.0647728443145752
r_  generation:  0.5190932750701904
local_output_nid generation:  0.04041123390197754
local_in_edges_tensor generation:  0.03827619552612305
mini_batch_src_global generation:  0.056604862213134766
r_  generation:  0.5175080299377441
local_output_nid generation:  0.04051852226257324
local_in_edges_tensor generation:  0.0437314510345459
mini_batch_src_global generation:  0.05719327926635742
r_  generation:  0.524212121963501
local_output_nid generation:  0.04040670394897461
local_in_edges_tensor generation:  0.03860926628112793
mini_batch_src_global generation:  0.05589103698730469
r_  generation:  0.5200204849243164
local_output_nid generation:  0.040781259536743164
local_in_edges_tensor generation:  0.040172576904296875
mini_batch_src_global generation:  0.05701565742492676
r_  generation:  0.5287654399871826
local_output_nid generation:  0.041287899017333984
local_in_edges_tensor generation:  0.04405713081359863
mini_batch_src_global generation:  0.056215763092041016
r_  generation:  0.5215137004852295
local_output_nid generation:  0.040129661560058594
local_in_edges_tensor generation:  0.03915071487426758
mini_batch_src_global generation:  0.056975603103637695
r_  generation:  0.5179476737976074
local_output_nid generation:  0.04026293754577637
local_in_edges_tensor generation:  0.03820037841796875
mini_batch_src_global generation:  0.05755424499511719
r_  generation:  0.5206611156463623
local_output_nid generation:  0.04062819480895996
local_in_edges_tensor generation:  0.04353141784667969
mini_batch_src_global generation:  0.05776190757751465
r_  generation:  0.5208306312561035
local_output_nid generation:  0.041371822357177734
local_in_edges_tensor generation:  0.038468360900878906
mini_batch_src_global generation:  0.05637168884277344
r_  generation:  0.5195953845977783
local_output_nid generation:  0.0404813289642334
local_in_edges_tensor generation:  0.03895211219787598
mini_batch_src_global generation:  0.05589175224304199
r_  generation:  0.5192103385925293
local_output_nid generation:  0.04066920280456543
local_in_edges_tensor generation:  0.043274641036987305
mini_batch_src_global generation:  0.05559802055358887
r_  generation:  0.5258488655090332
local_output_nid generation:  0.04073953628540039
local_in_edges_tensor generation:  0.0390009880065918
mini_batch_src_global generation:  0.055638790130615234
r_  generation:  0.5261683464050293
local_output_nid generation:  0.040674686431884766
local_in_edges_tensor generation:  0.043505191802978516
mini_batch_src_global generation:  0.05586528778076172
r_  generation:  0.5210256576538086
local_output_nid generation:  0.040430307388305664
local_in_edges_tensor generation:  0.03904438018798828
mini_batch_src_global generation:  0.05615949630737305
r_  generation:  0.5222716331481934
local_output_nid generation:  0.04072165489196777
local_in_edges_tensor generation:  0.03822040557861328
mini_batch_src_global generation:  0.055554866790771484
r_  generation:  0.5273048877716064
local_output_nid generation:  0.04053807258605957
local_in_edges_tensor generation:  0.044197797775268555
mini_batch_src_global generation:  0.05581259727478027
r_  generation:  0.5172853469848633
local_output_nid generation:  0.04195356369018555
local_in_edges_tensor generation:  0.038739681243896484
mini_batch_src_global generation:  0.056883811950683594
r_  generation:  0.517829418182373
local_output_nid generation:  0.041571617126464844
local_in_edges_tensor generation:  0.03864645957946777
mini_batch_src_global generation:  0.05699586868286133
r_  generation:  0.5159170627593994
local_output_nid generation:  0.040051937103271484
local_in_edges_tensor generation:  0.0447230339050293
mini_batch_src_global generation:  0.05544328689575195
r_  generation:  0.5212271213531494
local_output_nid generation:  0.039896488189697266
local_in_edges_tensor generation:  0.03847241401672363
mini_batch_src_global generation:  0.05641341209411621
r_  generation:  0.5216927528381348
local_output_nid generation:  0.04017353057861328
local_in_edges_tensor generation:  0.043210744857788086
mini_batch_src_global generation:  0.05615878105163574
r_  generation:  0.5224525928497314
local_output_nid generation:  0.0403599739074707
local_in_edges_tensor generation:  0.03851032257080078
mini_batch_src_global generation:  0.055732011795043945
r_  generation:  0.5200750827789307
local_output_nid generation:  0.04026198387145996
local_in_edges_tensor generation:  0.040636301040649414
mini_batch_src_global generation:  0.05573391914367676
r_  generation:  0.5207183361053467
local_output_nid generation:  0.040316104888916016
local_in_edges_tensor generation:  0.04324197769165039
mini_batch_src_global generation:  0.05944561958312988
r_  generation:  0.5181951522827148
local_output_nid generation:  0.04074740409851074
local_in_edges_tensor generation:  0.04166889190673828
mini_batch_src_global generation:  0.055748701095581055
r_  generation:  0.5312900543212891
local_output_nid generation:  0.0400698184967041
local_in_edges_tensor generation:  0.04586482048034668
mini_batch_src_global generation:  0.05727791786193848
r_  generation:  0.5192999839782715
local_output_nid generation:  0.040222883224487305
local_in_edges_tensor generation:  0.04103899002075195
mini_batch_src_global generation:  0.0673975944519043
r_  generation:  0.5279548168182373
local_output_nid generation:  0.04073214530944824
local_in_edges_tensor generation:  0.0386042594909668
mini_batch_src_global generation:  0.0609591007232666
r_  generation:  0.5204465389251709
local_output_nid generation:  0.04089641571044922
local_in_edges_tensor generation:  0.04317641258239746
mini_batch_src_global generation:  0.055524587631225586
r_  generation:  0.5246922969818115
local_output_nid generation:  0.0406031608581543
local_in_edges_tensor generation:  0.0387420654296875
mini_batch_src_global generation:  0.05722332000732422
r_  generation:  0.5182023048400879
local_output_nid generation:  0.04056215286254883
local_in_edges_tensor generation:  0.03811383247375488
mini_batch_src_global generation:  0.05648398399353027
r_  generation:  0.5272476673126221
local_output_nid generation:  0.04081988334655762
local_in_edges_tensor generation:  0.04311013221740723
mini_batch_src_global generation:  0.05737805366516113
r_  generation:  0.522097110748291
local_output_nid generation:  0.04079842567443848
local_in_edges_tensor generation:  0.038556575775146484
mini_batch_src_global generation:  0.05580711364746094
r_  generation:  0.527594804763794
local_output_nid generation:  0.04081368446350098
local_in_edges_tensor generation:  0.04321169853210449
mini_batch_src_global generation:  0.05636763572692871
r_  generation:  0.5240476131439209
local_output_nid generation:  0.04048037528991699
local_in_edges_tensor generation:  0.039047956466674805
mini_batch_src_global generation:  0.056577205657958984
r_  generation:  0.527738094329834
local_output_nid generation:  0.04024481773376465
local_in_edges_tensor generation:  0.038516998291015625
mini_batch_src_global generation:  0.0571141242980957
r_  generation:  0.5219879150390625
local_output_nid generation:  0.04092216491699219
local_in_edges_tensor generation:  0.043218135833740234
mini_batch_src_global generation:  0.05616354942321777
r_  generation:  0.529442548751831
local_output_nid generation:  0.04030489921569824
local_in_edges_tensor generation:  0.03854632377624512
mini_batch_src_global generation:  0.05778169631958008
r_  generation:  0.5280437469482422
local_output_nid generation:  0.0402827262878418
local_in_edges_tensor generation:  0.0386807918548584
mini_batch_src_global generation:  0.05720329284667969
r_  generation:  0.5300772190093994
local_output_nid generation:  0.040116310119628906
local_in_edges_tensor generation:  0.04333162307739258
mini_batch_src_global generation:  0.05791020393371582
r_  generation:  0.5266950130462646
local_output_nid generation:  0.04019880294799805
local_in_edges_tensor generation:  0.03874349594116211
mini_batch_src_global generation:  0.057276010513305664
r_  generation:  0.5361719131469727
local_output_nid generation:  0.0408174991607666
local_in_edges_tensor generation:  0.0382685661315918
mini_batch_src_global generation:  0.05705142021179199
r_  generation:  0.5252799987792969
local_output_nid generation:  0.040635108947753906
local_in_edges_tensor generation:  0.043424129486083984
mini_batch_src_global generation:  0.05707979202270508
r_  generation:  0.5289690494537354
local_output_nid generation:  0.04016876220703125
local_in_edges_tensor generation:  0.03983306884765625
mini_batch_src_global generation:  0.057268619537353516
r_  generation:  0.5216562747955322
local_output_nid generation:  0.04031872749328613
local_in_edges_tensor generation:  0.038648128509521484
mini_batch_src_global generation:  0.057062625885009766
r_  generation:  0.5302808284759521
local_output_nid generation:  0.04024696350097656
local_in_edges_tensor generation:  0.04310917854309082
mini_batch_src_global generation:  0.057622671127319336
r_  generation:  0.5224943161010742
local_output_nid generation:  0.04014754295349121
local_in_edges_tensor generation:  0.038480281829833984
mini_batch_src_global generation:  0.056044816970825195
r_  generation:  0.5334298610687256
local_output_nid generation:  0.04065108299255371
local_in_edges_tensor generation:  0.043215036392211914
mini_batch_src_global generation:  0.05813717842102051
r_  generation:  0.5241124629974365
local_output_nid generation:  0.04038548469543457
local_in_edges_tensor generation:  0.038398027420043945
mini_batch_src_global generation:  0.057267189025878906
r_  generation:  0.5330386161804199
local_output_nid generation:  0.04035758972167969
local_in_edges_tensor generation:  0.038251399993896484
mini_batch_src_global generation:  0.05828404426574707
r_  generation:  0.5217151641845703
----------------------check_connections_block total spend ----------------------------- 50.26981258392334
generate_one_block  0.6335840225219727
generate_one_block  0.6388249397277832
generate_one_block  0.6429836750030518
generate_one_block  0.6362919807434082
generate_one_block  0.6358890533447266
generate_one_block  0.6350595951080322
generate_one_block  0.6325705051422119
generate_one_block  0.6332781314849854
generate_one_block  0.8931515216827393
generate_one_block  0.6452219486236572
generate_one_block  0.6403467655181885
generate_one_block  0.6455471515655518
generate_one_block  0.6383423805236816
generate_one_block  0.6389837265014648
generate_one_block  0.6383163928985596
generate_one_block  0.6333029270172119
generate_one_block  0.6346628665924072
generate_one_block  0.6374762058258057
generate_one_block  0.6291666030883789
generate_one_block  0.6225736141204834
generate_one_block  0.6419363021850586
generate_one_block  0.6344709396362305
generate_one_block  0.6404550075531006
generate_one_block  0.6347348690032959
generate_one_block  0.6395618915557861
generate_one_block  0.645188570022583
generate_one_block  0.6619377136230469
generate_one_block  0.6540415287017822
generate_one_block  0.6722052097320557
generate_one_block  0.6333944797515869
generate_one_block  0.6314973831176758
generate_one_block  0.6375596523284912
generate_one_block  0.6482477188110352
generate_one_block  0.6315710544586182
generate_one_block  0.6350150108337402
generate_one_block  0.6448686122894287
generate_one_block  0.6380257606506348
generate_one_block  0.6368956565856934
generate_one_block  0.6522479057312012
generate_one_block  0.6514358520507812
generate_one_block  0.6420347690582275
generate_one_block  0.6296172142028809
generate_one_block  0.6295726299285889
generate_one_block  0.6527988910675049
generate_one_block  0.6426353454589844
generate_one_block  0.6479775905609131
generate_one_block  0.669121265411377
generate_one_block  0.6398358345031738
generate_one_block  0.6530847549438477
generate_one_block  0.6407556533813477
generate_one_block  0.6319425106048584
generate_one_block  0.6434967517852783
generate_one_block  0.6441469192504883
generate_one_block  0.6422145366668701
generate_one_block  0.650261640548706
generate_one_block  0.6446969509124756
generate_one_block  0.6359648704528809
generate_one_block  0.6313126087188721
generate_one_block  0.6409776210784912
generate_one_block  0.6558654308319092
generate_one_block  0.6526217460632324
generate_one_block  0.6411275863647461
generate_one_block  0.7028069496154785
generate_one_block  0.6508886814117432
-----------------------------------------after block dataloader generation 
 Nvidia-smi: 1.0194091796875 GB
    Memory Allocated: 0.0029964447021484375  GigaBytes
Max Memory Allocated: 0.0029964447021484375  GigaBytes

connection checking time:  143.4664192199707
block generation total time  123.04624223709106
average batch blocks generation time:  1.9225975349545479
----------------------------------------before batch_pred = model(blocks, batch_inputs) 
 Nvidia-smi: 1.2030029296875 GB
    Memory Allocated: 0.11550664901733398  GigaBytes
Max Memory Allocated: 0.11550664901733398  GigaBytes

torch.Size([163740, 128])
torch.Size([156877, 128])
Traceback (most recent call last):
  File "pseudo_mini_batch_range_arxiv_sage.py", line 435, in <module>
    main()
  File "pseudo_mini_batch_range_arxiv_sage.py", line 431, in main
    best_test = run(args, device, data)
  File "pseudo_mini_batch_range_arxiv_sage.py", line 251, in run
    batch_pred = model(blocks, batch_inputs)#------------*
  File "/home/cc/.local/lib/python3.6/site-packages/torch/nn/modules/module.py", line 727, in _call_impl
    result = self.forward(*input, **kwargs)
  File "/home/cc/graph_partition_multi_layers/pseudo_mini_batch_full_batch/SAGE/graphsage_model_arxiv.py", line 182, in forward
    x = layer(block, x)
  File "/home/cc/.local/lib/python3.6/site-packages/torch/nn/modules/module.py", line 727, in _call_impl
    result = self.forward(*input, **kwargs)
  File "/home/cc/.local/lib/python3.6/site-packages/dgl/nn/pytorch/conv/sageconv.py", line 258, in forward
    graph.update_all(msg_fn, self._lstm_reducer)
  File "/home/cc/.local/lib/python3.6/site-packages/dgl/heterograph.py", line 4849, in update_all
    ndata = core.message_passing(g, message_func, reduce_func, apply_node_func)
  File "/home/cc/.local/lib/python3.6/site-packages/dgl/core.py", line 337, in message_passing
    ndata = invoke_udf_reduce(g, rfunc, msgdata, orig_nid=orig_nid)
  File "/home/cc/.local/lib/python3.6/site-packages/dgl/core.py", line 143, in invoke_udf_reduce
    bkt_rsts.append(func(nbatch))
  File "/home/cc/.local/lib/python3.6/site-packages/dgl/nn/pytorch/conv/sageconv.py", line 173, in _lstm_reducer
    _, (rst, _) = self.lstm(m, h)
  File "/home/cc/.local/lib/python3.6/site-packages/torch/nn/modules/module.py", line 727, in _call_impl
    result = self.forward(*input, **kwargs)
  File "/home/cc/.local/lib/python3.6/site-packages/torch/nn/modules/rnn.py", line 582, in forward
    self.dropout, self.training, self.bidirectional, self.batch_first)
RuntimeError: CUDA out of memory. Tried to allocate 22.00 MiB (GPU 0; 23.62 GiB total capacity; 22.36 GiB already allocated; 2.44 MiB free; 22.42 GiB reserved in total by PyTorch)
