Using backend: pytorch
WARNING:root:The OGB package is out of date. Your version is 1.3.2, while the latest version is 1.3.3.
main start at this time 1648527448.7305527
-----------------------------------------before load data 
 Nvidia-smi: 0.1717529296875 GB
    Memory Allocated: 0.0  GigaBytes
Max Memory Allocated: 0.0  GigaBytes

ogbn-arxiv
# Nodes: 169343
# Edges: 2315598
# Train: 90941
# Val: 29799
# Test: 48603
# Classes: 40

in feats:  128
----------------------------------------before generate_dataloader_block 
 Nvidia-smi: 1.0194091796875 GB
    Memory Allocated: 0.003612995147705078  GigaBytes
Max Memory Allocated: 0.003612995147705078  GigaBytes

The real block id is  5
get_global_graph_edges_ids_block function  spend 0.02425074577331543
range selection method range initialization spend 0.013615131378173828
time for parepare:  0.018704652786254883
local_output_nid generation:  0.011401176452636719
local_in_edges_tensor generation:  0.010204792022705078
mini_batch_src_global generation:  0.014270305633544922
r_  generation:  0.1705613136291504
local_output_nid generation:  0.011968135833740234
local_in_edges_tensor generation:  0.010535478591918945
mini_batch_src_global generation:  0.017212629318237305
r_  generation:  0.17954325675964355
----------------------check_connections_block total spend ----------------------------- 0.5131077766418457
generate_one_block  0.2008960247039795
generate_one_block  0.19942188262939453
The real block id is  4
get_global_graph_edges_ids_block function  spend 0.04050159454345703
gen group dst list time:  0.0073778629302978516
time for parepare:  0.019717931747436523
local_output_nid generation:  0.0177915096282959
local_in_edges_tensor generation:  0.04266786575317383
mini_batch_src_global generation:  0.05063319206237793
r_  generation:  0.4986131191253662
local_output_nid generation:  0.026114463806152344
local_in_edges_tensor generation:  0.04563713073730469
mini_batch_src_global generation:  0.058055877685546875
r_  generation:  0.513066291809082
----------------------check_connections_block total spend ----------------------------- 1.4916338920593262
generate_one_block  0.6459252834320068
generate_one_block  0.6552367210388184
The real block id is  3
get_global_graph_edges_ids_block function  spend 0.03737831115722656
gen group dst list time:  0.011814594268798828
time for parepare:  0.01958608627319336
local_output_nid generation:  0.022097349166870117
local_in_edges_tensor generation:  0.03933143615722656
mini_batch_src_global generation:  0.05588817596435547
r_  generation:  0.5654304027557373
local_output_nid generation:  0.035512685775756836
local_in_edges_tensor generation:  0.05023622512817383
mini_batch_src_global generation:  0.0649104118347168
r_  generation:  0.576056718826294
----------------------check_connections_block total spend ----------------------------- 1.676867961883545
generate_one_block  0.7376663684844971
generate_one_block  0.7245936393737793
The real block id is  2
get_global_graph_edges_ids_block function  spend 0.037207841873168945
gen group dst list time:  0.01241922378540039
time for parepare:  0.019673585891723633
local_output_nid generation:  0.02311229705810547
local_in_edges_tensor generation:  0.05023598670959473
mini_batch_src_global generation:  0.05210590362548828
r_  generation:  0.5582044124603271
local_output_nid generation:  0.03519320487976074
local_in_edges_tensor generation:  0.05463743209838867
mini_batch_src_global generation:  0.06618595123291016
r_  generation:  0.5749008655548096
----------------------check_connections_block total spend ----------------------------- 1.7001171112060547
generate_one_block  0.715625524520874
generate_one_block  0.7280757427215576
The real block id is  1
get_global_graph_edges_ids_block function  spend 0.02850794792175293
gen group dst list time:  0.012655258178710938
time for parepare:  0.019624710083007812
local_output_nid generation:  0.02308177947998047
local_in_edges_tensor generation:  0.035608530044555664
mini_batch_src_global generation:  0.05281639099121094
r_  generation:  0.5547676086425781
local_output_nid generation:  0.03661680221557617
local_in_edges_tensor generation:  0.03312802314758301
mini_batch_src_global generation:  0.06714320182800293
r_  generation:  0.567542552947998
----------------------check_connections_block total spend ----------------------------- 1.643927812576294
generate_one_block  0.700695276260376
generate_one_block  0.7016003131866455
The real block id is  0
get_global_graph_edges_ids_block function  spend 0.028006553649902344
gen group dst list time:  0.012581110000610352
time for parepare:  0.01978325843811035
local_output_nid generation:  0.02417755126953125
local_in_edges_tensor generation:  0.034361839294433594
mini_batch_src_global generation:  0.04689478874206543
r_  generation:  0.5182452201843262
local_output_nid generation:  0.03589820861816406
local_in_edges_tensor generation:  0.032217979431152344
mini_batch_src_global generation:  0.05873751640319824
r_  generation:  0.5229816436767578
----------------------check_connections_block total spend ----------------------------- 1.532357931137085
generate_one_block  0.6466493606567383
generate_one_block  0.6569850444793701
-----------------------------------------after block dataloader generation 
 Nvidia-smi: 1.0194091796875 GB
    Memory Allocated: 0.003612995147705078  GigaBytes
Max Memory Allocated: 0.003612995147705078  GigaBytes

connection checking time:  8.044904708862305
block generation total time  6.913053274154663
average batch blocks generation time:  3.4565266370773315
----------------------------------------before batch_pred = model(blocks, batch_inputs) 
 Nvidia-smi: 1.2459716796875 GB
    Memory Allocated: 0.1506214141845703  GigaBytes
Max Memory Allocated: 0.1506214141845703  GigaBytes

torch.Size([168054, 128])
torch.Size([167896, 128])
Traceback (most recent call last):
  File "pseudo_mini_batch_range_arxiv_sage.py", line 438, in <module>
    main()
  File "pseudo_mini_batch_range_arxiv_sage.py", line 434, in main
    best_test = run(args, device, data)
  File "pseudo_mini_batch_range_arxiv_sage.py", line 253, in run
    batch_pred = model(blocks, batch_inputs)#------------*
  File "/home/cc/.local/lib/python3.6/site-packages/torch/nn/modules/module.py", line 727, in _call_impl
    result = self.forward(*input, **kwargs)
  File "/home/cc/graph_partition_multi_layers/pseudo_mini_batch_full_batch/SAGE/graphsage_model_arxiv.py", line 182, in forward
    x = layer(block, x)
  File "/home/cc/.local/lib/python3.6/site-packages/torch/nn/modules/module.py", line 727, in _call_impl
    result = self.forward(*input, **kwargs)
  File "/home/cc/.local/lib/python3.6/site-packages/dgl/nn/pytorch/conv/sageconv.py", line 258, in forward
    graph.update_all(msg_fn, self._lstm_reducer)
  File "/home/cc/.local/lib/python3.6/site-packages/dgl/heterograph.py", line 4849, in update_all
    ndata = core.message_passing(g, message_func, reduce_func, apply_node_func)
  File "/home/cc/.local/lib/python3.6/site-packages/dgl/core.py", line 337, in message_passing
    ndata = invoke_udf_reduce(g, rfunc, msgdata, orig_nid=orig_nid)
  File "/home/cc/.local/lib/python3.6/site-packages/dgl/core.py", line 143, in invoke_udf_reduce
    bkt_rsts.append(func(nbatch))
  File "/home/cc/.local/lib/python3.6/site-packages/dgl/nn/pytorch/conv/sageconv.py", line 173, in _lstm_reducer
    _, (rst, _) = self.lstm(m, h)
  File "/home/cc/.local/lib/python3.6/site-packages/torch/nn/modules/module.py", line 727, in _call_impl
    result = self.forward(*input, **kwargs)
  File "/home/cc/.local/lib/python3.6/site-packages/torch/nn/modules/rnn.py", line 582, in forward
    self.dropout, self.training, self.bidirectional, self.batch_first)
RuntimeError: CUDA out of memory. Tried to allocate 20.00 MiB (GPU 0; 23.62 GiB total capacity; 22.35 GiB already allocated; 6.44 MiB free; 22.42 GiB reserved in total by PyTorch)
