Using backend: pytorch
WARNING:root:The OGB package is out of date. Your version is 1.3.2, while the latest version is 1.3.3.
main start at this time 1648522657.8727226
-----------------------------------------before load data 
 Nvidia-smi: 0.1717529296875 GB
    Memory Allocated: 0.0  GigaBytes
Max Memory Allocated: 0.0  GigaBytes

ogbn-arxiv
# Nodes: 169343
# Edges: 2315598
# Train: 90941
# Val: 29799
# Test: 48603
# Classes: 40

in feats:  128
----------------------------------------before generate_dataloader_block 
 Nvidia-smi: 1.0174560546875 GB
    Memory Allocated: 0.0013260841369628906  GigaBytes
Max Memory Allocated: 0.0013260841369628906  GigaBytes

The real block id is  5
get_global_graph_edges_ids_block function  spend 0.02291083335876465
random selection method range initialization spend 0.006140232086181641
time for parepare:  0.01891636848449707
local_output_nid generation:  0.008280754089355469
local_in_edges_tensor generation:  0.007287263870239258
mini_batch_src_global generation:  0.006562709808349609
r_  generation:  0.08369708061218262
local_output_nid generation:  0.011704683303833008
local_in_edges_tensor generation:  0.005723476409912109
mini_batch_src_global generation:  0.008799076080322266
r_  generation:  0.08870744705200195
local_output_nid generation:  0.01199650764465332
local_in_edges_tensor generation:  0.0061342716217041016
mini_batch_src_global generation:  0.006651163101196289
r_  generation:  0.09137749671936035
local_output_nid generation:  0.011823892593383789
local_in_edges_tensor generation:  0.005828857421875
mini_batch_src_global generation:  0.00744175910949707
r_  generation:  0.09340119361877441
----------------------check_connections_block total spend ----------------------------- 0.5567753314971924
generate_one_block  0.10162758827209473
generate_one_block  0.10241246223449707
generate_one_block  0.10321784019470215
generate_one_block  0.10191679000854492
The real block id is  4
get_global_graph_edges_ids_block function  spend 0.03948664665222168
gen group dst list time:  0.011521577835083008
time for parepare:  0.019112825393676758
local_output_nid generation:  0.019049644470214844
local_in_edges_tensor generation:  0.04279756546020508
mini_batch_src_global generation:  0.04145383834838867
r_  generation:  0.4080493450164795
local_output_nid generation:  0.025187969207763672
local_in_edges_tensor generation:  0.03949451446533203
mini_batch_src_global generation:  0.04784536361694336
r_  generation:  0.41420674324035645
local_output_nid generation:  0.025593042373657227
local_in_edges_tensor generation:  0.03590726852416992
mini_batch_src_global generation:  0.04877901077270508
r_  generation:  0.42736053466796875
local_output_nid generation:  0.02556633949279785
local_in_edges_tensor generation:  0.024675607681274414
mini_batch_src_global generation:  0.05917978286743164
r_  generation:  0.4444398880004883
----------------------check_connections_block total spend ----------------------------- 2.5465266704559326
generate_one_block  0.5715727806091309
generate_one_block  0.5496106147766113
generate_one_block  0.5505964756011963
generate_one_block  0.5322408676147461
The real block id is  3
get_global_graph_edges_ids_block function  spend 0.03641247749328613
gen group dst list time:  0.02325153350830078
time for parepare:  0.01894402503967285
local_output_nid generation:  0.030024051666259766
local_in_edges_tensor generation:  0.04451727867126465
mini_batch_src_global generation:  0.05046343803405762
r_  generation:  0.5464029312133789
local_output_nid generation:  0.037351131439208984
local_in_edges_tensor generation:  0.05359792709350586
mini_batch_src_global generation:  0.062073469161987305
r_  generation:  0.5546081066131592
local_output_nid generation:  0.03757429122924805
local_in_edges_tensor generation:  0.04952526092529297
mini_batch_src_global generation:  0.05685997009277344
r_  generation:  0.5622265338897705
local_output_nid generation:  0.03743767738342285
local_in_edges_tensor generation:  0.03497147560119629
mini_batch_src_global generation:  0.05968594551086426
r_  generation:  0.5657024383544922
----------------------check_connections_block total spend ----------------------------- 3.2895028591156006
generate_one_block  0.6898598670959473
generate_one_block  0.7112910747528076
generate_one_block  0.7084224224090576
generate_one_block  0.690216064453125
The real block id is  2
get_global_graph_edges_ids_block function  spend 0.033214569091796875
gen group dst list time:  0.023714065551757812
time for parepare:  0.019015073776245117
local_output_nid generation:  0.033559560775756836
local_in_edges_tensor generation:  0.04743146896362305
mini_batch_src_global generation:  0.05096077919006348
r_  generation:  0.5632064342498779
local_output_nid generation:  0.039966583251953125
local_in_edges_tensor generation:  0.05736732482910156
mini_batch_src_global generation:  0.06795930862426758
r_  generation:  0.5607163906097412
local_output_nid generation:  0.03998851776123047
local_in_edges_tensor generation:  0.052530765533447266
mini_batch_src_global generation:  0.06359243392944336
r_  generation:  0.5708200931549072
local_output_nid generation:  0.04007554054260254
local_in_edges_tensor generation:  0.04242229461669922
mini_batch_src_global generation:  0.06392717361450195
r_  generation:  0.5642178058624268
----------------------check_connections_block total spend ----------------------------- 3.38778018951416
generate_one_block  0.708965539932251
generate_one_block  0.7357897758483887
generate_one_block  0.7129769325256348
generate_one_block  0.7043507099151611
The real block id is  1
get_global_graph_edges_ids_block function  spend 0.026401758193969727
gen group dst list time:  0.02420496940612793
time for parepare:  0.01904010772705078
local_output_nid generation:  0.03340411186218262
local_in_edges_tensor generation:  0.04552435874938965
mini_batch_src_global generation:  0.049098968505859375
r_  generation:  0.5451972484588623
local_output_nid generation:  0.03970170021057129
local_in_edges_tensor generation:  0.0361483097076416
mini_batch_src_global generation:  0.06266260147094727
r_  generation:  0.5538170337677002
local_output_nid generation:  0.03986310958862305
local_in_edges_tensor generation:  0.03623056411743164
mini_batch_src_global generation:  0.06336474418640137
r_  generation:  0.5564453601837158
local_output_nid generation:  0.0396733283996582
local_in_edges_tensor generation:  0.03601193428039551
mini_batch_src_global generation:  0.06356143951416016
r_  generation:  0.5575125217437744
----------------------check_connections_block total spend ----------------------------- 3.286083698272705
generate_one_block  0.6806132793426514
generate_one_block  0.6878743171691895
generate_one_block  0.6948654651641846
generate_one_block  0.6911928653717041
The real block id is  0
get_global_graph_edges_ids_block function  spend 0.034088134765625
gen group dst list time:  0.02473282814025879
time for parepare:  0.021232128143310547
local_output_nid generation:  0.03496742248535156
local_in_edges_tensor generation:  0.045171499252319336
mini_batch_src_global generation:  0.04747509956359863
r_  generation:  0.5202171802520752
local_output_nid generation:  0.03973746299743652
local_in_edges_tensor generation:  0.0539400577545166
mini_batch_src_global generation:  0.057767629623413086
r_  generation:  0.513153076171875
local_output_nid generation:  0.03931999206542969
local_in_edges_tensor generation:  0.04482603073120117
mini_batch_src_global generation:  0.057978153228759766
r_  generation:  0.5240602493286133
local_output_nid generation:  0.03981590270996094
local_in_edges_tensor generation:  0.04059886932373047
mini_batch_src_global generation:  0.058775901794433594
r_  generation:  0.5165033340454102
----------------------check_connections_block total spend ----------------------------- 3.1454522609710693
generate_one_block  0.6551156044006348
generate_one_block  0.682805061340332
generate_one_block  0.6476471424102783
generate_one_block  0.6408660411834717
-----------------------------------------after block dataloader generation 
 Nvidia-smi: 1.0174560546875 GB
    Memory Allocated: 0.0013260841369628906  GigaBytes
Max Memory Allocated: 0.0013260841369628906  GigaBytes

connection checking time:  15.655345678329468
block generation total time  13.246872901916504
average batch blocks generation time:  3.311718225479126
----------------------------------------before batch_pred = model(blocks, batch_inputs) 
 Nvidia-smi: 1.2420654296875 GB
    Memory Allocated: 0.1435561180114746  GigaBytes
Max Memory Allocated: 0.1435561180114746  GigaBytes

torch.Size([167744, 128])
torch.Size([167511, 64])
torch.Size([166881, 64])
Traceback (most recent call last):
  File "pseudo_mini_batch_range_arxiv_sage.py", line 435, in <module>
    main()
  File "pseudo_mini_batch_range_arxiv_sage.py", line 431, in main
    best_test = run(args, device, data)
  File "pseudo_mini_batch_range_arxiv_sage.py", line 251, in run
    batch_pred = model(blocks, batch_inputs)#------------*
  File "/home/cc/.local/lib/python3.6/site-packages/torch/nn/modules/module.py", line 727, in _call_impl
    result = self.forward(*input, **kwargs)
  File "/home/cc/graph_partition_multi_layers/pseudo_mini_batch_full_batch/SAGE/graphsage_model_arxiv.py", line 182, in forward
    x = layer(block, x)
  File "/home/cc/.local/lib/python3.6/site-packages/torch/nn/modules/module.py", line 727, in _call_impl
    result = self.forward(*input, **kwargs)
  File "/home/cc/.local/lib/python3.6/site-packages/dgl/nn/pytorch/conv/sageconv.py", line 258, in forward
    graph.update_all(msg_fn, self._lstm_reducer)
  File "/home/cc/.local/lib/python3.6/site-packages/dgl/heterograph.py", line 4849, in update_all
    ndata = core.message_passing(g, message_func, reduce_func, apply_node_func)
  File "/home/cc/.local/lib/python3.6/site-packages/dgl/core.py", line 337, in message_passing
    ndata = invoke_udf_reduce(g, rfunc, msgdata, orig_nid=orig_nid)
  File "/home/cc/.local/lib/python3.6/site-packages/dgl/core.py", line 143, in invoke_udf_reduce
    bkt_rsts.append(func(nbatch))
  File "/home/cc/.local/lib/python3.6/site-packages/dgl/nn/pytorch/conv/sageconv.py", line 173, in _lstm_reducer
    _, (rst, _) = self.lstm(m, h)
  File "/home/cc/.local/lib/python3.6/site-packages/torch/nn/modules/module.py", line 727, in _call_impl
    result = self.forward(*input, **kwargs)
  File "/home/cc/.local/lib/python3.6/site-packages/torch/nn/modules/rnn.py", line 582, in forward
    self.dropout, self.training, self.bidirectional, self.batch_first)
RuntimeError: CUDA out of memory. Tried to allocate 20.00 MiB (GPU 0; 23.62 GiB total capacity; 22.26 GiB already allocated; 18.44 MiB free; 22.40 GiB reserved in total by PyTorch)
