Using backend: pytorch
WARNING:root:The OGB package is out of date. Your version is 1.3.2, while the latest version is 1.3.3.
main start at this time 1648474427.1229744
-----------------------------------------before load data 
 Nvidia-smi: 0.1717529296875 GB
    Memory Allocated: 0.0  GigaBytes
Max Memory Allocated: 0.0  GigaBytes

ogbn-arxiv
# Nodes: 169343
# Edges: 2315598
# Train: 90941
# Val: 29799
# Test: 48603
# Classes: 40

in feats:  128
----------------------------------------before generate_dataloader_block 
 Nvidia-smi: 1.0174560546875 GB
    Memory Allocated: 0.0017633438110351562  GigaBytes
Max Memory Allocated: 0.0017633438110351562  GigaBytes

The real block id is  2
get_global_graph_edges_ids_block function  spend 0.02701878547668457
range selection method range initialization spend 0.013779878616333008
time for parepare:  0.017808914184570312
local_output_nid generation:  0.00069427490234375
local_in_edges_tensor generation:  0.002964496612548828
mini_batch_src_global generation:  0.001466989517211914
r_  generation:  0.010529756546020508
local_output_nid generation:  0.0008218288421630859
local_in_edges_tensor generation:  0.0006303787231445312
mini_batch_src_global generation:  0.0015172958374023438
r_  generation:  0.009738683700561523
local_output_nid generation:  0.0007946491241455078
local_in_edges_tensor generation:  0.0005459785461425781
mini_batch_src_global generation:  0.0010056495666503906
r_  generation:  0.009175300598144531
local_output_nid generation:  0.0007872581481933594
local_in_edges_tensor generation:  0.0005087852478027344
mini_batch_src_global generation:  0.0008947849273681641
r_  generation:  0.009104728698730469
local_output_nid generation:  0.0007636547088623047
local_in_edges_tensor generation:  0.000499725341796875
mini_batch_src_global generation:  0.0010263919830322266
r_  generation:  0.009842634201049805
local_output_nid generation:  0.0007710456848144531
local_in_edges_tensor generation:  0.0004870891571044922
mini_batch_src_global generation:  0.0009291172027587891
r_  generation:  0.009603023529052734
local_output_nid generation:  0.0007593631744384766
local_in_edges_tensor generation:  0.0005011558532714844
mini_batch_src_global generation:  0.0008966922760009766
r_  generation:  0.009537935256958008
local_output_nid generation:  0.0007534027099609375
local_in_edges_tensor generation:  0.0004892349243164062
mini_batch_src_global generation:  0.0010514259338378906
r_  generation:  0.00968027114868164
local_output_nid generation:  0.0007679462432861328
local_in_edges_tensor generation:  0.00047850608825683594
mini_batch_src_global generation:  0.0009598731994628906
r_  generation:  0.009982109069824219
local_output_nid generation:  0.0007505416870117188
local_in_edges_tensor generation:  0.00047016143798828125
mini_batch_src_global generation:  0.0009114742279052734
r_  generation:  0.00926065444946289
local_output_nid generation:  0.000743865966796875
local_in_edges_tensor generation:  0.0004658699035644531
mini_batch_src_global generation:  0.0009255409240722656
r_  generation:  0.009707212448120117
local_output_nid generation:  0.0007388591766357422
local_in_edges_tensor generation:  0.00046253204345703125
mini_batch_src_global generation:  0.0009059906005859375
r_  generation:  0.009549379348754883
local_output_nid generation:  0.0007448196411132812
local_in_edges_tensor generation:  0.00047469139099121094
mini_batch_src_global generation:  0.0009372234344482422
r_  generation:  0.009771585464477539
local_output_nid generation:  0.0007517337799072266
local_in_edges_tensor generation:  0.00047206878662109375
mini_batch_src_global generation:  0.0009493827819824219
r_  generation:  0.009686946868896484
local_output_nid generation:  0.0007493495941162109
local_in_edges_tensor generation:  0.00046181678771972656
mini_batch_src_global generation:  0.0010986328125
r_  generation:  0.010014533996582031
local_output_nid generation:  0.0007379055023193359
local_in_edges_tensor generation:  0.00047707557678222656
mini_batch_src_global generation:  0.0009133815765380859
r_  generation:  0.009373664855957031
local_output_nid generation:  0.0007405281066894531
local_in_edges_tensor generation:  0.0004687309265136719
mini_batch_src_global generation:  0.0009222030639648438
r_  generation:  0.009668350219726562
local_output_nid generation:  0.0007407665252685547
local_in_edges_tensor generation:  0.00045800209045410156
mini_batch_src_global generation:  0.0009479522705078125
r_  generation:  0.010284900665283203
local_output_nid generation:  0.0007619857788085938
local_in_edges_tensor generation:  0.0004601478576660156
mini_batch_src_global generation:  0.0009577274322509766
r_  generation:  0.009999990463256836
local_output_nid generation:  0.0007498264312744141
local_in_edges_tensor generation:  0.0004611015319824219
mini_batch_src_global generation:  0.0009598731994628906
r_  generation:  0.009749412536621094
local_output_nid generation:  0.0007328987121582031
local_in_edges_tensor generation:  0.0004668235778808594
mini_batch_src_global generation:  0.0010268688201904297
r_  generation:  0.010430574417114258
local_output_nid generation:  0.0007336139678955078
local_in_edges_tensor generation:  0.0004627704620361328
mini_batch_src_global generation:  0.0009529590606689453
r_  generation:  0.009896993637084961
local_output_nid generation:  0.0007529258728027344
local_in_edges_tensor generation:  0.0005090236663818359
mini_batch_src_global generation:  0.0010135173797607422
r_  generation:  0.010174274444580078
local_output_nid generation:  0.0007529258728027344
local_in_edges_tensor generation:  0.0004649162292480469
mini_batch_src_global generation:  0.0009737014770507812
r_  generation:  0.009684324264526367
local_output_nid generation:  0.0007414817810058594
local_in_edges_tensor generation:  0.000469207763671875
mini_batch_src_global generation:  0.0009810924530029297
r_  generation:  0.01008462905883789
local_output_nid generation:  0.0007460117340087891
local_in_edges_tensor generation:  0.00047516822814941406
mini_batch_src_global generation:  0.0009698867797851562
r_  generation:  0.00977182388305664
local_output_nid generation:  0.0007488727569580078
local_in_edges_tensor generation:  0.0004773139953613281
mini_batch_src_global generation:  0.0009441375732421875
r_  generation:  0.009690284729003906
local_output_nid generation:  0.0007455348968505859
local_in_edges_tensor generation:  0.00048422813415527344
mini_batch_src_global generation:  0.0009636878967285156
r_  generation:  0.009737014770507812
local_output_nid generation:  0.0007503032684326172
local_in_edges_tensor generation:  0.00047659873962402344
mini_batch_src_global generation:  0.0009725093841552734
r_  generation:  0.00977182388305664
local_output_nid generation:  0.0007433891296386719
local_in_edges_tensor generation:  0.004228353500366211
mini_batch_src_global generation:  0.001199960708618164
r_  generation:  0.009878873825073242
local_output_nid generation:  0.0007898807525634766
local_in_edges_tensor generation:  0.0005128383636474609
mini_batch_src_global generation:  0.001024007797241211
r_  generation:  0.009752988815307617
local_output_nid generation:  0.0007703304290771484
local_in_edges_tensor generation:  0.0004742145538330078
mini_batch_src_global generation:  0.0009794235229492188
r_  generation:  0.009806632995605469
----------------------check_connections_block total spend ----------------------------- 0.48048973083496094
generate_one_block  0.014538288116455078
generate_one_block  0.014705419540405273
generate_one_block  0.014438867568969727
generate_one_block  0.014764070510864258
generate_one_block  0.015466928482055664
generate_one_block  0.014892101287841797
generate_one_block  0.014549016952514648
generate_one_block  0.014841556549072266
generate_one_block  0.015115022659301758
generate_one_block  0.014322757720947266
generate_one_block  0.014519214630126953
generate_one_block  0.014137506484985352
generate_one_block  0.014721870422363281
generate_one_block  0.014330387115478516
generate_one_block  0.015337467193603516
generate_one_block  0.014085769653320312
generate_one_block  0.01466989517211914
generate_one_block  0.01514887809753418
generate_one_block  0.014534473419189453
generate_one_block  0.014514446258544922
generate_one_block  0.015719890594482422
generate_one_block  0.014466524124145508
generate_one_block  0.015169620513916016
generate_one_block  0.014418363571166992
generate_one_block  0.014814376831054688
generate_one_block  0.014570236206054688
generate_one_block  0.014372587203979492
generate_one_block  0.014505624771118164
generate_one_block  0.014806032180786133
generate_one_block  0.014438390731811523
generate_one_block  0.01474905014038086
generate_one_block  0.014614343643188477
The real block id is  1
get_global_graph_edges_ids_block function  spend 0.043682098388671875
gen group dst list time:  0.023730754852294922
time for parepare:  0.019141197204589844
local_output_nid generation:  0.004098415374755859
local_in_edges_tensor generation:  0.011148691177368164
mini_batch_src_global generation:  0.016066551208496094
r_  generation:  0.15559720993041992
local_output_nid generation:  0.007725954055786133
local_in_edges_tensor generation:  0.013743400573730469
mini_batch_src_global generation:  0.020443201065063477
r_  generation:  0.16437244415283203
local_output_nid generation:  0.007807016372680664
local_in_edges_tensor generation:  0.010890960693359375
mini_batch_src_global generation:  0.019496440887451172
r_  generation:  0.16854405403137207
local_output_nid generation:  0.007947444915771484
local_in_edges_tensor generation:  0.009663820266723633
mini_batch_src_global generation:  0.024627208709716797
r_  generation:  0.17363953590393066
local_output_nid generation:  0.008380413055419922
local_in_edges_tensor generation:  0.013351917266845703
mini_batch_src_global generation:  0.02207040786743164
r_  generation:  0.18266940116882324
local_output_nid generation:  0.00838780403137207
local_in_edges_tensor generation:  0.010130167007446289
mini_batch_src_global generation:  0.02841329574584961
r_  generation:  0.17833971977233887
local_output_nid generation:  0.00824117660522461
local_in_edges_tensor generation:  0.008440017700195312
mini_batch_src_global generation:  0.02193427085876465
r_  generation:  0.17804479598999023
local_output_nid generation:  0.008468151092529297
local_in_edges_tensor generation:  0.01017141342163086
mini_batch_src_global generation:  0.022568464279174805
r_  generation:  0.1793982982635498
local_output_nid generation:  0.008684396743774414
local_in_edges_tensor generation:  0.013883590698242188
mini_batch_src_global generation:  0.024477005004882812
r_  generation:  0.18170523643493652
local_output_nid generation:  0.008231163024902344
local_in_edges_tensor generation:  0.008369922637939453
mini_batch_src_global generation:  0.0215146541595459
r_  generation:  0.1678609848022461
local_output_nid generation:  0.00851297378540039
local_in_edges_tensor generation:  0.008634090423583984
mini_batch_src_global generation:  0.022293806076049805
r_  generation:  0.17749619483947754
local_output_nid generation:  0.008366584777832031
local_in_edges_tensor generation:  0.010062456130981445
mini_batch_src_global generation:  0.022058725357055664
r_  generation:  0.17093634605407715
local_output_nid generation:  0.008681058883666992
local_in_edges_tensor generation:  0.011945247650146484
mini_batch_src_global generation:  0.022679567337036133
r_  generation:  0.18117904663085938
local_output_nid generation:  0.008591651916503906
local_in_edges_tensor generation:  0.00858759880065918
mini_batch_src_global generation:  0.022510051727294922
r_  generation:  0.17274785041809082
local_output_nid generation:  0.008974075317382812
local_in_edges_tensor generation:  0.010253429412841797
mini_batch_src_global generation:  0.02466130256652832
r_  generation:  0.18679141998291016
local_output_nid generation:  0.008443832397460938
local_in_edges_tensor generation:  0.010051965713500977
mini_batch_src_global generation:  0.021784543991088867
r_  generation:  0.1712329387664795
local_output_nid generation:  0.00857853889465332
local_in_edges_tensor generation:  0.011750221252441406
mini_batch_src_global generation:  0.022162675857543945
r_  generation:  0.17486977577209473
local_output_nid generation:  0.008807897567749023
local_in_edges_tensor generation:  0.010905027389526367
mini_batch_src_global generation:  0.02480340003967285
r_  generation:  0.1830615997314453
local_output_nid generation:  0.008585214614868164
local_in_edges_tensor generation:  0.01036691665649414
mini_batch_src_global generation:  0.022697925567626953
r_  generation:  0.17786264419555664
local_output_nid generation:  0.00860285758972168
local_in_edges_tensor generation:  0.008965015411376953
mini_batch_src_global generation:  0.022419452667236328
r_  generation:  0.17600584030151367
local_output_nid generation:  0.009187936782836914
local_in_edges_tensor generation:  0.01102757453918457
mini_batch_src_global generation:  0.023839235305786133
r_  generation:  0.19001126289367676
local_output_nid generation:  0.008696794509887695
local_in_edges_tensor generation:  0.009029388427734375
mini_batch_src_global generation:  0.022506237030029297
r_  generation:  0.17482304573059082
local_output_nid generation:  0.009007453918457031
local_in_edges_tensor generation:  0.012221097946166992
mini_batch_src_global generation:  0.027120590209960938
r_  generation:  0.18572616577148438
local_output_nid generation:  0.008649110794067383
local_in_edges_tensor generation:  0.010606527328491211
mini_batch_src_global generation:  0.022707223892211914
r_  generation:  0.177626371383667
local_output_nid generation:  0.008901834487915039
local_in_edges_tensor generation:  0.01087808609008789
mini_batch_src_global generation:  0.024068355560302734
r_  generation:  0.1799767017364502
local_output_nid generation:  0.008749246597290039
local_in_edges_tensor generation:  0.009157419204711914
mini_batch_src_global generation:  0.022712230682373047
r_  generation:  0.17927002906799316
local_output_nid generation:  0.008747577667236328
local_in_edges_tensor generation:  0.010376691818237305
mini_batch_src_global generation:  0.022272825241088867
r_  generation:  0.17880892753601074
local_output_nid generation:  0.008739233016967773
local_in_edges_tensor generation:  0.011864662170410156
mini_batch_src_global generation:  0.02274799346923828
r_  generation:  0.1800689697265625
local_output_nid generation:  0.00889730453491211
local_in_edges_tensor generation:  0.010659933090209961
mini_batch_src_global generation:  0.022476673126220703
r_  generation:  0.18137478828430176
local_output_nid generation:  0.008591413497924805
local_in_edges_tensor generation:  0.010329961776733398
mini_batch_src_global generation:  0.02226734161376953
r_  generation:  0.18004465103149414
local_output_nid generation:  0.008770942687988281
local_in_edges_tensor generation:  0.011824369430541992
mini_batch_src_global generation:  0.021764278411865234
r_  generation:  0.177534818649292
local_output_nid generation:  0.008770942687988281
local_in_edges_tensor generation:  0.01210474967956543
mini_batch_src_global generation:  0.02258777618408203
r_  generation:  0.18015098571777344
----------------------check_connections_block total spend ----------------------------- 8.297994613647461
generate_one_block  0.22174286842346191
generate_one_block  0.21987509727478027
generate_one_block  0.24622821807861328
generate_one_block  0.22943711280822754
generate_one_block  0.23923993110656738
generate_one_block  0.23321080207824707
generate_one_block  0.22061967849731445
generate_one_block  0.23055267333984375
generate_one_block  0.23461580276489258
generate_one_block  0.21101641654968262
generate_one_block  0.22315216064453125
generate_one_block  0.2182605266571045
generate_one_block  0.23006892204284668
generate_one_block  0.2191917896270752
generate_one_block  0.2381734848022461
generate_one_block  0.2366781234741211
generate_one_block  0.2221529483795166
generate_one_block  0.24078726768493652
generate_one_block  0.22154498100280762
generate_one_block  0.21867823600769043
generate_one_block  0.2431173324584961
generate_one_block  0.21744132041931152
generate_one_block  0.23119068145751953
generate_one_block  0.22431087493896484
generate_one_block  0.22912359237670898
generate_one_block  0.22948241233825684
generate_one_block  0.22257423400878906
generate_one_block  0.23086953163146973
generate_one_block  0.2285301685333252
generate_one_block  0.21872210502624512
generate_one_block  0.22005128860473633
generate_one_block  0.22899198532104492
The real block id is  0
get_global_graph_edges_ids_block function  spend 0.040413856506347656
gen group dst list time:  0.10111117362976074
time for parepare:  0.018706083297729492
local_output_nid generation:  0.02120518684387207
local_in_edges_tensor generation:  0.03973197937011719
mini_batch_src_global generation:  0.0463557243347168
r_  generation:  0.47485852241516113
local_output_nid generation:  0.027814865112304688
local_in_edges_tensor generation:  0.05112314224243164
mini_batch_src_global generation:  0.06445503234863281
r_  generation:  0.4820592403411865
local_output_nid generation:  0.02915048599243164
local_in_edges_tensor generation:  0.04461407661437988
mini_batch_src_global generation:  0.07659697532653809
r_  generation:  0.5016484260559082
local_output_nid generation:  0.03037238121032715
local_in_edges_tensor generation:  0.036023616790771484
mini_batch_src_global generation:  0.06207609176635742
r_  generation:  0.48342037200927734
local_output_nid generation:  0.02788519859313965
local_in_edges_tensor generation:  0.03769350051879883
mini_batch_src_global generation:  0.06105685234069824
r_  generation:  0.4968724250793457
local_output_nid generation:  0.02794170379638672
local_in_edges_tensor generation:  0.03186488151550293
mini_batch_src_global generation:  0.058550119400024414
r_  generation:  0.49033069610595703
local_output_nid generation:  0.027642488479614258
local_in_edges_tensor generation:  0.029906272888183594
mini_batch_src_global generation:  0.058118343353271484
r_  generation:  0.4906492233276367
local_output_nid generation:  0.028326988220214844
local_in_edges_tensor generation:  0.02783060073852539
mini_batch_src_global generation:  0.05887103080749512
r_  generation:  0.49036717414855957
local_output_nid generation:  0.0280606746673584
local_in_edges_tensor generation:  0.0454099178314209
mini_batch_src_global generation:  0.057613372802734375
r_  generation:  0.49537014961242676
local_output_nid generation:  0.027677536010742188
local_in_edges_tensor generation:  0.02806377410888672
mini_batch_src_global generation:  0.058380126953125
r_  generation:  0.4877450466156006
local_output_nid generation:  0.02819514274597168
local_in_edges_tensor generation:  0.045938968658447266
mini_batch_src_global generation:  0.0574185848236084
r_  generation:  0.49349498748779297
local_output_nid generation:  0.028261661529541016
local_in_edges_tensor generation:  0.028334379196166992
mini_batch_src_global generation:  0.05844831466674805
r_  generation:  0.4877450466156006
local_output_nid generation:  0.028731584548950195
local_in_edges_tensor generation:  0.03729867935180664
mini_batch_src_global generation:  0.057326316833496094
r_  generation:  0.499114990234375
local_output_nid generation:  0.02827906608581543
local_in_edges_tensor generation:  0.03430342674255371
mini_batch_src_global generation:  0.05938267707824707
r_  generation:  0.4925546646118164
local_output_nid generation:  0.028467416763305664
local_in_edges_tensor generation:  0.038138628005981445
mini_batch_src_global generation:  0.061248064041137695
r_  generation:  0.4982333183288574
local_output_nid generation:  0.027823209762573242
local_in_edges_tensor generation:  0.02799248695373535
mini_batch_src_global generation:  0.058173418045043945
r_  generation:  0.4881746768951416
local_output_nid generation:  0.028179645538330078
local_in_edges_tensor generation:  0.03233957290649414
mini_batch_src_global generation:  0.061287641525268555
r_  generation:  0.49120664596557617
local_output_nid generation:  0.028402328491210938
local_in_edges_tensor generation:  0.03789710998535156
mini_batch_src_global generation:  0.0596613883972168
r_  generation:  0.4954066276550293
local_output_nid generation:  0.029027700424194336
local_in_edges_tensor generation:  0.03539729118347168
mini_batch_src_global generation:  0.0595090389251709
r_  generation:  0.4947371482849121
local_output_nid generation:  0.028212785720825195
local_in_edges_tensor generation:  0.027781009674072266
mini_batch_src_global generation:  0.06196188926696777
r_  generation:  0.4923551082611084
local_output_nid generation:  0.028423309326171875
local_in_edges_tensor generation:  0.03789830207824707
mini_batch_src_global generation:  0.058385610580444336
r_  generation:  0.5002965927124023
local_output_nid generation:  0.028323888778686523
local_in_edges_tensor generation:  0.028186798095703125
mini_batch_src_global generation:  0.059430837631225586
r_  generation:  0.4943840503692627
local_output_nid generation:  0.03212785720825195
local_in_edges_tensor generation:  0.032936811447143555
mini_batch_src_global generation:  0.061461687088012695
r_  generation:  0.5036108493804932
local_output_nid generation:  0.028174638748168945
local_in_edges_tensor generation:  0.04191923141479492
mini_batch_src_global generation:  0.05817675590515137
r_  generation:  0.49443602561950684
local_output_nid generation:  0.028476953506469727
local_in_edges_tensor generation:  0.03178000450134277
mini_batch_src_global generation:  0.05801129341125488
r_  generation:  0.49721837043762207
local_output_nid generation:  0.02822732925415039
local_in_edges_tensor generation:  0.03693723678588867
mini_batch_src_global generation:  0.0588834285736084
r_  generation:  0.4947524070739746
local_output_nid generation:  0.028116464614868164
local_in_edges_tensor generation:  0.027332782745361328
mini_batch_src_global generation:  0.06628036499023438
r_  generation:  0.5051190853118896
local_output_nid generation:  0.02847146987915039
local_in_edges_tensor generation:  0.041364431381225586
mini_batch_src_global generation:  0.06518197059631348
r_  generation:  0.5018770694732666
local_output_nid generation:  0.02914738655090332
local_in_edges_tensor generation:  0.04405093193054199
mini_batch_src_global generation:  0.05866074562072754
r_  generation:  0.5026254653930664
local_output_nid generation:  0.0281069278717041
local_in_edges_tensor generation:  0.028753995895385742
mini_batch_src_global generation:  0.059027671813964844
r_  generation:  0.49454641342163086
local_output_nid generation:  0.028458833694458008
local_in_edges_tensor generation:  0.028088092803955078
mini_batch_src_global generation:  0.062482357025146484
r_  generation:  0.507190465927124
local_output_nid generation:  0.02924966812133789
local_in_edges_tensor generation:  0.03636789321899414
mini_batch_src_global generation:  0.05893421173095703
r_  generation:  0.4926280975341797
----------------------check_connections_block total spend ----------------------------- 23.23474669456482
generate_one_block  0.7476179599761963
generate_one_block  0.6491372585296631
generate_one_block  0.6442115306854248
generate_one_block  0.6396307945251465
generate_one_block  0.6671485900878906
generate_one_block  0.6467714309692383
generate_one_block  0.6293745040893555
generate_one_block  0.6463520526885986
generate_one_block  0.6429510116577148
generate_one_block  0.6200275421142578
generate_one_block  0.6410706043243408
generate_one_block  0.6295311450958252
generate_one_block  0.648608922958374
generate_one_block  0.6354458332061768
generate_one_block  0.6536455154418945
generate_one_block  0.6240737438201904
generate_one_block  0.6303036212921143
generate_one_block  0.6457023620605469
generate_one_block  0.6975634098052979
generate_one_block  0.6881561279296875
generate_one_block  0.6869418621063232
generate_one_block  0.6367778778076172
generate_one_block  0.651137113571167
generate_one_block  0.6463949680328369
generate_one_block  0.652029275894165
generate_one_block  0.6599657535552979
generate_one_block  0.6418716907501221
generate_one_block  0.6455323696136475
generate_one_block  0.6440911293029785
generate_one_block  0.6522150039672852
generate_one_block  0.6487514972686768
generate_one_block  0.6523251533508301
-----------------------------------------after block dataloader generation 
 Nvidia-smi: 1.0174560546875 GB
    Memory Allocated: 0.0017633438110351562  GigaBytes
Max Memory Allocated: 0.0017633438110351562  GigaBytes

connection checking time:  31.53274130821228
block generation total time  28.124990224838257
average batch blocks generation time:  0.8789059445261955
----------------------------------------before batch_pred = model(blocks, batch_inputs) 
 Nvidia-smi: 1.1756591796875 GB
    Memory Allocated: 0.09014749526977539  GigaBytes
Max Memory Allocated: 0.09014749526977539  GigaBytes

torch.Size([150056, 128])
torch.Size([109067, 128])
-----------------------------------------batch_pred = model(blocks, batch_inputs) 
 Nvidia-smi: 17.7381591796875 GB
    Memory Allocated: 16.2197585105896  GigaBytes
Max Memory Allocated: 16.270761013031006  GigaBytes

----------------------------------------before batch_pred = model(blocks, batch_inputs) 
 Nvidia-smi: 18.2557373046875 GB
    Memory Allocated: 0.09203147888183594  GigaBytes
Max Memory Allocated: 16.270761013031006  GigaBytes

torch.Size([150696, 128])
torch.Size([110276, 128])
-----------------------------------------batch_pred = model(blocks, batch_inputs) 
 Nvidia-smi: 19.0252685546875 GB
    Memory Allocated: 16.350050926208496  GigaBytes
Max Memory Allocated: 16.392176628112793  GigaBytes

----------------------------------------before batch_pred = model(blocks, batch_inputs) 
 Nvidia-smi: 19.0252685546875 GB
    Memory Allocated: 0.09244823455810547  GigaBytes
Max Memory Allocated: 16.392176628112793  GigaBytes

torch.Size([150426, 128])
torch.Size([109973, 128])
-----------------------------------------batch_pred = model(blocks, batch_inputs) 
 Nvidia-smi: 19.0311279296875 GB
    Memory Allocated: 16.373186588287354  GigaBytes
Max Memory Allocated: 16.42108154296875  GigaBytes

----------------------------------------before batch_pred = model(blocks, batch_inputs) 
 Nvidia-smi: 19.0311279296875 GB
    Memory Allocated: 0.09155702590942383  GigaBytes
Max Memory Allocated: 16.42108154296875  GigaBytes

torch.Size([149553, 128])
torch.Size([109646, 128])
-----------------------------------------batch_pred = model(blocks, batch_inputs) 
 Nvidia-smi: 19.0311279296875 GB
    Memory Allocated: 16.42899465560913  GigaBytes
Max Memory Allocated: 16.47957944869995  GigaBytes

----------------------------------------before batch_pred = model(blocks, batch_inputs) 
 Nvidia-smi: 19.0311279296875 GB
    Memory Allocated: 0.09280109405517578  GigaBytes
Max Memory Allocated: 16.47957944869995  GigaBytes

torch.Size([150590, 128])
torch.Size([111087, 128])
-----------------------------------------batch_pred = model(blocks, batch_inputs) 
 Nvidia-smi: 19.8045654296875 GB
    Memory Allocated: 16.752591609954834  GigaBytes
Max Memory Allocated: 16.802048206329346  GigaBytes

----------------------------------------before batch_pred = model(blocks, batch_inputs) 
 Nvidia-smi: 19.8045654296875 GB
    Memory Allocated: 0.09241628646850586  GigaBytes
Max Memory Allocated: 16.802048206329346  GigaBytes

torch.Size([151141, 128])
torch.Size([110855, 128])
-----------------------------------------batch_pred = model(blocks, batch_inputs) 
 Nvidia-smi: 19.9100341796875 GB
    Memory Allocated: 16.542402267456055  GigaBytes
Max Memory Allocated: 16.802048206329346  GigaBytes

----------------------------------------before batch_pred = model(blocks, batch_inputs) 
 Nvidia-smi: 19.9100341796875 GB
    Memory Allocated: 0.09238910675048828  GigaBytes
Max Memory Allocated: 16.802048206329346  GigaBytes

torch.Size([150148, 128])
torch.Size([108903, 128])
-----------------------------------------batch_pred = model(blocks, batch_inputs) 
 Nvidia-smi: 19.9100341796875 GB
    Memory Allocated: 16.311771392822266  GigaBytes
Max Memory Allocated: 16.802048206329346  GigaBytes

----------------------------------------before batch_pred = model(blocks, batch_inputs) 
 Nvidia-smi: 19.9100341796875 GB
    Memory Allocated: 0.09209251403808594  GigaBytes
Max Memory Allocated: 16.802048206329346  GigaBytes

torch.Size([150406, 128])
torch.Size([111007, 128])
-----------------------------------------batch_pred = model(blocks, batch_inputs) 
 Nvidia-smi: 19.9393310546875 GB
    Memory Allocated: 16.573898315429688  GigaBytes
Max Memory Allocated: 16.802048206329346  GigaBytes

----------------------------------------before batch_pred = model(blocks, batch_inputs) 
 Nvidia-smi: 19.9393310546875 GB
    Memory Allocated: 0.09267520904541016  GigaBytes
Max Memory Allocated: 16.802048206329346  GigaBytes

torch.Size([150138, 128])
torch.Size([110273, 128])
-----------------------------------------batch_pred = model(blocks, batch_inputs) 
 Nvidia-smi: 19.9393310546875 GB
    Memory Allocated: 16.586265087127686  GigaBytes
Max Memory Allocated: 16.802048206329346  GigaBytes

----------------------------------------before batch_pred = model(blocks, batch_inputs) 
 Nvidia-smi: 19.9393310546875 GB
    Memory Allocated: 0.0910496711730957  GigaBytes
Max Memory Allocated: 16.802048206329346  GigaBytes

torch.Size([149369, 128])
torch.Size([107533, 128])
-----------------------------------------batch_pred = model(blocks, batch_inputs) 
 Nvidia-smi: 19.9393310546875 GB
    Memory Allocated: 16.00804615020752  GigaBytes
Max Memory Allocated: 16.802048206329346  GigaBytes

----------------------------------------before batch_pred = model(blocks, batch_inputs) 
 Nvidia-smi: 19.9393310546875 GB
    Memory Allocated: 0.09246253967285156  GigaBytes
Max Memory Allocated: 16.802048206329346  GigaBytes

torch.Size([150424, 128])
torch.Size([110383, 128])
-----------------------------------------batch_pred = model(blocks, batch_inputs) 
 Nvidia-smi: 19.9393310546875 GB
    Memory Allocated: 16.360743045806885  GigaBytes
Max Memory Allocated: 16.802048206329346  GigaBytes

----------------------------------------before batch_pred = model(blocks, batch_inputs) 
 Nvidia-smi: 19.9393310546875 GB
    Memory Allocated: 0.09139490127563477  GigaBytes
Max Memory Allocated: 16.802048206329346  GigaBytes

torch.Size([149677, 128])
torch.Size([108562, 128])
-----------------------------------------batch_pred = model(blocks, batch_inputs) 
 Nvidia-smi: 19.9393310546875 GB
    Memory Allocated: 16.20242929458618  GigaBytes
Max Memory Allocated: 16.802048206329346  GigaBytes

----------------------------------------before batch_pred = model(blocks, batch_inputs) 
 Nvidia-smi: 19.9393310546875 GB
    Memory Allocated: 0.09260177612304688  GigaBytes
Max Memory Allocated: 16.802048206329346  GigaBytes

torch.Size([150675, 128])
torch.Size([110990, 128])
-----------------------------------------batch_pred = model(blocks, batch_inputs) 
 Nvidia-smi: 19.9393310546875 GB
    Memory Allocated: 16.566343307495117  GigaBytes
Max Memory Allocated: 16.802048206329346  GigaBytes

----------------------------------------before batch_pred = model(blocks, batch_inputs) 
 Nvidia-smi: 19.9393310546875 GB
    Memory Allocated: 0.09173774719238281  GigaBytes
Max Memory Allocated: 16.802048206329346  GigaBytes

torch.Size([150352, 128])
torch.Size([109293, 128])
-----------------------------------------batch_pred = model(blocks, batch_inputs) 
 Nvidia-smi: 19.9393310546875 GB
    Memory Allocated: 16.23710012435913  GigaBytes
Max Memory Allocated: 16.802048206329346  GigaBytes

----------------------------------------before batch_pred = model(blocks, batch_inputs) 
 Nvidia-smi: 19.9393310546875 GB
    Memory Allocated: 0.09265613555908203  GigaBytes
Max Memory Allocated: 16.802048206329346  GigaBytes

torch.Size([150278, 128])
torch.Size([110776, 128])
-----------------------------------------batch_pred = model(blocks, batch_inputs) 
 Nvidia-smi: 19.9393310546875 GB
    Memory Allocated: 16.592979907989502  GigaBytes
Max Memory Allocated: 16.802048206329346  GigaBytes

----------------------------------------before batch_pred = model(blocks, batch_inputs) 
 Nvidia-smi: 19.9393310546875 GB
    Memory Allocated: 0.09147357940673828  GigaBytes
Max Memory Allocated: 16.802048206329346  GigaBytes

torch.Size([150014, 128])
torch.Size([108551, 128])
-----------------------------------------batch_pred = model(blocks, batch_inputs) 
 Nvidia-smi: 19.9393310546875 GB
    Memory Allocated: 16.11892557144165  GigaBytes
Max Memory Allocated: 16.802048206329346  GigaBytes

----------------------------------------before batch_pred = model(blocks, batch_inputs) 
 Nvidia-smi: 19.9393310546875 GB
    Memory Allocated: 0.09232139587402344  GigaBytes
Max Memory Allocated: 16.802048206329346  GigaBytes

torch.Size([150032, 128])
torch.Size([109046, 128])
-----------------------------------------batch_pred = model(blocks, batch_inputs) 
 Nvidia-smi: 19.9393310546875 GB
    Memory Allocated: 16.24312114715576  GigaBytes
Max Memory Allocated: 16.802048206329346  GigaBytes

----------------------------------------before batch_pred = model(blocks, batch_inputs) 
 Nvidia-smi: 19.9393310546875 GB
    Memory Allocated: 0.09200668334960938  GigaBytes
Max Memory Allocated: 16.802048206329346  GigaBytes

torch.Size([150028, 128])
torch.Size([110499, 128])
-----------------------------------------batch_pred = model(blocks, batch_inputs) 
 Nvidia-smi: 19.9490966796875 GB
    Memory Allocated: 16.665644645690918  GigaBytes
Max Memory Allocated: 16.802048206329346  GigaBytes

----------------------------------------before batch_pred = model(blocks, batch_inputs) 
 Nvidia-smi: 19.9490966796875 GB
    Memory Allocated: 0.09238147735595703  GigaBytes
Max Memory Allocated: 16.802048206329346  GigaBytes

torch.Size([150219, 128])
torch.Size([109340, 128])
-----------------------------------------batch_pred = model(blocks, batch_inputs) 
 Nvidia-smi: 19.9490966796875 GB
    Memory Allocated: 16.285646438598633  GigaBytes
Max Memory Allocated: 16.802048206329346  GigaBytes

----------------------------------------before batch_pred = model(blocks, batch_inputs) 
 Nvidia-smi: 19.9490966796875 GB
    Memory Allocated: 0.09170055389404297  GigaBytes
Max Memory Allocated: 16.802048206329346  GigaBytes

torch.Size([150194, 128])
torch.Size([109394, 128])
-----------------------------------------batch_pred = model(blocks, batch_inputs) 
 Nvidia-smi: 19.9490966796875 GB
    Memory Allocated: 16.27539587020874  GigaBytes
Max Memory Allocated: 16.802048206329346  GigaBytes

----------------------------------------before batch_pred = model(blocks, batch_inputs) 
 Nvidia-smi: 19.9490966796875 GB
    Memory Allocated: 0.09278106689453125  GigaBytes
Max Memory Allocated: 16.802048206329346  GigaBytes

torch.Size([150649, 128])
torch.Size([111210, 128])
-----------------------------------------batch_pred = model(blocks, batch_inputs) 
 Nvidia-smi: 19.9490966796875 GB
    Memory Allocated: 16.692150592803955  GigaBytes
Max Memory Allocated: 16.802048206329346  GigaBytes

----------------------------------------before batch_pred = model(blocks, batch_inputs) 
 Nvidia-smi: 19.9490966796875 GB
    Memory Allocated: 0.0917515754699707  GigaBytes
Max Memory Allocated: 16.802048206329346  GigaBytes

torch.Size([150365, 128])
torch.Size([109507, 128])
-----------------------------------------batch_pred = model(blocks, batch_inputs) 
 Nvidia-smi: 19.9490966796875 GB
    Memory Allocated: 16.24015188217163  GigaBytes
Max Memory Allocated: 16.802048206329346  GigaBytes

----------------------------------------before batch_pred = model(blocks, batch_inputs) 
 Nvidia-smi: 19.9490966796875 GB
    Memory Allocated: 0.09263420104980469  GigaBytes
Max Memory Allocated: 16.802048206329346  GigaBytes

torch.Size([150427, 128])
torch.Size([110739, 128])
-----------------------------------------batch_pred = model(blocks, batch_inputs) 
 Nvidia-smi: 19.9490966796875 GB
    Memory Allocated: 16.573391437530518  GigaBytes
Max Memory Allocated: 16.802048206329346  GigaBytes

----------------------------------------before batch_pred = model(blocks, batch_inputs) 
 Nvidia-smi: 19.9490966796875 GB
    Memory Allocated: 0.09155082702636719  GigaBytes
Max Memory Allocated: 16.802048206329346  GigaBytes

torch.Size([149804, 128])
torch.Size([109231, 128])
-----------------------------------------batch_pred = model(blocks, batch_inputs) 
 Nvidia-smi: 19.9490966796875 GB
    Memory Allocated: 16.279154777526855  GigaBytes
Max Memory Allocated: 16.802048206329346  GigaBytes

----------------------------------------before batch_pred = model(blocks, batch_inputs) 
 Nvidia-smi: 19.9490966796875 GB
    Memory Allocated: 0.09252166748046875  GigaBytes
Max Memory Allocated: 16.802048206329346  GigaBytes

torch.Size([150641, 128])
torch.Size([110701, 128])
-----------------------------------------batch_pred = model(blocks, batch_inputs) 
 Nvidia-smi: 19.9490966796875 GB
    Memory Allocated: 16.45642328262329  GigaBytes
Max Memory Allocated: 16.802048206329346  GigaBytes

----------------------------------------before batch_pred = model(blocks, batch_inputs) 
 Nvidia-smi: 19.9490966796875 GB
    Memory Allocated: 0.09179162979125977  GigaBytes
Max Memory Allocated: 16.802048206329346  GigaBytes

torch.Size([150145, 128])
torch.Size([109382, 128])
-----------------------------------------batch_pred = model(blocks, batch_inputs) 
 Nvidia-smi: 19.9490966796875 GB
    Memory Allocated: 16.39101505279541  GigaBytes
Max Memory Allocated: 16.802048206329346  GigaBytes

----------------------------------------before batch_pred = model(blocks, batch_inputs) 
 Nvidia-smi: 19.9490966796875 GB
    Memory Allocated: 0.0923910140991211  GigaBytes
Max Memory Allocated: 16.802048206329346  GigaBytes

torch.Size([149866, 128])
torch.Size([108986, 128])
-----------------------------------------batch_pred = model(blocks, batch_inputs) 
 Nvidia-smi: 19.9490966796875 GB
    Memory Allocated: 16.303154945373535  GigaBytes
Max Memory Allocated: 16.802048206329346  GigaBytes

----------------------------------------before batch_pred = model(blocks, batch_inputs) 
 Nvidia-smi: 19.9490966796875 GB
    Memory Allocated: 0.09185361862182617  GigaBytes
Max Memory Allocated: 16.802048206329346  GigaBytes

torch.Size([150189, 128])
torch.Size([110258, 128])
-----------------------------------------batch_pred = model(blocks, batch_inputs) 
 Nvidia-smi: 19.9490966796875 GB
    Memory Allocated: 16.433133125305176  GigaBytes
Max Memory Allocated: 16.802048206329346  GigaBytes

----------------------------------------before batch_pred = model(blocks, batch_inputs) 
 Nvidia-smi: 19.9490966796875 GB
    Memory Allocated: 0.09246349334716797  GigaBytes
Max Memory Allocated: 16.802048206329346  GigaBytes

torch.Size([150428, 128])
torch.Size([110201, 128])
-----------------------------------------batch_pred = model(blocks, batch_inputs) 
 Nvidia-smi: 19.9490966796875 GB
    Memory Allocated: 16.362841606140137  GigaBytes
Max Memory Allocated: 16.802048206329346  GigaBytes

----------------------------------------before batch_pred = model(blocks, batch_inputs) 
 Nvidia-smi: 19.9490966796875 GB
    Memory Allocated: 0.0914163589477539  GigaBytes
Max Memory Allocated: 16.802048206329346  GigaBytes

torch.Size([149784, 128])
torch.Size([108422, 128])
-----------------------------------------batch_pred = model(blocks, batch_inputs) 
 Nvidia-smi: 19.9490966796875 GB
    Memory Allocated: 16.175208568572998  GigaBytes
Max Memory Allocated: 16.802048206329346  GigaBytes

----------------------------------------before batch_pred = model(blocks, batch_inputs) 
 Nvidia-smi: 19.9490966796875 GB
    Memory Allocated: 0.0923910140991211  GigaBytes
Max Memory Allocated: 16.802048206329346  GigaBytes

torch.Size([150363, 128])
torch.Size([110094, 128])
-----------------------------------------batch_pred = model(blocks, batch_inputs) 
 Nvidia-smi: 19.9490966796875 GB
    Memory Allocated: 16.325356006622314  GigaBytes
Max Memory Allocated: 16.802048206329346  GigaBytes

----------------------------------------before batch_pred = model(blocks, batch_inputs) 
 Nvidia-smi: 19.9490966796875 GB
    Memory Allocated: 0.09184980392456055  GigaBytes
Max Memory Allocated: 16.802048206329346  GigaBytes

torch.Size([150291, 128])
torch.Size([109581, 128])
-----------------------------------------batch_pred = model(blocks, batch_inputs) 
 Nvidia-smi: 19.9490966796875 GB
    Memory Allocated: 16.38814115524292  GigaBytes
Max Memory Allocated: 16.802048206329346  GigaBytes

times | data loading | block to device | model prediction | loss calculation | loss backward |  optimizer step |
      |0.03765544295310974 |0.033085897564888 |0.6310671865940094 |0.00011011958122253418 |1.1120903566479683 |0.015249967575073242 |
----------------------------------------------------------pseudo_mini_loss sum 5.004899501800537
 Run 0| Epoch 0 |
Number of nodes for computation during this epoch:  9161505
Number of first layer input nodes during this epoch:  4807368
----------------------------------------before generate_dataloader_block 
 Nvidia-smi: 19.9490966796875 GB
    Memory Allocated: 0.11787939071655273  GigaBytes
Max Memory Allocated: 16.802048206329346  GigaBytes

The real block id is  2
get_global_graph_edges_ids_block function  spend 0.028682708740234375
range selection method range initialization spend 0.013501167297363281
time for parepare:  0.017861604690551758
local_output_nid generation:  0.0009315013885498047
local_in_edges_tensor generation:  0.008481979370117188
mini_batch_src_global generation:  0.0017321109771728516
r_  generation:  0.010611295700073242
local_output_nid generation:  0.0009634494781494141
local_in_edges_tensor generation:  0.0006930828094482422
mini_batch_src_global generation:  0.0016367435455322266
r_  generation:  0.010776758193969727
local_output_nid generation:  0.0009372234344482422
local_in_edges_tensor generation:  0.0006353855133056641
mini_batch_src_global generation:  0.0011494159698486328
r_  generation:  0.010108232498168945
local_output_nid generation:  0.0009140968322753906
local_in_edges_tensor generation:  0.0005967617034912109
mini_batch_src_global generation:  0.0010421276092529297
r_  generation:  0.009438037872314453
local_output_nid generation:  0.0008783340454101562
local_in_edges_tensor generation:  0.0006160736083984375
mini_batch_src_global generation:  0.001127481460571289
r_  generation:  0.009866476058959961
local_output_nid generation:  0.0008718967437744141
local_in_edges_tensor generation:  0.0006220340728759766
mini_batch_src_global generation:  0.0012235641479492188
r_  generation:  0.010583877563476562
local_output_nid generation:  0.0009176731109619141
local_in_edges_tensor generation:  0.000640869140625
mini_batch_src_global generation:  0.0010886192321777344
r_  generation:  0.009869098663330078
local_output_nid generation:  0.0008609294891357422
local_in_edges_tensor generation:  0.0005850791931152344
mini_batch_src_global generation:  0.001081705093383789
r_  generation:  0.009878158569335938
local_output_nid generation:  0.0008640289306640625
local_in_edges_tensor generation:  0.0006017684936523438
mini_batch_src_global generation:  0.0011069774627685547
r_  generation:  0.01016998291015625
local_output_nid generation:  0.00087738037109375
local_in_edges_tensor generation:  0.0005927085876464844
mini_batch_src_global generation:  0.0012021064758300781
r_  generation:  0.010067224502563477
local_output_nid generation:  0.0009095668792724609
local_in_edges_tensor generation:  0.0005869865417480469
mini_batch_src_global generation:  0.0011796951293945312
r_  generation:  0.010223627090454102
local_output_nid generation:  0.000904083251953125
local_in_edges_tensor generation:  0.0005965232849121094
mini_batch_src_global generation:  0.001039743423461914
r_  generation:  0.009812355041503906
local_output_nid generation:  0.0008683204650878906
local_in_edges_tensor generation:  0.000583648681640625
mini_batch_src_global generation:  0.0010640621185302734
r_  generation:  0.009759187698364258
local_output_nid generation:  0.0009016990661621094
local_in_edges_tensor generation:  0.0005931854248046875
mini_batch_src_global generation:  0.0011546611785888672
r_  generation:  0.010206937789916992
local_output_nid generation:  0.0008819103240966797
local_in_edges_tensor generation:  0.0005886554718017578
mini_batch_src_global generation:  0.0011515617370605469
r_  generation:  0.010629415512084961
local_output_nid generation:  0.0008730888366699219
local_in_edges_tensor generation:  0.000579833984375
mini_batch_src_global generation:  0.001131296157836914
r_  generation:  0.010350227355957031
local_output_nid generation:  0.0008504390716552734
local_in_edges_tensor generation:  0.0005941390991210938
mini_batch_src_global generation:  0.001127481460571289
r_  generation:  0.01055765151977539
local_output_nid generation:  0.0008547306060791016
local_in_edges_tensor generation:  0.000579833984375
mini_batch_src_global generation:  0.0011305809020996094
r_  generation:  0.010303258895874023
local_output_nid generation:  0.0008599758148193359
local_in_edges_tensor generation:  0.0005984306335449219
mini_batch_src_global generation:  0.0010957717895507812
r_  generation:  0.010033607482910156
local_output_nid generation:  0.0008666515350341797
local_in_edges_tensor generation:  0.0005717277526855469
mini_batch_src_global generation:  0.0011532306671142578
r_  generation:  0.010498762130737305
local_output_nid generation:  0.0008738040924072266
local_in_edges_tensor generation:  0.0005879402160644531
mini_batch_src_global generation:  0.0011584758758544922
r_  generation:  0.01023721694946289
local_output_nid generation:  0.0008456707000732422
local_in_edges_tensor generation:  0.0005877017974853516
mini_batch_src_global generation:  0.00110626220703125
r_  generation:  0.010027408599853516
local_output_nid generation:  0.0008602142333984375
local_in_edges_tensor generation:  0.0005965232849121094
mini_batch_src_global generation:  0.0010912418365478516
r_  generation:  0.01029205322265625
local_output_nid generation:  0.00086212158203125
local_in_edges_tensor generation:  0.000591278076171875
mini_batch_src_global generation:  0.0011365413665771484
r_  generation:  0.010389328002929688
local_output_nid generation:  0.0008668899536132812
local_in_edges_tensor generation:  0.0005826950073242188
mini_batch_src_global generation:  0.0011246204376220703
r_  generation:  0.010557413101196289
local_output_nid generation:  0.0008559226989746094
local_in_edges_tensor generation:  0.0005865097045898438
mini_batch_src_global generation:  0.0011167526245117188
r_  generation:  0.010303735733032227
local_output_nid generation:  0.0008907318115234375
local_in_edges_tensor generation:  0.0005753040313720703
mini_batch_src_global generation:  0.0011150836944580078
r_  generation:  0.010463237762451172
local_output_nid generation:  0.0008635520935058594
local_in_edges_tensor generation:  0.0005939006805419922
mini_batch_src_global generation:  0.001094818115234375
r_  generation:  0.010099649429321289
local_output_nid generation:  0.0008575916290283203
local_in_edges_tensor generation:  0.0005624294281005859
mini_batch_src_global generation:  0.0010919570922851562
r_  generation:  0.010487794876098633
local_output_nid generation:  0.0008637905120849609
local_in_edges_tensor generation:  0.0005807876586914062
mini_batch_src_global generation:  0.0011136531829833984
r_  generation:  0.010171890258789062
local_output_nid generation:  0.0008571147918701172
local_in_edges_tensor generation:  0.0005664825439453125
mini_batch_src_global generation:  0.0011126995086669922
r_  generation:  0.010065078735351562
local_output_nid generation:  0.000865936279296875
local_in_edges_tensor generation:  0.0005600452423095703
mini_batch_src_global generation:  0.0010952949523925781
r_  generation:  0.010134696960449219
----------------------check_connections_block total spend ----------------------------- 0.5173568725585938
generate_one_block  0.02490091323852539
generate_one_block  0.020961284637451172
generate_one_block  0.0197293758392334
generate_one_block  0.01806473731994629
generate_one_block  0.018895626068115234
generate_one_block  0.01977825164794922
generate_one_block  0.018419742584228516
generate_one_block  0.018630504608154297
generate_one_block  0.018853425979614258
generate_one_block  0.01855754852294922
generate_one_block  0.018797874450683594
generate_one_block  0.01800060272216797
generate_one_block  0.01799774169921875
generate_one_block  0.018827438354492188
generate_one_block  0.02146625518798828
generate_one_block  0.018786191940307617
generate_one_block  0.018973350524902344
generate_one_block  0.018747568130493164
generate_one_block  0.018308401107788086
generate_one_block  0.01904749870300293
generate_one_block  0.018517732620239258
generate_one_block  0.01809072494506836
generate_one_block  0.018728256225585938
generate_one_block  0.01873922348022461
generate_one_block  0.018918752670288086
generate_one_block  0.0185391902923584
generate_one_block  0.019084930419921875
generate_one_block  0.018466711044311523
generate_one_block  0.018942594528198242
generate_one_block  0.01856398582458496
generate_one_block  0.01828289031982422
generate_one_block  0.018421411514282227
The real block id is  1
get_global_graph_edges_ids_block function  spend 0.04479527473449707
gen group dst list time:  0.02172374725341797
time for parepare:  0.019385099411010742
local_output_nid generation:  0.00535893440246582
local_in_edges_tensor generation:  0.01594233512878418
mini_batch_src_global generation:  0.01616048812866211
r_  generation:  0.15994668006896973
local_output_nid generation:  0.0077855587005615234
local_in_edges_tensor generation:  0.010643482208251953
mini_batch_src_global generation:  0.02061629295349121
r_  generation:  0.17031645774841309
local_output_nid generation:  0.007888078689575195
local_in_edges_tensor generation:  0.03297781944274902
mini_batch_src_global generation:  0.02012157440185547
r_  generation:  0.18013334274291992
local_output_nid generation:  0.00793600082397461
local_in_edges_tensor generation:  0.008065223693847656
mini_batch_src_global generation:  0.01986098289489746
r_  generation:  0.16803264617919922
local_output_nid generation:  0.008595705032348633
local_in_edges_tensor generation:  0.008563518524169922
mini_batch_src_global generation:  0.022603511810302734
r_  generation:  0.1804807186126709
local_output_nid generation:  0.008996009826660156
local_in_edges_tensor generation:  0.013280153274536133
mini_batch_src_global generation:  0.022748470306396484
r_  generation:  0.1872403621673584
local_output_nid generation:  0.008448362350463867
local_in_edges_tensor generation:  0.008517742156982422
mini_batch_src_global generation:  0.022363901138305664
r_  generation:  0.1810436248779297
local_output_nid generation:  0.00829935073852539
local_in_edges_tensor generation:  0.008753776550292969
mini_batch_src_global generation:  0.021744728088378906
r_  generation:  0.17759180068969727
local_output_nid generation:  0.00859689712524414
local_in_edges_tensor generation:  0.008568286895751953
mini_batch_src_global generation:  0.022397994995117188
r_  generation:  0.1810288429260254
local_output_nid generation:  0.008902311325073242
local_in_edges_tensor generation:  0.012747526168823242
mini_batch_src_global generation:  0.022214174270629883
r_  generation:  0.17959260940551758
local_output_nid generation:  0.009047269821166992
local_in_edges_tensor generation:  0.013207197189331055
mini_batch_src_global generation:  0.022792577743530273
r_  generation:  0.18476343154907227
local_output_nid generation:  0.008620023727416992
local_in_edges_tensor generation:  0.008575201034545898
mini_batch_src_global generation:  0.02201366424560547
r_  generation:  0.1746973991394043
local_output_nid generation:  0.008770227432250977
local_in_edges_tensor generation:  0.008373022079467773
mini_batch_src_global generation:  0.021872282028198242
r_  generation:  0.1771397590637207
local_output_nid generation:  0.009088277816772461
local_in_edges_tensor generation:  0.008909463882446289
mini_batch_src_global generation:  0.024428129196166992
r_  generation:  0.18653154373168945
local_output_nid generation:  0.009395599365234375
local_in_edges_tensor generation:  0.012200117111206055
mini_batch_src_global generation:  0.02387213706970215
r_  generation:  0.19673895835876465
local_output_nid generation:  0.009066104888916016
local_in_edges_tensor generation:  0.008593559265136719
mini_batch_src_global generation:  0.023058414459228516
r_  generation:  0.1833326816558838
local_output_nid generation:  0.009323596954345703
local_in_edges_tensor generation:  0.01009058952331543
mini_batch_src_global generation:  0.022603750228881836
r_  generation:  0.18657231330871582
local_output_nid generation:  0.009348154067993164
local_in_edges_tensor generation:  0.009073257446289062
mini_batch_src_global generation:  0.023091554641723633
r_  generation:  0.1845552921295166
local_output_nid generation:  0.008770465850830078
local_in_edges_tensor generation:  0.010212182998657227
mini_batch_src_global generation:  0.022631406784057617
r_  generation:  0.18280577659606934
local_output_nid generation:  0.00883626937866211
local_in_edges_tensor generation:  0.010475635528564453
mini_batch_src_global generation:  0.024407148361206055
r_  generation:  0.18543696403503418
local_output_nid generation:  0.008646249771118164
local_in_edges_tensor generation:  0.011971473693847656
mini_batch_src_global generation:  0.02321910858154297
r_  generation:  0.18763303756713867
local_output_nid generation:  0.008541345596313477
local_in_edges_tensor generation:  0.008873701095581055
mini_batch_src_global generation:  0.02243328094482422
r_  generation:  0.17676591873168945
local_output_nid generation:  0.008669853210449219
local_in_edges_tensor generation:  0.00858926773071289
mini_batch_src_global generation:  0.02240467071533203
r_  generation:  0.1835465431213379
local_output_nid generation:  0.01051640510559082
local_in_edges_tensor generation:  0.010480403900146484
mini_batch_src_global generation:  0.024224281311035156
r_  generation:  0.18294286727905273
local_output_nid generation:  0.009010076522827148
local_in_edges_tensor generation:  0.012065887451171875
mini_batch_src_global generation:  0.023108720779418945
r_  generation:  0.18866658210754395
local_output_nid generation:  0.008694648742675781
local_in_edges_tensor generation:  0.008938074111938477
mini_batch_src_global generation:  0.022929668426513672
r_  generation:  0.18021154403686523
local_output_nid generation:  0.008885383605957031
local_in_edges_tensor generation:  0.008949518203735352
mini_batch_src_global generation:  0.023407459259033203
r_  generation:  0.18879365921020508
local_output_nid generation:  0.008723974227905273
local_in_edges_tensor generation:  0.011817216873168945
mini_batch_src_global generation:  0.0225679874420166
r_  generation:  0.1819624900817871
local_output_nid generation:  0.008744001388549805
local_in_edges_tensor generation:  0.011837005615234375
mini_batch_src_global generation:  0.023927688598632812
r_  generation:  0.18520736694335938
local_output_nid generation:  0.00885319709777832
local_in_edges_tensor generation:  0.011873006820678711
mini_batch_src_global generation:  0.02274346351623535
r_  generation:  0.18630027770996094
local_output_nid generation:  0.008547544479370117
local_in_edges_tensor generation:  0.009083986282348633
mini_batch_src_global generation:  0.0220184326171875
r_  generation:  0.1821601390838623
local_output_nid generation:  0.010370016098022461
local_in_edges_tensor generation:  0.008671760559082031
mini_batch_src_global generation:  0.022622346878051758
r_  generation:  0.18396949768066406
----------------------check_connections_block total spend ----------------------------- 8.47952938079834
generate_one_block  0.23761296272277832
generate_one_block  0.24170207977294922
generate_one_block  0.25298571586608887
generate_one_block  0.23066353797912598
generate_one_block  0.2720341682434082
generate_one_block  0.2576634883880615
generate_one_block  0.24361777305603027
generate_one_block  0.2377181053161621
generate_one_block  0.24498343467712402
generate_one_block  0.24181604385375977
generate_one_block  0.25021910667419434
generate_one_block  0.23052501678466797
generate_one_block  0.23496437072753906
generate_one_block  0.2542705535888672
generate_one_block  0.26212382316589355
generate_one_block  0.2395622730255127
generate_one_block  0.24519801139831543
generate_one_block  0.2479419708251953
generate_one_block  0.24024653434753418
generate_one_block  0.25490856170654297
generate_one_block  0.2507364749908447
generate_one_block  0.23325347900390625
generate_one_block  0.23937749862670898
generate_one_block  0.24447178840637207
generate_one_block  0.25317955017089844
generate_one_block  0.23729515075683594
generate_one_block  0.2488422393798828
generate_one_block  0.2433617115020752
generate_one_block  0.245863676071167
generate_one_block  0.26516079902648926
generate_one_block  0.24154925346374512
generate_one_block  0.24642419815063477
The real block id is  0
get_global_graph_edges_ids_block function  spend 0.04042172431945801
gen group dst list time:  0.10156035423278809
time for parepare:  0.017907381057739258
local_output_nid generation:  0.023829221725463867
local_in_edges_tensor generation:  0.04337716102600098
mini_batch_src_global generation:  0.04539299011230469
r_  generation:  0.47786474227905273
local_output_nid generation:  0.030272960662841797
local_in_edges_tensor generation:  0.04642629623413086
mini_batch_src_global generation:  0.05787301063537598
r_  generation:  0.4866306781768799
local_output_nid generation:  0.028788089752197266
local_in_edges_tensor generation:  0.037960052490234375
mini_batch_src_global generation:  0.05616164207458496
r_  generation:  0.49155592918395996
local_output_nid generation:  0.028779029846191406
local_in_edges_tensor generation:  0.02976536750793457
mini_batch_src_global generation:  0.05721592903137207
r_  generation:  0.48764681816101074
local_output_nid generation:  0.02880406379699707
local_in_edges_tensor generation:  0.03329944610595703
mini_batch_src_global generation:  0.05725574493408203
r_  generation:  0.49720191955566406
local_output_nid generation:  0.029096364974975586
local_in_edges_tensor generation:  0.03424859046936035
mini_batch_src_global generation:  0.058934926986694336
r_  generation:  0.49942874908447266
local_output_nid generation:  0.029496431350708008
local_in_edges_tensor generation:  0.033822059631347656
mini_batch_src_global generation:  0.058984994888305664
r_  generation:  0.500546932220459
local_output_nid generation:  0.0289306640625
local_in_edges_tensor generation:  0.029844045639038086
mini_batch_src_global generation:  0.058762311935424805
r_  generation:  0.4925117492675781
local_output_nid generation:  0.029170513153076172
local_in_edges_tensor generation:  0.033658742904663086
mini_batch_src_global generation:  0.059092044830322266
r_  generation:  0.5022859573364258
local_output_nid generation:  0.02897477149963379
local_in_edges_tensor generation:  0.033193111419677734
mini_batch_src_global generation:  0.05895829200744629
r_  generation:  0.4961519241333008
local_output_nid generation:  0.029201507568359375
local_in_edges_tensor generation:  0.03346562385559082
mini_batch_src_global generation:  0.06173992156982422
r_  generation:  0.5001192092895508
local_output_nid generation:  0.02860546112060547
local_in_edges_tensor generation:  0.02939629554748535
mini_batch_src_global generation:  0.058298587799072266
r_  generation:  0.4913618564605713
local_output_nid generation:  0.02908015251159668
local_in_edges_tensor generation:  0.037810564041137695
mini_batch_src_global generation:  0.06397271156311035
r_  generation:  0.5006699562072754
local_output_nid generation:  0.029218435287475586
local_in_edges_tensor generation:  0.03346395492553711
mini_batch_src_global generation:  0.05914783477783203
r_  generation:  0.4970107078552246
local_output_nid generation:  0.029734373092651367
local_in_edges_tensor generation:  0.03905439376831055
mini_batch_src_global generation:  0.05863666534423828
r_  generation:  0.5078608989715576
local_output_nid generation:  0.029279232025146484
local_in_edges_tensor generation:  0.036728858947753906
mini_batch_src_global generation:  0.05858969688415527
r_  generation:  0.5015735626220703
local_output_nid generation:  0.02963399887084961
local_in_edges_tensor generation:  0.04462623596191406
mini_batch_src_global generation:  0.05826878547668457
r_  generation:  0.502108097076416
local_output_nid generation:  0.0290377140045166
local_in_edges_tensor generation:  0.030226945877075195
mini_batch_src_global generation:  0.05900859832763672
r_  generation:  0.5099444389343262
local_output_nid generation:  0.032621145248413086
local_in_edges_tensor generation:  0.030745506286621094
mini_batch_src_global generation:  0.059110403060913086
r_  generation:  0.5101354122161865
local_output_nid generation:  0.03014230728149414
local_in_edges_tensor generation:  0.03760504722595215
mini_batch_src_global generation:  0.0595860481262207
r_  generation:  0.5050466060638428
local_output_nid generation:  0.029521703720092773
local_in_edges_tensor generation:  0.0348048210144043
mini_batch_src_global generation:  0.058612823486328125
r_  generation:  0.5021765232086182
local_output_nid generation:  0.030123472213745117
local_in_edges_tensor generation:  0.030128955841064453
mini_batch_src_global generation:  0.05867338180541992
r_  generation:  0.4911482334136963
local_output_nid generation:  0.02959585189819336
local_in_edges_tensor generation:  0.039457082748413086
mini_batch_src_global generation:  0.057517290115356445
r_  generation:  0.49846315383911133
local_output_nid generation:  0.0294647216796875
local_in_edges_tensor generation:  0.03829455375671387
mini_batch_src_global generation:  0.058614253997802734
r_  generation:  0.505711555480957
local_output_nid generation:  0.030028820037841797
local_in_edges_tensor generation:  0.03387808799743652
mini_batch_src_global generation:  0.06722187995910645
r_  generation:  0.5075714588165283
local_output_nid generation:  0.029382705688476562
local_in_edges_tensor generation:  0.029690980911254883
mini_batch_src_global generation:  0.060036659240722656
r_  generation:  0.49924564361572266
local_output_nid generation:  0.029551982879638672
local_in_edges_tensor generation:  0.03611469268798828
mini_batch_src_global generation:  0.05849003791809082
r_  generation:  0.5094048976898193
local_output_nid generation:  0.029727935791015625
local_in_edges_tensor generation:  0.046076059341430664
mini_batch_src_global generation:  0.06602668762207031
r_  generation:  0.5040807723999023
local_output_nid generation:  0.029488801956176758
local_in_edges_tensor generation:  0.038246870040893555
mini_batch_src_global generation:  0.060132503509521484
r_  generation:  0.504288911819458
local_output_nid generation:  0.02955150604248047
local_in_edges_tensor generation:  0.034244537353515625
mini_batch_src_global generation:  0.06320834159851074
r_  generation:  0.5151534080505371
local_output_nid generation:  0.032382965087890625
local_in_edges_tensor generation:  0.03294515609741211
mini_batch_src_global generation:  0.061357975006103516
r_  generation:  0.49984025955200195
local_output_nid generation:  0.029896259307861328
local_in_edges_tensor generation:  0.029508590698242188
mini_batch_src_global generation:  0.06176042556762695
r_  generation:  0.5014240741729736
----------------------check_connections_block total spend ----------------------------- 23.42624521255493
generate_one_block  0.6805593967437744
generate_one_block  0.6907937526702881
generate_one_block  0.6730129718780518
generate_one_block  0.6587717533111572
generate_one_block  0.7856693267822266
generate_one_block  0.6831257343292236
generate_one_block  0.6792285442352295
generate_one_block  0.6703643798828125
generate_one_block  0.6837177276611328
generate_one_block  0.6717805862426758
generate_one_block  0.6786432266235352
generate_one_block  0.6603872776031494
generate_one_block  0.667034387588501
generate_one_block  0.6939425468444824
generate_one_block  0.6971523761749268
generate_one_block  0.6643848419189453
generate_one_block  0.6835300922393799
generate_one_block  0.6704690456390381
generate_one_block  0.6654438972473145
generate_one_block  0.6825850009918213
generate_one_block  0.6851468086242676
generate_one_block  0.6644837856292725
generate_one_block  0.6664772033691406
generate_one_block  0.6770930290222168
generate_one_block  0.7070486545562744
generate_one_block  0.6664900779724121
generate_one_block  0.6690583229064941
generate_one_block  0.6855802536010742
generate_one_block  0.6768617630004883
generate_one_block  0.6784110069274902
generate_one_block  0.6643235683441162
generate_one_block  0.6712496280670166
-----------------------------------------after block dataloader generation 
 Nvidia-smi: 19.9490966796875 GB
    Memory Allocated: 0.11787939071655273  GigaBytes
Max Memory Allocated: 16.802048206329346  GigaBytes

connection checking time:  31.90577459335327
block generation total time  29.62309432029724
average batch blocks generation time:  0.9257216975092888
block dataloader generation time/epoch 65.08171224594116
----------------------------------------before batch_pred = model(blocks, batch_inputs) 
 Nvidia-smi: 19.9490966796875 GB
    Memory Allocated: 0.09585714340209961  GigaBytes
Max Memory Allocated: 16.802048206329346  GigaBytes

torch.Size([149828, 128])
torch.Size([109174, 128])
-----------------------------------------batch_pred = model(blocks, batch_inputs) 
 Nvidia-smi: 19.9490966796875 GB
    Memory Allocated: 16.260547161102295  GigaBytes
Max Memory Allocated: 16.802048206329346  GigaBytes

----------------------------------------before batch_pred = model(blocks, batch_inputs) 
 Nvidia-smi: 19.9490966796875 GB
    Memory Allocated: 0.09559917449951172  GigaBytes
Max Memory Allocated: 16.802048206329346  GigaBytes

torch.Size([150672, 128])
torch.Size([110889, 128])
-----------------------------------------batch_pred = model(blocks, batch_inputs) 
 Nvidia-smi: 19.9490966796875 GB
    Memory Allocated: 16.445462226867676  GigaBytes
Max Memory Allocated: 16.802048206329346  GigaBytes

----------------------------------------before batch_pred = model(blocks, batch_inputs) 
 Nvidia-smi: 19.9490966796875 GB
    Memory Allocated: 0.09612751007080078  GigaBytes
Max Memory Allocated: 16.802048206329346  GigaBytes

torch.Size([150002, 128])
torch.Size([109812, 128])
-----------------------------------------batch_pred = model(blocks, batch_inputs) 
 Nvidia-smi: 19.9490966796875 GB
    Memory Allocated: 16.536683559417725  GigaBytes
Max Memory Allocated: 16.802048206329346  GigaBytes

----------------------------------------before batch_pred = model(blocks, batch_inputs) 
 Nvidia-smi: 19.9490966796875 GB
    Memory Allocated: 0.09522485733032227  GigaBytes
Max Memory Allocated: 16.802048206329346  GigaBytes

torch.Size([150515, 128])
torch.Size([109488, 128])
-----------------------------------------batch_pred = model(blocks, batch_inputs) 
 Nvidia-smi: 19.9490966796875 GB
    Memory Allocated: 16.125779151916504  GigaBytes
Max Memory Allocated: 16.802048206329346  GigaBytes

----------------------------------------before batch_pred = model(blocks, batch_inputs) 
 Nvidia-smi: 19.9490966796875 GB
    Memory Allocated: 0.09609794616699219  GigaBytes
Max Memory Allocated: 16.802048206329346  GigaBytes

torch.Size([150593, 128])
torch.Size([110749, 128])
-----------------------------------------batch_pred = model(blocks, batch_inputs) 
 Nvidia-smi: 19.9490966796875 GB
    Memory Allocated: 16.51294231414795  GigaBytes
Max Memory Allocated: 16.802048206329346  GigaBytes

----------------------------------------before batch_pred = model(blocks, batch_inputs) 
 Nvidia-smi: 19.9490966796875 GB
    Memory Allocated: 0.09583377838134766  GigaBytes
Max Memory Allocated: 16.802048206329346  GigaBytes

torch.Size([150688, 128])
torch.Size([110730, 128])
-----------------------------------------batch_pred = model(blocks, batch_inputs) 
 Nvidia-smi: 19.9666748046875 GB
    Memory Allocated: 16.68784523010254  GigaBytes
Max Memory Allocated: 16.802048206329346  GigaBytes

----------------------------------------before batch_pred = model(blocks, batch_inputs) 
 Nvidia-smi: 19.9666748046875 GB
    Memory Allocated: 0.09600830078125  GigaBytes
Max Memory Allocated: 16.802048206329346  GigaBytes

torch.Size([150578, 128])
torch.Size([110205, 128])
-----------------------------------------batch_pred = model(blocks, batch_inputs) 
 Nvidia-smi: 19.9666748046875 GB
    Memory Allocated: 16.39266538619995  GigaBytes
Max Memory Allocated: 16.802048206329346  GigaBytes

----------------------------------------before batch_pred = model(blocks, batch_inputs) 
 Nvidia-smi: 19.9666748046875 GB
    Memory Allocated: 0.09500789642333984  GigaBytes
Max Memory Allocated: 16.802048206329346  GigaBytes

torch.Size([149804, 128])
torch.Size([109081, 128])
-----------------------------------------batch_pred = model(blocks, batch_inputs) 
 Nvidia-smi: 19.9666748046875 GB
    Memory Allocated: 16.247909545898438  GigaBytes
Max Memory Allocated: 16.802048206329346  GigaBytes

----------------------------------------before batch_pred = model(blocks, batch_inputs) 
 Nvidia-smi: 19.9666748046875 GB
    Memory Allocated: 0.09600830078125  GigaBytes
Max Memory Allocated: 16.802048206329346  GigaBytes

torch.Size([150604, 128])
torch.Size([110523, 128])
-----------------------------------------batch_pred = model(blocks, batch_inputs) 
 Nvidia-smi: 19.9666748046875 GB
    Memory Allocated: 16.405405521392822  GigaBytes
Max Memory Allocated: 16.802048206329346  GigaBytes

----------------------------------------before batch_pred = model(blocks, batch_inputs) 
 Nvidia-smi: 19.9666748046875 GB
    Memory Allocated: 0.09536981582641602  GigaBytes
Max Memory Allocated: 16.802048206329346  GigaBytes

torch.Size([150475, 128])
torch.Size([109541, 128])
-----------------------------------------batch_pred = model(blocks, batch_inputs) 
 Nvidia-smi: 19.9666748046875 GB
    Memory Allocated: 16.277779579162598  GigaBytes
Max Memory Allocated: 16.802048206329346  GigaBytes

----------------------------------------before batch_pred = model(blocks, batch_inputs) 
 Nvidia-smi: 19.9666748046875 GB
    Memory Allocated: 0.09604644775390625  GigaBytes
Max Memory Allocated: 16.802048206329346  GigaBytes

torch.Size([150151, 128])
torch.Size([109264, 128])
-----------------------------------------batch_pred = model(blocks, batch_inputs) 
 Nvidia-smi: 19.9666748046875 GB
    Memory Allocated: 16.428770065307617  GigaBytes
Max Memory Allocated: 16.802048206329346  GigaBytes

----------------------------------------before batch_pred = model(blocks, batch_inputs) 
 Nvidia-smi: 19.9666748046875 GB
    Memory Allocated: 0.09464406967163086  GigaBytes
Max Memory Allocated: 16.802048206329346  GigaBytes

torch.Size([149507, 128])
torch.Size([107660, 128])
-----------------------------------------batch_pred = model(blocks, batch_inputs) 
 Nvidia-smi: 19.9666748046875 GB
    Memory Allocated: 16.01093626022339  GigaBytes
Max Memory Allocated: 16.802048206329346  GigaBytes

----------------------------------------before batch_pred = model(blocks, batch_inputs) 
 Nvidia-smi: 19.9666748046875 GB
    Memory Allocated: 0.09580039978027344  GigaBytes
Max Memory Allocated: 16.802048206329346  GigaBytes

torch.Size([150023, 128])
torch.Size([108594, 128])
-----------------------------------------batch_pred = model(blocks, batch_inputs) 
 Nvidia-smi: 19.9666748046875 GB
    Memory Allocated: 16.197230339050293  GigaBytes
Max Memory Allocated: 16.802048206329346  GigaBytes

----------------------------------------before batch_pred = model(blocks, batch_inputs) 
 Nvidia-smi: 19.9666748046875 GB
    Memory Allocated: 0.0953373908996582  GigaBytes
Max Memory Allocated: 16.802048206329346  GigaBytes

torch.Size([149941, 128])
torch.Size([109559, 128])
-----------------------------------------batch_pred = model(blocks, batch_inputs) 
 Nvidia-smi: 19.9666748046875 GB
    Memory Allocated: 16.497586250305176  GigaBytes
Max Memory Allocated: 16.802048206329346  GigaBytes

----------------------------------------before batch_pred = model(blocks, batch_inputs) 
 Nvidia-smi: 19.9666748046875 GB
    Memory Allocated: 0.0963277816772461  GigaBytes
Max Memory Allocated: 16.802048206329346  GigaBytes

torch.Size([150139, 128])
torch.Size([110564, 128])
-----------------------------------------batch_pred = model(blocks, batch_inputs) 
 Nvidia-smi: 20.0057373046875 GB
    Memory Allocated: 16.73592472076416  GigaBytes
Max Memory Allocated: 16.802048206329346  GigaBytes

----------------------------------------before batch_pred = model(blocks, batch_inputs) 
 Nvidia-smi: 20.0057373046875 GB
    Memory Allocated: 0.09530067443847656  GigaBytes
Max Memory Allocated: 16.802048206329346  GigaBytes

torch.Size([150220, 128])
torch.Size([109605, 128])
-----------------------------------------batch_pred = model(blocks, batch_inputs) 
 Nvidia-smi: 20.0057373046875 GB
    Memory Allocated: 16.32565450668335  GigaBytes
Max Memory Allocated: 16.802048206329346  GigaBytes

----------------------------------------before batch_pred = model(blocks, batch_inputs) 
 Nvidia-smi: 20.0057373046875 GB
    Memory Allocated: 0.09607124328613281  GigaBytes
Max Memory Allocated: 16.802048206329346  GigaBytes

torch.Size([150589, 128])
torch.Size([111238, 128])
-----------------------------------------batch_pred = model(blocks, batch_inputs) 
 Nvidia-smi: 20.0057373046875 GB
    Memory Allocated: 16.470614433288574  GigaBytes
Max Memory Allocated: 16.802048206329346  GigaBytes

----------------------------------------before batch_pred = model(blocks, batch_inputs) 
 Nvidia-smi: 20.0057373046875 GB
    Memory Allocated: 0.09513187408447266  GigaBytes
Max Memory Allocated: 16.802048206329346  GigaBytes

torch.Size([149742, 128])
torch.Size([109132, 128])
-----------------------------------------batch_pred = model(blocks, batch_inputs) 
 Nvidia-smi: 20.0057373046875 GB
    Memory Allocated: 16.408339023590088  GigaBytes
Max Memory Allocated: 16.802048206329346  GigaBytes

----------------------------------------before batch_pred = model(blocks, batch_inputs) 
 Nvidia-smi: 20.0057373046875 GB
    Memory Allocated: 0.09592247009277344  GigaBytes
Max Memory Allocated: 16.802048206329346  GigaBytes

torch.Size([150112, 128])
torch.Size([109220, 128])
-----------------------------------------batch_pred = model(blocks, batch_inputs) 
 Nvidia-smi: 20.0057373046875 GB
    Memory Allocated: 16.31126070022583  GigaBytes
Max Memory Allocated: 16.802048206329346  GigaBytes

----------------------------------------before batch_pred = model(blocks, batch_inputs) 
 Nvidia-smi: 20.0057373046875 GB
    Memory Allocated: 0.09543466567993164  GigaBytes
Max Memory Allocated: 16.802048206329346  GigaBytes

torch.Size([150283, 128])
torch.Size([110053, 128])
-----------------------------------------batch_pred = model(blocks, batch_inputs) 
 Nvidia-smi: 20.0057373046875 GB
    Memory Allocated: 16.476999759674072  GigaBytes
Max Memory Allocated: 16.802048206329346  GigaBytes

----------------------------------------before batch_pred = model(blocks, batch_inputs) 
 Nvidia-smi: 20.0057373046875 GB
    Memory Allocated: 0.09606266021728516  GigaBytes
Max Memory Allocated: 16.802048206329346  GigaBytes

torch.Size([150359, 128])
torch.Size([109868, 128])
-----------------------------------------batch_pred = model(blocks, batch_inputs) 
 Nvidia-smi: 20.0057373046875 GB
    Memory Allocated: 16.468626022338867  GigaBytes
Max Memory Allocated: 16.802048206329346  GigaBytes

----------------------------------------before batch_pred = model(blocks, batch_inputs) 
 Nvidia-smi: 20.0057373046875 GB
    Memory Allocated: 0.09492301940917969  GigaBytes
Max Memory Allocated: 16.802048206329346  GigaBytes

torch.Size([149994, 128])
torch.Size([108136, 128])
-----------------------------------------batch_pred = model(blocks, batch_inputs) 
 Nvidia-smi: 20.0057373046875 GB
    Memory Allocated: 16.082841396331787  GigaBytes
Max Memory Allocated: 16.802048206329346  GigaBytes

----------------------------------------before batch_pred = model(blocks, batch_inputs) 
 Nvidia-smi: 20.0057373046875 GB
    Memory Allocated: 0.09592342376708984  GigaBytes
Max Memory Allocated: 16.802048206329346  GigaBytes

torch.Size([150177, 128])
torch.Size([109609, 128])
-----------------------------------------batch_pred = model(blocks, batch_inputs) 
 Nvidia-smi: 20.0057373046875 GB
    Memory Allocated: 16.33513355255127  GigaBytes
Max Memory Allocated: 16.802048206329346  GigaBytes

----------------------------------------before batch_pred = model(blocks, batch_inputs) 
 Nvidia-smi: 20.0057373046875 GB
    Memory Allocated: 0.0953512191772461  GigaBytes
Max Memory Allocated: 16.802048206329346  GigaBytes

torch.Size([150322, 128])
torch.Size([109850, 128])
-----------------------------------------batch_pred = model(blocks, batch_inputs) 
 Nvidia-smi: 20.0057373046875 GB
    Memory Allocated: 16.32691526412964  GigaBytes
Max Memory Allocated: 16.802048206329346  GigaBytes

----------------------------------------before batch_pred = model(blocks, batch_inputs) 
 Nvidia-smi: 20.0057373046875 GB
    Memory Allocated: 0.09614086151123047  GigaBytes
Max Memory Allocated: 16.802048206329346  GigaBytes

torch.Size([150770, 128])
torch.Size([110785, 128])
-----------------------------------------batch_pred = model(blocks, batch_inputs) 
 Nvidia-smi: 20.0057373046875 GB
    Memory Allocated: 16.574230194091797  GigaBytes
Max Memory Allocated: 16.802048206329346  GigaBytes

----------------------------------------before batch_pred = model(blocks, batch_inputs) 
 Nvidia-smi: 20.0057373046875 GB
    Memory Allocated: 0.0950627326965332  GigaBytes
Max Memory Allocated: 16.802048206329346  GigaBytes

torch.Size([149935, 128])
torch.Size([109097, 128])
-----------------------------------------batch_pred = model(blocks, batch_inputs) 
 Nvidia-smi: 20.0057373046875 GB
    Memory Allocated: 16.24852991104126  GigaBytes
Max Memory Allocated: 16.802048206329346  GigaBytes

----------------------------------------before batch_pred = model(blocks, batch_inputs) 
 Nvidia-smi: 20.0057373046875 GB
    Memory Allocated: 0.09605979919433594  GigaBytes
Max Memory Allocated: 16.802048206329346  GigaBytes

torch.Size([150220, 128])
torch.Size([109658, 128])
-----------------------------------------batch_pred = model(blocks, batch_inputs) 
 Nvidia-smi: 20.0057373046875 GB
    Memory Allocated: 16.473637104034424  GigaBytes
Max Memory Allocated: 16.802048206329346  GigaBytes

----------------------------------------before batch_pred = model(blocks, batch_inputs) 
 Nvidia-smi: 20.0057373046875 GB
    Memory Allocated: 0.09552145004272461  GigaBytes
Max Memory Allocated: 16.802048206329346  GigaBytes

torch.Size([150677, 128])
torch.Size([110045, 128])
-----------------------------------------batch_pred = model(blocks, batch_inputs) 
 Nvidia-smi: 20.0057373046875 GB
    Memory Allocated: 16.33143901824951  GigaBytes
Max Memory Allocated: 16.802048206329346  GigaBytes

----------------------------------------before batch_pred = model(blocks, batch_inputs) 
 Nvidia-smi: 20.0057373046875 GB
    Memory Allocated: 0.09598445892333984  GigaBytes
Max Memory Allocated: 16.802048206329346  GigaBytes

torch.Size([150051, 128])
torch.Size([109497, 128])
-----------------------------------------batch_pred = model(blocks, batch_inputs) 
 Nvidia-smi: 20.0057373046875 GB
    Memory Allocated: 16.373093605041504  GigaBytes
Max Memory Allocated: 16.802048206329346  GigaBytes

----------------------------------------before batch_pred = model(blocks, batch_inputs) 
 Nvidia-smi: 20.0057373046875 GB
    Memory Allocated: 0.09542036056518555  GigaBytes
Max Memory Allocated: 16.802048206329346  GigaBytes

torch.Size([150307, 128])
torch.Size([109781, 128])
-----------------------------------------batch_pred = model(blocks, batch_inputs) 
 Nvidia-smi: 20.0057373046875 GB
    Memory Allocated: 16.431716442108154  GigaBytes
Max Memory Allocated: 16.802048206329346  GigaBytes

----------------------------------------before batch_pred = model(blocks, batch_inputs) 
 Nvidia-smi: 20.0057373046875 GB
    Memory Allocated: 0.09586143493652344  GigaBytes
Max Memory Allocated: 16.802048206329346  GigaBytes

torch.Size([150084, 128])
torch.Size([109209, 128])
-----------------------------------------batch_pred = model(blocks, batch_inputs) 
 Nvidia-smi: 20.0057373046875 GB
    Memory Allocated: 16.252691745758057  GigaBytes
Max Memory Allocated: 16.802048206329346  GigaBytes

----------------------------------------before batch_pred = model(blocks, batch_inputs) 
 Nvidia-smi: 20.0057373046875 GB
    Memory Allocated: 0.09520769119262695  GigaBytes
Max Memory Allocated: 16.802048206329346  GigaBytes

torch.Size([149997, 128])
torch.Size([109450, 128])
-----------------------------------------batch_pred = model(blocks, batch_inputs) 
 Nvidia-smi: 20.0057373046875 GB
    Memory Allocated: 16.340129852294922  GigaBytes
Max Memory Allocated: 16.802048206329346  GigaBytes

times | data loading | block to device | model prediction | loss calculation | loss backward |  optimizer step |
      |0.028509683907032013 |0.021818339824676514 |0.595291018486023 |9.822845458984375e-05 |1.0361770242452621 |0.005410909652709961 |
----------------------------------------------------------pseudo_mini_loss sum 3.3133604526519775
Total (block generation + training)time/epoch 119.00521039962769
Training time/epoch 53.92322015762329
Training time without block to device /epoch 53.22503328323364
Training time without total dataloading part /epoch 52.21553158760071
load block tensor time/epoch 0.9123098850250244
block to device time/epoch 0.6981868743896484
input features size transfer per epoch 4.291534423828125e-06
blocks size to device per epoch 2.86102294921875e-06
 Run 0| Epoch 1 |
Number of nodes for computation during this epoch:  9156956
Number of first layer input nodes during this epoch:  4807359
