Using backend: pytorch
WARNING:root:The OGB package is out of date. Your version is 1.3.2, while the latest version is 1.3.3.
main start at this time 1648006221.7968366
-----------------------------------------before load data 
 Nvidia-smi: 0.1717529296875 GB
    Memory Allocated: 0.0  GigaBytes
Max Memory Allocated: 0.0  GigaBytes

ogbn-arxiv
# Nodes: 169343
# Edges: 2315598
# Train: 90941
# Val: 29799
# Test: 48603
# Classes: 40

----------------------------------------start of run function 
 Nvidia-smi: 0.1717529296875 GB
    Memory Allocated: 0.0  GigaBytes
Max Memory Allocated: 0.0  GigaBytes

in feats:  128
----------------------------------------before model to device 
 Nvidia-smi: 0.1717529296875 GB
    Memory Allocated: 0.0  GigaBytes
Max Memory Allocated: 0.0  GigaBytes

----------------------------------------after model to device 
 Nvidia-smi: 1.0174560546875 GB
    Memory Allocated: 3.814697265625e-05  GigaBytes
Max Memory Allocated: 3.814697265625e-05  GigaBytes

----------------------------------------before full batch dataloader 
 Nvidia-smi: 1.0174560546875 GB
    Memory Allocated: 3.814697265625e-05  GigaBytes
Max Memory Allocated: 3.814697265625e-05  GigaBytes

----------------------------------------after full batch dataloader 
 Nvidia-smi: 1.0174560546875 GB
    Memory Allocated: 3.814697265625e-05  GigaBytes
Max Memory Allocated: 3.814697265625e-05  GigaBytes

 full batch blocks save
Number of first layer input nodes during this epoch:  145029
----------------------------------------before load block subtensor 
 Nvidia-smi: 1.0174560546875 GB
    Memory Allocated: 3.814697265625e-05  GigaBytes
Max Memory Allocated: 3.814697265625e-05  GigaBytes

----------------------------------------before batch input features to device
 Nvidia-smi: 1.0174560546875 GB
    Memory Allocated: 3.814697265625e-05  GigaBytes
Max Memory Allocated: 3.814697265625e-05  GigaBytes

----------------------------------------after batch input features to device
 Nvidia-smi: 1.0877685546875 GB
    Memory Allocated: 0.06919336318969727  GigaBytes
Max Memory Allocated: 0.06919336318969727  GigaBytes

----------------------------------------after batch labels to device
 Nvidia-smi: 1.0877685546875 GB
    Memory Allocated: 0.0698709487915039  GigaBytes
Max Memory Allocated: 0.0698709487915039  GigaBytes

----------------------------------------after load block subtensor 
 Nvidia-smi: 1.0877685546875 GB
    Memory Allocated: 0.0698709487915039  GigaBytes
Max Memory Allocated: 0.0698709487915039  GigaBytes

----------------------------------------after blocks to device 
 Nvidia-smi: 1.1717529296875 GB
    Memory Allocated: 0.07369709014892578  GigaBytes
Max Memory Allocated: 0.07369709014892578  GigaBytes

----------------------------------------before pred = model(blocks, inputs) 
 Nvidia-smi: 1.1717529296875 GB
    Memory Allocated: 0.07369709014892578  GigaBytes
Max Memory Allocated: 0.07369709014892578  GigaBytes

----------------------------------------after rst
 Nvidia-smi: 1.4764404296875 GB
    Memory Allocated: 0.14873123168945312  GigaBytes
Max Memory Allocated: 0.1653308868408203  GigaBytes

----------------------------------------end of model layers  after x = self.layers[-1](blocks[-1], x)
 Nvidia-smi: 1.4764404296875 GB
    Memory Allocated: 0.1351795196533203  GigaBytes
Max Memory Allocated: 0.1653308868408203  GigaBytes

torch.Size([90941, 40])
input nodes number: 145029
output nodes number: 90941
edges number: 513414
----------------------------------------pred = model(blocks, inputs) 
 Nvidia-smi: 1.4764404296875 GB
    Memory Allocated: 0.15056610107421875  GigaBytes
Max Memory Allocated: 0.1653308868408203  GigaBytes

-----------------------------------------after loss calculation
 Nvidia-smi: 1.4764404296875 GB
    Memory Allocated: 0.15056705474853516  GigaBytes
Max Memory Allocated: 0.1653308868408203  GigaBytes

----------------------------------------after loss backward 
 Nvidia-smi: 1.4901123046875 GB
    Memory Allocated: 0.09368896484375  GigaBytes
Max Memory Allocated: 0.17779064178466797  GigaBytes

-----------------------------------------after optimizer step
 Nvidia-smi: 1.4901123046875 GB
    Memory Allocated: 0.0937652587890625  GigaBytes
Max Memory Allocated: 0.17779064178466797  GigaBytes

-----------------------------------------after optimizer zero grad
 Nvidia-smi: 1.4901123046875 GB
    Memory Allocated: 0.0937652587890625  GigaBytes
Max Memory Allocated: 0.17779064178466797  GigaBytes

times | data loading | block to device | model prediction | loss calculation | loss backward |  optimizer step |
      |0.06547856330871582 |0.327347993850708 |0.7587158679962158 |0.00012111663818359375 |0.004479169845581055 |0.002204418182373047 |
----------------------------------------------------------pseudo_mini_loss sum 3.856943368911743
 Run 0| Epoch 0 |
Number of nodes for computation during this epoch:  145029
Number of first layer input nodes during this epoch:  145029
GraphSAGE(
  (layers): ModuleList(
    (0): SAGEConv(
      (fc_self): Linear(in_features=128, out_features=40, bias=False)
      (fc_neigh): Linear(in_features=128, out_features=40, bias=False)
    )
  )
  (bns): ModuleList()
  (dropout): Dropout(p=0.5, inplace=False)
)
total model parameters size  10240
trainable parameters
layers.0.fc_self.weight, torch.Size([40, 128])
layers.0.fc_neigh.weight, torch.Size([40, 128])
----------------------------------------
un-trainable parameters
